CRITICAL - 2022-11-02 01:11:27 --> Undefined variable $titl
in APPPATH\Views\includes\head.php on line 14.
 1 APPPATH\Views\includes\head.php(14): CodeIgniter\Debug\Exceptions->errorHandler(2, 'Undefined variable $titl', 'APPPATH\\Views\\includes\\head.php', 14)
 2 APPPATH\Views\index.php(2): include('APPPATH\\Views\\includes\\head.php')
 3 SYSTEMPATH\View\View.php(213): include('APPPATH\\Views\\index.php')
 4 SYSTEMPATH\View\View.php(216): CodeIgniter\View\View->CodeIgniter\View\{closure}()
 5 SYSTEMPATH\Common.php(1134): CodeIgniter\View\View->render('index', [], true)
 6 APPPATH\Controllers\Home.php(10): view('index', [...])
 7 SYSTEMPATH\CodeIgniter.php(927): App\Controllers\Home->index()
 8 SYSTEMPATH\CodeIgniter.php(482): CodeIgniter\CodeIgniter->runController(Object(App\Controllers\Home))
 9 SYSTEMPATH\CodeIgniter.php(351): CodeIgniter\CodeIgniter->handleRequest(null, Object(Config\Cache), false)
10 FCPATH\index.php(67): CodeIgniter\CodeIgniter->run()
CRITICAL - 2022-11-02 02:32:42 --> Invalid file: about-us.php
in SYSTEMPATH\Exceptions\FrameworkException.php on line 33.
 1 SYSTEMPATH\View\View.php(201): CodeIgniter\Exceptions\FrameworkException::forInvalidFile('about-us.php')
 2 SYSTEMPATH\Common.php(1134): CodeIgniter\View\View->render('about-us', [], true)
 3 APPPATH\Controllers\Home.php(14): view('about-us', [...])
 4 SYSTEMPATH\CodeIgniter.php(927): App\Controllers\Home->about_us()
 5 SYSTEMPATH\CodeIgniter.php(482): CodeIgniter\CodeIgniter->runController(Object(App\Controllers\Home))
 6 SYSTEMPATH\CodeIgniter.php(351): CodeIgniter\CodeIgniter->handleRequest(null, Object(Config\Cache), false)
 7 FCPATH\index.php(67): CodeIgniter\CodeIgniter->run()
CRITICAL - 2022-11-02 13:47:51 --> Invalid file: admin/login.php
in SYSTEMPATH\Exceptions\FrameworkException.php on line 33.
 1 SYSTEMPATH\View\View.php(201): CodeIgniter\Exceptions\FrameworkException::forInvalidFile('admin/login.php')
 2 SYSTEMPATH\Common.php(1134): CodeIgniter\View\View->render('admin/login', [], true)
 3 APPPATH\Controllers\Admin_Login.php(10): view('admin/login', [...])
 4 SYSTEMPATH\CodeIgniter.php(927): App\Controllers\Admin_Login->index()
 5 SYSTEMPATH\CodeIgniter.php(482): CodeIgniter\CodeIgniter->runController(Object(App\Controllers\Admin_Login))
 6 SYSTEMPATH\CodeIgniter.php(351): CodeIgniter\CodeIgniter->handleRequest(null, Object(Config\Cache), false)
 7 FCPATH\index.php(67): CodeIgniter\CodeIgniter->run()
CRITICAL - 2022-11-02 14:45:30 --> Call to undefined function display_error()
in APPPATH\Views\admin\admin_login.php on line 59.
 1 SYSTEMPATH\View\View.php(213): include()
 2 SYSTEMPATH\View\View.php(216): CodeIgniter\View\View->CodeIgniter\View\{closure}()
 3 SYSTEMPATH\Common.php(1134): CodeIgniter\View\View->render('admin/admin_login', [], true)
 4 APPPATH\Controllers\Admin_Login.php(40): view('admin/admin_login', [...])
 5 SYSTEMPATH\CodeIgniter.php(927): App\Controllers\Admin_Login->login()
 6 SYSTEMPATH\CodeIgniter.php(482): CodeIgniter\CodeIgniter->runController(Object(App\Controllers\Admin_Login))
 7 SYSTEMPATH\CodeIgniter.php(351): CodeIgniter\CodeIgniter->handleRequest(null, Object(Config\Cache), false)
 8 FCPATH\index.php(67): CodeIgniter\CodeIgniter->run()
CRITICAL - 2022-11-02 14:45:42 --> Call to undefined function display_error()
in APPPATH\Views\admin\admin_login.php on line 59.
 1 SYSTEMPATH\View\View.php(213): include()
 2 SYSTEMPATH\View\View.php(216): CodeIgniter\View\View->CodeIgniter\View\{closure}()
 3 SYSTEMPATH\Common.php(1134): CodeIgniter\View\View->render('admin/admin_login', [], true)
 4 APPPATH\Controllers\Admin_Login.php(40): view('admin/admin_login', [...])
 5 SYSTEMPATH\CodeIgniter.php(927): App\Controllers\Admin_Login->login()
 6 SYSTEMPATH\CodeIgniter.php(482): CodeIgniter\CodeIgniter->runController(Object(App\Controllers\Admin_Login))
 7 SYSTEMPATH\CodeIgniter.php(351): CodeIgniter\CodeIgniter->handleRequest(null, Object(Config\Cache), false)
 8 FCPATH\index.php(67): CodeIgniter\CodeIgniter->run()
CRITICAL - 2022-11-02 14:46:01 --> Call to undefined function display_error()
in APPPATH\Views\admin\admin_login.php on line 59.
 1 SYSTEMPATH\View\View.php(213): include()
 2 SYSTEMPATH\View\View.php(216): CodeIgniter\View\View->CodeIgniter\View\{closure}()
 3 SYSTEMPATH\Common.php(1134): CodeIgniter\View\View->render('admin/admin_login', [], true)
 4 APPPATH\Controllers\Admin_Login.php(40): view('admin/admin_login', [...])
 5 SYSTEMPATH\CodeIgniter.php(927): App\Controllers\Admin_Login->login()
 6 SYSTEMPATH\CodeIgniter.php(482): CodeIgniter\CodeIgniter->runController(Object(App\Controllers\Admin_Login))
 7 SYSTEMPATH\CodeIgniter.php(351): CodeIgniter\CodeIgniter->handleRequest(null, Object(Config\Cache), false)
 8 FCPATH\index.php(67): CodeIgniter\CodeIgniter->run()
CRITICAL - 2022-11-02 14:47:22 --> Call to undefined function display_error()
in APPPATH\Views\admin\admin_login.php on line 58.
 1 SYSTEMPATH\View\View.php(213): include()
 2 SYSTEMPATH\View\View.php(216): CodeIgniter\View\View->CodeIgniter\View\{closure}()
 3 SYSTEMPATH\Common.php(1134): CodeIgniter\View\View->render('admin/admin_login', [], true)
 4 APPPATH\Controllers\Admin_Login.php(40): view('admin/admin_login', [...])
 5 SYSTEMPATH\CodeIgniter.php(927): App\Controllers\Admin_Login->login()
 6 SYSTEMPATH\CodeIgniter.php(482): CodeIgniter\CodeIgniter->runController(Object(App\Controllers\Admin_Login))
 7 SYSTEMPATH\CodeIgniter.php(351): CodeIgniter\CodeIgniter->handleRequest(null, Object(Config\Cache), false)
 8 FCPATH\index.php(67): CodeIgniter\CodeIgniter->run()
CRITICAL - 2022-11-02 14:48:38 --> Call to undefined function display_error()
in APPPATH\Views\admin\admin_login.php on line 58.
 1 SYSTEMPATH\View\View.php(213): include()
 2 SYSTEMPATH\View\View.php(216): CodeIgniter\View\View->CodeIgniter\View\{closure}()
 3 SYSTEMPATH\Common.php(1134): CodeIgniter\View\View->render('admin/admin_login', [], true)
 4 APPPATH\Controllers\Admin_Login.php(40): view('admin/admin_login', [...])
 5 SYSTEMPATH\CodeIgniter.php(927): App\Controllers\Admin_Login->login()
 6 SYSTEMPATH\CodeIgniter.php(482): CodeIgniter\CodeIgniter->runController(Object(App\Controllers\Admin_Login))
 7 SYSTEMPATH\CodeIgniter.php(351): CodeIgniter\CodeIgniter->handleRequest(null, Object(Config\Cache), false)
 8 FCPATH\index.php(67): CodeIgniter\CodeIgniter->run()
CRITICAL - 2022-11-02 14:52:41 --> Call to undefined function display_error()
in APPPATH\Views\admin\admin_login.php on line 58.
 1 SYSTEMPATH\View\View.php(213): include()
 2 SYSTEMPATH\View\View.php(216): CodeIgniter\View\View->CodeIgniter\View\{closure}()
 3 SYSTEMPATH\Common.php(1134): CodeIgniter\View\View->render('admin/admin_login', [], true)
 4 APPPATH\Controllers\Admin_Login.php(40): view('admin/admin_login', [...])
 5 SYSTEMPATH\CodeIgniter.php(927): App\Controllers\Admin_Login->login()
 6 SYSTEMPATH\CodeIgniter.php(482): CodeIgniter\CodeIgniter->runController(Object(App\Controllers\Admin_Login))
 7 SYSTEMPATH\CodeIgniter.php(351): CodeIgniter\CodeIgniter->handleRequest(null, Object(Config\Cache), false)
 8 FCPATH\index.php(67): CodeIgniter\CodeIgniter->run()
CRITICAL - 2022-11-02 15:06:32 --> Trying to access array offset on value of type null
in APPPATH\Controllers\Admin_Login.php on line 47.
 1 APPPATH\Controllers\Admin_Login.php(47): CodeIgniter\Debug\Exceptions->errorHandler(2, 'Trying to access array offset on value of type null', 'APPPATH\\Controllers\\Admin_Login.php', 47)
 2 SYSTEMPATH\CodeIgniter.php(927): App\Controllers\Admin_Login->login()
 3 SYSTEMPATH\CodeIgniter.php(482): CodeIgniter\CodeIgniter->runController(Object(App\Controllers\Admin_Login))
 4 SYSTEMPATH\CodeIgniter.php(351): CodeIgniter\CodeIgniter->handleRequest(null, Object(Config\Cache), false)
 5 FCPATH\index.php(67): CodeIgniter\CodeIgniter->run()
CRITICAL - 2022-11-02 15:06:48 --> Trying to access array offset on value of type null
in APPPATH\Controllers\Admin_Login.php on line 47.
 1 APPPATH\Controllers\Admin_Login.php(47): CodeIgniter\Debug\Exceptions->errorHandler(2, 'Trying to access array offset on value of type null', 'APPPATH\\Controllers\\Admin_Login.php', 47)
 2 SYSTEMPATH\CodeIgniter.php(927): App\Controllers\Admin_Login->login()
 3 SYSTEMPATH\CodeIgniter.php(482): CodeIgniter\CodeIgniter->runController(Object(App\Controllers\Admin_Login))
 4 SYSTEMPATH\CodeIgniter.php(351): CodeIgniter\CodeIgniter->handleRequest(null, Object(Config\Cache), false)
 5 FCPATH\index.php(67): CodeIgniter\CodeIgniter->run()
CRITICAL - 2022-11-02 15:06:53 --> Trying to access array offset on value of type null
in APPPATH\Controllers\Admin_Login.php on line 47.
 1 APPPATH\Controllers\Admin_Login.php(47): CodeIgniter\Debug\Exceptions->errorHandler(2, 'Trying to access array offset on value of type null', 'APPPATH\\Controllers\\Admin_Login.php', 47)
 2 SYSTEMPATH\CodeIgniter.php(927): App\Controllers\Admin_Login->login()
 3 SYSTEMPATH\CodeIgniter.php(482): CodeIgniter\CodeIgniter->runController(Object(App\Controllers\Admin_Login))
 4 SYSTEMPATH\CodeIgniter.php(351): CodeIgniter\CodeIgniter->handleRequest(null, Object(Config\Cache), false)
 5 FCPATH\index.php(67): CodeIgniter\CodeIgniter->run()
CRITICAL - 2022-11-02 15:08:15 --> Trying to access array offset on value of type null
in APPPATH\Controllers\Admin_Login.php on line 47.
 1 APPPATH\Controllers\Admin_Login.php(47): CodeIgniter\Debug\Exceptions->errorHandler(2, 'Trying to access array offset on value of type null', 'APPPATH\\Controllers\\Admin_Login.php', 47)
 2 SYSTEMPATH\CodeIgniter.php(927): App\Controllers\Admin_Login->login()
 3 SYSTEMPATH\CodeIgniter.php(482): CodeIgniter\CodeIgniter->runController(Object(App\Controllers\Admin_Login))
 4 SYSTEMPATH\CodeIgniter.php(351): CodeIgniter\CodeIgniter->handleRequest(null, Object(Config\Cache), false)
 5 FCPATH\index.php(67): CodeIgniter\CodeIgniter->run()
CRITICAL - 2022-11-02 15:09:52 --> Trying to access array offset on value of type null
in APPPATH\Controllers\Admin_Login.php on line 47.
 1 APPPATH\Controllers\Admin_Login.php(47): CodeIgniter\Debug\Exceptions->errorHandler(2, 'Trying to access array offset on value of type null', 'APPPATH\\Controllers\\Admin_Login.php', 47)
 2 SYSTEMPATH\CodeIgniter.php(927): App\Controllers\Admin_Login->login()
 3 SYSTEMPATH\CodeIgniter.php(482): CodeIgniter\CodeIgniter->runController(Object(App\Controllers\Admin_Login))
 4 SYSTEMPATH\CodeIgniter.php(351): CodeIgniter\CodeIgniter->handleRequest(null, Object(Config\Cache), false)
 5 FCPATH\index.php(67): CodeIgniter\CodeIgniter->run()
CRITICAL - 2022-11-02 15:17:21 --> Trying to access array offset on value of type null
in APPPATH\Controllers\Admin_Login.php on line 47.
 1 APPPATH\Controllers\Admin_Login.php(47): CodeIgniter\Debug\Exceptions->errorHandler(2, 'Trying to access array offset on value of type null', 'APPPATH\\Controllers\\Admin_Login.php', 47)
 2 SYSTEMPATH\CodeIgniter.php(927): App\Controllers\Admin_Login->login()
 3 SYSTEMPATH\CodeIgniter.php(482): CodeIgniter\CodeIgniter->runController(Object(App\Controllers\Admin_Login))
 4 SYSTEMPATH\CodeIgniter.php(351): CodeIgniter\CodeIgniter->handleRequest(null, Object(Config\Cache), false)
 5 FCPATH\index.php(67): CodeIgniter\CodeIgniter->run()
CRITICAL - 2022-11-02 15:17:29 --> Trying to access array offset on value of type null
in APPPATH\Controllers\Admin_Login.php on line 47.
 1 APPPATH\Controllers\Admin_Login.php(47): CodeIgniter\Debug\Exceptions->errorHandler(2, 'Trying to access array offset on value of type null', 'APPPATH\\Controllers\\Admin_Login.php', 47)
 2 SYSTEMPATH\CodeIgniter.php(927): App\Controllers\Admin_Login->login()
 3 SYSTEMPATH\CodeIgniter.php(482): CodeIgniter\CodeIgniter->runController(Object(App\Controllers\Admin_Login))
 4 SYSTEMPATH\CodeIgniter.php(351): CodeIgniter\CodeIgniter->handleRequest(null, Object(Config\Cache), false)
 5 FCPATH\index.php(67): CodeIgniter\CodeIgniter->run()
CRITICAL - 2022-11-02 15:18:40 --> Trying to access array offset on value of type null
in APPPATH\Controllers\Admin_Login.php on line 47.
 1 APPPATH\Controllers\Admin_Login.php(47): CodeIgniter\Debug\Exceptions->errorHandler(2, 'Trying to access array offset on value of type null', 'APPPATH\\Controllers\\Admin_Login.php', 47)
 2 SYSTEMPATH\CodeIgniter.php(927): App\Controllers\Admin_Login->login()
 3 SYSTEMPATH\CodeIgniter.php(482): CodeIgniter\CodeIgniter->runController(Object(App\Controllers\Admin_Login))
 4 SYSTEMPATH\CodeIgniter.php(351): CodeIgniter\CodeIgniter->handleRequest(null, Object(Config\Cache), false)
 5 FCPATH\index.php(67): CodeIgniter\CodeIgniter->run()
CRITICAL - 2022-11-02 15:22:55 --> Cannot use object of type App\Models\Admin_Model as array
in APPPATH\Controllers\Admin_Login.php on line 63.
 1 APPPATH\Controllers\Admin_Login.php(55): App\Controllers\Admin_Login->setUserSession(Object(App\Models\Admin_Model))
 2 SYSTEMPATH\CodeIgniter.php(927): App\Controllers\Admin_Login->login()
 3 SYSTEMPATH\CodeIgniter.php(482): CodeIgniter\CodeIgniter->runController(Object(App\Controllers\Admin_Login))
 4 SYSTEMPATH\CodeIgniter.php(351): CodeIgniter\CodeIgniter->handleRequest(null, Object(Config\Cache), false)
 5 FCPATH\index.php(67): CodeIgniter\CodeIgniter->run()
CRITICAL - 2022-11-02 15:23:43 --> Cannot use object of type App\Models\Admin_Model as array
in APPPATH\Controllers\Admin_Login.php on line 63.
 1 APPPATH\Controllers\Admin_Login.php(55): App\Controllers\Admin_Login->setUserSession(Object(App\Models\Admin_Model))
 2 SYSTEMPATH\CodeIgniter.php(927): App\Controllers\Admin_Login->login()
 3 SYSTEMPATH\CodeIgniter.php(482): CodeIgniter\CodeIgniter->runController(Object(App\Controllers\Admin_Login))
 4 SYSTEMPATH\CodeIgniter.php(351): CodeIgniter\CodeIgniter->handleRequest(null, Object(Config\Cache), false)
 5 FCPATH\index.php(67): CodeIgniter\CodeIgniter->run()
CRITICAL - 2022-11-02 15:23:56 --> Cannot use object of type App\Models\Admin_Model as array
in APPPATH\Controllers\Admin_Login.php on line 63.
 1 APPPATH\Controllers\Admin_Login.php(55): App\Controllers\Admin_Login->setUserSession(Object(App\Models\Admin_Model))
 2 SYSTEMPATH\CodeIgniter.php(927): App\Controllers\Admin_Login->login()
 3 SYSTEMPATH\CodeIgniter.php(482): CodeIgniter\CodeIgniter->runController(Object(App\Controllers\Admin_Login))
 4 SYSTEMPATH\CodeIgniter.php(351): CodeIgniter\CodeIgniter->handleRequest(null, Object(Config\Cache), false)
 5 FCPATH\index.php(67): CodeIgniter\CodeIgniter->run()
CRITICAL - 2022-11-02 15:24:11 --> Cannot use object of type App\Models\Admin_Model as array
in APPPATH\Controllers\Admin_Login.php on line 63.
 1 APPPATH\Controllers\Admin_Login.php(55): App\Controllers\Admin_Login->setUserSession(Object(App\Models\Admin_Model))
 2 SYSTEMPATH\CodeIgniter.php(927): App\Controllers\Admin_Login->login()
 3 SYSTEMPATH\CodeIgniter.php(482): CodeIgniter\CodeIgniter->runController(Object(App\Controllers\Admin_Login))
 4 SYSTEMPATH\CodeIgniter.php(351): CodeIgniter\CodeIgniter->handleRequest(null, Object(Config\Cache), false)
 5 FCPATH\index.php(67): CodeIgniter\CodeIgniter->run()
CRITICAL - 2022-11-02 15:24:22 --> Cannot use object of type App\Models\Admin_Model as array
in APPPATH\Controllers\Admin_Login.php on line 63.
 1 APPPATH\Controllers\Admin_Login.php(55): App\Controllers\Admin_Login->setUserSession(Object(App\Models\Admin_Model))
 2 SYSTEMPATH\CodeIgniter.php(927): App\Controllers\Admin_Login->login()
 3 SYSTEMPATH\CodeIgniter.php(482): CodeIgniter\CodeIgniter->runController(Object(App\Controllers\Admin_Login))
 4 SYSTEMPATH\CodeIgniter.php(351): CodeIgniter\CodeIgniter->handleRequest(null, Object(Config\Cache), false)
 5 FCPATH\index.php(67): CodeIgniter\CodeIgniter->run()
CRITICAL - 2022-11-02 15:24:42 --> Cannot use object of type App\Models\Admin_Model as array
in APPPATH\Controllers\Admin_Login.php on line 63.
 1 APPPATH\Controllers\Admin_Login.php(55): App\Controllers\Admin_Login->setUserSession(Object(App\Models\Admin_Model))
 2 SYSTEMPATH\CodeIgniter.php(927): App\Controllers\Admin_Login->login()
 3 SYSTEMPATH\CodeIgniter.php(482): CodeIgniter\CodeIgniter->runController(Object(App\Controllers\Admin_Login))
 4 SYSTEMPATH\CodeIgniter.php(351): CodeIgniter\CodeIgniter->handleRequest(null, Object(Config\Cache), false)
 5 FCPATH\index.php(67): CodeIgniter\CodeIgniter->run()
CRITICAL - 2022-11-02 15:25:00 --> Cannot use object of type App\Models\Admin_Model as array
in APPPATH\Controllers\Admin_Login.php on line 64.
 1 APPPATH\Controllers\Admin_Login.php(55): App\Controllers\Admin_Login->setUserSession(Object(App\Models\Admin_Model))
 2 SYSTEMPATH\CodeIgniter.php(927): App\Controllers\Admin_Login->login()
 3 SYSTEMPATH\CodeIgniter.php(482): CodeIgniter\CodeIgniter->runController(Object(App\Controllers\Admin_Login))
 4 SYSTEMPATH\CodeIgniter.php(351): CodeIgniter\CodeIgniter->handleRequest(null, Object(Config\Cache), false)
 5 FCPATH\index.php(67): CodeIgniter\CodeIgniter->run()
CRITICAL - 2022-11-02 15:25:38 --> Cannot use object of type App\Models\Admin_Model as array
in APPPATH\Controllers\Admin_Login.php on line 64.
 1 APPPATH\Controllers\Admin_Login.php(55): App\Controllers\Admin_Login->setUserSession(Object(App\Models\Admin_Model))
 2 SYSTEMPATH\CodeIgniter.php(927): App\Controllers\Admin_Login->login()
 3 SYSTEMPATH\CodeIgniter.php(482): CodeIgniter\CodeIgniter->runController(Object(App\Controllers\Admin_Login))
 4 SYSTEMPATH\CodeIgniter.php(351): CodeIgniter\CodeIgniter->handleRequest(null, Object(Config\Cache), false)
 5 FCPATH\index.php(67): CodeIgniter\CodeIgniter->run()
CRITICAL - 2022-11-02 15:25:51 --> Cannot use object of type App\Models\Admin_Model as array
in APPPATH\Controllers\Admin_Login.php on line 64.
 1 APPPATH\Controllers\Admin_Login.php(55): App\Controllers\Admin_Login->setUserSession(Object(App\Models\Admin_Model))
 2 SYSTEMPATH\CodeIgniter.php(927): App\Controllers\Admin_Login->login()
 3 SYSTEMPATH\CodeIgniter.php(482): CodeIgniter\CodeIgniter->runController(Object(App\Controllers\Admin_Login))
 4 SYSTEMPATH\CodeIgniter.php(351): CodeIgniter\CodeIgniter->handleRequest(null, Object(Config\Cache), false)
 5 FCPATH\index.php(67): CodeIgniter\CodeIgniter->run()
CRITICAL - 2022-11-02 15:25:58 --> Cannot use object of type App\Models\Admin_Model as array
in APPPATH\Controllers\Admin_Login.php on line 64.
 1 APPPATH\Controllers\Admin_Login.php(55): App\Controllers\Admin_Login->setUserSession(Object(App\Models\Admin_Model))
 2 SYSTEMPATH\CodeIgniter.php(927): App\Controllers\Admin_Login->login()
 3 SYSTEMPATH\CodeIgniter.php(482): CodeIgniter\CodeIgniter->runController(Object(App\Controllers\Admin_Login))
 4 SYSTEMPATH\CodeIgniter.php(351): CodeIgniter\CodeIgniter->handleRequest(null, Object(Config\Cache), false)
 5 FCPATH\index.php(67): CodeIgniter\CodeIgniter->run()
CRITICAL - 2022-11-02 15:26:38 --> Cannot use object of type App\Models\Admin_Model as array
in APPPATH\Controllers\Admin_Login.php on line 64.
 1 APPPATH\Controllers\Admin_Login.php(55): App\Controllers\Admin_Login->setUserSession(Object(App\Models\Admin_Model))
 2 SYSTEMPATH\CodeIgniter.php(927): App\Controllers\Admin_Login->login()
 3 SYSTEMPATH\CodeIgniter.php(482): CodeIgniter\CodeIgniter->runController(Object(App\Controllers\Admin_Login))
 4 SYSTEMPATH\CodeIgniter.php(351): CodeIgniter\CodeIgniter->handleRequest(null, Object(Config\Cache), false)
 5 FCPATH\index.php(67): CodeIgniter\CodeIgniter->run()
CRITICAL - 2022-11-02 15:26:51 --> Cannot use object of type App\Models\Admin_Model as array
in APPPATH\Controllers\Admin_Login.php on line 64.
 1 APPPATH\Controllers\Admin_Login.php(55): App\Controllers\Admin_Login->setUserSession(Object(App\Models\Admin_Model))
 2 SYSTEMPATH\CodeIgniter.php(927): App\Controllers\Admin_Login->login()
 3 SYSTEMPATH\CodeIgniter.php(482): CodeIgniter\CodeIgniter->runController(Object(App\Controllers\Admin_Login))
 4 SYSTEMPATH\CodeIgniter.php(351): CodeIgniter\CodeIgniter->handleRequest(null, Object(Config\Cache), false)
 5 FCPATH\index.php(67): CodeIgniter\CodeIgniter->run()
CRITICAL - 2022-11-02 15:27:10 --> Cannot use object of type App\Models\Admin_Model as array
in APPPATH\Controllers\Admin_Login.php on line 64.
 1 APPPATH\Controllers\Admin_Login.php(55): App\Controllers\Admin_Login->setUserSession(Object(App\Models\Admin_Model))
 2 SYSTEMPATH\CodeIgniter.php(927): App\Controllers\Admin_Login->login()
 3 SYSTEMPATH\CodeIgniter.php(482): CodeIgniter\CodeIgniter->runController(Object(App\Controllers\Admin_Login))
 4 SYSTEMPATH\CodeIgniter.php(351): CodeIgniter\CodeIgniter->handleRequest(null, Object(Config\Cache), false)
 5 FCPATH\index.php(67): CodeIgniter\CodeIgniter->run()
CRITICAL - 2022-11-02 15:27:22 --> Trying to access array offset on value of type null
in APPPATH\Controllers\Admin_Login.php on line 47.
 1 APPPATH\Controllers\Admin_Login.php(47): CodeIgniter\Debug\Exceptions->errorHandler(2, 'Trying to access array offset on value of type null', 'APPPATH\\Controllers\\Admin_Login.php', 47)
 2 SYSTEMPATH\CodeIgniter.php(927): App\Controllers\Admin_Login->login()
 3 SYSTEMPATH\CodeIgniter.php(482): CodeIgniter\CodeIgniter->runController(Object(App\Controllers\Admin_Login))
 4 SYSTEMPATH\CodeIgniter.php(351): CodeIgniter\CodeIgniter->handleRequest(null, Object(Config\Cache), false)
 5 FCPATH\index.php(67): CodeIgniter\CodeIgniter->run()
CRITICAL - 2022-11-02 15:27:32 --> Trying to access array offset on value of type null
in APPPATH\Controllers\Admin_Login.php on line 47.
 1 APPPATH\Controllers\Admin_Login.php(47): CodeIgniter\Debug\Exceptions->errorHandler(2, 'Trying to access array offset on value of type null', 'APPPATH\\Controllers\\Admin_Login.php', 47)
 2 SYSTEMPATH\CodeIgniter.php(927): App\Controllers\Admin_Login->login()
 3 SYSTEMPATH\CodeIgniter.php(482): CodeIgniter\CodeIgniter->runController(Object(App\Controllers\Admin_Login))
 4 SYSTEMPATH\CodeIgniter.php(351): CodeIgniter\CodeIgniter->handleRequest(null, Object(Config\Cache), false)
 5 FCPATH\index.php(67): CodeIgniter\CodeIgniter->run()
CRITICAL - 2022-11-02 15:27:42 --> Trying to access array offset on value of type null
in APPPATH\Controllers\Admin_Login.php on line 47.
 1 APPPATH\Controllers\Admin_Login.php(47): CodeIgniter\Debug\Exceptions->errorHandler(2, 'Trying to access array offset on value of type null', 'APPPATH\\Controllers\\Admin_Login.php', 47)
 2 SYSTEMPATH\CodeIgniter.php(927): App\Controllers\Admin_Login->login()
 3 SYSTEMPATH\CodeIgniter.php(482): CodeIgniter\CodeIgniter->runController(Object(App\Controllers\Admin_Login))
 4 SYSTEMPATH\CodeIgniter.php(351): CodeIgniter\CodeIgniter->handleRequest(null, Object(Config\Cache), false)
 5 FCPATH\index.php(67): CodeIgniter\CodeIgniter->run()
CRITICAL - 2022-11-02 15:27:46 --> Trying to access array offset on value of type null
in APPPATH\Controllers\Admin_Login.php on line 47.
 1 APPPATH\Controllers\Admin_Login.php(47): CodeIgniter\Debug\Exceptions->errorHandler(2, 'Trying to access array offset on value of type null', 'APPPATH\\Controllers\\Admin_Login.php', 47)
 2 SYSTEMPATH\CodeIgniter.php(927): App\Controllers\Admin_Login->login()
 3 SYSTEMPATH\CodeIgniter.php(482): CodeIgniter\CodeIgniter->runController(Object(App\Controllers\Admin_Login))
 4 SYSTEMPATH\CodeIgniter.php(351): CodeIgniter\CodeIgniter->handleRequest(null, Object(Config\Cache), false)
 5 FCPATH\index.php(67): CodeIgniter\CodeIgniter->run()
CRITICAL - 2022-11-02 15:28:45 --> Cannot use object of type App\Models\Admin_Model as array
in APPPATH\Controllers\Admin_Login.php on line 64.
 1 APPPATH\Controllers\Admin_Login.php(56): App\Controllers\Admin_Login->setUserSession(Object(App\Models\Admin_Model))
 2 SYSTEMPATH\CodeIgniter.php(927): App\Controllers\Admin_Login->login()
 3 SYSTEMPATH\CodeIgniter.php(482): CodeIgniter\CodeIgniter->runController(Object(App\Controllers\Admin_Login))
 4 SYSTEMPATH\CodeIgniter.php(351): CodeIgniter\CodeIgniter->handleRequest(null, Object(Config\Cache), false)
 5 FCPATH\index.php(67): CodeIgniter\CodeIgniter->run()
CRITICAL - 2022-11-02 15:29:53 --> Cannot use object of type App\Models\Admin_Model as array
in APPPATH\Controllers\Admin_Login.php on line 64.
 1 APPPATH\Controllers\Admin_Login.php(56): App\Controllers\Admin_Login->setUserSession(Object(App\Models\Admin_Model))
 2 SYSTEMPATH\CodeIgniter.php(927): App\Controllers\Admin_Login->login()
 3 SYSTEMPATH\CodeIgniter.php(482): CodeIgniter\CodeIgniter->runController(Object(App\Controllers\Admin_Login))
 4 SYSTEMPATH\CodeIgniter.php(351): CodeIgniter\CodeIgniter->handleRequest(null, Object(Config\Cache), false)
 5 FCPATH\index.php(67): CodeIgniter\CodeIgniter->run()
CRITICAL - 2022-11-02 15:30:28 --> Cannot use object of type App\Models\Admin_Model as array
in APPPATH\Controllers\Admin_Login.php on line 64.
 1 APPPATH\Controllers\Admin_Login.php(56): App\Controllers\Admin_Login->setUserSession(Object(App\Models\Admin_Model))
 2 SYSTEMPATH\CodeIgniter.php(927): App\Controllers\Admin_Login->login()
 3 SYSTEMPATH\CodeIgniter.php(482): CodeIgniter\CodeIgniter->runController(Object(App\Controllers\Admin_Login))
 4 SYSTEMPATH\CodeIgniter.php(351): CodeIgniter\CodeIgniter->handleRequest(null, Object(Config\Cache), false)
 5 FCPATH\index.php(67): CodeIgniter\CodeIgniter->run()
CRITICAL - 2022-11-02 15:30:36 --> Cannot use object of type App\Models\Admin_Model as array
in APPPATH\Controllers\Admin_Login.php on line 64.
 1 APPPATH\Controllers\Admin_Login.php(56): App\Controllers\Admin_Login->setUserSession(Object(App\Models\Admin_Model))
 2 SYSTEMPATH\CodeIgniter.php(927): App\Controllers\Admin_Login->login()
 3 SYSTEMPATH\CodeIgniter.php(482): CodeIgniter\CodeIgniter->runController(Object(App\Controllers\Admin_Login))
 4 SYSTEMPATH\CodeIgniter.php(351): CodeIgniter\CodeIgniter->handleRequest(null, Object(Config\Cache), false)
 5 FCPATH\index.php(67): CodeIgniter\CodeIgniter->run()
CRITICAL - 2022-11-02 15:30:48 --> Cannot use object of type App\Models\Admin_Model as array
in APPPATH\Controllers\Admin_Login.php on line 64.
 1 APPPATH\Controllers\Admin_Login.php(55): App\Controllers\Admin_Login->setUserSession(Object(App\Models\Admin_Model))
 2 SYSTEMPATH\CodeIgniter.php(927): App\Controllers\Admin_Login->login()
 3 SYSTEMPATH\CodeIgniter.php(482): CodeIgniter\CodeIgniter->runController(Object(App\Controllers\Admin_Login))
 4 SYSTEMPATH\CodeIgniter.php(351): CodeIgniter\CodeIgniter->handleRequest(null, Object(Config\Cache), false)
 5 FCPATH\index.php(67): CodeIgniter\CodeIgniter->run()
CRITICAL - 2022-11-02 15:31:06 --> Cannot use object of type App\Models\Admin_Model as array
in APPPATH\Controllers\Admin_Login.php on line 64.
 1 APPPATH\Controllers\Admin_Login.php(55): App\Controllers\Admin_Login->setUserSession(Object(App\Models\Admin_Model))
 2 SYSTEMPATH\CodeIgniter.php(927): App\Controllers\Admin_Login->login()
 3 SYSTEMPATH\CodeIgniter.php(482): CodeIgniter\CodeIgniter->runController(Object(App\Controllers\Admin_Login))
 4 SYSTEMPATH\CodeIgniter.php(351): CodeIgniter\CodeIgniter->handleRequest(null, Object(Config\Cache), false)
 5 FCPATH\index.php(67): CodeIgniter\CodeIgniter->run()
CRITICAL - 2022-11-02 15:31:23 --> Cannot use object of type App\Models\Admin_Model as array
in APPPATH\Controllers\Admin_Login.php on line 64.
 1 APPPATH\Controllers\Admin_Login.php(55): App\Controllers\Admin_Login->setUserSession(Object(App\Models\Admin_Model))
 2 SYSTEMPATH\CodeIgniter.php(927): App\Controllers\Admin_Login->login()
 3 SYSTEMPATH\CodeIgniter.php(482): CodeIgniter\CodeIgniter->runController(Object(App\Controllers\Admin_Login))
 4 SYSTEMPATH\CodeIgniter.php(351): CodeIgniter\CodeIgniter->handleRequest(null, Object(Config\Cache), false)
 5 FCPATH\index.php(67): CodeIgniter\CodeIgniter->run()
CRITICAL - 2022-11-02 15:32:18 --> Cannot use object of type App\Models\Admin_Model as array
in APPPATH\Controllers\Admin_Login.php on line 64.
 1 APPPATH\Controllers\Admin_Login.php(55): App\Controllers\Admin_Login->setUserSession(Object(App\Models\Admin_Model))
 2 SYSTEMPATH\CodeIgniter.php(927): App\Controllers\Admin_Login->login()
 3 SYSTEMPATH\CodeIgniter.php(482): CodeIgniter\CodeIgniter->runController(Object(App\Controllers\Admin_Login))
 4 SYSTEMPATH\CodeIgniter.php(351): CodeIgniter\CodeIgniter->handleRequest(null, Object(Config\Cache), false)
 5 FCPATH\index.php(67): CodeIgniter\CodeIgniter->run()
CRITICAL - 2022-11-02 15:32:22 --> Cannot use object of type App\Models\Admin_Model as array
in APPPATH\Controllers\Admin_Login.php on line 64.
 1 APPPATH\Controllers\Admin_Login.php(55): App\Controllers\Admin_Login->setUserSession(Object(App\Models\Admin_Model))
 2 SYSTEMPATH\CodeIgniter.php(927): App\Controllers\Admin_Login->login()
 3 SYSTEMPATH\CodeIgniter.php(482): CodeIgniter\CodeIgniter->runController(Object(App\Controllers\Admin_Login))
 4 SYSTEMPATH\CodeIgniter.php(351): CodeIgniter\CodeIgniter->handleRequest(null, Object(Config\Cache), false)
 5 FCPATH\index.php(67): CodeIgniter\CodeIgniter->run()
CRITICAL - 2022-11-02 15:33:14 --> Cannot use object of type App\Models\Admin_Model as array
in APPPATH\Controllers\Admin_Login.php on line 64.
 1 APPPATH\Controllers\Admin_Login.php(55): App\Controllers\Admin_Login->setUserSession(Object(App\Models\Admin_Model))
 2 SYSTEMPATH\CodeIgniter.php(927): App\Controllers\Admin_Login->login()
 3 SYSTEMPATH\CodeIgniter.php(482): CodeIgniter\CodeIgniter->runController(Object(App\Controllers\Admin_Login))
 4 SYSTEMPATH\CodeIgniter.php(351): CodeIgniter\CodeIgniter->handleRequest(null, Object(Config\Cache), false)
 5 FCPATH\index.php(67): CodeIgniter\CodeIgniter->run()
CRITICAL - 2022-11-02 15:37:47 --> Cannot use object of type App\Models\Admin_Model as array
in APPPATH\Controllers\Admin_Login.php on line 63.
 1 APPPATH\Controllers\Admin_Login.php(50): App\Controllers\Admin_Login->setUserSession(Object(App\Models\Admin_Model))
 2 SYSTEMPATH\CodeIgniter.php(927): App\Controllers\Admin_Login->login()
 3 SYSTEMPATH\CodeIgniter.php(482): CodeIgniter\CodeIgniter->runController(Object(App\Controllers\Admin_Login))
 4 SYSTEMPATH\CodeIgniter.php(351): CodeIgniter\CodeIgniter->handleRequest(null, Object(Config\Cache), false)
 5 FCPATH\index.php(67): CodeIgniter\CodeIgniter->run()
CRITICAL - 2022-11-02 15:41:51 --> Cannot use object of type App\Models\Admin_Model as array
in APPPATH\Controllers\Admin_Login.php on line 63.
 1 APPPATH\Controllers\Admin_Login.php(50): App\Controllers\Admin_Login->setUserSession(Object(App\Models\Admin_Model))
 2 SYSTEMPATH\CodeIgniter.php(927): App\Controllers\Admin_Login->login()
 3 SYSTEMPATH\CodeIgniter.php(482): CodeIgniter\CodeIgniter->runController(Object(App\Controllers\Admin_Login))
 4 SYSTEMPATH\CodeIgniter.php(351): CodeIgniter\CodeIgniter->handleRequest(null, Object(Config\Cache), false)
 5 FCPATH\index.php(67): CodeIgniter\CodeIgniter->run()
CRITICAL - 2022-11-02 15:43:49 --> Cannot use object of type App\Models\Admin_Model as array
in APPPATH\Controllers\Admin_Login.php on line 63.
 1 APPPATH\Controllers\Admin_Login.php(50): App\Controllers\Admin_Login->setUserSession(Object(App\Models\Admin_Model))
 2 SYSTEMPATH\CodeIgniter.php(927): App\Controllers\Admin_Login->login()
 3 SYSTEMPATH\CodeIgniter.php(482): CodeIgniter\CodeIgniter->runController(Object(App\Controllers\Admin_Login))
 4 SYSTEMPATH\CodeIgniter.php(351): CodeIgniter\CodeIgniter->handleRequest(null, Object(Config\Cache), false)
 5 FCPATH\index.php(67): CodeIgniter\CodeIgniter->run()
CRITICAL - 2022-11-02 15:47:02 --> Cannot use object of type App\Models\Admin_Model as array
in APPPATH\Controllers\Admin_Login.php on line 63.
 1 APPPATH\Controllers\Admin_Login.php(50): App\Controllers\Admin_Login->setUserSession(Object(App\Models\Admin_Model))
 2 SYSTEMPATH\CodeIgniter.php(927): App\Controllers\Admin_Login->login()
 3 SYSTEMPATH\CodeIgniter.php(482): CodeIgniter\CodeIgniter->runController(Object(App\Controllers\Admin_Login))
 4 SYSTEMPATH\CodeIgniter.php(351): CodeIgniter\CodeIgniter->handleRequest(null, Object(Config\Cache), false)
 5 FCPATH\index.php(67): CodeIgniter\CodeIgniter->run()
CRITICAL - 2022-11-02 15:47:16 --> Cannot use object of type App\Models\Admin_Model as array
in APPPATH\Controllers\Admin_Login.php on line 63.
 1 APPPATH\Controllers\Admin_Login.php(50): App\Controllers\Admin_Login->setUserSession(Object(App\Models\Admin_Model))
 2 SYSTEMPATH\CodeIgniter.php(927): App\Controllers\Admin_Login->login()
 3 SYSTEMPATH\CodeIgniter.php(482): CodeIgniter\CodeIgniter->runController(Object(App\Controllers\Admin_Login))
 4 SYSTEMPATH\CodeIgniter.php(351): CodeIgniter\CodeIgniter->handleRequest(null, Object(Config\Cache), false)
 5 FCPATH\index.php(67): CodeIgniter\CodeIgniter->run()
CRITICAL - 2022-11-02 15:47:21 --> Cannot use object of type App\Models\Admin_Model as array
in APPPATH\Controllers\Admin_Login.php on line 63.
 1 APPPATH\Controllers\Admin_Login.php(50): App\Controllers\Admin_Login->setUserSession(Object(App\Models\Admin_Model))
 2 SYSTEMPATH\CodeIgniter.php(927): App\Controllers\Admin_Login->login()
 3 SYSTEMPATH\CodeIgniter.php(482): CodeIgniter\CodeIgniter->runController(Object(App\Controllers\Admin_Login))
 4 SYSTEMPATH\CodeIgniter.php(351): CodeIgniter\CodeIgniter->handleRequest(null, Object(Config\Cache), false)
 5 FCPATH\index.php(67): CodeIgniter\CodeIgniter->run()
CRITICAL - 2022-11-02 15:48:53 --> Cannot use object of type App\Models\Admin_Model as array
in APPPATH\Controllers\Admin_Login.php on line 63.
 1 APPPATH\Controllers\Admin_Login.php(50): App\Controllers\Admin_Login->setUserSession(Object(App\Models\Admin_Model))
 2 SYSTEMPATH\CodeIgniter.php(927): App\Controllers\Admin_Login->login()
 3 SYSTEMPATH\CodeIgniter.php(482): CodeIgniter\CodeIgniter->runController(Object(App\Controllers\Admin_Login))
 4 SYSTEMPATH\CodeIgniter.php(351): CodeIgniter\CodeIgniter->handleRequest(null, Object(Config\Cache), false)
 5 FCPATH\index.php(67): CodeIgniter\CodeIgniter->run()
CRITICAL - 2022-11-02 15:49:08 --> Trying to access array offset on value of type null
in APPPATH\Controllers\Admin_Login.php on line 47.
 1 APPPATH\Controllers\Admin_Login.php(47): CodeIgniter\Debug\Exceptions->errorHandler(2, 'Trying to access array offset on value of type null', 'APPPATH\\Controllers\\Admin_Login.php', 47)
 2 SYSTEMPATH\CodeIgniter.php(927): App\Controllers\Admin_Login->login()
 3 SYSTEMPATH\CodeIgniter.php(482): CodeIgniter\CodeIgniter->runController(Object(App\Controllers\Admin_Login))
 4 SYSTEMPATH\CodeIgniter.php(351): CodeIgniter\CodeIgniter->handleRequest(null, Object(Config\Cache), false)
 5 FCPATH\index.php(67): CodeIgniter\CodeIgniter->run()
CRITICAL - 2022-11-02 15:51:21 --> Trying to access array offset on value of type null
in APPPATH\Controllers\Admin_Login.php on line 47.
 1 APPPATH\Controllers\Admin_Login.php(47): CodeIgniter\Debug\Exceptions->errorHandler(2, 'Trying to access array offset on value of type null', 'APPPATH\\Controllers\\Admin_Login.php', 47)
 2 SYSTEMPATH\CodeIgniter.php(927): App\Controllers\Admin_Login->login()
 3 SYSTEMPATH\CodeIgniter.php(482): CodeIgniter\CodeIgniter->runController(Object(App\Controllers\Admin_Login))
 4 SYSTEMPATH\CodeIgniter.php(351): CodeIgniter\CodeIgniter->handleRequest(null, Object(Config\Cache), false)
 5 FCPATH\index.php(67): CodeIgniter\CodeIgniter->run()
CRITICAL - 2022-11-02 15:51:26 --> Trying to access array offset on value of type null
in APPPATH\Controllers\Admin_Login.php on line 47.
 1 APPPATH\Controllers\Admin_Login.php(47): CodeIgniter\Debug\Exceptions->errorHandler(2, 'Trying to access array offset on value of type null', 'APPPATH\\Controllers\\Admin_Login.php', 47)
 2 SYSTEMPATH\CodeIgniter.php(927): App\Controllers\Admin_Login->login()
 3 SYSTEMPATH\CodeIgniter.php(482): CodeIgniter\CodeIgniter->runController(Object(App\Controllers\Admin_Login))
 4 SYSTEMPATH\CodeIgniter.php(351): CodeIgniter\CodeIgniter->handleRequest(null, Object(Config\Cache), false)
 5 FCPATH\index.php(67): CodeIgniter\CodeIgniter->run()
CRITICAL - 2022-11-02 15:51:32 --> Trying to access array offset on value of type null
in APPPATH\Controllers\Admin_Login.php on line 47.
 1 APPPATH\Controllers\Admin_Login.php(47): CodeIgniter\Debug\Exceptions->errorHandler(2, 'Trying to access array offset on value of type null', 'APPPATH\\Controllers\\Admin_Login.php', 47)
 2 SYSTEMPATH\CodeIgniter.php(927): App\Controllers\Admin_Login->login()
 3 SYSTEMPATH\CodeIgniter.php(482): CodeIgniter\CodeIgniter->runController(Object(App\Controllers\Admin_Login))
 4 SYSTEMPATH\CodeIgniter.php(351): CodeIgniter\CodeIgniter->handleRequest(null, Object(Config\Cache), false)
 5 FCPATH\index.php(67): CodeIgniter\CodeIgniter->run()
CRITICAL - 2022-11-02 15:52:28 --> Cannot use object of type App\Models\Admin_Model as array
in APPPATH\Controllers\Admin_Login.php on line 63.
 1 APPPATH\Controllers\Admin_Login.php(50): App\Controllers\Admin_Login->setUserSession(Object(App\Models\Admin_Model))
 2 SYSTEMPATH\CodeIgniter.php(927): App\Controllers\Admin_Login->login()
 3 SYSTEMPATH\CodeIgniter.php(482): CodeIgniter\CodeIgniter->runController(Object(App\Controllers\Admin_Login))
 4 SYSTEMPATH\CodeIgniter.php(351): CodeIgniter\CodeIgniter->handleRequest(null, Object(Config\Cache), false)
 5 FCPATH\index.php(67): CodeIgniter\CodeIgniter->run()
CRITICAL - 2022-11-02 23:30:39 --> Undefined variable $title
in APPPATH\Views\admin\includes\head.php on line 8.
 1 APPPATH\Views\admin\includes\head.php(8): CodeIgniter\Debug\Exceptions->errorHandler(2, 'Undefined variable $title', 'APPPATH\\Views\\admin\\includes\\head.php', 8)
 2 APPPATH\Views\admin\dashboard.php(2): include('APPPATH\\Views\\admin\\includes\\head.php')
 3 SYSTEMPATH\View\View.php(213): include('APPPATH\\Views\\admin\\dashboard.php')
 4 SYSTEMPATH\View\View.php(216): CodeIgniter\View\View->CodeIgniter\View\{closure}()
 5 SYSTEMPATH\Common.php(1134): CodeIgniter\View\View->render('admin/dashboard', [], true)
 6 APPPATH\Controllers\Admin_Login.php(51): view('admin/dashboard')
 7 SYSTEMPATH\CodeIgniter.php(927): App\Controllers\Admin_Login->login()
 8 SYSTEMPATH\CodeIgniter.php(482): CodeIgniter\CodeIgniter->runController(Object(App\Controllers\Admin_Login))
 9 SYSTEMPATH\CodeIgniter.php(351): CodeIgniter\CodeIgniter->handleRequest(null, Object(Config\Cache), false)
10 FCPATH\index.php(67): CodeIgniter\CodeIgniter->run()
CRITICAL - 2022-11-02 23:31:19 --> Undefined variable $title
in APPPATH\Views\admin\includes\head.php on line 8.
 1 APPPATH\Views\admin\includes\head.php(8): CodeIgniter\Debug\Exceptions->errorHandler(2, 'Undefined variable $title', 'APPPATH\\Views\\admin\\includes\\head.php', 8)
 2 APPPATH\Views\admin\dashboard.php(2): include('APPPATH\\Views\\admin\\includes\\head.php')
 3 SYSTEMPATH\View\View.php(213): include('APPPATH\\Views\\admin\\dashboard.php')
 4 SYSTEMPATH\View\View.php(216): CodeIgniter\View\View->CodeIgniter\View\{closure}()
 5 SYSTEMPATH\Common.php(1134): CodeIgniter\View\View->render('admin/dashboard', [], true)
 6 APPPATH\Controllers\Admin_Login.php(51): view('admin/dashboard')
 7 SYSTEMPATH\CodeIgniter.php(927): App\Controllers\Admin_Login->login()
 8 SYSTEMPATH\CodeIgniter.php(482): CodeIgniter\CodeIgniter->runController(Object(App\Controllers\Admin_Login))
 9 SYSTEMPATH\CodeIgniter.php(351): CodeIgniter\CodeIgniter->handleRequest(null, Object(Config\Cache), false)
10 FCPATH\index.php(67): CodeIgniter\CodeIgniter->run()
CRITICAL - 2022-11-02 23:32:22 --> Undefined variable $title
in APPPATH\Views\admin\includes\head.php on line 8.
 1 APPPATH\Views\admin\includes\head.php(8): CodeIgniter\Debug\Exceptions->errorHandler(2, 'Undefined variable $title', 'APPPATH\\Views\\admin\\includes\\head.php', 8)
 2 APPPATH\Views\admin\dashboard.php(2): include('APPPATH\\Views\\admin\\includes\\head.php')
 3 SYSTEMPATH\View\View.php(213): include('APPPATH\\Views\\admin\\dashboard.php')
 4 SYSTEMPATH\View\View.php(216): CodeIgniter\View\View->CodeIgniter\View\{closure}()
 5 SYSTEMPATH\Common.php(1134): CodeIgniter\View\View->render('admin/dashboard', [], true)
 6 APPPATH\Controllers\Admin_Login.php(52): view('admin/dashboard')
 7 SYSTEMPATH\CodeIgniter.php(927): App\Controllers\Admin_Login->login()
 8 SYSTEMPATH\CodeIgniter.php(482): CodeIgniter\CodeIgniter->runController(Object(App\Controllers\Admin_Login))
 9 SYSTEMPATH\CodeIgniter.php(351): CodeIgniter\CodeIgniter->handleRequest(null, Object(Config\Cache), false)
10 FCPATH\index.php(67): CodeIgniter\CodeIgniter->run()
CRITICAL - 2022-11-02 23:32:31 --> Undefined variable $title
in APPPATH\Views\admin\includes\head.php on line 8.
 1 APPPATH\Views\admin\includes\head.php(8): CodeIgniter\Debug\Exceptions->errorHandler(2, 'Undefined variable $title', 'APPPATH\\Views\\admin\\includes\\head.php', 8)
 2 APPPATH\Views\admin\dashboard.php(2): include('APPPATH\\Views\\admin\\includes\\head.php')
 3 SYSTEMPATH\View\View.php(213): include('APPPATH\\Views\\admin\\dashboard.php')
 4 SYSTEMPATH\View\View.php(216): CodeIgniter\View\View->CodeIgniter\View\{closure}()
 5 SYSTEMPATH\Common.php(1134): CodeIgniter\View\View->render('admin/dashboard', [], true)
 6 APPPATH\Controllers\Admin_Login.php(52): view('admin/dashboard')
 7 SYSTEMPATH\CodeIgniter.php(927): App\Controllers\Admin_Login->login()
 8 SYSTEMPATH\CodeIgniter.php(482): CodeIgniter\CodeIgniter->runController(Object(App\Controllers\Admin_Login))
 9 SYSTEMPATH\CodeIgniter.php(351): CodeIgniter\CodeIgniter->handleRequest(null, Object(Config\Cache), false)
10 FCPATH\index.php(67): CodeIgniter\CodeIgniter->run()
CRITICAL - 2022-11-02 23:32:31 --> Undefined variable $title
in APPPATH\Views\admin\includes\head.php on line 8.
 1 APPPATH\Views\admin\includes\head.php(8): CodeIgniter\Debug\Exceptions->errorHandler(2, 'Undefined variable $title', 'APPPATH\\Views\\admin\\includes\\head.php', 8)
 2 APPPATH\Views\admin\dashboard.php(2): include('APPPATH\\Views\\admin\\includes\\head.php')
 3 SYSTEMPATH\View\View.php(213): include('APPPATH\\Views\\admin\\dashboard.php')
 4 SYSTEMPATH\View\View.php(216): CodeIgniter\View\View->CodeIgniter\View\{closure}()
 5 SYSTEMPATH\Common.php(1134): CodeIgniter\View\View->render('admin/dashboard', [], true)
 6 APPPATH\Controllers\Admin_Login.php(52): view('admin/dashboard')
 7 SYSTEMPATH\CodeIgniter.php(927): App\Controllers\Admin_Login->login()
 8 SYSTEMPATH\CodeIgniter.php(482): CodeIgniter\CodeIgniter->runController(Object(App\Controllers\Admin_Login))
 9 SYSTEMPATH\CodeIgniter.php(351): CodeIgniter\CodeIgniter->handleRequest(null, Object(Config\Cache), false)
10 FCPATH\index.php(67): CodeIgniter\CodeIgniter->run()
CRITICAL - 2022-11-02 23:45:18 --> Trying to access array offset on value of type null
in APPPATH\Controllers\Admin_Login.php on line 47.
 1 APPPATH\Controllers\Admin_Login.php(47): CodeIgniter\Debug\Exceptions->errorHandler(2, 'Trying to access array offset on value of type null', 'APPPATH\\Controllers\\Admin_Login.php', 47)
 2 SYSTEMPATH\CodeIgniter.php(927): App\Controllers\Admin_Login->login()
 3 SYSTEMPATH\CodeIgniter.php(482): CodeIgniter\CodeIgniter->runController(Object(App\Controllers\Admin_Login))
 4 SYSTEMPATH\CodeIgniter.php(351): CodeIgniter\CodeIgniter->handleRequest(null, Object(Config\Cache), false)
 5 FCPATH\index.php(67): CodeIgniter\CodeIgniter->run()
