CRITICAL - 2022-12-20 09:07:35 --> Trying to access array offset on value of type null
in APPPATH\Views\panel\user\profile.php on line 34.
 1 APPPATH\Views\panel\user\profile.php(34): CodeIgniter\Debug\Exceptions->errorHandler(2, 'Trying to access array offset on value of type null', 'APPPATH\\Views\\panel\\user\\profile.php', 34)
 2 SYSTEMPATH\View\View.php(213): include('APPPATH\\Views\\panel\\user\\profile.php')
 3 SYSTEMPATH\View\View.php(216): CodeIgniter\View\View->CodeIgniter\View\{closure}()
 4 SYSTEMPATH\Common.php(1134): CodeIgniter\View\View->render('panel/user/profile', [], true)
 5 APPPATH\Controllers\User_Profile_Controller.php(15): view('panel/user/profile', [...])
 6 SYSTEMPATH\CodeIgniter.php(927): App\Controllers\User_Profile_Controller->index()
 7 SYSTEMPATH\CodeIgniter.php(482): CodeIgniter\CodeIgniter->runController(Object(App\Controllers\User_Profile_Controller))
 8 SYSTEMPATH\CodeIgniter.php(351): CodeIgniter\CodeIgniter->handleRequest(null, Object(Config\Cache), false)
 9 FCPATH\index.php(67): CodeIgniter\CodeIgniter->run()
CRITICAL - 2022-12-20 09:07:36 --> Trying to access array offset on value of type null
in APPPATH\Views\panel\user\profile.php on line 34.
 1 APPPATH\Views\panel\user\profile.php(34): CodeIgniter\Debug\Exceptions->errorHandler(2, 'Trying to access array offset on value of type null', 'APPPATH\\Views\\panel\\user\\profile.php', 34)
 2 SYSTEMPATH\View\View.php(213): include('APPPATH\\Views\\panel\\user\\profile.php')
 3 SYSTEMPATH\View\View.php(216): CodeIgniter\View\View->CodeIgniter\View\{closure}()
 4 SYSTEMPATH\Common.php(1134): CodeIgniter\View\View->render('panel/user/profile', [], true)
 5 APPPATH\Controllers\User_Profile_Controller.php(15): view('panel/user/profile', [...])
 6 SYSTEMPATH\CodeIgniter.php(927): App\Controllers\User_Profile_Controller->index()
 7 SYSTEMPATH\CodeIgniter.php(482): CodeIgniter\CodeIgniter->runController(Object(App\Controllers\User_Profile_Controller))
 8 SYSTEMPATH\CodeIgniter.php(351): CodeIgniter\CodeIgniter->handleRequest(null, Object(Config\Cache), false)
 9 FCPATH\index.php(67): CodeIgniter\CodeIgniter->run()
CRITICAL - 2022-12-20 09:07:36 --> Trying to access array offset on value of type null
in APPPATH\Views\panel\user\profile.php on line 34.
 1 APPPATH\Views\panel\user\profile.php(34): CodeIgniter\Debug\Exceptions->errorHandler(2, 'Trying to access array offset on value of type null', 'APPPATH\\Views\\panel\\user\\profile.php', 34)
 2 SYSTEMPATH\View\View.php(213): include('APPPATH\\Views\\panel\\user\\profile.php')
 3 SYSTEMPATH\View\View.php(216): CodeIgniter\View\View->CodeIgniter\View\{closure}()
 4 SYSTEMPATH\Common.php(1134): CodeIgniter\View\View->render('panel/user/profile', [], true)
 5 APPPATH\Controllers\User_Profile_Controller.php(15): view('panel/user/profile', [...])
 6 SYSTEMPATH\CodeIgniter.php(927): App\Controllers\User_Profile_Controller->index()
 7 SYSTEMPATH\CodeIgniter.php(482): CodeIgniter\CodeIgniter->runController(Object(App\Controllers\User_Profile_Controller))
 8 SYSTEMPATH\CodeIgniter.php(351): CodeIgniter\CodeIgniter->handleRequest(null, Object(Config\Cache), false)
 9 FCPATH\index.php(67): CodeIgniter\CodeIgniter->run()
CRITICAL - 2022-12-20 11:31:00 --> Undefined variable $vote
in APPPATH\Views\panel\user\single_voting.php on line 98.
 1 APPPATH\Views\panel\user\single_voting.php(98): CodeIgniter\Debug\Exceptions->errorHandler(2, 'Undefined variable $vote', 'APPPATH\\Views\\panel\\user\\single_voting.php', 98)
 2 SYSTEMPATH\View\View.php(213): include('APPPATH\\Views\\panel\\user\\single_voting.php')
 3 SYSTEMPATH\View\View.php(216): CodeIgniter\View\View->CodeIgniter\View\{closure}()
 4 SYSTEMPATH\Common.php(1134): CodeIgniter\View\View->render('panel/user/single_voting', [], true)
 5 APPPATH\Controllers\Groups_Controller.php(241): view('panel/user/single_voting', [...])
 6 SYSTEMPATH\CodeIgniter.php(927): App\Controllers\Groups_Controller->single_room('13')
 7 SYSTEMPATH\CodeIgniter.php(482): CodeIgniter\CodeIgniter->runController(Object(App\Controllers\Groups_Controller))
 8 SYSTEMPATH\CodeIgniter.php(351): CodeIgniter\CodeIgniter->handleRequest(null, Object(Config\Cache), false)
 9 FCPATH\index.php(67): CodeIgniter\CodeIgniter->run()
CRITICAL - 2022-12-20 11:31:00 --> Undefined variable $vote
in APPPATH\Views\panel\user\single_voting.php on line 98.
 1 APPPATH\Views\panel\user\single_voting.php(98): CodeIgniter\Debug\Exceptions->errorHandler(2, 'Undefined variable $vote', 'APPPATH\\Views\\panel\\user\\single_voting.php', 98)
 2 SYSTEMPATH\View\View.php(213): include('APPPATH\\Views\\panel\\user\\single_voting.php')
 3 SYSTEMPATH\View\View.php(216): CodeIgniter\View\View->CodeIgniter\View\{closure}()
 4 SYSTEMPATH\Common.php(1134): CodeIgniter\View\View->render('panel/user/single_voting', [], true)
 5 APPPATH\Controllers\Groups_Controller.php(241): view('panel/user/single_voting', [...])
 6 SYSTEMPATH\CodeIgniter.php(927): App\Controllers\Groups_Controller->single_room('13')
 7 SYSTEMPATH\CodeIgniter.php(482): CodeIgniter\CodeIgniter->runController(Object(App\Controllers\Groups_Controller))
 8 SYSTEMPATH\CodeIgniter.php(351): CodeIgniter\CodeIgniter->handleRequest(null, Object(Config\Cache), false)
 9 FCPATH\index.php(67): CodeIgniter\CodeIgniter->run()
CRITICAL - 2022-12-20 11:31:00 --> Undefined variable $vote
in APPPATH\Views\panel\user\single_voting.php on line 98.
 1 APPPATH\Views\panel\user\single_voting.php(98): CodeIgniter\Debug\Exceptions->errorHandler(2, 'Undefined variable $vote', 'APPPATH\\Views\\panel\\user\\single_voting.php', 98)
 2 SYSTEMPATH\View\View.php(213): include('APPPATH\\Views\\panel\\user\\single_voting.php')
 3 SYSTEMPATH\View\View.php(216): CodeIgniter\View\View->CodeIgniter\View\{closure}()
 4 SYSTEMPATH\Common.php(1134): CodeIgniter\View\View->render('panel/user/single_voting', [], true)
 5 APPPATH\Controllers\Groups_Controller.php(241): view('panel/user/single_voting', [...])
 6 SYSTEMPATH\CodeIgniter.php(927): App\Controllers\Groups_Controller->single_room('13')
 7 SYSTEMPATH\CodeIgniter.php(482): CodeIgniter\CodeIgniter->runController(Object(App\Controllers\Groups_Controller))
 8 SYSTEMPATH\CodeIgniter.php(351): CodeIgniter\CodeIgniter->handleRequest(null, Object(Config\Cache), false)
 9 FCPATH\index.php(67): CodeIgniter\CodeIgniter->run()
CRITICAL - 2022-12-20 11:31:15 --> Undefined variable $vote
in APPPATH\Views\panel\user\single_voting.php on line 98.
 1 APPPATH\Views\panel\user\single_voting.php(98): CodeIgniter\Debug\Exceptions->errorHandler(2, 'Undefined variable $vote', 'APPPATH\\Views\\panel\\user\\single_voting.php', 98)
 2 SYSTEMPATH\View\View.php(213): include('APPPATH\\Views\\panel\\user\\single_voting.php')
 3 SYSTEMPATH\View\View.php(216): CodeIgniter\View\View->CodeIgniter\View\{closure}()
 4 SYSTEMPATH\Common.php(1134): CodeIgniter\View\View->render('panel/user/single_voting', [], true)
 5 APPPATH\Controllers\Groups_Controller.php(241): view('panel/user/single_voting', [...])
 6 SYSTEMPATH\CodeIgniter.php(927): App\Controllers\Groups_Controller->single_room('13')
 7 SYSTEMPATH\CodeIgniter.php(482): CodeIgniter\CodeIgniter->runController(Object(App\Controllers\Groups_Controller))
 8 SYSTEMPATH\CodeIgniter.php(351): CodeIgniter\CodeIgniter->handleRequest(null, Object(Config\Cache), false)
 9 FCPATH\index.php(67): CodeIgniter\CodeIgniter->run()
CRITICAL - 2022-12-20 11:31:15 --> Undefined variable $vote
in APPPATH\Views\panel\user\single_voting.php on line 98.
 1 APPPATH\Views\panel\user\single_voting.php(98): CodeIgniter\Debug\Exceptions->errorHandler(2, 'Undefined variable $vote', 'APPPATH\\Views\\panel\\user\\single_voting.php', 98)
 2 SYSTEMPATH\View\View.php(213): include('APPPATH\\Views\\panel\\user\\single_voting.php')
 3 SYSTEMPATH\View\View.php(216): CodeIgniter\View\View->CodeIgniter\View\{closure}()
 4 SYSTEMPATH\Common.php(1134): CodeIgniter\View\View->render('panel/user/single_voting', [], true)
 5 APPPATH\Controllers\Groups_Controller.php(241): view('panel/user/single_voting', [...])
 6 SYSTEMPATH\CodeIgniter.php(927): App\Controllers\Groups_Controller->single_room('13')
 7 SYSTEMPATH\CodeIgniter.php(482): CodeIgniter\CodeIgniter->runController(Object(App\Controllers\Groups_Controller))
 8 SYSTEMPATH\CodeIgniter.php(351): CodeIgniter\CodeIgniter->handleRequest(null, Object(Config\Cache), false)
 9 FCPATH\index.php(67): CodeIgniter\CodeIgniter->run()
CRITICAL - 2022-12-20 11:31:16 --> Undefined variable $vote
in APPPATH\Views\panel\user\single_voting.php on line 98.
 1 APPPATH\Views\panel\user\single_voting.php(98): CodeIgniter\Debug\Exceptions->errorHandler(2, 'Undefined variable $vote', 'APPPATH\\Views\\panel\\user\\single_voting.php', 98)
 2 SYSTEMPATH\View\View.php(213): include('APPPATH\\Views\\panel\\user\\single_voting.php')
 3 SYSTEMPATH\View\View.php(216): CodeIgniter\View\View->CodeIgniter\View\{closure}()
 4 SYSTEMPATH\Common.php(1134): CodeIgniter\View\View->render('panel/user/single_voting', [], true)
 5 APPPATH\Controllers\Groups_Controller.php(241): view('panel/user/single_voting', [...])
 6 SYSTEMPATH\CodeIgniter.php(927): App\Controllers\Groups_Controller->single_room('13')
 7 SYSTEMPATH\CodeIgniter.php(482): CodeIgniter\CodeIgniter->runController(Object(App\Controllers\Groups_Controller))
 8 SYSTEMPATH\CodeIgniter.php(351): CodeIgniter\CodeIgniter->handleRequest(null, Object(Config\Cache), false)
 9 FCPATH\index.php(67): CodeIgniter\CodeIgniter->run()
