CRITICAL - 2022-12-19 11:35:11 --> Undefined variable $v
in APPPATH\Views\panel\user\single_voting.php on line 122.
 1 APPPATH\Views\panel\user\single_voting.php(122): CodeIgniter\Debug\Exceptions->errorHandler(2, 'Undefined variable $v', 'APPPATH\\Views\\panel\\user\\single_voting.php', 122)
 2 SYSTEMPATH\View\View.php(213): include('APPPATH\\Views\\panel\\user\\single_voting.php')
 3 SYSTEMPATH\View\View.php(216): CodeIgniter\View\View->CodeIgniter\View\{closure}()
 4 SYSTEMPATH\Common.php(1134): CodeIgniter\View\View->render('panel/user/single_voting', [], true)
 5 APPPATH\Controllers\Groups_Controller.php(235): view('panel/user/single_voting', [...])
 6 SYSTEMPATH\CodeIgniter.php(927): App\Controllers\Groups_Controller->single_room('13')
 7 SYSTEMPATH\CodeIgniter.php(482): CodeIgniter\CodeIgniter->runController(Object(App\Controllers\Groups_Controller))
 8 SYSTEMPATH\CodeIgniter.php(351): CodeIgniter\CodeIgniter->handleRequest(null, Object(Config\Cache), false)
 9 FCPATH\index.php(67): CodeIgniter\CodeIgniter->run()
CRITICAL - 2022-12-19 11:35:12 --> Undefined variable $v
in APPPATH\Views\panel\user\single_voting.php on line 122.
 1 APPPATH\Views\panel\user\single_voting.php(122): CodeIgniter\Debug\Exceptions->errorHandler(2, 'Undefined variable $v', 'APPPATH\\Views\\panel\\user\\single_voting.php', 122)
 2 SYSTEMPATH\View\View.php(213): include('APPPATH\\Views\\panel\\user\\single_voting.php')
 3 SYSTEMPATH\View\View.php(216): CodeIgniter\View\View->CodeIgniter\View\{closure}()
 4 SYSTEMPATH\Common.php(1134): CodeIgniter\View\View->render('panel/user/single_voting', [], true)
 5 APPPATH\Controllers\Groups_Controller.php(235): view('panel/user/single_voting', [...])
 6 SYSTEMPATH\CodeIgniter.php(927): App\Controllers\Groups_Controller->single_room('13')
 7 SYSTEMPATH\CodeIgniter.php(482): CodeIgniter\CodeIgniter->runController(Object(App\Controllers\Groups_Controller))
 8 SYSTEMPATH\CodeIgniter.php(351): CodeIgniter\CodeIgniter->handleRequest(null, Object(Config\Cache), false)
 9 FCPATH\index.php(67): CodeIgniter\CodeIgniter->run()
CRITICAL - 2022-12-19 11:35:12 --> Undefined variable $v
in APPPATH\Views\panel\user\single_voting.php on line 122.
 1 APPPATH\Views\panel\user\single_voting.php(122): CodeIgniter\Debug\Exceptions->errorHandler(2, 'Undefined variable $v', 'APPPATH\\Views\\panel\\user\\single_voting.php', 122)
 2 SYSTEMPATH\View\View.php(213): include('APPPATH\\Views\\panel\\user\\single_voting.php')
 3 SYSTEMPATH\View\View.php(216): CodeIgniter\View\View->CodeIgniter\View\{closure}()
 4 SYSTEMPATH\Common.php(1134): CodeIgniter\View\View->render('panel/user/single_voting', [], true)
 5 APPPATH\Controllers\Groups_Controller.php(235): view('panel/user/single_voting', [...])
 6 SYSTEMPATH\CodeIgniter.php(927): App\Controllers\Groups_Controller->single_room('13')
 7 SYSTEMPATH\CodeIgniter.php(482): CodeIgniter\CodeIgniter->runController(Object(App\Controllers\Groups_Controller))
 8 SYSTEMPATH\CodeIgniter.php(351): CodeIgniter\CodeIgniter->handleRequest(null, Object(Config\Cache), false)
 9 FCPATH\index.php(67): CodeIgniter\CodeIgniter->run()
CRITICAL - 2022-12-19 11:35:34 --> Undefined variable $v
in APPPATH\Views\panel\user\single_voting.php on line 122.
 1 APPPATH\Views\panel\user\single_voting.php(122): CodeIgniter\Debug\Exceptions->errorHandler(2, 'Undefined variable $v', 'APPPATH\\Views\\panel\\user\\single_voting.php', 122)
 2 SYSTEMPATH\View\View.php(213): include('APPPATH\\Views\\panel\\user\\single_voting.php')
 3 SYSTEMPATH\View\View.php(216): CodeIgniter\View\View->CodeIgniter\View\{closure}()
 4 SYSTEMPATH\Common.php(1134): CodeIgniter\View\View->render('panel/user/single_voting', [], true)
 5 APPPATH\Controllers\Groups_Controller.php(235): view('panel/user/single_voting', [...])
 6 SYSTEMPATH\CodeIgniter.php(927): App\Controllers\Groups_Controller->single_room('13')
 7 SYSTEMPATH\CodeIgniter.php(482): CodeIgniter\CodeIgniter->runController(Object(App\Controllers\Groups_Controller))
 8 SYSTEMPATH\CodeIgniter.php(351): CodeIgniter\CodeIgniter->handleRequest(null, Object(Config\Cache), false)
 9 FCPATH\index.php(67): CodeIgniter\CodeIgniter->run()
CRITICAL - 2022-12-19 11:35:34 --> Undefined variable $v
in APPPATH\Views\panel\user\single_voting.php on line 122.
 1 APPPATH\Views\panel\user\single_voting.php(122): CodeIgniter\Debug\Exceptions->errorHandler(2, 'Undefined variable $v', 'APPPATH\\Views\\panel\\user\\single_voting.php', 122)
 2 SYSTEMPATH\View\View.php(213): include('APPPATH\\Views\\panel\\user\\single_voting.php')
 3 SYSTEMPATH\View\View.php(216): CodeIgniter\View\View->CodeIgniter\View\{closure}()
 4 SYSTEMPATH\Common.php(1134): CodeIgniter\View\View->render('panel/user/single_voting', [], true)
 5 APPPATH\Controllers\Groups_Controller.php(235): view('panel/user/single_voting', [...])
 6 SYSTEMPATH\CodeIgniter.php(927): App\Controllers\Groups_Controller->single_room('13')
 7 SYSTEMPATH\CodeIgniter.php(482): CodeIgniter\CodeIgniter->runController(Object(App\Controllers\Groups_Controller))
 8 SYSTEMPATH\CodeIgniter.php(351): CodeIgniter\CodeIgniter->handleRequest(null, Object(Config\Cache), false)
 9 FCPATH\index.php(67): CodeIgniter\CodeIgniter->run()
CRITICAL - 2022-12-19 11:35:34 --> Undefined variable $v
in APPPATH\Views\panel\user\single_voting.php on line 122.
 1 APPPATH\Views\panel\user\single_voting.php(122): CodeIgniter\Debug\Exceptions->errorHandler(2, 'Undefined variable $v', 'APPPATH\\Views\\panel\\user\\single_voting.php', 122)
 2 SYSTEMPATH\View\View.php(213): include('APPPATH\\Views\\panel\\user\\single_voting.php')
 3 SYSTEMPATH\View\View.php(216): CodeIgniter\View\View->CodeIgniter\View\{closure}()
 4 SYSTEMPATH\Common.php(1134): CodeIgniter\View\View->render('panel/user/single_voting', [], true)
 5 APPPATH\Controllers\Groups_Controller.php(235): view('panel/user/single_voting', [...])
 6 SYSTEMPATH\CodeIgniter.php(927): App\Controllers\Groups_Controller->single_room('13')
 7 SYSTEMPATH\CodeIgniter.php(482): CodeIgniter\CodeIgniter->runController(Object(App\Controllers\Groups_Controller))
 8 SYSTEMPATH\CodeIgniter.php(351): CodeIgniter\CodeIgniter->handleRequest(null, Object(Config\Cache), false)
 9 FCPATH\index.php(67): CodeIgniter\CodeIgniter->run()
CRITICAL - 2022-12-19 23:05:04 --> Trying to access array offset on value of type null
in APPPATH\Views\panel\user\single_voting.php on line 40.
 1 APPPATH\Views\panel\user\single_voting.php(40): CodeIgniter\Debug\Exceptions->errorHandler(2, 'Trying to access array offset on value of type null', 'APPPATH\\Views\\panel\\user\\single_voting.php', 40)
 2 SYSTEMPATH\View\View.php(213): include('APPPATH\\Views\\panel\\user\\single_voting.php')
 3 SYSTEMPATH\View\View.php(216): CodeIgniter\View\View->CodeIgniter\View\{closure}()
 4 SYSTEMPATH\Common.php(1134): CodeIgniter\View\View->render('panel/user/single_voting', [], true)
 5 APPPATH\Controllers\Groups_Controller.php(235): view('panel/user/single_voting', [...])
 6 SYSTEMPATH\CodeIgniter.php(927): App\Controllers\Groups_Controller->single_room('13')
 7 SYSTEMPATH\CodeIgniter.php(482): CodeIgniter\CodeIgniter->runController(Object(App\Controllers\Groups_Controller))
 8 SYSTEMPATH\CodeIgniter.php(351): CodeIgniter\CodeIgniter->handleRequest(null, Object(Config\Cache), false)
 9 FCPATH\index.php(67): CodeIgniter\CodeIgniter->run()
CRITICAL - 2022-12-19 23:05:04 --> Trying to access array offset on value of type null
in APPPATH\Views\panel\user\single_voting.php on line 40.
 1 APPPATH\Views\panel\user\single_voting.php(40): CodeIgniter\Debug\Exceptions->errorHandler(2, 'Trying to access array offset on value of type null', 'APPPATH\\Views\\panel\\user\\single_voting.php', 40)
 2 SYSTEMPATH\View\View.php(213): include('APPPATH\\Views\\panel\\user\\single_voting.php')
 3 SYSTEMPATH\View\View.php(216): CodeIgniter\View\View->CodeIgniter\View\{closure}()
 4 SYSTEMPATH\Common.php(1134): CodeIgniter\View\View->render('panel/user/single_voting', [], true)
 5 APPPATH\Controllers\Groups_Controller.php(235): view('panel/user/single_voting', [...])
 6 SYSTEMPATH\CodeIgniter.php(927): App\Controllers\Groups_Controller->single_room('13')
 7 SYSTEMPATH\CodeIgniter.php(482): CodeIgniter\CodeIgniter->runController(Object(App\Controllers\Groups_Controller))
 8 SYSTEMPATH\CodeIgniter.php(351): CodeIgniter\CodeIgniter->handleRequest(null, Object(Config\Cache), false)
 9 FCPATH\index.php(67): CodeIgniter\CodeIgniter->run()
CRITICAL - 2022-12-19 23:05:04 --> Trying to access array offset on value of type null
in APPPATH\Views\panel\user\single_voting.php on line 40.
 1 APPPATH\Views\panel\user\single_voting.php(40): CodeIgniter\Debug\Exceptions->errorHandler(2, 'Trying to access array offset on value of type null', 'APPPATH\\Views\\panel\\user\\single_voting.php', 40)
 2 SYSTEMPATH\View\View.php(213): include('APPPATH\\Views\\panel\\user\\single_voting.php')
 3 SYSTEMPATH\View\View.php(216): CodeIgniter\View\View->CodeIgniter\View\{closure}()
 4 SYSTEMPATH\Common.php(1134): CodeIgniter\View\View->render('panel/user/single_voting', [], true)
 5 APPPATH\Controllers\Groups_Controller.php(235): view('panel/user/single_voting', [...])
 6 SYSTEMPATH\CodeIgniter.php(927): App\Controllers\Groups_Controller->single_room('13')
 7 SYSTEMPATH\CodeIgniter.php(482): CodeIgniter\CodeIgniter->runController(Object(App\Controllers\Groups_Controller))
 8 SYSTEMPATH\CodeIgniter.php(351): CodeIgniter\CodeIgniter->handleRequest(null, Object(Config\Cache), false)
 9 FCPATH\index.php(67): CodeIgniter\CodeIgniter->run()
