CRITICAL - 2022-11-22 00:00:03 --> syntax error, unexpected token ")", expecting variable
in APPPATH\Controllers\Groups_Controller.php on line 55.
 1 SYSTEMPATH\Autoloader\Autoloader.php(259): CodeIgniter\Autoloader\Autoloader->includeFile('APPPATH\\Controllers\\Groups_Controller.php')
 2 SYSTEMPATH\Autoloader\Autoloader.php(237): CodeIgniter\Autoloader\Autoloader->loadInNamespace('App\\Controllers\\Groups_Controller')
 3 [internal function]: CodeIgniter\Autoloader\Autoloader->loadClass('App\\Controllers\\Groups_Controller')
 4 SYSTEMPATH\CodeIgniter.php(877): class_exists('\\App\\Controllers\\Groups_Controller', true)
 5 SYSTEMPATH\CodeIgniter.php(469): CodeIgniter\CodeIgniter->startController()
 6 SYSTEMPATH\CodeIgniter.php(351): CodeIgniter\CodeIgniter->handleRequest(null, Object(Config\Cache), false)
 7 FCPATH\index.php(67): CodeIgniter\CodeIgniter->run()
CRITICAL - 2022-11-22 00:03:14 --> syntax error, unexpected token ")", expecting variable
in APPPATH\Controllers\Groups_Controller.php on line 55.
 1 SYSTEMPATH\Autoloader\Autoloader.php(259): CodeIgniter\Autoloader\Autoloader->includeFile('APPPATH\\Controllers\\Groups_Controller.php')
 2 SYSTEMPATH\Autoloader\Autoloader.php(237): CodeIgniter\Autoloader\Autoloader->loadInNamespace('App\\Controllers\\Groups_Controller')
 3 [internal function]: CodeIgniter\Autoloader\Autoloader->loadClass('App\\Controllers\\Groups_Controller')
 4 SYSTEMPATH\CodeIgniter.php(877): class_exists('\\App\\Controllers\\Groups_Controller', true)
 5 SYSTEMPATH\CodeIgniter.php(469): CodeIgniter\CodeIgniter->startController()
 6 SYSTEMPATH\CodeIgniter.php(351): CodeIgniter\CodeIgniter->handleRequest(null, Object(Config\Cache), false)
 7 FCPATH\index.php(67): CodeIgniter\CodeIgniter->run()
CRITICAL - 2022-11-22 00:04:51 --> syntax error, unexpected token ")", expecting variable
in APPPATH\Controllers\Groups_Controller.php on line 55.
 1 SYSTEMPATH\Autoloader\Autoloader.php(259): CodeIgniter\Autoloader\Autoloader->includeFile('APPPATH\\Controllers\\Groups_Controller.php')
 2 SYSTEMPATH\Autoloader\Autoloader.php(237): CodeIgniter\Autoloader\Autoloader->loadInNamespace('App\\Controllers\\Groups_Controller')
 3 [internal function]: CodeIgniter\Autoloader\Autoloader->loadClass('App\\Controllers\\Groups_Controller')
 4 SYSTEMPATH\CodeIgniter.php(877): class_exists('\\App\\Controllers\\Groups_Controller', true)
 5 SYSTEMPATH\CodeIgniter.php(469): CodeIgniter\CodeIgniter->startController()
 6 SYSTEMPATH\CodeIgniter.php(351): CodeIgniter\CodeIgniter->handleRequest(null, Object(Config\Cache), false)
 7 FCPATH\index.php(67): CodeIgniter\CodeIgniter->run()
CRITICAL - 2022-11-22 00:05:12 --> syntax error, unexpected token ")", expecting variable
in APPPATH\Controllers\Groups_Controller.php on line 55.
 1 SYSTEMPATH\Autoloader\Autoloader.php(259): CodeIgniter\Autoloader\Autoloader->includeFile('APPPATH\\Controllers\\Groups_Controller.php')
 2 SYSTEMPATH\Autoloader\Autoloader.php(237): CodeIgniter\Autoloader\Autoloader->loadInNamespace('App\\Controllers\\Groups_Controller')
 3 [internal function]: CodeIgniter\Autoloader\Autoloader->loadClass('App\\Controllers\\Groups_Controller')
 4 SYSTEMPATH\CodeIgniter.php(877): class_exists('\\App\\Controllers\\Groups_Controller', true)
 5 SYSTEMPATH\CodeIgniter.php(469): CodeIgniter\CodeIgniter->startController()
 6 SYSTEMPATH\CodeIgniter.php(351): CodeIgniter\CodeIgniter->handleRequest(null, Object(Config\Cache), false)
 7 FCPATH\index.php(67): CodeIgniter\CodeIgniter->run()
CRITICAL - 2022-11-22 00:05:28 --> syntax error, unexpected token ")", expecting variable
in APPPATH\Controllers\Groups_Controller.php on line 55.
 1 SYSTEMPATH\Autoloader\Autoloader.php(259): CodeIgniter\Autoloader\Autoloader->includeFile('APPPATH\\Controllers\\Groups_Controller.php')
 2 SYSTEMPATH\Autoloader\Autoloader.php(237): CodeIgniter\Autoloader\Autoloader->loadInNamespace('App\\Controllers\\Groups_Controller')
 3 [internal function]: CodeIgniter\Autoloader\Autoloader->loadClass('App\\Controllers\\Groups_Controller')
 4 SYSTEMPATH\CodeIgniter.php(877): class_exists('\\App\\Controllers\\Groups_Controller', true)
 5 SYSTEMPATH\CodeIgniter.php(469): CodeIgniter\CodeIgniter->startController()
 6 SYSTEMPATH\CodeIgniter.php(351): CodeIgniter\CodeIgniter->handleRequest(null, Object(Config\Cache), false)
 7 FCPATH\index.php(67): CodeIgniter\CodeIgniter->run()
CRITICAL - 2022-11-22 00:05:35 --> syntax error, unexpected token ")", expecting variable
in APPPATH\Controllers\Groups_Controller.php on line 55.
 1 SYSTEMPATH\Autoloader\Autoloader.php(259): CodeIgniter\Autoloader\Autoloader->includeFile('APPPATH\\Controllers\\Groups_Controller.php')
 2 SYSTEMPATH\Autoloader\Autoloader.php(237): CodeIgniter\Autoloader\Autoloader->loadInNamespace('App\\Controllers\\Groups_Controller')
 3 [internal function]: CodeIgniter\Autoloader\Autoloader->loadClass('App\\Controllers\\Groups_Controller')
 4 SYSTEMPATH\CodeIgniter.php(877): class_exists('\\App\\Controllers\\Groups_Controller', true)
 5 SYSTEMPATH\CodeIgniter.php(469): CodeIgniter\CodeIgniter->startController()
 6 SYSTEMPATH\CodeIgniter.php(351): CodeIgniter\CodeIgniter->handleRequest(null, Object(Config\Cache), false)
 7 FCPATH\index.php(67): CodeIgniter\CodeIgniter->run()
CRITICAL - 2022-11-22 00:05:54 --> syntax error, unexpected token ")", expecting variable
in APPPATH\Controllers\Groups_Controller.php on line 55.
 1 SYSTEMPATH\Autoloader\Autoloader.php(259): CodeIgniter\Autoloader\Autoloader->includeFile('APPPATH\\Controllers\\Groups_Controller.php')
 2 SYSTEMPATH\Autoloader\Autoloader.php(237): CodeIgniter\Autoloader\Autoloader->loadInNamespace('App\\Controllers\\Groups_Controller')
 3 [internal function]: CodeIgniter\Autoloader\Autoloader->loadClass('App\\Controllers\\Groups_Controller')
 4 SYSTEMPATH\CodeIgniter.php(877): class_exists('\\App\\Controllers\\Groups_Controller', true)
 5 SYSTEMPATH\CodeIgniter.php(469): CodeIgniter\CodeIgniter->startController()
 6 SYSTEMPATH\CodeIgniter.php(351): CodeIgniter\CodeIgniter->handleRequest(null, Object(Config\Cache), false)
 7 FCPATH\index.php(67): CodeIgniter\CodeIgniter->run()
CRITICAL - 2022-11-22 00:06:18 --> syntax error, unexpected token ")", expecting variable
in APPPATH\Controllers\Groups_Controller.php on line 55.
 1 SYSTEMPATH\Autoloader\Autoloader.php(259): CodeIgniter\Autoloader\Autoloader->includeFile('APPPATH\\Controllers\\Groups_Controller.php')
 2 SYSTEMPATH\Autoloader\Autoloader.php(237): CodeIgniter\Autoloader\Autoloader->loadInNamespace('App\\Controllers\\Groups_Controller')
 3 [internal function]: CodeIgniter\Autoloader\Autoloader->loadClass('App\\Controllers\\Groups_Controller')
 4 SYSTEMPATH\CodeIgniter.php(877): class_exists('\\App\\Controllers\\Groups_Controller', true)
 5 SYSTEMPATH\CodeIgniter.php(469): CodeIgniter\CodeIgniter->startController()
 6 SYSTEMPATH\CodeIgniter.php(351): CodeIgniter\CodeIgniter->handleRequest(null, Object(Config\Cache), false)
 7 FCPATH\index.php(67): CodeIgniter\CodeIgniter->run()
CRITICAL - 2022-11-22 07:57:50 --> Too few arguments to function App\Controllers\Groups_Controller::requests(), 0 passed in C:\xampp\htdocs\Voting-System\vendor\codeigniter4\framework\system\CodeIgniter.php on line 927 and exactly 1 expected
in APPPATH\Controllers\Groups_Controller.php on line 56.
 1 SYSTEMPATH\CodeIgniter.php(927): App\Controllers\Groups_Controller->requests()
 2 SYSTEMPATH\CodeIgniter.php(482): CodeIgniter\CodeIgniter->runController(Object(App\Controllers\Groups_Controller))
 3 SYSTEMPATH\CodeIgniter.php(351): CodeIgniter\CodeIgniter->handleRequest(null, Object(Config\Cache), false)
 4 FCPATH\index.php(67): CodeIgniter\CodeIgniter->run()
CRITICAL - 2022-11-22 07:57:56 --> Too few arguments to function App\Controllers\Groups_Controller::requests(), 0 passed in C:\xampp\htdocs\Voting-System\vendor\codeigniter4\framework\system\CodeIgniter.php on line 927 and exactly 1 expected
in APPPATH\Controllers\Groups_Controller.php on line 56.
 1 SYSTEMPATH\CodeIgniter.php(927): App\Controllers\Groups_Controller->requests()
 2 SYSTEMPATH\CodeIgniter.php(482): CodeIgniter\CodeIgniter->runController(Object(App\Controllers\Groups_Controller))
 3 SYSTEMPATH\CodeIgniter.php(351): CodeIgniter\CodeIgniter->handleRequest(null, Object(Config\Cache), false)
 4 FCPATH\index.php(67): CodeIgniter\CodeIgniter->run()
CRITICAL - 2022-11-22 07:58:00 --> Too few arguments to function App\Controllers\Groups_Controller::requests(), 0 passed in C:\xampp\htdocs\Voting-System\vendor\codeigniter4\framework\system\CodeIgniter.php on line 927 and exactly 1 expected
in APPPATH\Controllers\Groups_Controller.php on line 56.
 1 SYSTEMPATH\CodeIgniter.php(927): App\Controllers\Groups_Controller->requests()
 2 SYSTEMPATH\CodeIgniter.php(482): CodeIgniter\CodeIgniter->runController(Object(App\Controllers\Groups_Controller))
 3 SYSTEMPATH\CodeIgniter.php(351): CodeIgniter\CodeIgniter->handleRequest(null, Object(Config\Cache), false)
 4 FCPATH\index.php(67): CodeIgniter\CodeIgniter->run()
ERROR - 2022-11-22 08:00:53 --> mysqli_sql_exception: Table 'voting.users' doesn't exist in C:\xampp\htdocs\Voting-System\vendor\codeigniter4\framework\system\Database\MySQLi\Connection.php:292
Stack trace:
#0 C:\xampp\htdocs\Voting-System\vendor\codeigniter4\framework\system\Database\MySQLi\Connection.php(292): mysqli->query('SELECT *\nFROM `...', 0)
#1 C:\xampp\htdocs\Voting-System\vendor\codeigniter4\framework\system\Database\BaseConnection.php(666): CodeIgniter\Database\MySQLi\Connection->execute('SELECT *\nFROM `...')
#2 C:\xampp\htdocs\Voting-System\vendor\codeigniter4\framework\system\Database\BaseConnection.php(593): CodeIgniter\Database\BaseConnection->simpleQuery('SELECT *\nFROM `...')
#3 C:\xampp\htdocs\Voting-System\vendor\codeigniter4\framework\system\Database\BaseBuilder.php(1585): CodeIgniter\Database\BaseConnection->query('SELECT *\nFROM `...', Array, false)
#4 C:\xampp\htdocs\Voting-System\vendor\codeigniter4\framework\system\Model.php(223): CodeIgniter\Database\BaseBuilder->get()
#5 C:\xampp\htdocs\Voting-System\vendor\codeigniter4\framework\system\BaseModel.php(585): CodeIgniter\Model->doFindAll(0, 0)
#6 C:\xampp\htdocs\Voting-System\app\Controllers\Groups_Controller.php(67): CodeIgniter\BaseModel->findAll()
#7 C:\xampp\htdocs\Voting-System\vendor\codeigniter4\framework\system\CodeIgniter.php(927): App\Controllers\Groups_Controller->requests('2')
#8 C:\xampp\htdocs\Voting-System\vendor\codeigniter4\framework\system\CodeIgniter.php(482): CodeIgniter\CodeIgniter->runController(Object(App\Controllers\Groups_Controller))
#9 C:\xampp\htdocs\Voting-System\vendor\codeigniter4\framework\system\CodeIgniter.php(351): CodeIgniter\CodeIgniter->handleRequest(NULL, Object(Config\Cache), false)
#10 C:\xampp\htdocs\Voting-System\index.php(67): CodeIgniter\CodeIgniter->run()
#11 {main}
CRITICAL - 2022-11-22 08:00:53 --> Table 'voting.users' doesn't exist
in SYSTEMPATH\Database\MySQLi\Connection.php on line 292.
 1 SYSTEMPATH\Database\MySQLi\Connection.php(292): mysqli->query('SELECT *
FROM `groups`
JOIN `users` ON `groups`.`user_id`=`users`.`user_id`', 0)
 2 SYSTEMPATH\Database\BaseConnection.php(666): CodeIgniter\Database\MySQLi\Connection->execute('SELECT *
FROM `groups`
JOIN `users` ON `groups`.`user_id`=`users`.`user_id`')
 3 SYSTEMPATH\Database\BaseConnection.php(593): CodeIgniter\Database\BaseConnection->simpleQuery('SELECT *
FROM `groups`
JOIN `users` ON `groups`.`user_id`=`users`.`user_id`')
 4 SYSTEMPATH\Database\BaseBuilder.php(1585): CodeIgniter\Database\BaseConnection->query('SELECT *
FROM `groups`
JOIN `users` ON `groups`.`user_id`=`users`.`user_id`', [], false)
 5 SYSTEMPATH\Model.php(223): CodeIgniter\Database\BaseBuilder->get()
 6 SYSTEMPATH\BaseModel.php(585): CodeIgniter\Model->doFindAll(0, 0)
 7 APPPATH\Controllers\Groups_Controller.php(67): CodeIgniter\BaseModel->findAll()
 8 SYSTEMPATH\CodeIgniter.php(927): App\Controllers\Groups_Controller->requests('2')
 9 SYSTEMPATH\CodeIgniter.php(482): CodeIgniter\CodeIgniter->runController(Object(App\Controllers\Groups_Controller))
10 SYSTEMPATH\CodeIgniter.php(351): CodeIgniter\CodeIgniter->handleRequest(null, Object(Config\Cache), false)
11 FCPATH\index.php(67): CodeIgniter\CodeIgniter->run()
CRITICAL - 2022-11-22 12:11:48 --> Undefined variable $groups
in APPPATH\Views\panel\user\requests.php on line 11.
 1 APPPATH\Views\panel\user\requests.php(11): CodeIgniter\Debug\Exceptions->errorHandler(2, 'Undefined variable $groups', 'APPPATH\\Views\\panel\\user\\requests.php', 11)
 2 SYSTEMPATH\View\View.php(213): include('APPPATH\\Views\\panel\\user\\requests.php')
 3 SYSTEMPATH\View\View.php(216): CodeIgniter\View\View->CodeIgniter\View\{closure}()
 4 SYSTEMPATH\Common.php(1134): CodeIgniter\View\View->render('panel/user/requests', [], true)
 5 APPPATH\Controllers\Groups_Controller.php(59): view('panel/user/requests', [...])
 6 SYSTEMPATH\CodeIgniter.php(927): App\Controllers\Groups_Controller->requests_index()
 7 SYSTEMPATH\CodeIgniter.php(482): CodeIgniter\CodeIgniter->runController(Object(App\Controllers\Groups_Controller))
 8 SYSTEMPATH\CodeIgniter.php(351): CodeIgniter\CodeIgniter->handleRequest(null, Object(Config\Cache), false)
 9 FCPATH\index.php(67): CodeIgniter\CodeIgniter->run()
CRITICAL - 2022-11-22 12:15:15 --> Undefined variable $groups
in APPPATH\Views\panel\user\requests.php on line 11.
 1 APPPATH\Views\panel\user\requests.php(11): CodeIgniter\Debug\Exceptions->errorHandler(2, 'Undefined variable $groups', 'APPPATH\\Views\\panel\\user\\requests.php', 11)
 2 SYSTEMPATH\View\View.php(213): include('APPPATH\\Views\\panel\\user\\requests.php')
 3 SYSTEMPATH\View\View.php(216): CodeIgniter\View\View->CodeIgniter\View\{closure}()
 4 SYSTEMPATH\Common.php(1134): CodeIgniter\View\View->render('panel/user/requests', [], true)
 5 APPPATH\Controllers\Groups_Controller.php(59): view('panel/user/requests', [...])
 6 SYSTEMPATH\CodeIgniter.php(927): App\Controllers\Groups_Controller->requests_index()
 7 SYSTEMPATH\CodeIgniter.php(482): CodeIgniter\CodeIgniter->runController(Object(App\Controllers\Groups_Controller))
 8 SYSTEMPATH\CodeIgniter.php(351): CodeIgniter\CodeIgniter->handleRequest(null, Object(Config\Cache), false)
 9 FCPATH\index.php(67): CodeIgniter\CodeIgniter->run()
CRITICAL - 2022-11-22 12:15:16 --> Undefined variable $groups
in APPPATH\Views\panel\user\requests.php on line 11.
 1 APPPATH\Views\panel\user\requests.php(11): CodeIgniter\Debug\Exceptions->errorHandler(2, 'Undefined variable $groups', 'APPPATH\\Views\\panel\\user\\requests.php', 11)
 2 SYSTEMPATH\View\View.php(213): include('APPPATH\\Views\\panel\\user\\requests.php')
 3 SYSTEMPATH\View\View.php(216): CodeIgniter\View\View->CodeIgniter\View\{closure}()
 4 SYSTEMPATH\Common.php(1134): CodeIgniter\View\View->render('panel/user/requests', [], true)
 5 APPPATH\Controllers\Groups_Controller.php(59): view('panel/user/requests', [...])
 6 SYSTEMPATH\CodeIgniter.php(927): App\Controllers\Groups_Controller->requests_index()
 7 SYSTEMPATH\CodeIgniter.php(482): CodeIgniter\CodeIgniter->runController(Object(App\Controllers\Groups_Controller))
 8 SYSTEMPATH\CodeIgniter.php(351): CodeIgniter\CodeIgniter->handleRequest(null, Object(Config\Cache), false)
 9 FCPATH\index.php(67): CodeIgniter\CodeIgniter->run()
CRITICAL - 2022-11-22 12:15:28 --> Array to string conversion
in APPPATH\Controllers\Groups_Controller.php on line 68.
 1 APPPATH\Controllers\Groups_Controller.php(68): CodeIgniter\Debug\Exceptions->errorHandler(2, 'Array to string conversion', 'APPPATH\\Controllers\\Groups_Controller.php', 68)
 2 SYSTEMPATH\CodeIgniter.php(927): App\Controllers\Groups_Controller->requests('3')
 3 SYSTEMPATH\CodeIgniter.php(482): CodeIgniter\CodeIgniter->runController(Object(App\Controllers\Groups_Controller))
 4 SYSTEMPATH\CodeIgniter.php(351): CodeIgniter\CodeIgniter->handleRequest(null, Object(Config\Cache), false)
 5 FCPATH\index.php(67): CodeIgniter\CodeIgniter->run()
CRITICAL - 2022-11-22 12:17:36 --> Array to string conversion
in APPPATH\Controllers\Groups_Controller.php on line 67.
 1 APPPATH\Controllers\Groups_Controller.php(67): CodeIgniter\Debug\Exceptions->errorHandler(2, 'Array to string conversion', 'APPPATH\\Controllers\\Groups_Controller.php', 67)
 2 SYSTEMPATH\CodeIgniter.php(927): App\Controllers\Groups_Controller->requests('3')
 3 SYSTEMPATH\CodeIgniter.php(482): CodeIgniter\CodeIgniter->runController(Object(App\Controllers\Groups_Controller))
 4 SYSTEMPATH\CodeIgniter.php(351): CodeIgniter\CodeIgniter->handleRequest(null, Object(Config\Cache), false)
 5 FCPATH\index.php(67): CodeIgniter\CodeIgniter->run()
CRITICAL - 2022-11-22 12:27:23 --> Undefined array key "user_id"
in APPPATH\Controllers\Groups_Controller.php on line 67.
 1 APPPATH\Controllers\Groups_Controller.php(67): CodeIgniter\Debug\Exceptions->errorHandler(2, 'Undefined array key "user_id"', 'APPPATH\\Controllers\\Groups_Controller.php', 67)
 2 SYSTEMPATH\CodeIgniter.php(927): App\Controllers\Groups_Controller->requests('3')
 3 SYSTEMPATH\CodeIgniter.php(482): CodeIgniter\CodeIgniter->runController(Object(App\Controllers\Groups_Controller))
 4 SYSTEMPATH\CodeIgniter.php(351): CodeIgniter\CodeIgniter->handleRequest(null, Object(Config\Cache), false)
 5 FCPATH\index.php(67): CodeIgniter\CodeIgniter->run()
CRITICAL - 2022-11-22 12:28:15 --> Undefined array key "user_id"
in APPPATH\Controllers\Groups_Controller.php on line 67.
 1 APPPATH\Controllers\Groups_Controller.php(67): CodeIgniter\Debug\Exceptions->errorHandler(2, 'Undefined array key "user_id"', 'APPPATH\\Controllers\\Groups_Controller.php', 67)
 2 SYSTEMPATH\CodeIgniter.php(927): App\Controllers\Groups_Controller->requests('3')
 3 SYSTEMPATH\CodeIgniter.php(482): CodeIgniter\CodeIgniter->runController(Object(App\Controllers\Groups_Controller))
 4 SYSTEMPATH\CodeIgniter.php(351): CodeIgniter\CodeIgniter->handleRequest(null, Object(Config\Cache), false)
 5 FCPATH\index.php(67): CodeIgniter\CodeIgniter->run()
CRITICAL - 2022-11-22 12:28:39 --> Undefined array key "user_id"
in APPPATH\Controllers\Groups_Controller.php on line 67.
 1 APPPATH\Controllers\Groups_Controller.php(67): CodeIgniter\Debug\Exceptions->errorHandler(2, 'Undefined array key "user_id"', 'APPPATH\\Controllers\\Groups_Controller.php', 67)
 2 SYSTEMPATH\CodeIgniter.php(927): App\Controllers\Groups_Controller->requests('3')
 3 SYSTEMPATH\CodeIgniter.php(482): CodeIgniter\CodeIgniter->runController(Object(App\Controllers\Groups_Controller))
 4 SYSTEMPATH\CodeIgniter.php(351): CodeIgniter\CodeIgniter->handleRequest(null, Object(Config\Cache), false)
 5 FCPATH\index.php(67): CodeIgniter\CodeIgniter->run()
CRITICAL - 2022-11-22 12:29:02 --> Undefined array key "user_id"
in APPPATH\Controllers\Groups_Controller.php on line 68.
 1 APPPATH\Controllers\Groups_Controller.php(68): CodeIgniter\Debug\Exceptions->errorHandler(2, 'Undefined array key "user_id"', 'APPPATH\\Controllers\\Groups_Controller.php', 68)
 2 SYSTEMPATH\CodeIgniter.php(927): App\Controllers\Groups_Controller->requests('2')
 3 SYSTEMPATH\CodeIgniter.php(482): CodeIgniter\CodeIgniter->runController(Object(App\Controllers\Groups_Controller))
 4 SYSTEMPATH\CodeIgniter.php(351): CodeIgniter\CodeIgniter->handleRequest(null, Object(Config\Cache), false)
 5 FCPATH\index.php(67): CodeIgniter\CodeIgniter->run()
CRITICAL - 2022-11-22 12:30:09 --> Undefined array key "user_email"
in APPPATH\Controllers\Groups_Controller.php on line 68.
 1 APPPATH\Controllers\Groups_Controller.php(68): CodeIgniter\Debug\Exceptions->errorHandler(2, 'Undefined array key "user_email"', 'APPPATH\\Controllers\\Groups_Controller.php', 68)
 2 SYSTEMPATH\CodeIgniter.php(927): App\Controllers\Groups_Controller->requests('3')
 3 SYSTEMPATH\CodeIgniter.php(482): CodeIgniter\CodeIgniter->runController(Object(App\Controllers\Groups_Controller))
 4 SYSTEMPATH\CodeIgniter.php(351): CodeIgniter\CodeIgniter->handleRequest(null, Object(Config\Cache), false)
 5 FCPATH\index.php(67): CodeIgniter\CodeIgniter->run()
CRITICAL - 2022-11-22 12:30:36 --> Undefined array key "first_name"
in APPPATH\Controllers\Groups_Controller.php on line 68.
 1 APPPATH\Controllers\Groups_Controller.php(68): CodeIgniter\Debug\Exceptions->errorHandler(2, 'Undefined array key "first_name"', 'APPPATH\\Controllers\\Groups_Controller.php', 68)
 2 SYSTEMPATH\CodeIgniter.php(927): App\Controllers\Groups_Controller->requests('3')
 3 SYSTEMPATH\CodeIgniter.php(482): CodeIgniter\CodeIgniter->runController(Object(App\Controllers\Groups_Controller))
 4 SYSTEMPATH\CodeIgniter.php(351): CodeIgniter\CodeIgniter->handleRequest(null, Object(Config\Cache), false)
 5 FCPATH\index.php(67): CodeIgniter\CodeIgniter->run()
CRITICAL - 2022-11-22 12:35:26 --> Undefined variable $groups
in APPPATH\Views\panel\user\requests.php on line 11.
 1 APPPATH\Views\panel\user\requests.php(11): CodeIgniter\Debug\Exceptions->errorHandler(2, 'Undefined variable $groups', 'APPPATH\\Views\\panel\\user\\requests.php', 11)
 2 SYSTEMPATH\View\View.php(213): include('APPPATH\\Views\\panel\\user\\requests.php')
 3 SYSTEMPATH\View\View.php(216): CodeIgniter\View\View->CodeIgniter\View\{closure}()
 4 SYSTEMPATH\Common.php(1134): CodeIgniter\View\View->render('panel/user/requests', [], true)
 5 APPPATH\Controllers\Groups_Controller.php(70): view('panel/user/requests', [...])
 6 SYSTEMPATH\CodeIgniter.php(927): App\Controllers\Groups_Controller->requests('3')
 7 SYSTEMPATH\CodeIgniter.php(482): CodeIgniter\CodeIgniter->runController(Object(App\Controllers\Groups_Controller))
 8 SYSTEMPATH\CodeIgniter.php(351): CodeIgniter\CodeIgniter->handleRequest(null, Object(Config\Cache), false)
 9 FCPATH\index.php(67): CodeIgniter\CodeIgniter->run()
CRITICAL - 2022-11-22 12:35:57 --> Undefined variable $groups
in APPPATH\Views\panel\user\requests.php on line 11.
 1 APPPATH\Views\panel\user\requests.php(11): CodeIgniter\Debug\Exceptions->errorHandler(2, 'Undefined variable $groups', 'APPPATH\\Views\\panel\\user\\requests.php', 11)
 2 SYSTEMPATH\View\View.php(213): include('APPPATH\\Views\\panel\\user\\requests.php')
 3 SYSTEMPATH\View\View.php(216): CodeIgniter\View\View->CodeIgniter\View\{closure}()
 4 SYSTEMPATH\Common.php(1134): CodeIgniter\View\View->render('panel/user/requests', [], true)
 5 APPPATH\Controllers\Groups_Controller.php(70): view('panel/user/requests', [...])
 6 SYSTEMPATH\CodeIgniter.php(927): App\Controllers\Groups_Controller->requests('3')
 7 SYSTEMPATH\CodeIgniter.php(482): CodeIgniter\CodeIgniter->runController(Object(App\Controllers\Groups_Controller))
 8 SYSTEMPATH\CodeIgniter.php(351): CodeIgniter\CodeIgniter->handleRequest(null, Object(Config\Cache), false)
 9 FCPATH\index.php(67): CodeIgniter\CodeIgniter->run()
CRITICAL - 2022-11-22 12:36:47 --> Undefined variable $groups
in APPPATH\Views\panel\user\requests.php on line 11.
 1 APPPATH\Views\panel\user\requests.php(11): CodeIgniter\Debug\Exceptions->errorHandler(2, 'Undefined variable $groups', 'APPPATH\\Views\\panel\\user\\requests.php', 11)
 2 SYSTEMPATH\View\View.php(213): include('APPPATH\\Views\\panel\\user\\requests.php')
 3 SYSTEMPATH\View\View.php(216): CodeIgniter\View\View->CodeIgniter\View\{closure}()
 4 SYSTEMPATH\Common.php(1134): CodeIgniter\View\View->render('panel/user/requests', [], true)
 5 APPPATH\Controllers\Groups_Controller.php(70): view('panel/user/requests', [...])
 6 SYSTEMPATH\CodeIgniter.php(927): App\Controllers\Groups_Controller->requests('3')
 7 SYSTEMPATH\CodeIgniter.php(482): CodeIgniter\CodeIgniter->runController(Object(App\Controllers\Groups_Controller))
 8 SYSTEMPATH\CodeIgniter.php(351): CodeIgniter\CodeIgniter->handleRequest(null, Object(Config\Cache), false)
 9 FCPATH\index.php(67): CodeIgniter\CodeIgniter->run()
CRITICAL - 2022-11-22 12:38:56 --> Undefined variable $groups
in APPPATH\Views\panel\user\requests.php on line 11.
 1 APPPATH\Views\panel\user\requests.php(11): CodeIgniter\Debug\Exceptions->errorHandler(2, 'Undefined variable $groups', 'APPPATH\\Views\\panel\\user\\requests.php', 11)
 2 SYSTEMPATH\View\View.php(213): include('APPPATH\\Views\\panel\\user\\requests.php')
 3 SYSTEMPATH\View\View.php(216): CodeIgniter\View\View->CodeIgniter\View\{closure}()
 4 SYSTEMPATH\Common.php(1134): CodeIgniter\View\View->render('panel/user/requests', [], true)
 5 APPPATH\Controllers\Groups_Controller.php(72): view('panel/user/requests', [...])
 6 SYSTEMPATH\CodeIgniter.php(927): App\Controllers\Groups_Controller->requests('3')
 7 SYSTEMPATH\CodeIgniter.php(482): CodeIgniter\CodeIgniter->runController(Object(App\Controllers\Groups_Controller))
 8 SYSTEMPATH\CodeIgniter.php(351): CodeIgniter\CodeIgniter->handleRequest(null, Object(Config\Cache), false)
 9 FCPATH\index.php(67): CodeIgniter\CodeIgniter->run()
CRITICAL - 2022-11-22 12:54:39 --> Undefined array key "user_id"
in APPPATH\Controllers\Groups_Controller.php on line 72.
 1 APPPATH\Controllers\Groups_Controller.php(72): CodeIgniter\Debug\Exceptions->errorHandler(2, 'Undefined array key "user_id"', 'APPPATH\\Controllers\\Groups_Controller.php', 72)
 2 SYSTEMPATH\CodeIgniter.php(927): App\Controllers\Groups_Controller->requests('3')
 3 SYSTEMPATH\CodeIgniter.php(482): CodeIgniter\CodeIgniter->runController(Object(App\Controllers\Groups_Controller))
 4 SYSTEMPATH\CodeIgniter.php(351): CodeIgniter\CodeIgniter->handleRequest(null, Object(Config\Cache), false)
 5 FCPATH\index.php(67): CodeIgniter\CodeIgniter->run()
CRITICAL - 2022-11-22 12:55:04 --> Undefined array key "user_id"
in APPPATH\Controllers\Groups_Controller.php on line 72.
 1 APPPATH\Controllers\Groups_Controller.php(72): CodeIgniter\Debug\Exceptions->errorHandler(2, 'Undefined array key "user_id"', 'APPPATH\\Controllers\\Groups_Controller.php', 72)
 2 SYSTEMPATH\CodeIgniter.php(927): App\Controllers\Groups_Controller->requests('3')
 3 SYSTEMPATH\CodeIgniter.php(482): CodeIgniter\CodeIgniter->runController(Object(App\Controllers\Groups_Controller))
 4 SYSTEMPATH\CodeIgniter.php(351): CodeIgniter\CodeIgniter->handleRequest(null, Object(Config\Cache), false)
 5 FCPATH\index.php(67): CodeIgniter\CodeIgniter->run()
CRITICAL - 2022-11-22 12:55:15 --> Undefined array key "user_id"
in APPPATH\Controllers\Groups_Controller.php on line 72.
 1 APPPATH\Controllers\Groups_Controller.php(72): CodeIgniter\Debug\Exceptions->errorHandler(2, 'Undefined array key "user_id"', 'APPPATH\\Controllers\\Groups_Controller.php', 72)
 2 SYSTEMPATH\CodeIgniter.php(927): App\Controllers\Groups_Controller->requests('3')
 3 SYSTEMPATH\CodeIgniter.php(482): CodeIgniter\CodeIgniter->runController(Object(App\Controllers\Groups_Controller))
 4 SYSTEMPATH\CodeIgniter.php(351): CodeIgniter\CodeIgniter->handleRequest(null, Object(Config\Cache), false)
 5 FCPATH\index.php(67): CodeIgniter\CodeIgniter->run()
CRITICAL - 2022-11-22 13:01:29 --> Undefined array key "user_id"
in APPPATH\Controllers\Groups_Controller.php on line 72.
 1 APPPATH\Controllers\Groups_Controller.php(72): CodeIgniter\Debug\Exceptions->errorHandler(2, 'Undefined array key "user_id"', 'APPPATH\\Controllers\\Groups_Controller.php', 72)
 2 SYSTEMPATH\CodeIgniter.php(927): App\Controllers\Groups_Controller->requests('2')
 3 SYSTEMPATH\CodeIgniter.php(482): CodeIgniter\CodeIgniter->runController(Object(App\Controllers\Groups_Controller))
 4 SYSTEMPATH\CodeIgniter.php(351): CodeIgniter\CodeIgniter->handleRequest(null, Object(Config\Cache), false)
 5 FCPATH\index.php(67): CodeIgniter\CodeIgniter->run()
CRITICAL - 2022-11-22 13:01:41 --> Undefined array key "user_id"
in APPPATH\Controllers\Groups_Controller.php on line 72.
 1 APPPATH\Controllers\Groups_Controller.php(72): CodeIgniter\Debug\Exceptions->errorHandler(2, 'Undefined array key "user_id"', 'APPPATH\\Controllers\\Groups_Controller.php', 72)
 2 SYSTEMPATH\CodeIgniter.php(927): App\Controllers\Groups_Controller->requests('2')
 3 SYSTEMPATH\CodeIgniter.php(482): CodeIgniter\CodeIgniter->runController(Object(App\Controllers\Groups_Controller))
 4 SYSTEMPATH\CodeIgniter.php(351): CodeIgniter\CodeIgniter->handleRequest(null, Object(Config\Cache), false)
 5 FCPATH\index.php(67): CodeIgniter\CodeIgniter->run()
CRITICAL - 2022-11-22 13:03:34 --> Undefined array key "user_id"
in APPPATH\Controllers\Groups_Controller.php on line 69.
 1 APPPATH\Controllers\Groups_Controller.php(69): CodeIgniter\Debug\Exceptions->errorHandler(2, 'Undefined array key "user_id"', 'APPPATH\\Controllers\\Groups_Controller.php', 69)
 2 SYSTEMPATH\CodeIgniter.php(927): App\Controllers\Groups_Controller->requests('3')
 3 SYSTEMPATH\CodeIgniter.php(482): CodeIgniter\CodeIgniter->runController(Object(App\Controllers\Groups_Controller))
 4 SYSTEMPATH\CodeIgniter.php(351): CodeIgniter\CodeIgniter->handleRequest(null, Object(Config\Cache), false)
 5 FCPATH\index.php(67): CodeIgniter\CodeIgniter->run()
ERROR - 2022-11-22 13:47:29 --> mysqli_sql_exception: Table 'voting.users' doesn't exist in C:\xampp\htdocs\Voting-System\vendor\codeigniter4\framework\system\Database\MySQLi\Connection.php:292
Stack trace:
#0 C:\xampp\htdocs\Voting-System\vendor\codeigniter4\framework\system\Database\MySQLi\Connection.php(292): mysqli->query('SELECT *\nFROM `...', 0)
#1 C:\xampp\htdocs\Voting-System\vendor\codeigniter4\framework\system\Database\BaseConnection.php(666): CodeIgniter\Database\MySQLi\Connection->execute('SELECT *\nFROM `...')
#2 C:\xampp\htdocs\Voting-System\vendor\codeigniter4\framework\system\Database\BaseConnection.php(593): CodeIgniter\Database\BaseConnection->simpleQuery('SELECT *\nFROM `...')
#3 C:\xampp\htdocs\Voting-System\vendor\codeigniter4\framework\system\Database\BaseBuilder.php(1585): CodeIgniter\Database\BaseConnection->query('SELECT *\nFROM `...', Array, false)
#4 C:\xampp\htdocs\Voting-System\vendor\codeigniter4\framework\system\Model.php(223): CodeIgniter\Database\BaseBuilder->get()
#5 C:\xampp\htdocs\Voting-System\vendor\codeigniter4\framework\system\BaseModel.php(585): CodeIgniter\Model->doFindAll(0, 0)
#6 C:\xampp\htdocs\Voting-System\app\Controllers\Home.php(25): CodeIgniter\BaseModel->findAll()
#7 C:\xampp\htdocs\Voting-System\vendor\codeigniter4\framework\system\CodeIgniter.php(927): App\Controllers\Home->index()
#8 C:\xampp\htdocs\Voting-System\vendor\codeigniter4\framework\system\CodeIgniter.php(482): CodeIgniter\CodeIgniter->runController(Object(App\Controllers\Home))
#9 C:\xampp\htdocs\Voting-System\vendor\codeigniter4\framework\system\CodeIgniter.php(351): CodeIgniter\CodeIgniter->handleRequest(NULL, Object(Config\Cache), false)
#10 C:\xampp\htdocs\Voting-System\index.php(67): CodeIgniter\CodeIgniter->run()
#11 {main}
CRITICAL - 2022-11-22 13:47:29 --> Table 'voting.users' doesn't exist
in SYSTEMPATH\Database\MySQLi\Connection.php on line 292.
 1 SYSTEMPATH\Database\MySQLi\Connection.php(292): mysqli->query('SELECT *
FROM `user`
JOIN `users` ON `users`.`user_id`=`requests`.`user_id`', 0)
 2 SYSTEMPATH\Database\BaseConnection.php(666): CodeIgniter\Database\MySQLi\Connection->execute('SELECT *
FROM `user`
JOIN `users` ON `users`.`user_id`=`requests`.`user_id`')
 3 SYSTEMPATH\Database\BaseConnection.php(593): CodeIgniter\Database\BaseConnection->simpleQuery('SELECT *
FROM `user`
JOIN `users` ON `users`.`user_id`=`requests`.`user_id`')
 4 SYSTEMPATH\Database\BaseBuilder.php(1585): CodeIgniter\Database\BaseConnection->query('SELECT *
FROM `user`
JOIN `users` ON `users`.`user_id`=`requests`.`user_id`', [], false)
 5 SYSTEMPATH\Model.php(223): CodeIgniter\Database\BaseBuilder->get()
 6 SYSTEMPATH\BaseModel.php(585): CodeIgniter\Model->doFindAll(0, 0)
 7 APPPATH\Controllers\Home.php(25): CodeIgniter\BaseModel->findAll()
 8 SYSTEMPATH\CodeIgniter.php(927): App\Controllers\Home->index()
 9 SYSTEMPATH\CodeIgniter.php(482): CodeIgniter\CodeIgniter->runController(Object(App\Controllers\Home))
10 SYSTEMPATH\CodeIgniter.php(351): CodeIgniter\CodeIgniter->handleRequest(null, Object(Config\Cache), false)
11 FCPATH\index.php(67): CodeIgniter\CodeIgniter->run()
ERROR - 2022-11-22 13:47:57 --> mysqli_sql_exception: Table 'voting.users' doesn't exist in C:\xampp\htdocs\Voting-System\vendor\codeigniter4\framework\system\Database\MySQLi\Connection.php:292
Stack trace:
#0 C:\xampp\htdocs\Voting-System\vendor\codeigniter4\framework\system\Database\MySQLi\Connection.php(292): mysqli->query('SELECT *\nFROM `...', 0)
#1 C:\xampp\htdocs\Voting-System\vendor\codeigniter4\framework\system\Database\BaseConnection.php(666): CodeIgniter\Database\MySQLi\Connection->execute('SELECT *\nFROM `...')
#2 C:\xampp\htdocs\Voting-System\vendor\codeigniter4\framework\system\Database\BaseConnection.php(593): CodeIgniter\Database\BaseConnection->simpleQuery('SELECT *\nFROM `...')
#3 C:\xampp\htdocs\Voting-System\vendor\codeigniter4\framework\system\Database\BaseBuilder.php(1585): CodeIgniter\Database\BaseConnection->query('SELECT *\nFROM `...', Array, false)
#4 C:\xampp\htdocs\Voting-System\vendor\codeigniter4\framework\system\Model.php(223): CodeIgniter\Database\BaseBuilder->get()
#5 C:\xampp\htdocs\Voting-System\vendor\codeigniter4\framework\system\BaseModel.php(585): CodeIgniter\Model->doFindAll(0, 0)
#6 C:\xampp\htdocs\Voting-System\app\Controllers\Home.php(22): CodeIgniter\BaseModel->findAll()
#7 C:\xampp\htdocs\Voting-System\vendor\codeigniter4\framework\system\CodeIgniter.php(927): App\Controllers\Home->index()
#8 C:\xampp\htdocs\Voting-System\vendor\codeigniter4\framework\system\CodeIgniter.php(482): CodeIgniter\CodeIgniter->runController(Object(App\Controllers\Home))
#9 C:\xampp\htdocs\Voting-System\vendor\codeigniter4\framework\system\CodeIgniter.php(351): CodeIgniter\CodeIgniter->handleRequest(NULL, Object(Config\Cache), false)
#10 C:\xampp\htdocs\Voting-System\index.php(67): CodeIgniter\CodeIgniter->run()
#11 {main}
CRITICAL - 2022-11-22 13:47:57 --> Table 'voting.users' doesn't exist
in SYSTEMPATH\Database\MySQLi\Connection.php on line 292.
 1 SYSTEMPATH\Database\MySQLi\Connection.php(292): mysqli->query('SELECT *
FROM `requests`
JOIN `users` ON `users`.`user_id`=`requests`.`user_id`', 0)
 2 SYSTEMPATH\Database\BaseConnection.php(666): CodeIgniter\Database\MySQLi\Connection->execute('SELECT *
FROM `requests`
JOIN `users` ON `users`.`user_id`=`requests`.`user_id`')
 3 SYSTEMPATH\Database\BaseConnection.php(593): CodeIgniter\Database\BaseConnection->simpleQuery('SELECT *
FROM `requests`
JOIN `users` ON `users`.`user_id`=`requests`.`user_id`')
 4 SYSTEMPATH\Database\BaseBuilder.php(1585): CodeIgniter\Database\BaseConnection->query('SELECT *
FROM `requests`
JOIN `users` ON `users`.`user_id`=`requests`.`user_id`', [], false)
 5 SYSTEMPATH\Model.php(223): CodeIgniter\Database\BaseBuilder->get()
 6 SYSTEMPATH\BaseModel.php(585): CodeIgniter\Model->doFindAll(0, 0)
 7 APPPATH\Controllers\Home.php(22): CodeIgniter\BaseModel->findAll()
 8 SYSTEMPATH\CodeIgniter.php(927): App\Controllers\Home->index()
 9 SYSTEMPATH\CodeIgniter.php(482): CodeIgniter\CodeIgniter->runController(Object(App\Controllers\Home))
10 SYSTEMPATH\CodeIgniter.php(351): CodeIgniter\CodeIgniter->handleRequest(null, Object(Config\Cache), false)
11 FCPATH\index.php(67): CodeIgniter\CodeIgniter->run()
CRITICAL - 2022-11-22 13:50:38 --> Undefined array key "request_id"
in APPPATH\Views\index.php on line 31.
 1 APPPATH\Views\index.php(31): CodeIgniter\Debug\Exceptions->errorHandler(2, 'Undefined array key "request_id"', 'APPPATH\\Views\\index.php', 31)
 2 SYSTEMPATH\View\View.php(213): include('APPPATH\\Views\\index.php')
 3 SYSTEMPATH\View\View.php(216): CodeIgniter\View\View->CodeIgniter\View\{closure}()
 4 SYSTEMPATH\Common.php(1134): CodeIgniter\View\View->render('index', [], true)
 5 APPPATH\Controllers\Home.php(33): view('index', [...])
 6 SYSTEMPATH\CodeIgniter.php(927): App\Controllers\Home->index()
 7 SYSTEMPATH\CodeIgniter.php(482): CodeIgniter\CodeIgniter->runController(Object(App\Controllers\Home))
 8 SYSTEMPATH\CodeIgniter.php(351): CodeIgniter\CodeIgniter->handleRequest(null, Object(Config\Cache), false)
 9 FCPATH\index.php(67): CodeIgniter\CodeIgniter->run()
CRITICAL - 2022-11-22 13:51:10 --> Undefined array key "request_id"
in APPPATH\Views\index.php on line 31.
 1 APPPATH\Views\index.php(31): CodeIgniter\Debug\Exceptions->errorHandler(2, 'Undefined array key "request_id"', 'APPPATH\\Views\\index.php', 31)
 2 SYSTEMPATH\View\View.php(213): include('APPPATH\\Views\\index.php')
 3 SYSTEMPATH\View\View.php(216): CodeIgniter\View\View->CodeIgniter\View\{closure}()
 4 SYSTEMPATH\Common.php(1134): CodeIgniter\View\View->render('index', [], true)
 5 APPPATH\Controllers\Home.php(33): view('index', [...])
 6 SYSTEMPATH\CodeIgniter.php(927): App\Controllers\Home->index()
 7 SYSTEMPATH\CodeIgniter.php(482): CodeIgniter\CodeIgniter->runController(Object(App\Controllers\Home))
 8 SYSTEMPATH\CodeIgniter.php(351): CodeIgniter\CodeIgniter->handleRequest(null, Object(Config\Cache), false)
 9 FCPATH\index.php(67): CodeIgniter\CodeIgniter->run()
CRITICAL - 2022-11-22 13:52:30 --> Undefined array key "request_id"
in APPPATH\Views\index.php on line 31.
 1 APPPATH\Views\index.php(31): CodeIgniter\Debug\Exceptions->errorHandler(2, 'Undefined array key "request_id"', 'APPPATH\\Views\\index.php', 31)
 2 SYSTEMPATH\View\View.php(213): include('APPPATH\\Views\\index.php')
 3 SYSTEMPATH\View\View.php(216): CodeIgniter\View\View->CodeIgniter\View\{closure}()
 4 SYSTEMPATH\Common.php(1134): CodeIgniter\View\View->render('index', [], true)
 5 APPPATH\Controllers\Home.php(33): view('index', [...])
 6 SYSTEMPATH\CodeIgniter.php(927): App\Controllers\Home->index()
 7 SYSTEMPATH\CodeIgniter.php(482): CodeIgniter\CodeIgniter->runController(Object(App\Controllers\Home))
 8 SYSTEMPATH\CodeIgniter.php(351): CodeIgniter\CodeIgniter->handleRequest(null, Object(Config\Cache), false)
 9 FCPATH\index.php(67): CodeIgniter\CodeIgniter->run()
CRITICAL - 2022-11-22 13:58:11 --> Attempt to read property "array_key_exists" on string
in APPPATH\Views\index.php on line 32.
 1 APPPATH\Views\index.php(32): CodeIgniter\Debug\Exceptions->errorHandler(2, 'Attempt to read property "array_key_exists" on string', 'APPPATH\\Views\\index.php', 32)
 2 SYSTEMPATH\View\View.php(213): include('APPPATH\\Views\\index.php')
 3 SYSTEMPATH\View\View.php(216): CodeIgniter\View\View->CodeIgniter\View\{closure}()
 4 SYSTEMPATH\Common.php(1134): CodeIgniter\View\View->render('index', [], true)
 5 APPPATH\Controllers\Home.php(33): view('index', [...])
 6 SYSTEMPATH\CodeIgniter.php(927): App\Controllers\Home->index()
 7 SYSTEMPATH\CodeIgniter.php(482): CodeIgniter\CodeIgniter->runController(Object(App\Controllers\Home))
 8 SYSTEMPATH\CodeIgniter.php(351): CodeIgniter\CodeIgniter->handleRequest(null, Object(Config\Cache), false)
 9 FCPATH\index.php(67): CodeIgniter\CodeIgniter->run()
CRITICAL - 2022-11-22 14:14:54 --> Undefined array key "request_id"
in APPPATH\Views\index.php on line 31.
 1 APPPATH\Views\index.php(31): CodeIgniter\Debug\Exceptions->errorHandler(2, 'Undefined array key "request_id"', 'APPPATH\\Views\\index.php', 31)
 2 SYSTEMPATH\View\View.php(213): include('APPPATH\\Views\\index.php')
 3 SYSTEMPATH\View\View.php(216): CodeIgniter\View\View->CodeIgniter\View\{closure}()
 4 SYSTEMPATH\Common.php(1134): CodeIgniter\View\View->render('index', [], true)
 5 APPPATH\Controllers\Home.php(33): view('index', [...])
 6 SYSTEMPATH\CodeIgniter.php(927): App\Controllers\Home->index()
 7 SYSTEMPATH\CodeIgniter.php(482): CodeIgniter\CodeIgniter->runController(Object(App\Controllers\Home))
 8 SYSTEMPATH\CodeIgniter.php(351): CodeIgniter\CodeIgniter->handleRequest(null, Object(Config\Cache), false)
 9 FCPATH\index.php(67): CodeIgniter\CodeIgniter->run()
CRITICAL - 2022-11-22 14:15:10 --> Undefined array key "request_id"
in APPPATH\Views\index.php on line 31.
 1 APPPATH\Views\index.php(31): CodeIgniter\Debug\Exceptions->errorHandler(2, 'Undefined array key "request_id"', 'APPPATH\\Views\\index.php', 31)
 2 SYSTEMPATH\View\View.php(213): include('APPPATH\\Views\\index.php')
 3 SYSTEMPATH\View\View.php(216): CodeIgniter\View\View->CodeIgniter\View\{closure}()
 4 SYSTEMPATH\Common.php(1134): CodeIgniter\View\View->render('index', [], true)
 5 APPPATH\Controllers\Home.php(33): view('index', [...])
 6 SYSTEMPATH\CodeIgniter.php(927): App\Controllers\Home->index()
 7 SYSTEMPATH\CodeIgniter.php(482): CodeIgniter\CodeIgniter->runController(Object(App\Controllers\Home))
 8 SYSTEMPATH\CodeIgniter.php(351): CodeIgniter\CodeIgniter->handleRequest(null, Object(Config\Cache), false)
 9 FCPATH\index.php(67): CodeIgniter\CodeIgniter->run()
CRITICAL - 2022-11-22 14:15:15 --> Undefined array key "request_id"
in APPPATH\Views\index.php on line 31.
 1 APPPATH\Views\index.php(31): CodeIgniter\Debug\Exceptions->errorHandler(2, 'Undefined array key "request_id"', 'APPPATH\\Views\\index.php', 31)
 2 SYSTEMPATH\View\View.php(213): include('APPPATH\\Views\\index.php')
 3 SYSTEMPATH\View\View.php(216): CodeIgniter\View\View->CodeIgniter\View\{closure}()
 4 SYSTEMPATH\Common.php(1134): CodeIgniter\View\View->render('index', [], true)
 5 APPPATH\Controllers\Home.php(33): view('index', [...])
 6 SYSTEMPATH\CodeIgniter.php(927): App\Controllers\Home->index()
 7 SYSTEMPATH\CodeIgniter.php(482): CodeIgniter\CodeIgniter->runController(Object(App\Controllers\Home))
 8 SYSTEMPATH\CodeIgniter.php(351): CodeIgniter\CodeIgniter->handleRequest(null, Object(Config\Cache), false)
 9 FCPATH\index.php(67): CodeIgniter\CodeIgniter->run()
CRITICAL - 2022-11-22 14:15:24 --> Undefined array key "request_id"
in APPPATH\Views\index.php on line 31.
 1 APPPATH\Views\index.php(31): CodeIgniter\Debug\Exceptions->errorHandler(2, 'Undefined array key "request_id"', 'APPPATH\\Views\\index.php', 31)
 2 SYSTEMPATH\View\View.php(213): include('APPPATH\\Views\\index.php')
 3 SYSTEMPATH\View\View.php(216): CodeIgniter\View\View->CodeIgniter\View\{closure}()
 4 SYSTEMPATH\Common.php(1134): CodeIgniter\View\View->render('index', [], true)
 5 APPPATH\Controllers\Home.php(33): view('index', [...])
 6 SYSTEMPATH\CodeIgniter.php(927): App\Controllers\Home->index()
 7 SYSTEMPATH\CodeIgniter.php(482): CodeIgniter\CodeIgniter->runController(Object(App\Controllers\Home))
 8 SYSTEMPATH\CodeIgniter.php(351): CodeIgniter\CodeIgniter->handleRequest(null, Object(Config\Cache), false)
 9 FCPATH\index.php(67): CodeIgniter\CodeIgniter->run()
CRITICAL - 2022-11-22 14:21:22 --> Undefined array key "request_id"
in APPPATH\Views\index.php on line 31.
 1 APPPATH\Views\index.php(31): CodeIgniter\Debug\Exceptions->errorHandler(2, 'Undefined array key "request_id"', 'APPPATH\\Views\\index.php', 31)
 2 SYSTEMPATH\View\View.php(213): include('APPPATH\\Views\\index.php')
 3 SYSTEMPATH\View\View.php(216): CodeIgniter\View\View->CodeIgniter\View\{closure}()
 4 SYSTEMPATH\Common.php(1134): CodeIgniter\View\View->render('index', [], true)
 5 APPPATH\Controllers\Home.php(33): view('index', [...])
 6 SYSTEMPATH\CodeIgniter.php(927): App\Controllers\Home->index()
 7 SYSTEMPATH\CodeIgniter.php(482): CodeIgniter\CodeIgniter->runController(Object(App\Controllers\Home))
 8 SYSTEMPATH\CodeIgniter.php(351): CodeIgniter\CodeIgniter->handleRequest(null, Object(Config\Cache), false)
 9 FCPATH\index.php(67): CodeIgniter\CodeIgniter->run()
CRITICAL - 2022-11-22 14:22:24 --> Undefined array key "status"
in APPPATH\Views\index.php on line 31.
 1 APPPATH\Views\index.php(31): CodeIgniter\Debug\Exceptions->errorHandler(2, 'Undefined array key "status"', 'APPPATH\\Views\\index.php', 31)
 2 SYSTEMPATH\View\View.php(213): include('APPPATH\\Views\\index.php')
 3 SYSTEMPATH\View\View.php(216): CodeIgniter\View\View->CodeIgniter\View\{closure}()
 4 SYSTEMPATH\Common.php(1134): CodeIgniter\View\View->render('index', [], true)
 5 APPPATH\Controllers\Home.php(33): view('index', [...])
 6 SYSTEMPATH\CodeIgniter.php(927): App\Controllers\Home->index()
 7 SYSTEMPATH\CodeIgniter.php(482): CodeIgniter\CodeIgniter->runController(Object(App\Controllers\Home))
 8 SYSTEMPATH\CodeIgniter.php(351): CodeIgniter\CodeIgniter->handleRequest(null, Object(Config\Cache), false)
 9 FCPATH\index.php(67): CodeIgniter\CodeIgniter->run()
CRITICAL - 2022-11-22 14:22:44 --> Undefined array key "status"
in APPPATH\Views\index.php on line 31.
 1 APPPATH\Views\index.php(31): CodeIgniter\Debug\Exceptions->errorHandler(2, 'Undefined array key "status"', 'APPPATH\\Views\\index.php', 31)
 2 SYSTEMPATH\View\View.php(213): include('APPPATH\\Views\\index.php')
 3 SYSTEMPATH\View\View.php(216): CodeIgniter\View\View->CodeIgniter\View\{closure}()
 4 SYSTEMPATH\Common.php(1134): CodeIgniter\View\View->render('index', [], true)
 5 APPPATH\Controllers\Home.php(33): view('index', [...])
 6 SYSTEMPATH\CodeIgniter.php(927): App\Controllers\Home->index()
 7 SYSTEMPATH\CodeIgniter.php(482): CodeIgniter\CodeIgniter->runController(Object(App\Controllers\Home))
 8 SYSTEMPATH\CodeIgniter.php(351): CodeIgniter\CodeIgniter->handleRequest(null, Object(Config\Cache), false)
 9 FCPATH\index.php(67): CodeIgniter\CodeIgniter->run()
CRITICAL - 2022-11-22 14:23:33 --> Undefined array key "status"
in APPPATH\Views\index.php on line 31.
 1 APPPATH\Views\index.php(31): CodeIgniter\Debug\Exceptions->errorHandler(2, 'Undefined array key "status"', 'APPPATH\\Views\\index.php', 31)
 2 SYSTEMPATH\View\View.php(213): include('APPPATH\\Views\\index.php')
 3 SYSTEMPATH\View\View.php(216): CodeIgniter\View\View->CodeIgniter\View\{closure}()
 4 SYSTEMPATH\Common.php(1134): CodeIgniter\View\View->render('index', [], true)
 5 APPPATH\Controllers\Home.php(33): view('index', [...])
 6 SYSTEMPATH\CodeIgniter.php(927): App\Controllers\Home->index()
 7 SYSTEMPATH\CodeIgniter.php(482): CodeIgniter\CodeIgniter->runController(Object(App\Controllers\Home))
 8 SYSTEMPATH\CodeIgniter.php(351): CodeIgniter\CodeIgniter->handleRequest(null, Object(Config\Cache), false)
 9 FCPATH\index.php(67): CodeIgniter\CodeIgniter->run()
CRITICAL - 2022-11-22 14:23:43 --> Undefined array key "status"
in APPPATH\Views\index.php on line 31.
 1 APPPATH\Views\index.php(31): CodeIgniter\Debug\Exceptions->errorHandler(2, 'Undefined array key "status"', 'APPPATH\\Views\\index.php', 31)
 2 SYSTEMPATH\View\View.php(213): include('APPPATH\\Views\\index.php')
 3 SYSTEMPATH\View\View.php(216): CodeIgniter\View\View->CodeIgniter\View\{closure}()
 4 SYSTEMPATH\Common.php(1134): CodeIgniter\View\View->render('index', [], true)
 5 APPPATH\Controllers\Home.php(33): view('index', [...])
 6 SYSTEMPATH\CodeIgniter.php(927): App\Controllers\Home->index()
 7 SYSTEMPATH\CodeIgniter.php(482): CodeIgniter\CodeIgniter->runController(Object(App\Controllers\Home))
 8 SYSTEMPATH\CodeIgniter.php(351): CodeIgniter\CodeIgniter->handleRequest(null, Object(Config\Cache), false)
 9 FCPATH\index.php(67): CodeIgniter\CodeIgniter->run()
CRITICAL - 2022-11-22 14:23:43 --> Undefined array key "status"
in APPPATH\Views\index.php on line 31.
 1 APPPATH\Views\index.php(31): CodeIgniter\Debug\Exceptions->errorHandler(2, 'Undefined array key "status"', 'APPPATH\\Views\\index.php', 31)
 2 SYSTEMPATH\View\View.php(213): include('APPPATH\\Views\\index.php')
 3 SYSTEMPATH\View\View.php(216): CodeIgniter\View\View->CodeIgniter\View\{closure}()
 4 SYSTEMPATH\Common.php(1134): CodeIgniter\View\View->render('index', [], true)
 5 APPPATH\Controllers\Home.php(33): view('index', [...])
 6 SYSTEMPATH\CodeIgniter.php(927): App\Controllers\Home->index()
 7 SYSTEMPATH\CodeIgniter.php(482): CodeIgniter\CodeIgniter->runController(Object(App\Controllers\Home))
 8 SYSTEMPATH\CodeIgniter.php(351): CodeIgniter\CodeIgniter->handleRequest(null, Object(Config\Cache), false)
 9 FCPATH\index.php(67): CodeIgniter\CodeIgniter->run()
CRITICAL - 2022-11-22 14:23:51 --> Undefined array key "status"
in APPPATH\Views\index.php on line 31.
 1 APPPATH\Views\index.php(31): CodeIgniter\Debug\Exceptions->errorHandler(2, 'Undefined array key "status"', 'APPPATH\\Views\\index.php', 31)
 2 SYSTEMPATH\View\View.php(213): include('APPPATH\\Views\\index.php')
 3 SYSTEMPATH\View\View.php(216): CodeIgniter\View\View->CodeIgniter\View\{closure}()
 4 SYSTEMPATH\Common.php(1134): CodeIgniter\View\View->render('index', [], true)
 5 APPPATH\Controllers\Home.php(33): view('index', [...])
 6 SYSTEMPATH\CodeIgniter.php(927): App\Controllers\Home->index()
 7 SYSTEMPATH\CodeIgniter.php(482): CodeIgniter\CodeIgniter->runController(Object(App\Controllers\Home))
 8 SYSTEMPATH\CodeIgniter.php(351): CodeIgniter\CodeIgniter->handleRequest(null, Object(Config\Cache), false)
 9 FCPATH\index.php(67): CodeIgniter\CodeIgniter->run()
CRITICAL - 2022-11-22 14:24:34 --> Undefined array key "status"
in APPPATH\Views\index.php on line 31.
 1 APPPATH\Views\index.php(31): CodeIgniter\Debug\Exceptions->errorHandler(2, 'Undefined array key "status"', 'APPPATH\\Views\\index.php', 31)
 2 SYSTEMPATH\View\View.php(213): include('APPPATH\\Views\\index.php')
 3 SYSTEMPATH\View\View.php(216): CodeIgniter\View\View->CodeIgniter\View\{closure}()
 4 SYSTEMPATH\Common.php(1134): CodeIgniter\View\View->render('index', [], true)
 5 APPPATH\Controllers\Home.php(33): view('index', [...])
 6 SYSTEMPATH\CodeIgniter.php(927): App\Controllers\Home->index()
 7 SYSTEMPATH\CodeIgniter.php(482): CodeIgniter\CodeIgniter->runController(Object(App\Controllers\Home))
 8 SYSTEMPATH\CodeIgniter.php(351): CodeIgniter\CodeIgniter->handleRequest(null, Object(Config\Cache), false)
 9 FCPATH\index.php(67): CodeIgniter\CodeIgniter->run()
CRITICAL - 2022-11-22 14:25:57 --> Undefined array key "status"
in APPPATH\Views\index.php on line 31.
 1 APPPATH\Views\index.php(31): CodeIgniter\Debug\Exceptions->errorHandler(2, 'Undefined array key "status"', 'APPPATH\\Views\\index.php', 31)
 2 SYSTEMPATH\View\View.php(213): include('APPPATH\\Views\\index.php')
 3 SYSTEMPATH\View\View.php(216): CodeIgniter\View\View->CodeIgniter\View\{closure}()
 4 SYSTEMPATH\Common.php(1134): CodeIgniter\View\View->render('index', [], true)
 5 APPPATH\Controllers\Home.php(33): view('index', [...])
 6 SYSTEMPATH\CodeIgniter.php(927): App\Controllers\Home->index()
 7 SYSTEMPATH\CodeIgniter.php(482): CodeIgniter\CodeIgniter->runController(Object(App\Controllers\Home))
 8 SYSTEMPATH\CodeIgniter.php(351): CodeIgniter\CodeIgniter->handleRequest(null, Object(Config\Cache), false)
 9 FCPATH\index.php(67): CodeIgniter\CodeIgniter->run()
CRITICAL - 2022-11-22 14:26:58 --> Undefined array key "status"
in APPPATH\Views\index.php on line 31.
 1 APPPATH\Views\index.php(31): CodeIgniter\Debug\Exceptions->errorHandler(2, 'Undefined array key "status"', 'APPPATH\\Views\\index.php', 31)
 2 SYSTEMPATH\View\View.php(213): include('APPPATH\\Views\\index.php')
 3 SYSTEMPATH\View\View.php(216): CodeIgniter\View\View->CodeIgniter\View\{closure}()
 4 SYSTEMPATH\Common.php(1134): CodeIgniter\View\View->render('index', [], true)
 5 APPPATH\Controllers\Home.php(33): view('index', [...])
 6 SYSTEMPATH\CodeIgniter.php(927): App\Controllers\Home->index()
 7 SYSTEMPATH\CodeIgniter.php(482): CodeIgniter\CodeIgniter->runController(Object(App\Controllers\Home))
 8 SYSTEMPATH\CodeIgniter.php(351): CodeIgniter\CodeIgniter->handleRequest(null, Object(Config\Cache), false)
 9 FCPATH\index.php(67): CodeIgniter\CodeIgniter->run()
CRITICAL - 2022-11-22 14:28:54 --> Undefined array key "status"
in APPPATH\Views\index.php on line 31.
 1 APPPATH\Views\index.php(31): CodeIgniter\Debug\Exceptions->errorHandler(2, 'Undefined array key "status"', 'APPPATH\\Views\\index.php', 31)
 2 SYSTEMPATH\View\View.php(213): include('APPPATH\\Views\\index.php')
 3 SYSTEMPATH\View\View.php(216): CodeIgniter\View\View->CodeIgniter\View\{closure}()
 4 SYSTEMPATH\Common.php(1134): CodeIgniter\View\View->render('index', [], true)
 5 APPPATH\Controllers\Home.php(33): view('index', [...])
 6 SYSTEMPATH\CodeIgniter.php(927): App\Controllers\Home->index()
 7 SYSTEMPATH\CodeIgniter.php(482): CodeIgniter\CodeIgniter->runController(Object(App\Controllers\Home))
 8 SYSTEMPATH\CodeIgniter.php(351): CodeIgniter\CodeIgniter->handleRequest(null, Object(Config\Cache), false)
 9 FCPATH\index.php(67): CodeIgniter\CodeIgniter->run()
CRITICAL - 2022-11-22 14:35:49 --> Undefined array key "status"
in APPPATH\Views\index.php on line 31.
 1 APPPATH\Views\index.php(31): CodeIgniter\Debug\Exceptions->errorHandler(2, 'Undefined array key "status"', 'APPPATH\\Views\\index.php', 31)
 2 SYSTEMPATH\View\View.php(213): include('APPPATH\\Views\\index.php')
 3 SYSTEMPATH\View\View.php(216): CodeIgniter\View\View->CodeIgniter\View\{closure}()
 4 SYSTEMPATH\Common.php(1134): CodeIgniter\View\View->render('index', [], true)
 5 APPPATH\Controllers\Home.php(33): view('index', [...])
 6 SYSTEMPATH\CodeIgniter.php(927): App\Controllers\Home->index()
 7 SYSTEMPATH\CodeIgniter.php(482): CodeIgniter\CodeIgniter->runController(Object(App\Controllers\Home))
 8 SYSTEMPATH\CodeIgniter.php(351): CodeIgniter\CodeIgniter->handleRequest(null, Object(Config\Cache), false)
 9 FCPATH\index.php(67): CodeIgniter\CodeIgniter->run()
CRITICAL - 2022-11-22 14:35:57 --> Undefined array key "status"
in APPPATH\Views\index.php on line 31.
 1 APPPATH\Views\index.php(31): CodeIgniter\Debug\Exceptions->errorHandler(2, 'Undefined array key "status"', 'APPPATH\\Views\\index.php', 31)
 2 SYSTEMPATH\View\View.php(213): include('APPPATH\\Views\\index.php')
 3 SYSTEMPATH\View\View.php(216): CodeIgniter\View\View->CodeIgniter\View\{closure}()
 4 SYSTEMPATH\Common.php(1134): CodeIgniter\View\View->render('index', [], true)
 5 APPPATH\Controllers\Home.php(33): view('index', [...])
 6 SYSTEMPATH\CodeIgniter.php(927): App\Controllers\Home->index()
 7 SYSTEMPATH\CodeIgniter.php(482): CodeIgniter\CodeIgniter->runController(Object(App\Controllers\Home))
 8 SYSTEMPATH\CodeIgniter.php(351): CodeIgniter\CodeIgniter->handleRequest(null, Object(Config\Cache), false)
 9 FCPATH\index.php(67): CodeIgniter\CodeIgniter->run()
CRITICAL - 2022-11-22 14:37:21 --> Undefined array key "status"
in APPPATH\Controllers\Groups_Controller.php on line 76.
 1 APPPATH\Controllers\Groups_Controller.php(76): CodeIgniter\Debug\Exceptions->errorHandler(2, 'Undefined array key "status"', 'APPPATH\\Controllers\\Groups_Controller.php', 76)
 2 SYSTEMPATH\CodeIgniter.php(927): App\Controllers\Groups_Controller->requests('1')
 3 SYSTEMPATH\CodeIgniter.php(482): CodeIgniter\CodeIgniter->runController(Object(App\Controllers\Groups_Controller))
 4 SYSTEMPATH\CodeIgniter.php(351): CodeIgniter\CodeIgniter->handleRequest(null, Object(Config\Cache), false)
 5 FCPATH\index.php(67): CodeIgniter\CodeIgniter->run()
CRITICAL - 2022-11-22 14:37:54 --> Undefined array key "status"
in APPPATH\Controllers\Groups_Controller.php on line 76.
 1 APPPATH\Controllers\Groups_Controller.php(76): CodeIgniter\Debug\Exceptions->errorHandler(2, 'Undefined array key "status"', 'APPPATH\\Controllers\\Groups_Controller.php', 76)
 2 SYSTEMPATH\CodeIgniter.php(927): App\Controllers\Groups_Controller->requests('3')
 3 SYSTEMPATH\CodeIgniter.php(482): CodeIgniter\CodeIgniter->runController(Object(App\Controllers\Groups_Controller))
 4 SYSTEMPATH\CodeIgniter.php(351): CodeIgniter\CodeIgniter->handleRequest(null, Object(Config\Cache), false)
 5 FCPATH\index.php(67): CodeIgniter\CodeIgniter->run()
CRITICAL - 2022-11-22 14:39:58 --> Undefined array key "status"
in APPPATH\Controllers\Groups_Controller.php on line 77.
 1 APPPATH\Controllers\Groups_Controller.php(77): CodeIgniter\Debug\Exceptions->errorHandler(2, 'Undefined array key "status"', 'APPPATH\\Controllers\\Groups_Controller.php', 77)
 2 SYSTEMPATH\CodeIgniter.php(927): App\Controllers\Groups_Controller->requests('3')
 3 SYSTEMPATH\CodeIgniter.php(482): CodeIgniter\CodeIgniter->runController(Object(App\Controllers\Groups_Controller))
 4 SYSTEMPATH\CodeIgniter.php(351): CodeIgniter\CodeIgniter->handleRequest(null, Object(Config\Cache), false)
 5 FCPATH\index.php(67): CodeIgniter\CodeIgniter->run()
CRITICAL - 2022-11-22 14:52:58 --> Undefined array key "status"
in APPPATH\Views\index.php on line 31.
 1 APPPATH\Views\index.php(31): CodeIgniter\Debug\Exceptions->errorHandler(2, 'Undefined array key "status"', 'APPPATH\\Views\\index.php', 31)
 2 SYSTEMPATH\View\View.php(213): include('APPPATH\\Views\\index.php')
 3 SYSTEMPATH\View\View.php(216): CodeIgniter\View\View->CodeIgniter\View\{closure}()
 4 SYSTEMPATH\Common.php(1134): CodeIgniter\View\View->render('index', [], true)
 5 APPPATH\Controllers\Home.php(33): view('index', [...])
 6 SYSTEMPATH\CodeIgniter.php(927): App\Controllers\Home->index()
 7 SYSTEMPATH\CodeIgniter.php(482): CodeIgniter\CodeIgniter->runController(Object(App\Controllers\Home))
 8 SYSTEMPATH\CodeIgniter.php(351): CodeIgniter\CodeIgniter->handleRequest(null, Object(Config\Cache), false)
 9 FCPATH\index.php(67): CodeIgniter\CodeIgniter->run()
CRITICAL - 2022-11-22 14:54:40 --> Undefined array key "status"
in APPPATH\Views\index.php on line 32.
 1 APPPATH\Views\index.php(32): CodeIgniter\Debug\Exceptions->errorHandler(2, 'Undefined array key "status"', 'APPPATH\\Views\\index.php', 32)
 2 SYSTEMPATH\View\View.php(213): include('APPPATH\\Views\\index.php')
 3 SYSTEMPATH\View\View.php(216): CodeIgniter\View\View->CodeIgniter\View\{closure}()
 4 SYSTEMPATH\Common.php(1134): CodeIgniter\View\View->render('index', [], true)
 5 APPPATH\Controllers\Home.php(33): view('index', [...])
 6 SYSTEMPATH\CodeIgniter.php(927): App\Controllers\Home->index()
 7 SYSTEMPATH\CodeIgniter.php(482): CodeIgniter\CodeIgniter->runController(Object(App\Controllers\Home))
 8 SYSTEMPATH\CodeIgniter.php(351): CodeIgniter\CodeIgniter->handleRequest(null, Object(Config\Cache), false)
 9 FCPATH\index.php(67): CodeIgniter\CodeIgniter->run()
CRITICAL - 2022-11-22 14:54:43 --> Undefined array key "status"
in APPPATH\Views\index.php on line 32.
 1 APPPATH\Views\index.php(32): CodeIgniter\Debug\Exceptions->errorHandler(2, 'Undefined array key "status"', 'APPPATH\\Views\\index.php', 32)
 2 SYSTEMPATH\View\View.php(213): include('APPPATH\\Views\\index.php')
 3 SYSTEMPATH\View\View.php(216): CodeIgniter\View\View->CodeIgniter\View\{closure}()
 4 SYSTEMPATH\Common.php(1134): CodeIgniter\View\View->render('index', [], true)
 5 APPPATH\Controllers\Home.php(33): view('index', [...])
 6 SYSTEMPATH\CodeIgniter.php(927): App\Controllers\Home->index()
 7 SYSTEMPATH\CodeIgniter.php(482): CodeIgniter\CodeIgniter->runController(Object(App\Controllers\Home))
 8 SYSTEMPATH\CodeIgniter.php(351): CodeIgniter\CodeIgniter->handleRequest(null, Object(Config\Cache), false)
 9 FCPATH\index.php(67): CodeIgniter\CodeIgniter->run()
CRITICAL - 2022-11-22 15:26:08 --> Undefined array key "user_id"
in APPPATH\Controllers\Groups_Controller.php on line 69.
 1 APPPATH\Controllers\Groups_Controller.php(69): CodeIgniter\Debug\Exceptions->errorHandler(2, 'Undefined array key "user_id"', 'APPPATH\\Controllers\\Groups_Controller.php', 69)
 2 SYSTEMPATH\CodeIgniter.php(927): App\Controllers\Groups_Controller->requests('2')
 3 SYSTEMPATH\CodeIgniter.php(482): CodeIgniter\CodeIgniter->runController(Object(App\Controllers\Groups_Controller))
 4 SYSTEMPATH\CodeIgniter.php(351): CodeIgniter\CodeIgniter->handleRequest(null, Object(Config\Cache), false)
 5 FCPATH\index.php(67): CodeIgniter\CodeIgniter->run()
CRITICAL - 2022-11-22 15:26:38 --> Undefined array key "user_id"
in APPPATH\Controllers\Groups_Controller.php on line 69.
 1 APPPATH\Controllers\Groups_Controller.php(69): CodeIgniter\Debug\Exceptions->errorHandler(2, 'Undefined array key "user_id"', 'APPPATH\\Controllers\\Groups_Controller.php', 69)
 2 SYSTEMPATH\CodeIgniter.php(927): App\Controllers\Groups_Controller->requests('2')
 3 SYSTEMPATH\CodeIgniter.php(482): CodeIgniter\CodeIgniter->runController(Object(App\Controllers\Groups_Controller))
 4 SYSTEMPATH\CodeIgniter.php(351): CodeIgniter\CodeIgniter->handleRequest(null, Object(Config\Cache), false)
 5 FCPATH\index.php(67): CodeIgniter\CodeIgniter->run()
