CRITICAL - 2022-12-26 11:58:41 --> Undefined variable $breadcrumb
in APPPATH\Views\includes\footer1.php on line 91.
 1 APPPATH\Views\includes\footer1.php(91): CodeIgniter\Debug\Exceptions->errorHandler(2, 'Undefined variable $breadcrumb', 'APPPATH\\Views\\includes\\footer1.php', 91)
 2 APPPATH\Views\contact.php(106): include('APPPATH\\Views\\includes\\footer1.php')
 3 SYSTEMPATH\View\View.php(213): include('APPPATH\\Views\\contact.php')
 4 SYSTEMPATH\View\View.php(216): CodeIgniter\View\View->CodeIgniter\View\{closure}()
 5 SYSTEMPATH\Common.php(1134): CodeIgniter\View\View->render('contact', [], true)
 6 APPPATH\Controllers\Home.php(151): view('contact', [...])
 7 SYSTEMPATH\CodeIgniter.php(927): App\Controllers\Home->contact()
 8 SYSTEMPATH\CodeIgniter.php(482): CodeIgniter\CodeIgniter->runController(Object(App\Controllers\Home))
 9 SYSTEMPATH\CodeIgniter.php(351): CodeIgniter\CodeIgniter->handleRequest(null, Object(Config\Cache), false)
10 FCPATH\index.php(67): CodeIgniter\CodeIgniter->run()
CRITICAL - 2022-12-26 11:58:42 --> Undefined variable $breadcrumb
in APPPATH\Views\includes\footer1.php on line 91.
 1 APPPATH\Views\includes\footer1.php(91): CodeIgniter\Debug\Exceptions->errorHandler(2, 'Undefined variable $breadcrumb', 'APPPATH\\Views\\includes\\footer1.php', 91)
 2 APPPATH\Views\contact.php(106): include('APPPATH\\Views\\includes\\footer1.php')
 3 SYSTEMPATH\View\View.php(213): include('APPPATH\\Views\\contact.php')
 4 SYSTEMPATH\View\View.php(216): CodeIgniter\View\View->CodeIgniter\View\{closure}()
 5 SYSTEMPATH\Common.php(1134): CodeIgniter\View\View->render('contact', [], true)
 6 APPPATH\Controllers\Home.php(151): view('contact', [...])
 7 SYSTEMPATH\CodeIgniter.php(927): App\Controllers\Home->contact()
 8 SYSTEMPATH\CodeIgniter.php(482): CodeIgniter\CodeIgniter->runController(Object(App\Controllers\Home))
 9 SYSTEMPATH\CodeIgniter.php(351): CodeIgniter\CodeIgniter->handleRequest(null, Object(Config\Cache), false)
10 FCPATH\index.php(67): CodeIgniter\CodeIgniter->run()
CRITICAL - 2022-12-26 11:58:42 --> Undefined variable $breadcrumb
in APPPATH\Views\includes\footer1.php on line 91.
 1 APPPATH\Views\includes\footer1.php(91): CodeIgniter\Debug\Exceptions->errorHandler(2, 'Undefined variable $breadcrumb', 'APPPATH\\Views\\includes\\footer1.php', 91)
 2 APPPATH\Views\contact.php(106): include('APPPATH\\Views\\includes\\footer1.php')
 3 SYSTEMPATH\View\View.php(213): include('APPPATH\\Views\\contact.php')
 4 SYSTEMPATH\View\View.php(216): CodeIgniter\View\View->CodeIgniter\View\{closure}()
 5 SYSTEMPATH\Common.php(1134): CodeIgniter\View\View->render('contact', [], true)
 6 APPPATH\Controllers\Home.php(151): view('contact', [...])
 7 SYSTEMPATH\CodeIgniter.php(927): App\Controllers\Home->contact()
 8 SYSTEMPATH\CodeIgniter.php(482): CodeIgniter\CodeIgniter->runController(Object(App\Controllers\Home))
 9 SYSTEMPATH\CodeIgniter.php(351): CodeIgniter\CodeIgniter->handleRequest(null, Object(Config\Cache), false)
10 FCPATH\index.php(67): CodeIgniter\CodeIgniter->run()
