CRITICAL - 2022-11-08 04:23:47 --> Cannot access offset of type string on string
in APPPATH\Views\includes\sidebar.php on line 36.
 1 APPPATH\Views\index.php(4): include()
 2 SYSTEMPATH\View\View.php(213): include('APPPATH\\Views\\index.php')
 3 SYSTEMPATH\View\View.php(216): CodeIgniter\View\View->CodeIgniter\View\{closure}()
 4 SYSTEMPATH\Common.php(1134): CodeIgniter\View\View->render('index', [], true)
 5 APPPATH\Controllers\Home.php(18): view('index', [...])
 6 SYSTEMPATH\CodeIgniter.php(927): App\Controllers\Home->index()
 7 SYSTEMPATH\CodeIgniter.php(482): CodeIgniter\CodeIgniter->runController(Object(App\Controllers\Home))
 8 SYSTEMPATH\CodeIgniter.php(351): CodeIgniter\CodeIgniter->handleRequest(null, Object(Config\Cache), false)
 9 FCPATH\index.php(67): CodeIgniter\CodeIgniter->run()
CRITICAL - 2022-11-08 04:26:16 --> Cannot access offset of type string on string
in APPPATH\Views\includes\sidebar.php on line 36.
 1 APPPATH\Views\index.php(4): include()
 2 SYSTEMPATH\View\View.php(213): include('APPPATH\\Views\\index.php')
 3 SYSTEMPATH\View\View.php(216): CodeIgniter\View\View->CodeIgniter\View\{closure}()
 4 SYSTEMPATH\Common.php(1134): CodeIgniter\View\View->render('index', [], true)
 5 APPPATH\Controllers\Home.php(18): view('index', [...])
 6 SYSTEMPATH\CodeIgniter.php(927): App\Controllers\Home->index()
 7 SYSTEMPATH\CodeIgniter.php(482): CodeIgniter\CodeIgniter->runController(Object(App\Controllers\Home))
 8 SYSTEMPATH\CodeIgniter.php(351): CodeIgniter\CodeIgniter->handleRequest(null, Object(Config\Cache), false)
 9 FCPATH\index.php(67): CodeIgniter\CodeIgniter->run()
CRITICAL - 2022-11-08 04:29:18 --> Undefined variable $sub_categories
in APPPATH\Views\includes\sidebar.php on line 33.
 1 APPPATH\Views\includes\sidebar.php(33): CodeIgniter\Debug\Exceptions->errorHandler(2, 'Undefined variable $sub_categories', 'APPPATH\\Views\\includes\\sidebar.php', 33)
 2 APPPATH\Views\index.php(4): include('APPPATH\\Views\\includes\\sidebar.php')
 3 SYSTEMPATH\View\View.php(213): include('APPPATH\\Views\\index.php')
 4 SYSTEMPATH\View\View.php(216): CodeIgniter\View\View->CodeIgniter\View\{closure}()
 5 SYSTEMPATH\Common.php(1134): CodeIgniter\View\View->render('index', [], true)
 6 APPPATH\Controllers\Home.php(23): view('index', [...])
 7 SYSTEMPATH\CodeIgniter.php(927): App\Controllers\Home->index()
 8 SYSTEMPATH\CodeIgniter.php(482): CodeIgniter\CodeIgniter->runController(Object(App\Controllers\Home))
 9 SYSTEMPATH\CodeIgniter.php(351): CodeIgniter\CodeIgniter->handleRequest(null, Object(Config\Cache), false)
10 FCPATH\index.php(67): CodeIgniter\CodeIgniter->run()
CRITICAL - 2022-11-08 04:30:57 --> Undefined variable $sub_categories
in APPPATH\Views\includes\sidebar.php on line 33.
 1 APPPATH\Views\includes\sidebar.php(33): CodeIgniter\Debug\Exceptions->errorHandler(2, 'Undefined variable $sub_categories', 'APPPATH\\Views\\includes\\sidebar.php', 33)
 2 APPPATH\Views\index.php(4): include('APPPATH\\Views\\includes\\sidebar.php')
 3 SYSTEMPATH\View\View.php(213): include('APPPATH\\Views\\index.php')
 4 SYSTEMPATH\View\View.php(216): CodeIgniter\View\View->CodeIgniter\View\{closure}()
 5 SYSTEMPATH\Common.php(1134): CodeIgniter\View\View->render('index', [], true)
 6 APPPATH\Controllers\Home.php(23): view('index', [...])
 7 SYSTEMPATH\CodeIgniter.php(927): App\Controllers\Home->index()
 8 SYSTEMPATH\CodeIgniter.php(482): CodeIgniter\CodeIgniter->runController(Object(App\Controllers\Home))
 9 SYSTEMPATH\CodeIgniter.php(351): CodeIgniter\CodeIgniter->handleRequest(null, Object(Config\Cache), false)
10 FCPATH\index.php(67): CodeIgniter\CodeIgniter->run()
CRITICAL - 2022-11-08 04:34:19 --> Cannot access offset of type string on string
in APPPATH\Views\includes\sidebar.php on line 36.
 1 APPPATH\Views\index.php(4): include()
 2 SYSTEMPATH\View\View.php(213): include('APPPATH\\Views\\index.php')
 3 SYSTEMPATH\View\View.php(216): CodeIgniter\View\View->CodeIgniter\View\{closure}()
 4 SYSTEMPATH\Common.php(1134): CodeIgniter\View\View->render('index', [], true)
 5 APPPATH\Controllers\Home.php(18): view('index', [...])
 6 SYSTEMPATH\CodeIgniter.php(927): App\Controllers\Home->index()
 7 SYSTEMPATH\CodeIgniter.php(482): CodeIgniter\CodeIgniter->runController(Object(App\Controllers\Home))
 8 SYSTEMPATH\CodeIgniter.php(351): CodeIgniter\CodeIgniter->handleRequest(null, Object(Config\Cache), false)
 9 FCPATH\index.php(67): CodeIgniter\CodeIgniter->run()
CRITICAL - 2022-11-08 04:34:33 --> Undefined variable $sub_categories
in APPPATH\Views\includes\sidebar.php on line 33.
 1 APPPATH\Views\includes\sidebar.php(33): CodeIgniter\Debug\Exceptions->errorHandler(2, 'Undefined variable $sub_categories', 'APPPATH\\Views\\includes\\sidebar.php', 33)
 2 APPPATH\Views\index.php(4): include('APPPATH\\Views\\includes\\sidebar.php')
 3 SYSTEMPATH\View\View.php(213): include('APPPATH\\Views\\index.php')
 4 SYSTEMPATH\View\View.php(216): CodeIgniter\View\View->CodeIgniter\View\{closure}()
 5 SYSTEMPATH\Common.php(1134): CodeIgniter\View\View->render('index', [], true)
 6 APPPATH\Controllers\Home.php(18): view('index', [...])
 7 SYSTEMPATH\CodeIgniter.php(927): App\Controllers\Home->index()
 8 SYSTEMPATH\CodeIgniter.php(482): CodeIgniter\CodeIgniter->runController(Object(App\Controllers\Home))
 9 SYSTEMPATH\CodeIgniter.php(351): CodeIgniter\CodeIgniter->handleRequest(null, Object(Config\Cache), false)
10 FCPATH\index.php(67): CodeIgniter\CodeIgniter->run()
