CRITICAL - 2022-12-01 04:04:09 --> Too few arguments to function App\Controllers\Chats_Controller::msg(), 0 passed in C:\xampp\htdocs\Voting-System\vendor\codeigniter4\framework\system\CodeIgniter.php on line 927 and exactly 1 expected
in APPPATH\Controllers\Chats_Controller.php on line 63.
 1 SYSTEMPATH\CodeIgniter.php(927): App\Controllers\Chats_Controller->msg()
 2 SYSTEMPATH\CodeIgniter.php(482): CodeIgniter\CodeIgniter->runController(Object(App\Controllers\Chats_Controller))
 3 SYSTEMPATH\CodeIgniter.php(351): CodeIgniter\CodeIgniter->handleRequest(null, Object(Config\Cache), false)
 4 FCPATH\index.php(67): CodeIgniter\CodeIgniter->run()
CRITICAL - 2022-12-01 04:04:14 --> Too few arguments to function App\Controllers\Chats_Controller::msg(), 0 passed in C:\xampp\htdocs\Voting-System\vendor\codeigniter4\framework\system\CodeIgniter.php on line 927 and exactly 1 expected
in APPPATH\Controllers\Chats_Controller.php on line 63.
 1 SYSTEMPATH\CodeIgniter.php(927): App\Controllers\Chats_Controller->msg()
 2 SYSTEMPATH\CodeIgniter.php(482): CodeIgniter\CodeIgniter->runController(Object(App\Controllers\Chats_Controller))
 3 SYSTEMPATH\CodeIgniter.php(351): CodeIgniter\CodeIgniter->handleRequest(null, Object(Config\Cache), false)
 4 FCPATH\index.php(67): CodeIgniter\CodeIgniter->run()
CRITICAL - 2022-12-01 04:04:19 --> Too few arguments to function App\Controllers\Chats_Controller::msg(), 0 passed in C:\xampp\htdocs\Voting-System\vendor\codeigniter4\framework\system\CodeIgniter.php on line 927 and exactly 1 expected
in APPPATH\Controllers\Chats_Controller.php on line 63.
 1 SYSTEMPATH\CodeIgniter.php(927): App\Controllers\Chats_Controller->msg()
 2 SYSTEMPATH\CodeIgniter.php(482): CodeIgniter\CodeIgniter->runController(Object(App\Controllers\Chats_Controller))
 3 SYSTEMPATH\CodeIgniter.php(351): CodeIgniter\CodeIgniter->handleRequest(null, Object(Config\Cache), false)
 4 FCPATH\index.php(67): CodeIgniter\CodeIgniter->run()
CRITICAL - 2022-12-01 04:04:24 --> Too few arguments to function App\Controllers\Chats_Controller::msg(), 0 passed in C:\xampp\htdocs\Voting-System\vendor\codeigniter4\framework\system\CodeIgniter.php on line 927 and exactly 1 expected
in APPPATH\Controllers\Chats_Controller.php on line 63.
 1 SYSTEMPATH\CodeIgniter.php(927): App\Controllers\Chats_Controller->msg()
 2 SYSTEMPATH\CodeIgniter.php(482): CodeIgniter\CodeIgniter->runController(Object(App\Controllers\Chats_Controller))
 3 SYSTEMPATH\CodeIgniter.php(351): CodeIgniter\CodeIgniter->handleRequest(null, Object(Config\Cache), false)
 4 FCPATH\index.php(67): CodeIgniter\CodeIgniter->run()
CRITICAL - 2022-12-01 04:04:29 --> Too few arguments to function App\Controllers\Chats_Controller::msg(), 0 passed in C:\xampp\htdocs\Voting-System\vendor\codeigniter4\framework\system\CodeIgniter.php on line 927 and exactly 1 expected
in APPPATH\Controllers\Chats_Controller.php on line 63.
 1 SYSTEMPATH\CodeIgniter.php(927): App\Controllers\Chats_Controller->msg()
 2 SYSTEMPATH\CodeIgniter.php(482): CodeIgniter\CodeIgniter->runController(Object(App\Controllers\Chats_Controller))
 3 SYSTEMPATH\CodeIgniter.php(351): CodeIgniter\CodeIgniter->handleRequest(null, Object(Config\Cache), false)
 4 FCPATH\index.php(67): CodeIgniter\CodeIgniter->run()
CRITICAL - 2022-12-01 04:04:34 --> Too few arguments to function App\Controllers\Chats_Controller::msg(), 0 passed in C:\xampp\htdocs\Voting-System\vendor\codeigniter4\framework\system\CodeIgniter.php on line 927 and exactly 1 expected
in APPPATH\Controllers\Chats_Controller.php on line 63.
 1 SYSTEMPATH\CodeIgniter.php(927): App\Controllers\Chats_Controller->msg()
 2 SYSTEMPATH\CodeIgniter.php(482): CodeIgniter\CodeIgniter->runController(Object(App\Controllers\Chats_Controller))
 3 SYSTEMPATH\CodeIgniter.php(351): CodeIgniter\CodeIgniter->handleRequest(null, Object(Config\Cache), false)
 4 FCPATH\index.php(67): CodeIgniter\CodeIgniter->run()
CRITICAL - 2022-12-01 04:04:39 --> Too few arguments to function App\Controllers\Chats_Controller::msg(), 0 passed in C:\xampp\htdocs\Voting-System\vendor\codeigniter4\framework\system\CodeIgniter.php on line 927 and exactly 1 expected
in APPPATH\Controllers\Chats_Controller.php on line 63.
 1 SYSTEMPATH\CodeIgniter.php(927): App\Controllers\Chats_Controller->msg()
 2 SYSTEMPATH\CodeIgniter.php(482): CodeIgniter\CodeIgniter->runController(Object(App\Controllers\Chats_Controller))
 3 SYSTEMPATH\CodeIgniter.php(351): CodeIgniter\CodeIgniter->handleRequest(null, Object(Config\Cache), false)
 4 FCPATH\index.php(67): CodeIgniter\CodeIgniter->run()
CRITICAL - 2022-12-01 04:04:44 --> Too few arguments to function App\Controllers\Chats_Controller::msg(), 0 passed in C:\xampp\htdocs\Voting-System\vendor\codeigniter4\framework\system\CodeIgniter.php on line 927 and exactly 1 expected
in APPPATH\Controllers\Chats_Controller.php on line 63.
 1 SYSTEMPATH\CodeIgniter.php(927): App\Controllers\Chats_Controller->msg()
 2 SYSTEMPATH\CodeIgniter.php(482): CodeIgniter\CodeIgniter->runController(Object(App\Controllers\Chats_Controller))
 3 SYSTEMPATH\CodeIgniter.php(351): CodeIgniter\CodeIgniter->handleRequest(null, Object(Config\Cache), false)
 4 FCPATH\index.php(67): CodeIgniter\CodeIgniter->run()
CRITICAL - 2022-12-01 04:04:49 --> Cannot redeclare App\Controllers\Chats_Controller::msg()
in APPPATH\Controllers\Chats_Controller.php on line 69.
 1 [internal function]: CodeIgniter\Debug\Exceptions->shutdownHandler()
CRITICAL - 2022-12-01 04:04:54 --> Cannot redeclare App\Controllers\Chats_Controller::msg()
in APPPATH\Controllers\Chats_Controller.php on line 69.
 1 [internal function]: CodeIgniter\Debug\Exceptions->shutdownHandler()
CRITICAL - 2022-12-01 04:04:59 --> Cannot redeclare App\Controllers\Chats_Controller::msg()
in APPPATH\Controllers\Chats_Controller.php on line 69.
 1 [internal function]: CodeIgniter\Debug\Exceptions->shutdownHandler()
CRITICAL - 2022-12-01 04:05:04 --> Cannot redeclare App\Controllers\Chats_Controller::msg()
in APPPATH\Controllers\Chats_Controller.php on line 69.
 1 [internal function]: CodeIgniter\Debug\Exceptions->shutdownHandler()
CRITICAL - 2022-12-01 04:05:09 --> Cannot redeclare App\Controllers\Chats_Controller::msg()
in APPPATH\Controllers\Chats_Controller.php on line 69.
 1 [internal function]: CodeIgniter\Debug\Exceptions->shutdownHandler()
CRITICAL - 2022-12-01 04:05:14 --> Cannot redeclare App\Controllers\Chats_Controller::msg()
in APPPATH\Controllers\Chats_Controller.php on line 69.
 1 [internal function]: CodeIgniter\Debug\Exceptions->shutdownHandler()
CRITICAL - 2022-12-01 04:05:19 --> Cannot redeclare App\Controllers\Chats_Controller::msg()
in APPPATH\Controllers\Chats_Controller.php on line 68.
 1 [internal function]: CodeIgniter\Debug\Exceptions->shutdownHandler()
CRITICAL - 2022-12-01 04:05:24 --> Cannot redeclare App\Controllers\Chats_Controller::msg()
in APPPATH\Controllers\Chats_Controller.php on line 68.
 1 [internal function]: CodeIgniter\Debug\Exceptions->shutdownHandler()
CRITICAL - 2022-12-01 04:05:29 --> Cannot redeclare App\Controllers\Chats_Controller::msg()
in APPPATH\Controllers\Chats_Controller.php on line 68.
 1 [internal function]: CodeIgniter\Debug\Exceptions->shutdownHandler()
CRITICAL - 2022-12-01 04:05:34 --> Too few arguments to function App\Controllers\Chats_Controller::msg(), 0 passed in C:\xampp\htdocs\Voting-System\vendor\codeigniter4\framework\system\CodeIgniter.php on line 927 and exactly 1 expected
in APPPATH\Controllers\Chats_Controller.php on line 68.
 1 SYSTEMPATH\CodeIgniter.php(927): App\Controllers\Chats_Controller->msg()
 2 SYSTEMPATH\CodeIgniter.php(482): CodeIgniter\CodeIgniter->runController(Object(App\Controllers\Chats_Controller))
 3 SYSTEMPATH\CodeIgniter.php(351): CodeIgniter\CodeIgniter->handleRequest(null, Object(Config\Cache), false)
 4 FCPATH\index.php(67): CodeIgniter\CodeIgniter->run()
CRITICAL - 2022-12-01 04:05:39 --> Too few arguments to function App\Controllers\Chats_Controller::msg(), 0 passed in C:\xampp\htdocs\Voting-System\vendor\codeigniter4\framework\system\CodeIgniter.php on line 927 and exactly 1 expected
in APPPATH\Controllers\Chats_Controller.php on line 68.
 1 SYSTEMPATH\CodeIgniter.php(927): App\Controllers\Chats_Controller->msg()
 2 SYSTEMPATH\CodeIgniter.php(482): CodeIgniter\CodeIgniter->runController(Object(App\Controllers\Chats_Controller))
 3 SYSTEMPATH\CodeIgniter.php(351): CodeIgniter\CodeIgniter->handleRequest(null, Object(Config\Cache), false)
 4 FCPATH\index.php(67): CodeIgniter\CodeIgniter->run()
CRITICAL - 2022-12-01 04:05:44 --> Too few arguments to function App\Controllers\Chats_Controller::msg(), 0 passed in C:\xampp\htdocs\Voting-System\vendor\codeigniter4\framework\system\CodeIgniter.php on line 927 and exactly 1 expected
in APPPATH\Controllers\Chats_Controller.php on line 68.
 1 SYSTEMPATH\CodeIgniter.php(927): App\Controllers\Chats_Controller->msg()
 2 SYSTEMPATH\CodeIgniter.php(482): CodeIgniter\CodeIgniter->runController(Object(App\Controllers\Chats_Controller))
 3 SYSTEMPATH\CodeIgniter.php(351): CodeIgniter\CodeIgniter->handleRequest(null, Object(Config\Cache), false)
 4 FCPATH\index.php(67): CodeIgniter\CodeIgniter->run()
CRITICAL - 2022-12-01 04:05:49 --> Too few arguments to function App\Controllers\Chats_Controller::msg(), 0 passed in C:\xampp\htdocs\Voting-System\vendor\codeigniter4\framework\system\CodeIgniter.php on line 927 and exactly 1 expected
in APPPATH\Controllers\Chats_Controller.php on line 68.
 1 SYSTEMPATH\CodeIgniter.php(927): App\Controllers\Chats_Controller->msg()
 2 SYSTEMPATH\CodeIgniter.php(482): CodeIgniter\CodeIgniter->runController(Object(App\Controllers\Chats_Controller))
 3 SYSTEMPATH\CodeIgniter.php(351): CodeIgniter\CodeIgniter->handleRequest(null, Object(Config\Cache), false)
 4 FCPATH\index.php(67): CodeIgniter\CodeIgniter->run()
ERROR - 2022-12-01 04:13:15 --> mysqli_sql_exception: Table 'voting.public_chat' doesn't exist in C:\xampp\htdocs\Voting-System\vendor\codeigniter4\framework\system\Database\MySQLi\Connection.php:292
Stack trace:
#0 C:\xampp\htdocs\Voting-System\vendor\codeigniter4\framework\system\Database\MySQLi\Connection.php(292): mysqli->query('INSERT INTO `pu...', 0)
#1 C:\xampp\htdocs\Voting-System\vendor\codeigniter4\framework\system\Database\BaseConnection.php(666): CodeIgniter\Database\MySQLi\Connection->execute('INSERT INTO `pu...')
#2 C:\xampp\htdocs\Voting-System\vendor\codeigniter4\framework\system\Database\BaseConnection.php(593): CodeIgniter\Database\BaseConnection->simpleQuery('INSERT INTO `pu...')
#3 C:\xampp\htdocs\Voting-System\vendor\codeigniter4\framework\system\Database\BaseBuilder.php(1916): CodeIgniter\Database\BaseConnection->query('INSERT INTO `pu...', Array, false)
#4 C:\xampp\htdocs\Voting-System\vendor\codeigniter4\framework\system\Model.php(279): CodeIgniter\Database\BaseBuilder->insert()
#5 C:\xampp\htdocs\Voting-System\vendor\codeigniter4\framework\system\BaseModel.php(749): CodeIgniter\Model->doInsert(Array)
#6 C:\xampp\htdocs\Voting-System\vendor\codeigniter4\framework\system\Model.php(667): CodeIgniter\BaseModel->insert(Array, false)
#7 C:\xampp\htdocs\Voting-System\vendor\codeigniter4\framework\system\BaseModel.php(659): CodeIgniter\Model->insert(Array, false)
#8 C:\xampp\htdocs\Voting-System\app\Controllers\Chats_Controller.php(42): CodeIgniter\BaseModel->save(Array)
#9 C:\xampp\htdocs\Voting-System\vendor\codeigniter4\framework\system\CodeIgniter.php(927): App\Controllers\Chats_Controller->public_chat()
#10 C:\xampp\htdocs\Voting-System\vendor\codeigniter4\framework\system\CodeIgniter.php(482): CodeIgniter\CodeIgniter->runController(Object(App\Controllers\Chats_Controller))
#11 C:\xampp\htdocs\Voting-System\vendor\codeigniter4\framework\system\CodeIgniter.php(351): CodeIgniter\CodeIgniter->handleRequest(NULL, Object(Config\Cache), false)
#12 C:\xampp\htdocs\Voting-System\index.php(67): CodeIgniter\CodeIgniter->run()
#13 {main}
CRITICAL - 2022-12-01 04:13:15 --> Table 'voting.public_chat' doesn't exist
in SYSTEMPATH\Database\MySQLi\Connection.php on line 292.
 1 SYSTEMPATH\Database\MySQLi\Connection.php(292): mysqli->query('INSERT INTO `public_chat` (`username`, `message`) VALUES (\'bilal\', \'hi\')', 0)
 2 SYSTEMPATH\Database\BaseConnection.php(666): CodeIgniter\Database\MySQLi\Connection->execute('INSERT INTO `public_chat` (`username`, `message`) VALUES (\'bilal\', \'hi\')')
 3 SYSTEMPATH\Database\BaseConnection.php(593): CodeIgniter\Database\BaseConnection->simpleQuery('INSERT INTO `public_chat` (`username`, `message`) VALUES (\'bilal\', \'hi\')')
 4 SYSTEMPATH\Database\BaseBuilder.php(1916): CodeIgniter\Database\BaseConnection->query('INSERT INTO `public_chat` (`username`, `message`) VALUES (:username:, :message:)', [...], false)
 5 SYSTEMPATH\Model.php(279): CodeIgniter\Database\BaseBuilder->insert()
 6 SYSTEMPATH\BaseModel.php(749): CodeIgniter\Model->doInsert([...])
 7 SYSTEMPATH\Model.php(667): CodeIgniter\BaseModel->insert([...], false)
 8 SYSTEMPATH\BaseModel.php(659): CodeIgniter\Model->insert([...], false)
 9 APPPATH\Controllers\Chats_Controller.php(42): CodeIgniter\BaseModel->save([...])
10 SYSTEMPATH\CodeIgniter.php(927): App\Controllers\Chats_Controller->public_chat()
11 SYSTEMPATH\CodeIgniter.php(482): CodeIgniter\CodeIgniter->runController(Object(App\Controllers\Chats_Controller))
12 SYSTEMPATH\CodeIgniter.php(351): CodeIgniter\CodeIgniter->handleRequest(null, Object(Config\Cache), false)
13 FCPATH\index.php(67): CodeIgniter\CodeIgniter->run()
ERROR - 2022-12-01 04:13:24 --> mysqli_sql_exception: Table 'voting.public_chat' doesn't exist in C:\xampp\htdocs\Voting-System\vendor\codeigniter4\framework\system\Database\MySQLi\Connection.php:292
Stack trace:
#0 C:\xampp\htdocs\Voting-System\vendor\codeigniter4\framework\system\Database\MySQLi\Connection.php(292): mysqli->query('INSERT INTO `pu...', 0)
#1 C:\xampp\htdocs\Voting-System\vendor\codeigniter4\framework\system\Database\BaseConnection.php(666): CodeIgniter\Database\MySQLi\Connection->execute('INSERT INTO `pu...')
#2 C:\xampp\htdocs\Voting-System\vendor\codeigniter4\framework\system\Database\BaseConnection.php(593): CodeIgniter\Database\BaseConnection->simpleQuery('INSERT INTO `pu...')
#3 C:\xampp\htdocs\Voting-System\vendor\codeigniter4\framework\system\Database\BaseBuilder.php(1916): CodeIgniter\Database\BaseConnection->query('INSERT INTO `pu...', Array, false)
#4 C:\xampp\htdocs\Voting-System\vendor\codeigniter4\framework\system\Model.php(279): CodeIgniter\Database\BaseBuilder->insert()
#5 C:\xampp\htdocs\Voting-System\vendor\codeigniter4\framework\system\BaseModel.php(749): CodeIgniter\Model->doInsert(Array)
#6 C:\xampp\htdocs\Voting-System\vendor\codeigniter4\framework\system\Model.php(667): CodeIgniter\BaseModel->insert(Array, false)
#7 C:\xampp\htdocs\Voting-System\vendor\codeigniter4\framework\system\BaseModel.php(659): CodeIgniter\Model->insert(Array, false)
#8 C:\xampp\htdocs\Voting-System\app\Controllers\Chats_Controller.php(42): CodeIgniter\BaseModel->save(Array)
#9 C:\xampp\htdocs\Voting-System\vendor\codeigniter4\framework\system\CodeIgniter.php(927): App\Controllers\Chats_Controller->public_chat()
#10 C:\xampp\htdocs\Voting-System\vendor\codeigniter4\framework\system\CodeIgniter.php(482): CodeIgniter\CodeIgniter->runController(Object(App\Controllers\Chats_Controller))
#11 C:\xampp\htdocs\Voting-System\vendor\codeigniter4\framework\system\CodeIgniter.php(351): CodeIgniter\CodeIgniter->handleRequest(NULL, Object(Config\Cache), false)
#12 C:\xampp\htdocs\Voting-System\index.php(67): CodeIgniter\CodeIgniter->run()
#13 {main}
CRITICAL - 2022-12-01 04:13:24 --> Table 'voting.public_chat' doesn't exist
in SYSTEMPATH\Database\MySQLi\Connection.php on line 292.
 1 SYSTEMPATH\Database\MySQLi\Connection.php(292): mysqli->query('INSERT INTO `public_chat` (`username`, `message`) VALUES (\'bilal\', \'hi\')', 0)
 2 SYSTEMPATH\Database\BaseConnection.php(666): CodeIgniter\Database\MySQLi\Connection->execute('INSERT INTO `public_chat` (`username`, `message`) VALUES (\'bilal\', \'hi\')')
 3 SYSTEMPATH\Database\BaseConnection.php(593): CodeIgniter\Database\BaseConnection->simpleQuery('INSERT INTO `public_chat` (`username`, `message`) VALUES (\'bilal\', \'hi\')')
 4 SYSTEMPATH\Database\BaseBuilder.php(1916): CodeIgniter\Database\BaseConnection->query('INSERT INTO `public_chat` (`username`, `message`) VALUES (:username:, :message:)', [...], false)
 5 SYSTEMPATH\Model.php(279): CodeIgniter\Database\BaseBuilder->insert()
 6 SYSTEMPATH\BaseModel.php(749): CodeIgniter\Model->doInsert([...])
 7 SYSTEMPATH\Model.php(667): CodeIgniter\BaseModel->insert([...], false)
 8 SYSTEMPATH\BaseModel.php(659): CodeIgniter\Model->insert([...], false)
 9 APPPATH\Controllers\Chats_Controller.php(42): CodeIgniter\BaseModel->save([...])
10 SYSTEMPATH\CodeIgniter.php(927): App\Controllers\Chats_Controller->public_chat()
11 SYSTEMPATH\CodeIgniter.php(482): CodeIgniter\CodeIgniter->runController(Object(App\Controllers\Chats_Controller))
12 SYSTEMPATH\CodeIgniter.php(351): CodeIgniter\CodeIgniter->handleRequest(null, Object(Config\Cache), false)
13 FCPATH\index.php(67): CodeIgniter\CodeIgniter->run()
CRITICAL - 2022-12-01 06:16:55 --> Undefined array key "created_at"
in APPPATH\Views\panel\user\groups.php on line 15.
 1 APPPATH\Views\panel\user\groups.php(15): CodeIgniter\Debug\Exceptions->errorHandler(2, 'Undefined array key "created_at"', 'APPPATH\\Views\\panel\\user\\groups.php', 15)
 2 SYSTEMPATH\View\View.php(213): include('APPPATH\\Views\\panel\\user\\groups.php')
 3 SYSTEMPATH\View\View.php(216): CodeIgniter\View\View->CodeIgniter\View\{closure}()
 4 SYSTEMPATH\Common.php(1134): CodeIgniter\View\View->render('panel/user/groups', [], true)
 5 APPPATH\Controllers\Groups_Controller.php(19): view('panel/user/groups', [...])
 6 SYSTEMPATH\CodeIgniter.php(927): App\Controllers\Groups_Controller->index()
 7 SYSTEMPATH\CodeIgniter.php(482): CodeIgniter\CodeIgniter->runController(Object(App\Controllers\Groups_Controller))
 8 SYSTEMPATH\CodeIgniter.php(351): CodeIgniter\CodeIgniter->handleRequest(null, Object(Config\Cache), false)
 9 FCPATH\index.php(67): CodeIgniter\CodeIgniter->run()
CRITICAL - 2022-12-01 06:16:56 --> Undefined array key "created_at"
in APPPATH\Views\panel\user\groups.php on line 15.
 1 APPPATH\Views\panel\user\groups.php(15): CodeIgniter\Debug\Exceptions->errorHandler(2, 'Undefined array key "created_at"', 'APPPATH\\Views\\panel\\user\\groups.php', 15)
 2 SYSTEMPATH\View\View.php(213): include('APPPATH\\Views\\panel\\user\\groups.php')
 3 SYSTEMPATH\View\View.php(216): CodeIgniter\View\View->CodeIgniter\View\{closure}()
 4 SYSTEMPATH\Common.php(1134): CodeIgniter\View\View->render('panel/user/groups', [], true)
 5 APPPATH\Controllers\Groups_Controller.php(19): view('panel/user/groups', [...])
 6 SYSTEMPATH\CodeIgniter.php(927): App\Controllers\Groups_Controller->index()
 7 SYSTEMPATH\CodeIgniter.php(482): CodeIgniter\CodeIgniter->runController(Object(App\Controllers\Groups_Controller))
 8 SYSTEMPATH\CodeIgniter.php(351): CodeIgniter\CodeIgniter->handleRequest(null, Object(Config\Cache), false)
 9 FCPATH\index.php(67): CodeIgniter\CodeIgniter->run()
CRITICAL - 2022-12-01 06:16:56 --> Undefined array key "created_at"
in APPPATH\Views\panel\user\groups.php on line 15.
 1 APPPATH\Views\panel\user\groups.php(15): CodeIgniter\Debug\Exceptions->errorHandler(2, 'Undefined array key "created_at"', 'APPPATH\\Views\\panel\\user\\groups.php', 15)
 2 SYSTEMPATH\View\View.php(213): include('APPPATH\\Views\\panel\\user\\groups.php')
 3 SYSTEMPATH\View\View.php(216): CodeIgniter\View\View->CodeIgniter\View\{closure}()
 4 SYSTEMPATH\Common.php(1134): CodeIgniter\View\View->render('panel/user/groups', [], true)
 5 APPPATH\Controllers\Groups_Controller.php(19): view('panel/user/groups', [...])
 6 SYSTEMPATH\CodeIgniter.php(927): App\Controllers\Groups_Controller->index()
 7 SYSTEMPATH\CodeIgniter.php(482): CodeIgniter\CodeIgniter->runController(Object(App\Controllers\Groups_Controller))
 8 SYSTEMPATH\CodeIgniter.php(351): CodeIgniter\CodeIgniter->handleRequest(null, Object(Config\Cache), false)
 9 FCPATH\index.php(67): CodeIgniter\CodeIgniter->run()
CRITICAL - 2022-12-01 06:17:08 --> Undefined array key "created_at"
in APPPATH\Views\panel\user\groups.php on line 15.
 1 APPPATH\Views\panel\user\groups.php(15): CodeIgniter\Debug\Exceptions->errorHandler(2, 'Undefined array key "created_at"', 'APPPATH\\Views\\panel\\user\\groups.php', 15)
 2 SYSTEMPATH\View\View.php(213): include('APPPATH\\Views\\panel\\user\\groups.php')
 3 SYSTEMPATH\View\View.php(216): CodeIgniter\View\View->CodeIgniter\View\{closure}()
 4 SYSTEMPATH\Common.php(1134): CodeIgniter\View\View->render('panel/user/groups', [], true)
 5 APPPATH\Controllers\Groups_Controller.php(19): view('panel/user/groups', [...])
 6 SYSTEMPATH\CodeIgniter.php(927): App\Controllers\Groups_Controller->index()
 7 SYSTEMPATH\CodeIgniter.php(482): CodeIgniter\CodeIgniter->runController(Object(App\Controllers\Groups_Controller))
 8 SYSTEMPATH\CodeIgniter.php(351): CodeIgniter\CodeIgniter->handleRequest(null, Object(Config\Cache), false)
 9 FCPATH\index.php(67): CodeIgniter\CodeIgniter->run()
CRITICAL - 2022-12-01 06:17:08 --> Undefined array key "created_at"
in APPPATH\Views\panel\user\groups.php on line 15.
 1 APPPATH\Views\panel\user\groups.php(15): CodeIgniter\Debug\Exceptions->errorHandler(2, 'Undefined array key "created_at"', 'APPPATH\\Views\\panel\\user\\groups.php', 15)
 2 SYSTEMPATH\View\View.php(213): include('APPPATH\\Views\\panel\\user\\groups.php')
 3 SYSTEMPATH\View\View.php(216): CodeIgniter\View\View->CodeIgniter\View\{closure}()
 4 SYSTEMPATH\Common.php(1134): CodeIgniter\View\View->render('panel/user/groups', [], true)
 5 APPPATH\Controllers\Groups_Controller.php(19): view('panel/user/groups', [...])
 6 SYSTEMPATH\CodeIgniter.php(927): App\Controllers\Groups_Controller->index()
 7 SYSTEMPATH\CodeIgniter.php(482): CodeIgniter\CodeIgniter->runController(Object(App\Controllers\Groups_Controller))
 8 SYSTEMPATH\CodeIgniter.php(351): CodeIgniter\CodeIgniter->handleRequest(null, Object(Config\Cache), false)
 9 FCPATH\index.php(67): CodeIgniter\CodeIgniter->run()
CRITICAL - 2022-12-01 06:17:09 --> Undefined array key "created_at"
in APPPATH\Views\panel\user\groups.php on line 15.
 1 APPPATH\Views\panel\user\groups.php(15): CodeIgniter\Debug\Exceptions->errorHandler(2, 'Undefined array key "created_at"', 'APPPATH\\Views\\panel\\user\\groups.php', 15)
 2 SYSTEMPATH\View\View.php(213): include('APPPATH\\Views\\panel\\user\\groups.php')
 3 SYSTEMPATH\View\View.php(216): CodeIgniter\View\View->CodeIgniter\View\{closure}()
 4 SYSTEMPATH\Common.php(1134): CodeIgniter\View\View->render('panel/user/groups', [], true)
 5 APPPATH\Controllers\Groups_Controller.php(19): view('panel/user/groups', [...])
 6 SYSTEMPATH\CodeIgniter.php(927): App\Controllers\Groups_Controller->index()
 7 SYSTEMPATH\CodeIgniter.php(482): CodeIgniter\CodeIgniter->runController(Object(App\Controllers\Groups_Controller))
 8 SYSTEMPATH\CodeIgniter.php(351): CodeIgniter\CodeIgniter->handleRequest(null, Object(Config\Cache), false)
 9 FCPATH\index.php(67): CodeIgniter\CodeIgniter->run()
ERROR - 2022-12-01 15:04:02 --> mysqli_sql_exception: Table 'voting.votes_results' doesn't exist in C:\xampp\htdocs\Voting-System\vendor\codeigniter4\framework\system\Database\MySQLi\Connection.php:292
Stack trace:
#0 C:\xampp\htdocs\Voting-System\vendor\codeigniter4\framework\system\Database\MySQLi\Connection.php(292): mysqli->query('SELECT COUNT(*)...', 0)
#1 C:\xampp\htdocs\Voting-System\vendor\codeigniter4\framework\system\Database\BaseConnection.php(666): CodeIgniter\Database\MySQLi\Connection->execute('SELECT COUNT(*)...')
#2 C:\xampp\htdocs\Voting-System\vendor\codeigniter4\framework\system\Database\BaseConnection.php(593): CodeIgniter\Database\BaseConnection->simpleQuery('SELECT COUNT(*)...')
#3 C:\xampp\htdocs\Voting-System\vendor\codeigniter4\framework\system\Database\BaseBuilder.php(1669): CodeIgniter\Database\BaseConnection->query('SELECT COUNT(*)...', Array, false)
#4 C:\xampp\htdocs\Voting-System\vendor\codeigniter4\framework\system\Model.php(551): CodeIgniter\Database\BaseBuilder->countAllResults(true)
#5 C:\xampp\htdocs\Voting-System\app\Controllers\Votes_Controller.php(80): CodeIgniter\Model->countAllResults()
#6 C:\xampp\htdocs\Voting-System\vendor\codeigniter4\framework\system\CodeIgniter.php(927): App\Controllers\Votes_Controller->addVoteCount()
#7 C:\xampp\htdocs\Voting-System\vendor\codeigniter4\framework\system\CodeIgniter.php(482): CodeIgniter\CodeIgniter->runController(Object(App\Controllers\Votes_Controller))
#8 C:\xampp\htdocs\Voting-System\vendor\codeigniter4\framework\system\CodeIgniter.php(351): CodeIgniter\CodeIgniter->handleRequest(NULL, Object(Config\Cache), false)
#9 C:\xampp\htdocs\Voting-System\index.php(67): CodeIgniter\CodeIgniter->run()
#10 {main}
CRITICAL - 2022-12-01 15:04:02 --> Table 'voting.votes_results' doesn't exist
in SYSTEMPATH\Database\MySQLi\Connection.php on line 292.
 1 SYSTEMPATH\Database\MySQLi\Connection.php(292): mysqli->query('SELECT COUNT(*) AS `numrows`
FROM `votes_results`
WHERE `vote_id` = \'15\'
AND `teama_vote` = 1', 0)
 2 SYSTEMPATH\Database\BaseConnection.php(666): CodeIgniter\Database\MySQLi\Connection->execute('SELECT COUNT(*) AS `numrows`
FROM `votes_results`
WHERE `vote_id` = \'15\'
AND `teama_vote` = 1')
 3 SYSTEMPATH\Database\BaseConnection.php(593): CodeIgniter\Database\BaseConnection->simpleQuery('SELECT COUNT(*) AS `numrows`
FROM `votes_results`
WHERE `vote_id` = \'15\'
AND `teama_vote` = 1')
 4 SYSTEMPATH\Database\BaseBuilder.php(1669): CodeIgniter\Database\BaseConnection->query('SELECT COUNT(*) AS `numrows`
FROM `votes_results`
WHERE `vote_id` = :vote_id:
AND `teama_vote` = :teama_vote:', [...], false)
 5 SYSTEMPATH\Model.php(551): CodeIgniter\Database\BaseBuilder->countAllResults(true)
 6 APPPATH\Controllers\Votes_Controller.php(80): CodeIgniter\Model->countAllResults()
 7 SYSTEMPATH\CodeIgniter.php(927): App\Controllers\Votes_Controller->addVoteCount()
 8 SYSTEMPATH\CodeIgniter.php(482): CodeIgniter\CodeIgniter->runController(Object(App\Controllers\Votes_Controller))
 9 SYSTEMPATH\CodeIgniter.php(351): CodeIgniter\CodeIgniter->handleRequest(null, Object(Config\Cache), false)
10 FCPATH\index.php(67): CodeIgniter\CodeIgniter->run()
CRITICAL - 2022-12-01 17:14:05 --> Undefined array key "status"
in APPPATH\Views\admin\users.php on line 124.
 1 APPPATH\Views\admin\users.php(124): CodeIgniter\Debug\Exceptions->errorHandler(2, 'Undefined array key "status"', 'APPPATH\\Views\\admin\\users.php', 124)
 2 SYSTEMPATH\View\View.php(213): include('APPPATH\\Views\\admin\\users.php')
 3 SYSTEMPATH\View\View.php(216): CodeIgniter\View\View->CodeIgniter\View\{closure}()
 4 SYSTEMPATH\Common.php(1134): CodeIgniter\View\View->render('admin/users', [], true)
 5 APPPATH\Controllers\Admin_User_Controller.php(13): view('admin/users', [...])
 6 SYSTEMPATH\CodeIgniter.php(927): App\Controllers\Admin_User_Controller->index()
 7 SYSTEMPATH\CodeIgniter.php(482): CodeIgniter\CodeIgniter->runController(Object(App\Controllers\Admin_User_Controller))
 8 SYSTEMPATH\CodeIgniter.php(351): CodeIgniter\CodeIgniter->handleRequest(null, Object(Config\Cache), false)
 9 FCPATH\index.php(67): CodeIgniter\CodeIgniter->run()
CRITICAL - 2022-12-01 17:14:05 --> Undefined array key "status"
in APPPATH\Views\admin\users.php on line 124.
 1 APPPATH\Views\admin\users.php(124): CodeIgniter\Debug\Exceptions->errorHandler(2, 'Undefined array key "status"', 'APPPATH\\Views\\admin\\users.php', 124)
 2 SYSTEMPATH\View\View.php(213): include('APPPATH\\Views\\admin\\users.php')
 3 SYSTEMPATH\View\View.php(216): CodeIgniter\View\View->CodeIgniter\View\{closure}()
 4 SYSTEMPATH\Common.php(1134): CodeIgniter\View\View->render('admin/users', [], true)
 5 APPPATH\Controllers\Admin_User_Controller.php(13): view('admin/users', [...])
 6 SYSTEMPATH\CodeIgniter.php(927): App\Controllers\Admin_User_Controller->index()
 7 SYSTEMPATH\CodeIgniter.php(482): CodeIgniter\CodeIgniter->runController(Object(App\Controllers\Admin_User_Controller))
 8 SYSTEMPATH\CodeIgniter.php(351): CodeIgniter\CodeIgniter->handleRequest(null, Object(Config\Cache), false)
 9 FCPATH\index.php(67): CodeIgniter\CodeIgniter->run()
CRITICAL - 2022-12-01 17:14:05 --> Undefined array key "status"
in APPPATH\Views\admin\users.php on line 124.
 1 APPPATH\Views\admin\users.php(124): CodeIgniter\Debug\Exceptions->errorHandler(2, 'Undefined array key "status"', 'APPPATH\\Views\\admin\\users.php', 124)
 2 SYSTEMPATH\View\View.php(213): include('APPPATH\\Views\\admin\\users.php')
 3 SYSTEMPATH\View\View.php(216): CodeIgniter\View\View->CodeIgniter\View\{closure}()
 4 SYSTEMPATH\Common.php(1134): CodeIgniter\View\View->render('admin/users', [], true)
 5 APPPATH\Controllers\Admin_User_Controller.php(13): view('admin/users', [...])
 6 SYSTEMPATH\CodeIgniter.php(927): App\Controllers\Admin_User_Controller->index()
 7 SYSTEMPATH\CodeIgniter.php(482): CodeIgniter\CodeIgniter->runController(Object(App\Controllers\Admin_User_Controller))
 8 SYSTEMPATH\CodeIgniter.php(351): CodeIgniter\CodeIgniter->handleRequest(null, Object(Config\Cache), false)
 9 FCPATH\index.php(67): CodeIgniter\CodeIgniter->run()
CRITICAL - 2022-12-01 17:17:13 --> Undefined array key "status"
in APPPATH\Views\admin\users.php on line 124.
 1 APPPATH\Views\admin\users.php(124): CodeIgniter\Debug\Exceptions->errorHandler(2, 'Undefined array key "status"', 'APPPATH\\Views\\admin\\users.php', 124)
 2 SYSTEMPATH\View\View.php(213): include('APPPATH\\Views\\admin\\users.php')
 3 SYSTEMPATH\View\View.php(216): CodeIgniter\View\View->CodeIgniter\View\{closure}()
 4 SYSTEMPATH\Common.php(1134): CodeIgniter\View\View->render('admin/users', [], true)
 5 APPPATH\Controllers\Admin_User_Controller.php(13): view('admin/users', [...])
 6 SYSTEMPATH\CodeIgniter.php(927): App\Controllers\Admin_User_Controller->index()
 7 SYSTEMPATH\CodeIgniter.php(482): CodeIgniter\CodeIgniter->runController(Object(App\Controllers\Admin_User_Controller))
 8 SYSTEMPATH\CodeIgniter.php(351): CodeIgniter\CodeIgniter->handleRequest(null, Object(Config\Cache), false)
 9 FCPATH\index.php(67): CodeIgniter\CodeIgniter->run()
CRITICAL - 2022-12-01 17:17:14 --> Undefined array key "status"
in APPPATH\Views\admin\users.php on line 124.
 1 APPPATH\Views\admin\users.php(124): CodeIgniter\Debug\Exceptions->errorHandler(2, 'Undefined array key "status"', 'APPPATH\\Views\\admin\\users.php', 124)
 2 SYSTEMPATH\View\View.php(213): include('APPPATH\\Views\\admin\\users.php')
 3 SYSTEMPATH\View\View.php(216): CodeIgniter\View\View->CodeIgniter\View\{closure}()
 4 SYSTEMPATH\Common.php(1134): CodeIgniter\View\View->render('admin/users', [], true)
 5 APPPATH\Controllers\Admin_User_Controller.php(13): view('admin/users', [...])
 6 SYSTEMPATH\CodeIgniter.php(927): App\Controllers\Admin_User_Controller->index()
 7 SYSTEMPATH\CodeIgniter.php(482): CodeIgniter\CodeIgniter->runController(Object(App\Controllers\Admin_User_Controller))
 8 SYSTEMPATH\CodeIgniter.php(351): CodeIgniter\CodeIgniter->handleRequest(null, Object(Config\Cache), false)
 9 FCPATH\index.php(67): CodeIgniter\CodeIgniter->run()
CRITICAL - 2022-12-01 17:17:14 --> Undefined array key "status"
in APPPATH\Views\admin\users.php on line 124.
 1 APPPATH\Views\admin\users.php(124): CodeIgniter\Debug\Exceptions->errorHandler(2, 'Undefined array key "status"', 'APPPATH\\Views\\admin\\users.php', 124)
 2 SYSTEMPATH\View\View.php(213): include('APPPATH\\Views\\admin\\users.php')
 3 SYSTEMPATH\View\View.php(216): CodeIgniter\View\View->CodeIgniter\View\{closure}()
 4 SYSTEMPATH\Common.php(1134): CodeIgniter\View\View->render('admin/users', [], true)
 5 APPPATH\Controllers\Admin_User_Controller.php(13): view('admin/users', [...])
 6 SYSTEMPATH\CodeIgniter.php(927): App\Controllers\Admin_User_Controller->index()
 7 SYSTEMPATH\CodeIgniter.php(482): CodeIgniter\CodeIgniter->runController(Object(App\Controllers\Admin_User_Controller))
 8 SYSTEMPATH\CodeIgniter.php(351): CodeIgniter\CodeIgniter->handleRequest(null, Object(Config\Cache), false)
 9 FCPATH\index.php(67): CodeIgniter\CodeIgniter->run()
CRITICAL - 2022-12-01 17:18:13 --> Undefined array key "status"
in APPPATH\Views\admin\users.php on line 124.
 1 APPPATH\Views\admin\users.php(124): CodeIgniter\Debug\Exceptions->errorHandler(2, 'Undefined array key "status"', 'APPPATH\\Views\\admin\\users.php', 124)
 2 SYSTEMPATH\View\View.php(213): include('APPPATH\\Views\\admin\\users.php')
 3 SYSTEMPATH\View\View.php(216): CodeIgniter\View\View->CodeIgniter\View\{closure}()
 4 SYSTEMPATH\Common.php(1134): CodeIgniter\View\View->render('admin/users', [], true)
 5 APPPATH\Controllers\Admin_User_Controller.php(13): view('admin/users', [...])
 6 SYSTEMPATH\CodeIgniter.php(927): App\Controllers\Admin_User_Controller->index()
 7 SYSTEMPATH\CodeIgniter.php(482): CodeIgniter\CodeIgniter->runController(Object(App\Controllers\Admin_User_Controller))
 8 SYSTEMPATH\CodeIgniter.php(351): CodeIgniter\CodeIgniter->handleRequest(null, Object(Config\Cache), false)
 9 FCPATH\index.php(67): CodeIgniter\CodeIgniter->run()
CRITICAL - 2022-12-01 17:18:13 --> Undefined array key "status"
in APPPATH\Views\admin\users.php on line 124.
 1 APPPATH\Views\admin\users.php(124): CodeIgniter\Debug\Exceptions->errorHandler(2, 'Undefined array key "status"', 'APPPATH\\Views\\admin\\users.php', 124)
 2 SYSTEMPATH\View\View.php(213): include('APPPATH\\Views\\admin\\users.php')
 3 SYSTEMPATH\View\View.php(216): CodeIgniter\View\View->CodeIgniter\View\{closure}()
 4 SYSTEMPATH\Common.php(1134): CodeIgniter\View\View->render('admin/users', [], true)
 5 APPPATH\Controllers\Admin_User_Controller.php(13): view('admin/users', [...])
 6 SYSTEMPATH\CodeIgniter.php(927): App\Controllers\Admin_User_Controller->index()
 7 SYSTEMPATH\CodeIgniter.php(482): CodeIgniter\CodeIgniter->runController(Object(App\Controllers\Admin_User_Controller))
 8 SYSTEMPATH\CodeIgniter.php(351): CodeIgniter\CodeIgniter->handleRequest(null, Object(Config\Cache), false)
 9 FCPATH\index.php(67): CodeIgniter\CodeIgniter->run()
CRITICAL - 2022-12-01 17:18:14 --> Undefined array key "status"
in APPPATH\Views\admin\users.php on line 124.
 1 APPPATH\Views\admin\users.php(124): CodeIgniter\Debug\Exceptions->errorHandler(2, 'Undefined array key "status"', 'APPPATH\\Views\\admin\\users.php', 124)
 2 SYSTEMPATH\View\View.php(213): include('APPPATH\\Views\\admin\\users.php')
 3 SYSTEMPATH\View\View.php(216): CodeIgniter\View\View->CodeIgniter\View\{closure}()
 4 SYSTEMPATH\Common.php(1134): CodeIgniter\View\View->render('admin/users', [], true)
 5 APPPATH\Controllers\Admin_User_Controller.php(13): view('admin/users', [...])
 6 SYSTEMPATH\CodeIgniter.php(927): App\Controllers\Admin_User_Controller->index()
 7 SYSTEMPATH\CodeIgniter.php(482): CodeIgniter\CodeIgniter->runController(Object(App\Controllers\Admin_User_Controller))
 8 SYSTEMPATH\CodeIgniter.php(351): CodeIgniter\CodeIgniter->handleRequest(null, Object(Config\Cache), false)
 9 FCPATH\index.php(67): CodeIgniter\CodeIgniter->run()
