CRITICAL - 2022-11-28 11:39:13 --> syntax error, unexpected variable "$msg"
in APPPATH\Controllers\Chats_Controller.php on line 40.
 1 SYSTEMPATH\Autoloader\Autoloader.php(259): CodeIgniter\Autoloader\Autoloader->includeFile('APPPATH\\Controllers\\Chats_Controller.php')
 2 SYSTEMPATH\Autoloader\Autoloader.php(237): CodeIgniter\Autoloader\Autoloader->loadInNamespace('App\\Controllers\\Chats_Controller')
 3 [internal function]: CodeIgniter\Autoloader\Autoloader->loadClass('App\\Controllers\\Chats_Controller')
 4 SYSTEMPATH\CodeIgniter.php(877): class_exists('\\App\\Controllers\\Chats_Controller', true)
 5 SYSTEMPATH\CodeIgniter.php(469): CodeIgniter\CodeIgniter->startController()
 6 SYSTEMPATH\CodeIgniter.php(351): CodeIgniter\CodeIgniter->handleRequest(null, Object(Config\Cache), false)
 7 FCPATH\index.php(67): CodeIgniter\CodeIgniter->run()
CRITICAL - 2022-11-28 11:40:14 --> syntax error, unexpected variable "$msg"
in APPPATH\Controllers\Chats_Controller.php on line 40.
 1 SYSTEMPATH\Autoloader\Autoloader.php(259): CodeIgniter\Autoloader\Autoloader->includeFile('APPPATH\\Controllers\\Chats_Controller.php')
 2 SYSTEMPATH\Autoloader\Autoloader.php(237): CodeIgniter\Autoloader\Autoloader->loadInNamespace('App\\Controllers\\Chats_Controller')
 3 [internal function]: CodeIgniter\Autoloader\Autoloader->loadClass('App\\Controllers\\Chats_Controller')
 4 SYSTEMPATH\CodeIgniter.php(877): class_exists('\\App\\Controllers\\Chats_Controller', true)
 5 SYSTEMPATH\CodeIgniter.php(469): CodeIgniter\CodeIgniter->startController()
 6 SYSTEMPATH\CodeIgniter.php(351): CodeIgniter\CodeIgniter->handleRequest(null, Object(Config\Cache), false)
 7 FCPATH\index.php(67): CodeIgniter\CodeIgniter->run()
CRITICAL - 2022-11-28 11:41:13 --> syntax error, unexpected variable "$msg"
in APPPATH\Controllers\Chats_Controller.php on line 40.
 1 SYSTEMPATH\Autoloader\Autoloader.php(259): CodeIgniter\Autoloader\Autoloader->includeFile('APPPATH\\Controllers\\Chats_Controller.php')
 2 SYSTEMPATH\Autoloader\Autoloader.php(237): CodeIgniter\Autoloader\Autoloader->loadInNamespace('App\\Controllers\\Chats_Controller')
 3 [internal function]: CodeIgniter\Autoloader\Autoloader->loadClass('App\\Controllers\\Chats_Controller')
 4 SYSTEMPATH\CodeIgniter.php(877): class_exists('\\App\\Controllers\\Chats_Controller', true)
 5 SYSTEMPATH\CodeIgniter.php(469): CodeIgniter\CodeIgniter->startController()
 6 SYSTEMPATH\CodeIgniter.php(351): CodeIgniter\CodeIgniter->handleRequest(null, Object(Config\Cache), false)
 7 FCPATH\index.php(67): CodeIgniter\CodeIgniter->run()
CRITICAL - 2022-11-28 12:05:26 --> Undefined array key "group_id"
in APPPATH\Views\panel\user\single_voting.php on line 130.
 1 APPPATH\Views\panel\user\single_voting.php(130): CodeIgniter\Debug\Exceptions->errorHandler(2, 'Undefined array key "group_id"', 'APPPATH\\Views\\panel\\user\\single_voting.php', 130)
 2 SYSTEMPATH\View\View.php(213): include('APPPATH\\Views\\panel\\user\\single_voting.php')
 3 SYSTEMPATH\View\View.php(216): CodeIgniter\View\View->CodeIgniter\View\{closure}()
 4 SYSTEMPATH\Common.php(1134): CodeIgniter\View\View->render('panel/user/single_voting', [], true)
 5 APPPATH\Controllers\Groups_Controller.php(171): view('panel/user/single_voting', [...])
 6 SYSTEMPATH\CodeIgniter.php(927): App\Controllers\Groups_Controller->single_room('1')
 7 SYSTEMPATH\CodeIgniter.php(482): CodeIgniter\CodeIgniter->runController(Object(App\Controllers\Groups_Controller))
 8 SYSTEMPATH\CodeIgniter.php(351): CodeIgniter\CodeIgniter->handleRequest(null, Object(Config\Cache), false)
 9 FCPATH\index.php(67): CodeIgniter\CodeIgniter->run()
CRITICAL - 2022-11-28 12:05:48 --> Undefined array key "group_id"
in APPPATH\Views\panel\user\single_voting.php on line 130.
 1 APPPATH\Views\panel\user\single_voting.php(130): CodeIgniter\Debug\Exceptions->errorHandler(2, 'Undefined array key "group_id"', 'APPPATH\\Views\\panel\\user\\single_voting.php', 130)
 2 SYSTEMPATH\View\View.php(213): include('APPPATH\\Views\\panel\\user\\single_voting.php')
 3 SYSTEMPATH\View\View.php(216): CodeIgniter\View\View->CodeIgniter\View\{closure}()
 4 SYSTEMPATH\Common.php(1134): CodeIgniter\View\View->render('panel/user/single_voting', [], true)
 5 APPPATH\Controllers\Groups_Controller.php(171): view('panel/user/single_voting', [...])
 6 SYSTEMPATH\CodeIgniter.php(927): App\Controllers\Groups_Controller->single_room('1')
 7 SYSTEMPATH\CodeIgniter.php(482): CodeIgniter\CodeIgniter->runController(Object(App\Controllers\Groups_Controller))
 8 SYSTEMPATH\CodeIgniter.php(351): CodeIgniter\CodeIgniter->handleRequest(null, Object(Config\Cache), false)
 9 FCPATH\index.php(67): CodeIgniter\CodeIgniter->run()
CRITICAL - 2022-11-28 12:10:12 --> Undefined array key "group_id"
in APPPATH\Views\panel\user\single_voting.php on line 130.
 1 APPPATH\Views\panel\user\single_voting.php(130): CodeIgniter\Debug\Exceptions->errorHandler(2, 'Undefined array key "group_id"', 'APPPATH\\Views\\panel\\user\\single_voting.php', 130)
 2 SYSTEMPATH\View\View.php(213): include('APPPATH\\Views\\panel\\user\\single_voting.php')
 3 SYSTEMPATH\View\View.php(216): CodeIgniter\View\View->CodeIgniter\View\{closure}()
 4 SYSTEMPATH\Common.php(1134): CodeIgniter\View\View->render('panel/user/single_voting', [], true)
 5 APPPATH\Controllers\Groups_Controller.php(171): view('panel/user/single_voting', [...])
 6 SYSTEMPATH\CodeIgniter.php(927): App\Controllers\Groups_Controller->single_room('1')
 7 SYSTEMPATH\CodeIgniter.php(482): CodeIgniter\CodeIgniter->runController(Object(App\Controllers\Groups_Controller))
 8 SYSTEMPATH\CodeIgniter.php(351): CodeIgniter\CodeIgniter->handleRequest(null, Object(Config\Cache), false)
 9 FCPATH\index.php(67): CodeIgniter\CodeIgniter->run()
ERROR - 2022-11-28 12:19:26 --> mysqli_sql_exception: Column 'user_id' in where clause is ambiguous in C:\xampp\htdocs\Voting-System\vendor\codeigniter4\framework\system\Database\MySQLi\Connection.php:292
Stack trace:
#0 C:\xampp\htdocs\Voting-System\vendor\codeigniter4\framework\system\Database\MySQLi\Connection.php(292): mysqli->query('SELECT *\nFROM `...', 0)
#1 C:\xampp\htdocs\Voting-System\vendor\codeigniter4\framework\system\Database\BaseConnection.php(666): CodeIgniter\Database\MySQLi\Connection->execute('SELECT *\nFROM `...')
#2 C:\xampp\htdocs\Voting-System\vendor\codeigniter4\framework\system\Database\BaseConnection.php(593): CodeIgniter\Database\BaseConnection->simpleQuery('SELECT *\nFROM `...')
#3 C:\xampp\htdocs\Voting-System\vendor\codeigniter4\framework\system\Database\BaseBuilder.php(1585): CodeIgniter\Database\BaseConnection->query('SELECT *\nFROM `...', Array, false)
#4 C:\xampp\htdocs\Voting-System\vendor\codeigniter4\framework\system\Model.php(772): CodeIgniter\Database\BaseBuilder->get()
#5 C:\xampp\htdocs\Voting-System\app\Controllers\Chats_Controller.php(43): CodeIgniter\Model->__call('get', Array)
#6 C:\xampp\htdocs\Voting-System\vendor\codeigniter4\framework\system\CodeIgniter.php(927): App\Controllers\Chats_Controller->chat('1')
#7 C:\xampp\htdocs\Voting-System\vendor\codeigniter4\framework\system\CodeIgniter.php(482): CodeIgniter\CodeIgniter->runController(Object(App\Controllers\Chats_Controller))
#8 C:\xampp\htdocs\Voting-System\vendor\codeigniter4\framework\system\CodeIgniter.php(351): CodeIgniter\CodeIgniter->handleRequest(NULL, Object(Config\Cache), false)
#9 C:\xampp\htdocs\Voting-System\index.php(67): CodeIgniter\CodeIgniter->run()
#10 {main}
CRITICAL - 2022-11-28 12:19:26 --> Column 'user_id' in where clause is ambiguous
in SYSTEMPATH\Database\MySQLi\Connection.php on line 292.
 1 SYSTEMPATH\Database\MySQLi\Connection.php(292): mysqli->query('SELECT *
FROM `requests`
JOIN `user` ON `user`.`user_id`=`requests`.`user_id`
WHERE `group_id` = \'1\'
AND `user_id` = \'2\'', 0)
 2 SYSTEMPATH\Database\BaseConnection.php(666): CodeIgniter\Database\MySQLi\Connection->execute('SELECT *
FROM `requests`
JOIN `user` ON `user`.`user_id`=`requests`.`user_id`
WHERE `group_id` = \'1\'
AND `user_id` = \'2\'')
 3 SYSTEMPATH\Database\BaseConnection.php(593): CodeIgniter\Database\BaseConnection->simpleQuery('SELECT *
FROM `requests`
JOIN `user` ON `user`.`user_id`=`requests`.`user_id`
WHERE `group_id` = \'1\'
AND `user_id` = \'2\'')
 4 SYSTEMPATH\Database\BaseBuilder.php(1585): CodeIgniter\Database\BaseConnection->query('SELECT *
FROM `requests`
JOIN `user` ON `user`.`user_id`=`requests`.`user_id`
WHERE `group_id` = :group_id:
AND `user_id` = :user_id:', [...], false)
 5 SYSTEMPATH\Model.php(772): CodeIgniter\Database\BaseBuilder->get()
 6 APPPATH\Controllers\Chats_Controller.php(43): CodeIgniter\Model->__call('get', [])
 7 SYSTEMPATH\CodeIgniter.php(927): App\Controllers\Chats_Controller->chat('1')
 8 SYSTEMPATH\CodeIgniter.php(482): CodeIgniter\CodeIgniter->runController(Object(App\Controllers\Chats_Controller))
 9 SYSTEMPATH\CodeIgniter.php(351): CodeIgniter\CodeIgniter->handleRequest(null, Object(Config\Cache), false)
10 FCPATH\index.php(67): CodeIgniter\CodeIgniter->run()
CRITICAL - 2022-11-28 12:22:05 --> Cannot use object of type stdClass as array
in APPPATH\Controllers\Chats_Controller.php on line 45.
 1 SYSTEMPATH\CodeIgniter.php(927): App\Controllers\Chats_Controller->chat('1')
 2 SYSTEMPATH\CodeIgniter.php(482): CodeIgniter\CodeIgniter->runController(Object(App\Controllers\Chats_Controller))
 3 SYSTEMPATH\CodeIgniter.php(351): CodeIgniter\CodeIgniter->handleRequest(null, Object(Config\Cache), false)
 4 FCPATH\index.php(67): CodeIgniter\CodeIgniter->run()
CRITICAL - 2022-11-28 12:22:19 --> Cannot use object of type stdClass as array
in APPPATH\Controllers\Chats_Controller.php on line 45.
 1 SYSTEMPATH\CodeIgniter.php(927): App\Controllers\Chats_Controller->chat('1')
 2 SYSTEMPATH\CodeIgniter.php(482): CodeIgniter\CodeIgniter->runController(Object(App\Controllers\Chats_Controller))
 3 SYSTEMPATH\CodeIgniter.php(351): CodeIgniter\CodeIgniter->handleRequest(null, Object(Config\Cache), false)
 4 FCPATH\index.php(67): CodeIgniter\CodeIgniter->run()
CRITICAL - 2022-11-28 12:55:03 --> Undefined variable $userID
in APPPATH\Controllers\Chats_Controller.php on line 71.
 1 APPPATH\Controllers\Chats_Controller.php(71): CodeIgniter\Debug\Exceptions->errorHandler(2, 'Undefined variable $userID', 'APPPATH\\Controllers\\Chats_Controller.php', 71)
 2 SYSTEMPATH\CodeIgniter.php(927): App\Controllers\Chats_Controller->msg('1')
 3 SYSTEMPATH\CodeIgniter.php(482): CodeIgniter\CodeIgniter->runController(Object(App\Controllers\Chats_Controller))
 4 SYSTEMPATH\CodeIgniter.php(351): CodeIgniter\CodeIgniter->handleRequest(null, Object(Config\Cache), false)
 5 FCPATH\index.php(67): CodeIgniter\CodeIgniter->run()
CRITICAL - 2022-11-28 12:55:08 --> Undefined variable $userID
in APPPATH\Controllers\Chats_Controller.php on line 71.
 1 APPPATH\Controllers\Chats_Controller.php(71): CodeIgniter\Debug\Exceptions->errorHandler(2, 'Undefined variable $userID', 'APPPATH\\Controllers\\Chats_Controller.php', 71)
 2 SYSTEMPATH\CodeIgniter.php(927): App\Controllers\Chats_Controller->msg('1')
 3 SYSTEMPATH\CodeIgniter.php(482): CodeIgniter\CodeIgniter->runController(Object(App\Controllers\Chats_Controller))
 4 SYSTEMPATH\CodeIgniter.php(351): CodeIgniter\CodeIgniter->handleRequest(null, Object(Config\Cache), false)
 5 FCPATH\index.php(67): CodeIgniter\CodeIgniter->run()
CRITICAL - 2022-11-28 12:55:13 --> Undefined variable $userID
in APPPATH\Controllers\Chats_Controller.php on line 71.
 1 APPPATH\Controllers\Chats_Controller.php(71): CodeIgniter\Debug\Exceptions->errorHandler(2, 'Undefined variable $userID', 'APPPATH\\Controllers\\Chats_Controller.php', 71)
 2 SYSTEMPATH\CodeIgniter.php(927): App\Controllers\Chats_Controller->msg('1')
 3 SYSTEMPATH\CodeIgniter.php(482): CodeIgniter\CodeIgniter->runController(Object(App\Controllers\Chats_Controller))
 4 SYSTEMPATH\CodeIgniter.php(351): CodeIgniter\CodeIgniter->handleRequest(null, Object(Config\Cache), false)
 5 FCPATH\index.php(67): CodeIgniter\CodeIgniter->run()
CRITICAL - 2022-11-28 12:55:18 --> Undefined variable $userID
in APPPATH\Controllers\Chats_Controller.php on line 71.
 1 APPPATH\Controllers\Chats_Controller.php(71): CodeIgniter\Debug\Exceptions->errorHandler(2, 'Undefined variable $userID', 'APPPATH\\Controllers\\Chats_Controller.php', 71)
 2 SYSTEMPATH\CodeIgniter.php(927): App\Controllers\Chats_Controller->msg('1')
 3 SYSTEMPATH\CodeIgniter.php(482): CodeIgniter\CodeIgniter->runController(Object(App\Controllers\Chats_Controller))
 4 SYSTEMPATH\CodeIgniter.php(351): CodeIgniter\CodeIgniter->handleRequest(null, Object(Config\Cache), false)
 5 FCPATH\index.php(67): CodeIgniter\CodeIgniter->run()
CRITICAL - 2022-11-28 12:55:23 --> Undefined variable $userID
in APPPATH\Controllers\Chats_Controller.php on line 71.
 1 APPPATH\Controllers\Chats_Controller.php(71): CodeIgniter\Debug\Exceptions->errorHandler(2, 'Undefined variable $userID', 'APPPATH\\Controllers\\Chats_Controller.php', 71)
 2 SYSTEMPATH\CodeIgniter.php(927): App\Controllers\Chats_Controller->msg('1')
 3 SYSTEMPATH\CodeIgniter.php(482): CodeIgniter\CodeIgniter->runController(Object(App\Controllers\Chats_Controller))
 4 SYSTEMPATH\CodeIgniter.php(351): CodeIgniter\CodeIgniter->handleRequest(null, Object(Config\Cache), false)
 5 FCPATH\index.php(67): CodeIgniter\CodeIgniter->run()
CRITICAL - 2022-11-28 12:55:28 --> Undefined variable $userID
in APPPATH\Controllers\Chats_Controller.php on line 71.
 1 APPPATH\Controllers\Chats_Controller.php(71): CodeIgniter\Debug\Exceptions->errorHandler(2, 'Undefined variable $userID', 'APPPATH\\Controllers\\Chats_Controller.php', 71)
 2 SYSTEMPATH\CodeIgniter.php(927): App\Controllers\Chats_Controller->msg('1')
 3 SYSTEMPATH\CodeIgniter.php(482): CodeIgniter\CodeIgniter->runController(Object(App\Controllers\Chats_Controller))
 4 SYSTEMPATH\CodeIgniter.php(351): CodeIgniter\CodeIgniter->handleRequest(null, Object(Config\Cache), false)
 5 FCPATH\index.php(67): CodeIgniter\CodeIgniter->run()
CRITICAL - 2022-11-28 12:55:33 --> Undefined variable $userID
in APPPATH\Controllers\Chats_Controller.php on line 71.
 1 APPPATH\Controllers\Chats_Controller.php(71): CodeIgniter\Debug\Exceptions->errorHandler(2, 'Undefined variable $userID', 'APPPATH\\Controllers\\Chats_Controller.php', 71)
 2 SYSTEMPATH\CodeIgniter.php(927): App\Controllers\Chats_Controller->msg('1')
 3 SYSTEMPATH\CodeIgniter.php(482): CodeIgniter\CodeIgniter->runController(Object(App\Controllers\Chats_Controller))
 4 SYSTEMPATH\CodeIgniter.php(351): CodeIgniter\CodeIgniter->handleRequest(null, Object(Config\Cache), false)
 5 FCPATH\index.php(67): CodeIgniter\CodeIgniter->run()
CRITICAL - 2022-11-28 12:55:38 --> Undefined variable $userID
in APPPATH\Controllers\Chats_Controller.php on line 71.
 1 APPPATH\Controllers\Chats_Controller.php(71): CodeIgniter\Debug\Exceptions->errorHandler(2, 'Undefined variable $userID', 'APPPATH\\Controllers\\Chats_Controller.php', 71)
 2 SYSTEMPATH\CodeIgniter.php(927): App\Controllers\Chats_Controller->msg('1')
 3 SYSTEMPATH\CodeIgniter.php(482): CodeIgniter\CodeIgniter->runController(Object(App\Controllers\Chats_Controller))
 4 SYSTEMPATH\CodeIgniter.php(351): CodeIgniter\CodeIgniter->handleRequest(null, Object(Config\Cache), false)
 5 FCPATH\index.php(67): CodeIgniter\CodeIgniter->run()
CRITICAL - 2022-11-28 12:55:43 --> Undefined variable $userID
in APPPATH\Controllers\Chats_Controller.php on line 71.
 1 APPPATH\Controllers\Chats_Controller.php(71): CodeIgniter\Debug\Exceptions->errorHandler(2, 'Undefined variable $userID', 'APPPATH\\Controllers\\Chats_Controller.php', 71)
 2 SYSTEMPATH\CodeIgniter.php(927): App\Controllers\Chats_Controller->msg('1')
 3 SYSTEMPATH\CodeIgniter.php(482): CodeIgniter\CodeIgniter->runController(Object(App\Controllers\Chats_Controller))
 4 SYSTEMPATH\CodeIgniter.php(351): CodeIgniter\CodeIgniter->handleRequest(null, Object(Config\Cache), false)
 5 FCPATH\index.php(67): CodeIgniter\CodeIgniter->run()
CRITICAL - 2022-11-28 12:55:48 --> Undefined variable $userID
in APPPATH\Controllers\Chats_Controller.php on line 71.
 1 APPPATH\Controllers\Chats_Controller.php(71): CodeIgniter\Debug\Exceptions->errorHandler(2, 'Undefined variable $userID', 'APPPATH\\Controllers\\Chats_Controller.php', 71)
 2 SYSTEMPATH\CodeIgniter.php(927): App\Controllers\Chats_Controller->msg('1')
 3 SYSTEMPATH\CodeIgniter.php(482): CodeIgniter\CodeIgniter->runController(Object(App\Controllers\Chats_Controller))
 4 SYSTEMPATH\CodeIgniter.php(351): CodeIgniter\CodeIgniter->handleRequest(null, Object(Config\Cache), false)
 5 FCPATH\index.php(67): CodeIgniter\CodeIgniter->run()
CRITICAL - 2022-11-28 12:55:53 --> Undefined variable $userID
in APPPATH\Controllers\Chats_Controller.php on line 71.
 1 APPPATH\Controllers\Chats_Controller.php(71): CodeIgniter\Debug\Exceptions->errorHandler(2, 'Undefined variable $userID', 'APPPATH\\Controllers\\Chats_Controller.php', 71)
 2 SYSTEMPATH\CodeIgniter.php(927): App\Controllers\Chats_Controller->msg('1')
 3 SYSTEMPATH\CodeIgniter.php(482): CodeIgniter\CodeIgniter->runController(Object(App\Controllers\Chats_Controller))
 4 SYSTEMPATH\CodeIgniter.php(351): CodeIgniter\CodeIgniter->handleRequest(null, Object(Config\Cache), false)
 5 FCPATH\index.php(67): CodeIgniter\CodeIgniter->run()
CRITICAL - 2022-11-28 12:55:58 --> Undefined variable $userID
in APPPATH\Controllers\Chats_Controller.php on line 71.
 1 APPPATH\Controllers\Chats_Controller.php(71): CodeIgniter\Debug\Exceptions->errorHandler(2, 'Undefined variable $userID', 'APPPATH\\Controllers\\Chats_Controller.php', 71)
 2 SYSTEMPATH\CodeIgniter.php(927): App\Controllers\Chats_Controller->msg('1')
 3 SYSTEMPATH\CodeIgniter.php(482): CodeIgniter\CodeIgniter->runController(Object(App\Controllers\Chats_Controller))
 4 SYSTEMPATH\CodeIgniter.php(351): CodeIgniter\CodeIgniter->handleRequest(null, Object(Config\Cache), false)
 5 FCPATH\index.php(67): CodeIgniter\CodeIgniter->run()
CRITICAL - 2022-11-28 12:56:03 --> Undefined variable $userID
in APPPATH\Controllers\Chats_Controller.php on line 71.
 1 APPPATH\Controllers\Chats_Controller.php(71): CodeIgniter\Debug\Exceptions->errorHandler(2, 'Undefined variable $userID', 'APPPATH\\Controllers\\Chats_Controller.php', 71)
 2 SYSTEMPATH\CodeIgniter.php(927): App\Controllers\Chats_Controller->msg('1')
 3 SYSTEMPATH\CodeIgniter.php(482): CodeIgniter\CodeIgniter->runController(Object(App\Controllers\Chats_Controller))
 4 SYSTEMPATH\CodeIgniter.php(351): CodeIgniter\CodeIgniter->handleRequest(null, Object(Config\Cache), false)
 5 FCPATH\index.php(67): CodeIgniter\CodeIgniter->run()
CRITICAL - 2022-11-28 12:56:08 --> Undefined variable $userID
in APPPATH\Controllers\Chats_Controller.php on line 71.
 1 APPPATH\Controllers\Chats_Controller.php(71): CodeIgniter\Debug\Exceptions->errorHandler(2, 'Undefined variable $userID', 'APPPATH\\Controllers\\Chats_Controller.php', 71)
 2 SYSTEMPATH\CodeIgniter.php(927): App\Controllers\Chats_Controller->msg('1')
 3 SYSTEMPATH\CodeIgniter.php(482): CodeIgniter\CodeIgniter->runController(Object(App\Controllers\Chats_Controller))
 4 SYSTEMPATH\CodeIgniter.php(351): CodeIgniter\CodeIgniter->handleRequest(null, Object(Config\Cache), false)
 5 FCPATH\index.php(67): CodeIgniter\CodeIgniter->run()
CRITICAL - 2022-11-28 12:56:13 --> Undefined variable $userID
in APPPATH\Controllers\Chats_Controller.php on line 71.
 1 APPPATH\Controllers\Chats_Controller.php(71): CodeIgniter\Debug\Exceptions->errorHandler(2, 'Undefined variable $userID', 'APPPATH\\Controllers\\Chats_Controller.php', 71)
 2 SYSTEMPATH\CodeIgniter.php(927): App\Controllers\Chats_Controller->msg('1')
 3 SYSTEMPATH\CodeIgniter.php(482): CodeIgniter\CodeIgniter->runController(Object(App\Controllers\Chats_Controller))
 4 SYSTEMPATH\CodeIgniter.php(351): CodeIgniter\CodeIgniter->handleRequest(null, Object(Config\Cache), false)
 5 FCPATH\index.php(67): CodeIgniter\CodeIgniter->run()
CRITICAL - 2022-11-28 12:56:18 --> Undefined variable $userID
in APPPATH\Controllers\Chats_Controller.php on line 71.
 1 APPPATH\Controllers\Chats_Controller.php(71): CodeIgniter\Debug\Exceptions->errorHandler(2, 'Undefined variable $userID', 'APPPATH\\Controllers\\Chats_Controller.php', 71)
 2 SYSTEMPATH\CodeIgniter.php(927): App\Controllers\Chats_Controller->msg('1')
 3 SYSTEMPATH\CodeIgniter.php(482): CodeIgniter\CodeIgniter->runController(Object(App\Controllers\Chats_Controller))
 4 SYSTEMPATH\CodeIgniter.php(351): CodeIgniter\CodeIgniter->handleRequest(null, Object(Config\Cache), false)
 5 FCPATH\index.php(67): CodeIgniter\CodeIgniter->run()
CRITICAL - 2022-11-28 12:56:23 --> Undefined variable $userID
in APPPATH\Controllers\Chats_Controller.php on line 71.
 1 APPPATH\Controllers\Chats_Controller.php(71): CodeIgniter\Debug\Exceptions->errorHandler(2, 'Undefined variable $userID', 'APPPATH\\Controllers\\Chats_Controller.php', 71)
 2 SYSTEMPATH\CodeIgniter.php(927): App\Controllers\Chats_Controller->msg('1')
 3 SYSTEMPATH\CodeIgniter.php(482): CodeIgniter\CodeIgniter->runController(Object(App\Controllers\Chats_Controller))
 4 SYSTEMPATH\CodeIgniter.php(351): CodeIgniter\CodeIgniter->handleRequest(null, Object(Config\Cache), false)
 5 FCPATH\index.php(67): CodeIgniter\CodeIgniter->run()
CRITICAL - 2022-11-28 12:56:28 --> Undefined variable $userID
in APPPATH\Controllers\Chats_Controller.php on line 71.
 1 APPPATH\Controllers\Chats_Controller.php(71): CodeIgniter\Debug\Exceptions->errorHandler(2, 'Undefined variable $userID', 'APPPATH\\Controllers\\Chats_Controller.php', 71)
 2 SYSTEMPATH\CodeIgniter.php(927): App\Controllers\Chats_Controller->msg('1')
 3 SYSTEMPATH\CodeIgniter.php(482): CodeIgniter\CodeIgniter->runController(Object(App\Controllers\Chats_Controller))
 4 SYSTEMPATH\CodeIgniter.php(351): CodeIgniter\CodeIgniter->handleRequest(null, Object(Config\Cache), false)
 5 FCPATH\index.php(67): CodeIgniter\CodeIgniter->run()
CRITICAL - 2022-11-28 12:56:33 --> Undefined variable $userID
in APPPATH\Controllers\Chats_Controller.php on line 71.
 1 APPPATH\Controllers\Chats_Controller.php(71): CodeIgniter\Debug\Exceptions->errorHandler(2, 'Undefined variable $userID', 'APPPATH\\Controllers\\Chats_Controller.php', 71)
 2 SYSTEMPATH\CodeIgniter.php(927): App\Controllers\Chats_Controller->msg('1')
 3 SYSTEMPATH\CodeIgniter.php(482): CodeIgniter\CodeIgniter->runController(Object(App\Controllers\Chats_Controller))
 4 SYSTEMPATH\CodeIgniter.php(351): CodeIgniter\CodeIgniter->handleRequest(null, Object(Config\Cache), false)
 5 FCPATH\index.php(67): CodeIgniter\CodeIgniter->run()
CRITICAL - 2022-11-28 12:56:38 --> Undefined variable $userID
in APPPATH\Controllers\Chats_Controller.php on line 71.
 1 APPPATH\Controllers\Chats_Controller.php(71): CodeIgniter\Debug\Exceptions->errorHandler(2, 'Undefined variable $userID', 'APPPATH\\Controllers\\Chats_Controller.php', 71)
 2 SYSTEMPATH\CodeIgniter.php(927): App\Controllers\Chats_Controller->msg('1')
 3 SYSTEMPATH\CodeIgniter.php(482): CodeIgniter\CodeIgniter->runController(Object(App\Controllers\Chats_Controller))
 4 SYSTEMPATH\CodeIgniter.php(351): CodeIgniter\CodeIgniter->handleRequest(null, Object(Config\Cache), false)
 5 FCPATH\index.php(67): CodeIgniter\CodeIgniter->run()
CRITICAL - 2022-11-28 12:56:43 --> Undefined variable $userID
in APPPATH\Controllers\Chats_Controller.php on line 71.
 1 APPPATH\Controllers\Chats_Controller.php(71): CodeIgniter\Debug\Exceptions->errorHandler(2, 'Undefined variable $userID', 'APPPATH\\Controllers\\Chats_Controller.php', 71)
 2 SYSTEMPATH\CodeIgniter.php(927): App\Controllers\Chats_Controller->msg('1')
 3 SYSTEMPATH\CodeIgniter.php(482): CodeIgniter\CodeIgniter->runController(Object(App\Controllers\Chats_Controller))
 4 SYSTEMPATH\CodeIgniter.php(351): CodeIgniter\CodeIgniter->handleRequest(null, Object(Config\Cache), false)
 5 FCPATH\index.php(67): CodeIgniter\CodeIgniter->run()
CRITICAL - 2022-11-28 12:56:48 --> Undefined variable $userID
in APPPATH\Controllers\Chats_Controller.php on line 71.
 1 APPPATH\Controllers\Chats_Controller.php(71): CodeIgniter\Debug\Exceptions->errorHandler(2, 'Undefined variable $userID', 'APPPATH\\Controllers\\Chats_Controller.php', 71)
 2 SYSTEMPATH\CodeIgniter.php(927): App\Controllers\Chats_Controller->msg('1')
 3 SYSTEMPATH\CodeIgniter.php(482): CodeIgniter\CodeIgniter->runController(Object(App\Controllers\Chats_Controller))
 4 SYSTEMPATH\CodeIgniter.php(351): CodeIgniter\CodeIgniter->handleRequest(null, Object(Config\Cache), false)
 5 FCPATH\index.php(67): CodeIgniter\CodeIgniter->run()
CRITICAL - 2022-11-28 12:56:53 --> Undefined variable $userID
in APPPATH\Controllers\Chats_Controller.php on line 71.
 1 APPPATH\Controllers\Chats_Controller.php(71): CodeIgniter\Debug\Exceptions->errorHandler(2, 'Undefined variable $userID', 'APPPATH\\Controllers\\Chats_Controller.php', 71)
 2 SYSTEMPATH\CodeIgniter.php(927): App\Controllers\Chats_Controller->msg('1')
 3 SYSTEMPATH\CodeIgniter.php(482): CodeIgniter\CodeIgniter->runController(Object(App\Controllers\Chats_Controller))
 4 SYSTEMPATH\CodeIgniter.php(351): CodeIgniter\CodeIgniter->handleRequest(null, Object(Config\Cache), false)
 5 FCPATH\index.php(67): CodeIgniter\CodeIgniter->run()
CRITICAL - 2022-11-28 12:56:57 --> Undefined variable $userID
in APPPATH\Controllers\Chats_Controller.php on line 70.
 1 APPPATH\Controllers\Chats_Controller.php(70): CodeIgniter\Debug\Exceptions->errorHandler(2, 'Undefined variable $userID', 'APPPATH\\Controllers\\Chats_Controller.php', 70)
 2 SYSTEMPATH\CodeIgniter.php(927): App\Controllers\Chats_Controller->msg('1')
 3 SYSTEMPATH\CodeIgniter.php(482): CodeIgniter\CodeIgniter->runController(Object(App\Controllers\Chats_Controller))
 4 SYSTEMPATH\CodeIgniter.php(351): CodeIgniter\CodeIgniter->handleRequest(null, Object(Config\Cache), false)
 5 FCPATH\index.php(67): CodeIgniter\CodeIgniter->run()
CRITICAL - 2022-11-28 12:57:03 --> Undefined variable $userID
in APPPATH\Controllers\Chats_Controller.php on line 70.
 1 APPPATH\Controllers\Chats_Controller.php(70): CodeIgniter\Debug\Exceptions->errorHandler(2, 'Undefined variable $userID', 'APPPATH\\Controllers\\Chats_Controller.php', 70)
 2 SYSTEMPATH\CodeIgniter.php(927): App\Controllers\Chats_Controller->msg('1')
 3 SYSTEMPATH\CodeIgniter.php(482): CodeIgniter\CodeIgniter->runController(Object(App\Controllers\Chats_Controller))
 4 SYSTEMPATH\CodeIgniter.php(351): CodeIgniter\CodeIgniter->handleRequest(null, Object(Config\Cache), false)
 5 FCPATH\index.php(67): CodeIgniter\CodeIgniter->run()
CRITICAL - 2022-11-28 12:57:08 --> Undefined variable $userID
in APPPATH\Controllers\Chats_Controller.php on line 70.
 1 APPPATH\Controllers\Chats_Controller.php(70): CodeIgniter\Debug\Exceptions->errorHandler(2, 'Undefined variable $userID', 'APPPATH\\Controllers\\Chats_Controller.php', 70)
 2 SYSTEMPATH\CodeIgniter.php(927): App\Controllers\Chats_Controller->msg('1')
 3 SYSTEMPATH\CodeIgniter.php(482): CodeIgniter\CodeIgniter->runController(Object(App\Controllers\Chats_Controller))
 4 SYSTEMPATH\CodeIgniter.php(351): CodeIgniter\CodeIgniter->handleRequest(null, Object(Config\Cache), false)
 5 FCPATH\index.php(67): CodeIgniter\CodeIgniter->run()
CRITICAL - 2022-11-28 12:57:13 --> Undefined variable $userID
in APPPATH\Controllers\Chats_Controller.php on line 70.
 1 APPPATH\Controllers\Chats_Controller.php(70): CodeIgniter\Debug\Exceptions->errorHandler(2, 'Undefined variable $userID', 'APPPATH\\Controllers\\Chats_Controller.php', 70)
 2 SYSTEMPATH\CodeIgniter.php(927): App\Controllers\Chats_Controller->msg('1')
 3 SYSTEMPATH\CodeIgniter.php(482): CodeIgniter\CodeIgniter->runController(Object(App\Controllers\Chats_Controller))
 4 SYSTEMPATH\CodeIgniter.php(351): CodeIgniter\CodeIgniter->handleRequest(null, Object(Config\Cache), false)
 5 FCPATH\index.php(67): CodeIgniter\CodeIgniter->run()
CRITICAL - 2022-11-28 12:57:18 --> Undefined variable $userID
in APPPATH\Controllers\Chats_Controller.php on line 70.
 1 APPPATH\Controllers\Chats_Controller.php(70): CodeIgniter\Debug\Exceptions->errorHandler(2, 'Undefined variable $userID', 'APPPATH\\Controllers\\Chats_Controller.php', 70)
 2 SYSTEMPATH\CodeIgniter.php(927): App\Controllers\Chats_Controller->msg('1')
 3 SYSTEMPATH\CodeIgniter.php(482): CodeIgniter\CodeIgniter->runController(Object(App\Controllers\Chats_Controller))
 4 SYSTEMPATH\CodeIgniter.php(351): CodeIgniter\CodeIgniter->handleRequest(null, Object(Config\Cache), false)
 5 FCPATH\index.php(67): CodeIgniter\CodeIgniter->run()
CRITICAL - 2022-11-28 12:57:23 --> Undefined variable $userID
in APPPATH\Controllers\Chats_Controller.php on line 70.
 1 APPPATH\Controllers\Chats_Controller.php(70): CodeIgniter\Debug\Exceptions->errorHandler(2, 'Undefined variable $userID', 'APPPATH\\Controllers\\Chats_Controller.php', 70)
 2 SYSTEMPATH\CodeIgniter.php(927): App\Controllers\Chats_Controller->msg('1')
 3 SYSTEMPATH\CodeIgniter.php(482): CodeIgniter\CodeIgniter->runController(Object(App\Controllers\Chats_Controller))
 4 SYSTEMPATH\CodeIgniter.php(351): CodeIgniter\CodeIgniter->handleRequest(null, Object(Config\Cache), false)
 5 FCPATH\index.php(67): CodeIgniter\CodeIgniter->run()
CRITICAL - 2022-11-28 12:57:28 --> Undefined variable $userID
in APPPATH\Controllers\Chats_Controller.php on line 70.
 1 APPPATH\Controllers\Chats_Controller.php(70): CodeIgniter\Debug\Exceptions->errorHandler(2, 'Undefined variable $userID', 'APPPATH\\Controllers\\Chats_Controller.php', 70)
 2 SYSTEMPATH\CodeIgniter.php(927): App\Controllers\Chats_Controller->msg('1')
 3 SYSTEMPATH\CodeIgniter.php(482): CodeIgniter\CodeIgniter->runController(Object(App\Controllers\Chats_Controller))
 4 SYSTEMPATH\CodeIgniter.php(351): CodeIgniter\CodeIgniter->handleRequest(null, Object(Config\Cache), false)
 5 FCPATH\index.php(67): CodeIgniter\CodeIgniter->run()
CRITICAL - 2022-11-28 12:57:33 --> Undefined variable $userID
in APPPATH\Controllers\Chats_Controller.php on line 70.
 1 APPPATH\Controllers\Chats_Controller.php(70): CodeIgniter\Debug\Exceptions->errorHandler(2, 'Undefined variable $userID', 'APPPATH\\Controllers\\Chats_Controller.php', 70)
 2 SYSTEMPATH\CodeIgniter.php(927): App\Controllers\Chats_Controller->msg('1')
 3 SYSTEMPATH\CodeIgniter.php(482): CodeIgniter\CodeIgniter->runController(Object(App\Controllers\Chats_Controller))
 4 SYSTEMPATH\CodeIgniter.php(351): CodeIgniter\CodeIgniter->handleRequest(null, Object(Config\Cache), false)
 5 FCPATH\index.php(67): CodeIgniter\CodeIgniter->run()
CRITICAL - 2022-11-28 12:57:38 --> Undefined variable $userID
in APPPATH\Controllers\Chats_Controller.php on line 70.
 1 APPPATH\Controllers\Chats_Controller.php(70): CodeIgniter\Debug\Exceptions->errorHandler(2, 'Undefined variable $userID', 'APPPATH\\Controllers\\Chats_Controller.php', 70)
 2 SYSTEMPATH\CodeIgniter.php(927): App\Controllers\Chats_Controller->msg('1')
 3 SYSTEMPATH\CodeIgniter.php(482): CodeIgniter\CodeIgniter->runController(Object(App\Controllers\Chats_Controller))
 4 SYSTEMPATH\CodeIgniter.php(351): CodeIgniter\CodeIgniter->handleRequest(null, Object(Config\Cache), false)
 5 FCPATH\index.php(67): CodeIgniter\CodeIgniter->run()
CRITICAL - 2022-11-28 12:57:43 --> Undefined variable $userID
in APPPATH\Controllers\Chats_Controller.php on line 70.
 1 APPPATH\Controllers\Chats_Controller.php(70): CodeIgniter\Debug\Exceptions->errorHandler(2, 'Undefined variable $userID', 'APPPATH\\Controllers\\Chats_Controller.php', 70)
 2 SYSTEMPATH\CodeIgniter.php(927): App\Controllers\Chats_Controller->msg('1')
 3 SYSTEMPATH\CodeIgniter.php(482): CodeIgniter\CodeIgniter->runController(Object(App\Controllers\Chats_Controller))
 4 SYSTEMPATH\CodeIgniter.php(351): CodeIgniter\CodeIgniter->handleRequest(null, Object(Config\Cache), false)
 5 FCPATH\index.php(67): CodeIgniter\CodeIgniter->run()
CRITICAL - 2022-11-28 12:57:48 --> Undefined variable $userID
in APPPATH\Controllers\Chats_Controller.php on line 70.
 1 APPPATH\Controllers\Chats_Controller.php(70): CodeIgniter\Debug\Exceptions->errorHandler(2, 'Undefined variable $userID', 'APPPATH\\Controllers\\Chats_Controller.php', 70)
 2 SYSTEMPATH\CodeIgniter.php(927): App\Controllers\Chats_Controller->msg('1')
 3 SYSTEMPATH\CodeIgniter.php(482): CodeIgniter\CodeIgniter->runController(Object(App\Controllers\Chats_Controller))
 4 SYSTEMPATH\CodeIgniter.php(351): CodeIgniter\CodeIgniter->handleRequest(null, Object(Config\Cache), false)
 5 FCPATH\index.php(67): CodeIgniter\CodeIgniter->run()
CRITICAL - 2022-11-28 12:57:53 --> Undefined variable $userID
in APPPATH\Controllers\Chats_Controller.php on line 70.
 1 APPPATH\Controllers\Chats_Controller.php(70): CodeIgniter\Debug\Exceptions->errorHandler(2, 'Undefined variable $userID', 'APPPATH\\Controllers\\Chats_Controller.php', 70)
 2 SYSTEMPATH\CodeIgniter.php(927): App\Controllers\Chats_Controller->msg('1')
 3 SYSTEMPATH\CodeIgniter.php(482): CodeIgniter\CodeIgniter->runController(Object(App\Controllers\Chats_Controller))
 4 SYSTEMPATH\CodeIgniter.php(351): CodeIgniter\CodeIgniter->handleRequest(null, Object(Config\Cache), false)
 5 FCPATH\index.php(67): CodeIgniter\CodeIgniter->run()
CRITICAL - 2022-11-28 12:57:58 --> Undefined variable $userID
in APPPATH\Controllers\Chats_Controller.php on line 70.
 1 APPPATH\Controllers\Chats_Controller.php(70): CodeIgniter\Debug\Exceptions->errorHandler(2, 'Undefined variable $userID', 'APPPATH\\Controllers\\Chats_Controller.php', 70)
 2 SYSTEMPATH\CodeIgniter.php(927): App\Controllers\Chats_Controller->msg('1')
 3 SYSTEMPATH\CodeIgniter.php(482): CodeIgniter\CodeIgniter->runController(Object(App\Controllers\Chats_Controller))
 4 SYSTEMPATH\CodeIgniter.php(351): CodeIgniter\CodeIgniter->handleRequest(null, Object(Config\Cache), false)
 5 FCPATH\index.php(67): CodeIgniter\CodeIgniter->run()
CRITICAL - 2022-11-28 12:58:03 --> Undefined variable $userID
in APPPATH\Controllers\Chats_Controller.php on line 70.
 1 APPPATH\Controllers\Chats_Controller.php(70): CodeIgniter\Debug\Exceptions->errorHandler(2, 'Undefined variable $userID', 'APPPATH\\Controllers\\Chats_Controller.php', 70)
 2 SYSTEMPATH\CodeIgniter.php(927): App\Controllers\Chats_Controller->msg('1')
 3 SYSTEMPATH\CodeIgniter.php(482): CodeIgniter\CodeIgniter->runController(Object(App\Controllers\Chats_Controller))
 4 SYSTEMPATH\CodeIgniter.php(351): CodeIgniter\CodeIgniter->handleRequest(null, Object(Config\Cache), false)
 5 FCPATH\index.php(67): CodeIgniter\CodeIgniter->run()
CRITICAL - 2022-11-28 12:58:08 --> Undefined variable $userID
in APPPATH\Controllers\Chats_Controller.php on line 70.
 1 APPPATH\Controllers\Chats_Controller.php(70): CodeIgniter\Debug\Exceptions->errorHandler(2, 'Undefined variable $userID', 'APPPATH\\Controllers\\Chats_Controller.php', 70)
 2 SYSTEMPATH\CodeIgniter.php(927): App\Controllers\Chats_Controller->msg('1')
 3 SYSTEMPATH\CodeIgniter.php(482): CodeIgniter\CodeIgniter->runController(Object(App\Controllers\Chats_Controller))
 4 SYSTEMPATH\CodeIgniter.php(351): CodeIgniter\CodeIgniter->handleRequest(null, Object(Config\Cache), false)
 5 FCPATH\index.php(67): CodeIgniter\CodeIgniter->run()
CRITICAL - 2022-11-28 12:58:13 --> Undefined variable $userID
in APPPATH\Controllers\Chats_Controller.php on line 70.
 1 APPPATH\Controllers\Chats_Controller.php(70): CodeIgniter\Debug\Exceptions->errorHandler(2, 'Undefined variable $userID', 'APPPATH\\Controllers\\Chats_Controller.php', 70)
 2 SYSTEMPATH\CodeIgniter.php(927): App\Controllers\Chats_Controller->msg('1')
 3 SYSTEMPATH\CodeIgniter.php(482): CodeIgniter\CodeIgniter->runController(Object(App\Controllers\Chats_Controller))
 4 SYSTEMPATH\CodeIgniter.php(351): CodeIgniter\CodeIgniter->handleRequest(null, Object(Config\Cache), false)
 5 FCPATH\index.php(67): CodeIgniter\CodeIgniter->run()
CRITICAL - 2022-11-28 12:58:18 --> Undefined variable $userID
in APPPATH\Controllers\Chats_Controller.php on line 70.
 1 APPPATH\Controllers\Chats_Controller.php(70): CodeIgniter\Debug\Exceptions->errorHandler(2, 'Undefined variable $userID', 'APPPATH\\Controllers\\Chats_Controller.php', 70)
 2 SYSTEMPATH\CodeIgniter.php(927): App\Controllers\Chats_Controller->msg('1')
 3 SYSTEMPATH\CodeIgniter.php(482): CodeIgniter\CodeIgniter->runController(Object(App\Controllers\Chats_Controller))
 4 SYSTEMPATH\CodeIgniter.php(351): CodeIgniter\CodeIgniter->handleRequest(null, Object(Config\Cache), false)
 5 FCPATH\index.php(67): CodeIgniter\CodeIgniter->run()
CRITICAL - 2022-11-28 12:58:23 --> Undefined variable $userID
in APPPATH\Controllers\Chats_Controller.php on line 70.
 1 APPPATH\Controllers\Chats_Controller.php(70): CodeIgniter\Debug\Exceptions->errorHandler(2, 'Undefined variable $userID', 'APPPATH\\Controllers\\Chats_Controller.php', 70)
 2 SYSTEMPATH\CodeIgniter.php(927): App\Controllers\Chats_Controller->msg('1')
 3 SYSTEMPATH\CodeIgniter.php(482): CodeIgniter\CodeIgniter->runController(Object(App\Controllers\Chats_Controller))
 4 SYSTEMPATH\CodeIgniter.php(351): CodeIgniter\CodeIgniter->handleRequest(null, Object(Config\Cache), false)
 5 FCPATH\index.php(67): CodeIgniter\CodeIgniter->run()
CRITICAL - 2022-11-28 12:58:27 --> Undefined variable $userID
in APPPATH\Controllers\Chats_Controller.php on line 71.
 1 APPPATH\Controllers\Chats_Controller.php(71): CodeIgniter\Debug\Exceptions->errorHandler(2, 'Undefined variable $userID', 'APPPATH\\Controllers\\Chats_Controller.php', 71)
 2 SYSTEMPATH\CodeIgniter.php(927): App\Controllers\Chats_Controller->msg('1')
 3 SYSTEMPATH\CodeIgniter.php(482): CodeIgniter\CodeIgniter->runController(Object(App\Controllers\Chats_Controller))
 4 SYSTEMPATH\CodeIgniter.php(351): CodeIgniter\CodeIgniter->handleRequest(null, Object(Config\Cache), false)
 5 FCPATH\index.php(67): CodeIgniter\CodeIgniter->run()
CRITICAL - 2022-11-28 12:58:32 --> Undefined variable $userID
in APPPATH\Controllers\Chats_Controller.php on line 71.
 1 APPPATH\Controllers\Chats_Controller.php(71): CodeIgniter\Debug\Exceptions->errorHandler(2, 'Undefined variable $userID', 'APPPATH\\Controllers\\Chats_Controller.php', 71)
 2 SYSTEMPATH\CodeIgniter.php(927): App\Controllers\Chats_Controller->msg('1')
 3 SYSTEMPATH\CodeIgniter.php(482): CodeIgniter\CodeIgniter->runController(Object(App\Controllers\Chats_Controller))
 4 SYSTEMPATH\CodeIgniter.php(351): CodeIgniter\CodeIgniter->handleRequest(null, Object(Config\Cache), false)
 5 FCPATH\index.php(67): CodeIgniter\CodeIgniter->run()
CRITICAL - 2022-11-28 12:58:37 --> Undefined variable $userID
in APPPATH\Controllers\Chats_Controller.php on line 71.
 1 APPPATH\Controllers\Chats_Controller.php(71): CodeIgniter\Debug\Exceptions->errorHandler(2, 'Undefined variable $userID', 'APPPATH\\Controllers\\Chats_Controller.php', 71)
 2 SYSTEMPATH\CodeIgniter.php(927): App\Controllers\Chats_Controller->msg('1')
 3 SYSTEMPATH\CodeIgniter.php(482): CodeIgniter\CodeIgniter->runController(Object(App\Controllers\Chats_Controller))
 4 SYSTEMPATH\CodeIgniter.php(351): CodeIgniter\CodeIgniter->handleRequest(null, Object(Config\Cache), false)
 5 FCPATH\index.php(67): CodeIgniter\CodeIgniter->run()
CRITICAL - 2022-11-28 12:58:43 --> Undefined variable $userID
in APPPATH\Controllers\Chats_Controller.php on line 71.
 1 APPPATH\Controllers\Chats_Controller.php(71): CodeIgniter\Debug\Exceptions->errorHandler(2, 'Undefined variable $userID', 'APPPATH\\Controllers\\Chats_Controller.php', 71)
 2 SYSTEMPATH\CodeIgniter.php(927): App\Controllers\Chats_Controller->msg('1')
 3 SYSTEMPATH\CodeIgniter.php(482): CodeIgniter\CodeIgniter->runController(Object(App\Controllers\Chats_Controller))
 4 SYSTEMPATH\CodeIgniter.php(351): CodeIgniter\CodeIgniter->handleRequest(null, Object(Config\Cache), false)
 5 FCPATH\index.php(67): CodeIgniter\CodeIgniter->run()
CRITICAL - 2022-11-28 12:58:48 --> Undefined variable $userID
in APPPATH\Controllers\Chats_Controller.php on line 71.
 1 APPPATH\Controllers\Chats_Controller.php(71): CodeIgniter\Debug\Exceptions->errorHandler(2, 'Undefined variable $userID', 'APPPATH\\Controllers\\Chats_Controller.php', 71)
 2 SYSTEMPATH\CodeIgniter.php(927): App\Controllers\Chats_Controller->msg('1')
 3 SYSTEMPATH\CodeIgniter.php(482): CodeIgniter\CodeIgniter->runController(Object(App\Controllers\Chats_Controller))
 4 SYSTEMPATH\CodeIgniter.php(351): CodeIgniter\CodeIgniter->handleRequest(null, Object(Config\Cache), false)
 5 FCPATH\index.php(67): CodeIgniter\CodeIgniter->run()
CRITICAL - 2022-11-28 12:58:53 --> Undefined variable $userID
in APPPATH\Controllers\Chats_Controller.php on line 71.
 1 APPPATH\Controllers\Chats_Controller.php(71): CodeIgniter\Debug\Exceptions->errorHandler(2, 'Undefined variable $userID', 'APPPATH\\Controllers\\Chats_Controller.php', 71)
 2 SYSTEMPATH\CodeIgniter.php(927): App\Controllers\Chats_Controller->msg('1')
 3 SYSTEMPATH\CodeIgniter.php(482): CodeIgniter\CodeIgniter->runController(Object(App\Controllers\Chats_Controller))
 4 SYSTEMPATH\CodeIgniter.php(351): CodeIgniter\CodeIgniter->handleRequest(null, Object(Config\Cache), false)
 5 FCPATH\index.php(67): CodeIgniter\CodeIgniter->run()
CRITICAL - 2022-11-28 12:58:58 --> Undefined variable $userID
in APPPATH\Controllers\Chats_Controller.php on line 71.
 1 APPPATH\Controllers\Chats_Controller.php(71): CodeIgniter\Debug\Exceptions->errorHandler(2, 'Undefined variable $userID', 'APPPATH\\Controllers\\Chats_Controller.php', 71)
 2 SYSTEMPATH\CodeIgniter.php(927): App\Controllers\Chats_Controller->msg('1')
 3 SYSTEMPATH\CodeIgniter.php(482): CodeIgniter\CodeIgniter->runController(Object(App\Controllers\Chats_Controller))
 4 SYSTEMPATH\CodeIgniter.php(351): CodeIgniter\CodeIgniter->handleRequest(null, Object(Config\Cache), false)
 5 FCPATH\index.php(67): CodeIgniter\CodeIgniter->run()
CRITICAL - 2022-11-28 12:59:03 --> Undefined variable $userID
in APPPATH\Controllers\Chats_Controller.php on line 71.
 1 APPPATH\Controllers\Chats_Controller.php(71): CodeIgniter\Debug\Exceptions->errorHandler(2, 'Undefined variable $userID', 'APPPATH\\Controllers\\Chats_Controller.php', 71)
 2 SYSTEMPATH\CodeIgniter.php(927): App\Controllers\Chats_Controller->msg('1')
 3 SYSTEMPATH\CodeIgniter.php(482): CodeIgniter\CodeIgniter->runController(Object(App\Controllers\Chats_Controller))
 4 SYSTEMPATH\CodeIgniter.php(351): CodeIgniter\CodeIgniter->handleRequest(null, Object(Config\Cache), false)
 5 FCPATH\index.php(67): CodeIgniter\CodeIgniter->run()
CRITICAL - 2022-11-28 12:59:08 --> Undefined variable $userID
in APPPATH\Controllers\Chats_Controller.php on line 71.
 1 APPPATH\Controllers\Chats_Controller.php(71): CodeIgniter\Debug\Exceptions->errorHandler(2, 'Undefined variable $userID', 'APPPATH\\Controllers\\Chats_Controller.php', 71)
 2 SYSTEMPATH\CodeIgniter.php(927): App\Controllers\Chats_Controller->msg('1')
 3 SYSTEMPATH\CodeIgniter.php(482): CodeIgniter\CodeIgniter->runController(Object(App\Controllers\Chats_Controller))
 4 SYSTEMPATH\CodeIgniter.php(351): CodeIgniter\CodeIgniter->handleRequest(null, Object(Config\Cache), false)
 5 FCPATH\index.php(67): CodeIgniter\CodeIgniter->run()
CRITICAL - 2022-11-28 12:59:13 --> Undefined variable $userID
in APPPATH\Controllers\Chats_Controller.php on line 71.
 1 APPPATH\Controllers\Chats_Controller.php(71): CodeIgniter\Debug\Exceptions->errorHandler(2, 'Undefined variable $userID', 'APPPATH\\Controllers\\Chats_Controller.php', 71)
 2 SYSTEMPATH\CodeIgniter.php(927): App\Controllers\Chats_Controller->msg('1')
 3 SYSTEMPATH\CodeIgniter.php(482): CodeIgniter\CodeIgniter->runController(Object(App\Controllers\Chats_Controller))
 4 SYSTEMPATH\CodeIgniter.php(351): CodeIgniter\CodeIgniter->handleRequest(null, Object(Config\Cache), false)
 5 FCPATH\index.php(67): CodeIgniter\CodeIgniter->run()
CRITICAL - 2022-11-28 12:59:18 --> Undefined variable $userID
in APPPATH\Controllers\Chats_Controller.php on line 71.
 1 APPPATH\Controllers\Chats_Controller.php(71): CodeIgniter\Debug\Exceptions->errorHandler(2, 'Undefined variable $userID', 'APPPATH\\Controllers\\Chats_Controller.php', 71)
 2 SYSTEMPATH\CodeIgniter.php(927): App\Controllers\Chats_Controller->msg('1')
 3 SYSTEMPATH\CodeIgniter.php(482): CodeIgniter\CodeIgniter->runController(Object(App\Controllers\Chats_Controller))
 4 SYSTEMPATH\CodeIgniter.php(351): CodeIgniter\CodeIgniter->handleRequest(null, Object(Config\Cache), false)
 5 FCPATH\index.php(67): CodeIgniter\CodeIgniter->run()
CRITICAL - 2022-11-28 12:59:23 --> Undefined variable $userID
in APPPATH\Controllers\Chats_Controller.php on line 71.
 1 APPPATH\Controllers\Chats_Controller.php(71): CodeIgniter\Debug\Exceptions->errorHandler(2, 'Undefined variable $userID', 'APPPATH\\Controllers\\Chats_Controller.php', 71)
 2 SYSTEMPATH\CodeIgniter.php(927): App\Controllers\Chats_Controller->msg('1')
 3 SYSTEMPATH\CodeIgniter.php(482): CodeIgniter\CodeIgniter->runController(Object(App\Controllers\Chats_Controller))
 4 SYSTEMPATH\CodeIgniter.php(351): CodeIgniter\CodeIgniter->handleRequest(null, Object(Config\Cache), false)
 5 FCPATH\index.php(67): CodeIgniter\CodeIgniter->run()
CRITICAL - 2022-11-28 12:59:28 --> Undefined variable $userID
in APPPATH\Controllers\Chats_Controller.php on line 71.
 1 APPPATH\Controllers\Chats_Controller.php(71): CodeIgniter\Debug\Exceptions->errorHandler(2, 'Undefined variable $userID', 'APPPATH\\Controllers\\Chats_Controller.php', 71)
 2 SYSTEMPATH\CodeIgniter.php(927): App\Controllers\Chats_Controller->msg('1')
 3 SYSTEMPATH\CodeIgniter.php(482): CodeIgniter\CodeIgniter->runController(Object(App\Controllers\Chats_Controller))
 4 SYSTEMPATH\CodeIgniter.php(351): CodeIgniter\CodeIgniter->handleRequest(null, Object(Config\Cache), false)
 5 FCPATH\index.php(67): CodeIgniter\CodeIgniter->run()
CRITICAL - 2022-11-28 12:59:33 --> Undefined variable $userID
in APPPATH\Controllers\Chats_Controller.php on line 71.
 1 APPPATH\Controllers\Chats_Controller.php(71): CodeIgniter\Debug\Exceptions->errorHandler(2, 'Undefined variable $userID', 'APPPATH\\Controllers\\Chats_Controller.php', 71)
 2 SYSTEMPATH\CodeIgniter.php(927): App\Controllers\Chats_Controller->msg('1')
 3 SYSTEMPATH\CodeIgniter.php(482): CodeIgniter\CodeIgniter->runController(Object(App\Controllers\Chats_Controller))
 4 SYSTEMPATH\CodeIgniter.php(351): CodeIgniter\CodeIgniter->handleRequest(null, Object(Config\Cache), false)
 5 FCPATH\index.php(67): CodeIgniter\CodeIgniter->run()
CRITICAL - 2022-11-28 12:59:38 --> Undefined variable $userID
in APPPATH\Controllers\Chats_Controller.php on line 71.
 1 APPPATH\Controllers\Chats_Controller.php(71): CodeIgniter\Debug\Exceptions->errorHandler(2, 'Undefined variable $userID', 'APPPATH\\Controllers\\Chats_Controller.php', 71)
 2 SYSTEMPATH\CodeIgniter.php(927): App\Controllers\Chats_Controller->msg('1')
 3 SYSTEMPATH\CodeIgniter.php(482): CodeIgniter\CodeIgniter->runController(Object(App\Controllers\Chats_Controller))
 4 SYSTEMPATH\CodeIgniter.php(351): CodeIgniter\CodeIgniter->handleRequest(null, Object(Config\Cache), false)
 5 FCPATH\index.php(67): CodeIgniter\CodeIgniter->run()
CRITICAL - 2022-11-28 12:59:43 --> Undefined variable $userID
in APPPATH\Controllers\Chats_Controller.php on line 71.
 1 APPPATH\Controllers\Chats_Controller.php(71): CodeIgniter\Debug\Exceptions->errorHandler(2, 'Undefined variable $userID', 'APPPATH\\Controllers\\Chats_Controller.php', 71)
 2 SYSTEMPATH\CodeIgniter.php(927): App\Controllers\Chats_Controller->msg('1')
 3 SYSTEMPATH\CodeIgniter.php(482): CodeIgniter\CodeIgniter->runController(Object(App\Controllers\Chats_Controller))
 4 SYSTEMPATH\CodeIgniter.php(351): CodeIgniter\CodeIgniter->handleRequest(null, Object(Config\Cache), false)
 5 FCPATH\index.php(67): CodeIgniter\CodeIgniter->run()
CRITICAL - 2022-11-28 12:59:48 --> Undefined variable $userID
in APPPATH\Controllers\Chats_Controller.php on line 71.
 1 APPPATH\Controllers\Chats_Controller.php(71): CodeIgniter\Debug\Exceptions->errorHandler(2, 'Undefined variable $userID', 'APPPATH\\Controllers\\Chats_Controller.php', 71)
 2 SYSTEMPATH\CodeIgniter.php(927): App\Controllers\Chats_Controller->msg('1')
 3 SYSTEMPATH\CodeIgniter.php(482): CodeIgniter\CodeIgniter->runController(Object(App\Controllers\Chats_Controller))
 4 SYSTEMPATH\CodeIgniter.php(351): CodeIgniter\CodeIgniter->handleRequest(null, Object(Config\Cache), false)
 5 FCPATH\index.php(67): CodeIgniter\CodeIgniter->run()
CRITICAL - 2022-11-28 12:59:53 --> Undefined variable $userID
in APPPATH\Controllers\Chats_Controller.php on line 71.
 1 APPPATH\Controllers\Chats_Controller.php(71): CodeIgniter\Debug\Exceptions->errorHandler(2, 'Undefined variable $userID', 'APPPATH\\Controllers\\Chats_Controller.php', 71)
 2 SYSTEMPATH\CodeIgniter.php(927): App\Controllers\Chats_Controller->msg('1')
 3 SYSTEMPATH\CodeIgniter.php(482): CodeIgniter\CodeIgniter->runController(Object(App\Controllers\Chats_Controller))
 4 SYSTEMPATH\CodeIgniter.php(351): CodeIgniter\CodeIgniter->handleRequest(null, Object(Config\Cache), false)
 5 FCPATH\index.php(67): CodeIgniter\CodeIgniter->run()
CRITICAL - 2022-11-28 12:59:58 --> Undefined variable $userID
in APPPATH\Controllers\Chats_Controller.php on line 71.
 1 APPPATH\Controllers\Chats_Controller.php(71): CodeIgniter\Debug\Exceptions->errorHandler(2, 'Undefined variable $userID', 'APPPATH\\Controllers\\Chats_Controller.php', 71)
 2 SYSTEMPATH\CodeIgniter.php(927): App\Controllers\Chats_Controller->msg('1')
 3 SYSTEMPATH\CodeIgniter.php(482): CodeIgniter\CodeIgniter->runController(Object(App\Controllers\Chats_Controller))
 4 SYSTEMPATH\CodeIgniter.php(351): CodeIgniter\CodeIgniter->handleRequest(null, Object(Config\Cache), false)
 5 FCPATH\index.php(67): CodeIgniter\CodeIgniter->run()
CRITICAL - 2022-11-28 13:00:03 --> Undefined variable $userID
in APPPATH\Controllers\Chats_Controller.php on line 71.
 1 APPPATH\Controllers\Chats_Controller.php(71): CodeIgniter\Debug\Exceptions->errorHandler(2, 'Undefined variable $userID', 'APPPATH\\Controllers\\Chats_Controller.php', 71)
 2 SYSTEMPATH\CodeIgniter.php(927): App\Controllers\Chats_Controller->msg('1')
 3 SYSTEMPATH\CodeIgniter.php(482): CodeIgniter\CodeIgniter->runController(Object(App\Controllers\Chats_Controller))
 4 SYSTEMPATH\CodeIgniter.php(351): CodeIgniter\CodeIgniter->handleRequest(null, Object(Config\Cache), false)
 5 FCPATH\index.php(67): CodeIgniter\CodeIgniter->run()
CRITICAL - 2022-11-28 13:00:08 --> Undefined variable $userID
in APPPATH\Controllers\Chats_Controller.php on line 71.
 1 APPPATH\Controllers\Chats_Controller.php(71): CodeIgniter\Debug\Exceptions->errorHandler(2, 'Undefined variable $userID', 'APPPATH\\Controllers\\Chats_Controller.php', 71)
 2 SYSTEMPATH\CodeIgniter.php(927): App\Controllers\Chats_Controller->msg('1')
 3 SYSTEMPATH\CodeIgniter.php(482): CodeIgniter\CodeIgniter->runController(Object(App\Controllers\Chats_Controller))
 4 SYSTEMPATH\CodeIgniter.php(351): CodeIgniter\CodeIgniter->handleRequest(null, Object(Config\Cache), false)
 5 FCPATH\index.php(67): CodeIgniter\CodeIgniter->run()
CRITICAL - 2022-11-28 13:00:13 --> Undefined variable $userID
in APPPATH\Controllers\Chats_Controller.php on line 71.
 1 APPPATH\Controllers\Chats_Controller.php(71): CodeIgniter\Debug\Exceptions->errorHandler(2, 'Undefined variable $userID', 'APPPATH\\Controllers\\Chats_Controller.php', 71)
 2 SYSTEMPATH\CodeIgniter.php(927): App\Controllers\Chats_Controller->msg('1')
 3 SYSTEMPATH\CodeIgniter.php(482): CodeIgniter\CodeIgniter->runController(Object(App\Controllers\Chats_Controller))
 4 SYSTEMPATH\CodeIgniter.php(351): CodeIgniter\CodeIgniter->handleRequest(null, Object(Config\Cache), false)
 5 FCPATH\index.php(67): CodeIgniter\CodeIgniter->run()
CRITICAL - 2022-11-28 13:00:18 --> Undefined variable $userID
in APPPATH\Controllers\Chats_Controller.php on line 71.
 1 APPPATH\Controllers\Chats_Controller.php(71): CodeIgniter\Debug\Exceptions->errorHandler(2, 'Undefined variable $userID', 'APPPATH\\Controllers\\Chats_Controller.php', 71)
 2 SYSTEMPATH\CodeIgniter.php(927): App\Controllers\Chats_Controller->msg('1')
 3 SYSTEMPATH\CodeIgniter.php(482): CodeIgniter\CodeIgniter->runController(Object(App\Controllers\Chats_Controller))
 4 SYSTEMPATH\CodeIgniter.php(351): CodeIgniter\CodeIgniter->handleRequest(null, Object(Config\Cache), false)
 5 FCPATH\index.php(67): CodeIgniter\CodeIgniter->run()
CRITICAL - 2022-11-28 13:00:23 --> Undefined variable $userID
in APPPATH\Controllers\Chats_Controller.php on line 71.
 1 APPPATH\Controllers\Chats_Controller.php(71): CodeIgniter\Debug\Exceptions->errorHandler(2, 'Undefined variable $userID', 'APPPATH\\Controllers\\Chats_Controller.php', 71)
 2 SYSTEMPATH\CodeIgniter.php(927): App\Controllers\Chats_Controller->msg('1')
 3 SYSTEMPATH\CodeIgniter.php(482): CodeIgniter\CodeIgniter->runController(Object(App\Controllers\Chats_Controller))
 4 SYSTEMPATH\CodeIgniter.php(351): CodeIgniter\CodeIgniter->handleRequest(null, Object(Config\Cache), false)
 5 FCPATH\index.php(67): CodeIgniter\CodeIgniter->run()
CRITICAL - 2022-11-28 13:00:28 --> Undefined variable $userID
in APPPATH\Controllers\Chats_Controller.php on line 71.
 1 APPPATH\Controllers\Chats_Controller.php(71): CodeIgniter\Debug\Exceptions->errorHandler(2, 'Undefined variable $userID', 'APPPATH\\Controllers\\Chats_Controller.php', 71)
 2 SYSTEMPATH\CodeIgniter.php(927): App\Controllers\Chats_Controller->msg('1')
 3 SYSTEMPATH\CodeIgniter.php(482): CodeIgniter\CodeIgniter->runController(Object(App\Controllers\Chats_Controller))
 4 SYSTEMPATH\CodeIgniter.php(351): CodeIgniter\CodeIgniter->handleRequest(null, Object(Config\Cache), false)
 5 FCPATH\index.php(67): CodeIgniter\CodeIgniter->run()
CRITICAL - 2022-11-28 13:00:33 --> Undefined variable $userID
in APPPATH\Controllers\Chats_Controller.php on line 71.
 1 APPPATH\Controllers\Chats_Controller.php(71): CodeIgniter\Debug\Exceptions->errorHandler(2, 'Undefined variable $userID', 'APPPATH\\Controllers\\Chats_Controller.php', 71)
 2 SYSTEMPATH\CodeIgniter.php(927): App\Controllers\Chats_Controller->msg('1')
 3 SYSTEMPATH\CodeIgniter.php(482): CodeIgniter\CodeIgniter->runController(Object(App\Controllers\Chats_Controller))
 4 SYSTEMPATH\CodeIgniter.php(351): CodeIgniter\CodeIgniter->handleRequest(null, Object(Config\Cache), false)
 5 FCPATH\index.php(67): CodeIgniter\CodeIgniter->run()
CRITICAL - 2022-11-28 13:00:38 --> Undefined variable $userID
in APPPATH\Controllers\Chats_Controller.php on line 71.
 1 APPPATH\Controllers\Chats_Controller.php(71): CodeIgniter\Debug\Exceptions->errorHandler(2, 'Undefined variable $userID', 'APPPATH\\Controllers\\Chats_Controller.php', 71)
 2 SYSTEMPATH\CodeIgniter.php(927): App\Controllers\Chats_Controller->msg('1')
 3 SYSTEMPATH\CodeIgniter.php(482): CodeIgniter\CodeIgniter->runController(Object(App\Controllers\Chats_Controller))
 4 SYSTEMPATH\CodeIgniter.php(351): CodeIgniter\CodeIgniter->handleRequest(null, Object(Config\Cache), false)
 5 FCPATH\index.php(67): CodeIgniter\CodeIgniter->run()
CRITICAL - 2022-11-28 13:00:43 --> Undefined variable $userID
in APPPATH\Controllers\Chats_Controller.php on line 71.
 1 APPPATH\Controllers\Chats_Controller.php(71): CodeIgniter\Debug\Exceptions->errorHandler(2, 'Undefined variable $userID', 'APPPATH\\Controllers\\Chats_Controller.php', 71)
 2 SYSTEMPATH\CodeIgniter.php(927): App\Controllers\Chats_Controller->msg('1')
 3 SYSTEMPATH\CodeIgniter.php(482): CodeIgniter\CodeIgniter->runController(Object(App\Controllers\Chats_Controller))
 4 SYSTEMPATH\CodeIgniter.php(351): CodeIgniter\CodeIgniter->handleRequest(null, Object(Config\Cache), false)
 5 FCPATH\index.php(67): CodeIgniter\CodeIgniter->run()
