CRITICAL - 2022-11-07 00:10:43 --> Undefined array key "sub_cat_id"
in APPPATH\Views\admin\sub_category.php on line 377.
 1 APPPATH\Views\admin\sub_category.php(377): CodeIgniter\Debug\Exceptions->errorHandler(2, 'Undefined array key "sub_cat_id"', 'APPPATH\\Views\\admin\\sub_category.php', 377)
 2 SYSTEMPATH\View\View.php(213): include('APPPATH\\Views\\admin\\sub_category.php')
 3 SYSTEMPATH\View\View.php(216): CodeIgniter\View\View->CodeIgniter\View\{closure}()
 4 SYSTEMPATH\Common.php(1134): CodeIgniter\View\View->render('admin/sub_category', [], true)
 5 APPPATH\Controllers\Admin_Sub_Category_Controller.php(19): view('admin/sub_category', [...])
 6 SYSTEMPATH\CodeIgniter.php(927): App\Controllers\Admin_Sub_Category_Controller->index()
 7 SYSTEMPATH\CodeIgniter.php(482): CodeIgniter\CodeIgniter->runController(Object(App\Controllers\Admin_Sub_Category_Controller))
 8 SYSTEMPATH\CodeIgniter.php(351): CodeIgniter\CodeIgniter->handleRequest(null, Object(Config\Cache), false)
 9 FCPATH\index.php(67): CodeIgniter\CodeIgniter->run()
CRITICAL - 2022-11-07 00:10:44 --> Undefined array key "sub_cat_id"
in APPPATH\Views\admin\sub_category.php on line 377.
 1 APPPATH\Views\admin\sub_category.php(377): CodeIgniter\Debug\Exceptions->errorHandler(2, 'Undefined array key "sub_cat_id"', 'APPPATH\\Views\\admin\\sub_category.php', 377)
 2 SYSTEMPATH\View\View.php(213): include('APPPATH\\Views\\admin\\sub_category.php')
 3 SYSTEMPATH\View\View.php(216): CodeIgniter\View\View->CodeIgniter\View\{closure}()
 4 SYSTEMPATH\Common.php(1134): CodeIgniter\View\View->render('admin/sub_category', [], true)
 5 APPPATH\Controllers\Admin_Sub_Category_Controller.php(19): view('admin/sub_category', [...])
 6 SYSTEMPATH\CodeIgniter.php(927): App\Controllers\Admin_Sub_Category_Controller->index()
 7 SYSTEMPATH\CodeIgniter.php(482): CodeIgniter\CodeIgniter->runController(Object(App\Controllers\Admin_Sub_Category_Controller))
 8 SYSTEMPATH\CodeIgniter.php(351): CodeIgniter\CodeIgniter->handleRequest(null, Object(Config\Cache), false)
 9 FCPATH\index.php(67): CodeIgniter\CodeIgniter->run()
CRITICAL - 2022-11-07 00:10:53 --> Undefined array key "sub_cat_id"
in APPPATH\Views\admin\sub_category.php on line 377.
 1 APPPATH\Views\admin\sub_category.php(377): CodeIgniter\Debug\Exceptions->errorHandler(2, 'Undefined array key "sub_cat_id"', 'APPPATH\\Views\\admin\\sub_category.php', 377)
 2 SYSTEMPATH\View\View.php(213): include('APPPATH\\Views\\admin\\sub_category.php')
 3 SYSTEMPATH\View\View.php(216): CodeIgniter\View\View->CodeIgniter\View\{closure}()
 4 SYSTEMPATH\Common.php(1134): CodeIgniter\View\View->render('admin/sub_category', [], true)
 5 APPPATH\Controllers\Admin_Sub_Category_Controller.php(19): view('admin/sub_category', [...])
 6 SYSTEMPATH\CodeIgniter.php(927): App\Controllers\Admin_Sub_Category_Controller->index()
 7 SYSTEMPATH\CodeIgniter.php(482): CodeIgniter\CodeIgniter->runController(Object(App\Controllers\Admin_Sub_Category_Controller))
 8 SYSTEMPATH\CodeIgniter.php(351): CodeIgniter\CodeIgniter->handleRequest(null, Object(Config\Cache), false)
 9 FCPATH\index.php(67): CodeIgniter\CodeIgniter->run()
CRITICAL - 2022-11-07 00:10:53 --> Undefined array key "sub_cat_id"
in APPPATH\Views\admin\sub_category.php on line 377.
 1 APPPATH\Views\admin\sub_category.php(377): CodeIgniter\Debug\Exceptions->errorHandler(2, 'Undefined array key "sub_cat_id"', 'APPPATH\\Views\\admin\\sub_category.php', 377)
 2 SYSTEMPATH\View\View.php(213): include('APPPATH\\Views\\admin\\sub_category.php')
 3 SYSTEMPATH\View\View.php(216): CodeIgniter\View\View->CodeIgniter\View\{closure}()
 4 SYSTEMPATH\Common.php(1134): CodeIgniter\View\View->render('admin/sub_category', [], true)
 5 APPPATH\Controllers\Admin_Sub_Category_Controller.php(19): view('admin/sub_category', [...])
 6 SYSTEMPATH\CodeIgniter.php(927): App\Controllers\Admin_Sub_Category_Controller->index()
 7 SYSTEMPATH\CodeIgniter.php(482): CodeIgniter\CodeIgniter->runController(Object(App\Controllers\Admin_Sub_Category_Controller))
 8 SYSTEMPATH\CodeIgniter.php(351): CodeIgniter\CodeIgniter->handleRequest(null, Object(Config\Cache), false)
 9 FCPATH\index.php(67): CodeIgniter\CodeIgniter->run()
CRITICAL - 2022-11-07 00:10:56 --> Undefined array key "sub_cat_id"
in APPPATH\Views\admin\sub_category.php on line 377.
 1 APPPATH\Views\admin\sub_category.php(377): CodeIgniter\Debug\Exceptions->errorHandler(2, 'Undefined array key "sub_cat_id"', 'APPPATH\\Views\\admin\\sub_category.php', 377)
 2 SYSTEMPATH\View\View.php(213): include('APPPATH\\Views\\admin\\sub_category.php')
 3 SYSTEMPATH\View\View.php(216): CodeIgniter\View\View->CodeIgniter\View\{closure}()
 4 SYSTEMPATH\Common.php(1134): CodeIgniter\View\View->render('admin/sub_category', [], true)
 5 APPPATH\Controllers\Admin_Sub_Category_Controller.php(19): view('admin/sub_category', [...])
 6 SYSTEMPATH\CodeIgniter.php(927): App\Controllers\Admin_Sub_Category_Controller->index()
 7 SYSTEMPATH\CodeIgniter.php(482): CodeIgniter\CodeIgniter->runController(Object(App\Controllers\Admin_Sub_Category_Controller))
 8 SYSTEMPATH\CodeIgniter.php(351): CodeIgniter\CodeIgniter->handleRequest(null, Object(Config\Cache), false)
 9 FCPATH\index.php(67): CodeIgniter\CodeIgniter->run()
CRITICAL - 2022-11-07 00:10:56 --> Undefined array key "sub_cat_id"
in APPPATH\Views\admin\sub_category.php on line 377.
 1 APPPATH\Views\admin\sub_category.php(377): CodeIgniter\Debug\Exceptions->errorHandler(2, 'Undefined array key "sub_cat_id"', 'APPPATH\\Views\\admin\\sub_category.php', 377)
 2 SYSTEMPATH\View\View.php(213): include('APPPATH\\Views\\admin\\sub_category.php')
 3 SYSTEMPATH\View\View.php(216): CodeIgniter\View\View->CodeIgniter\View\{closure}()
 4 SYSTEMPATH\Common.php(1134): CodeIgniter\View\View->render('admin/sub_category', [], true)
 5 APPPATH\Controllers\Admin_Sub_Category_Controller.php(19): view('admin/sub_category', [...])
 6 SYSTEMPATH\CodeIgniter.php(927): App\Controllers\Admin_Sub_Category_Controller->index()
 7 SYSTEMPATH\CodeIgniter.php(482): CodeIgniter\CodeIgniter->runController(Object(App\Controllers\Admin_Sub_Category_Controller))
 8 SYSTEMPATH\CodeIgniter.php(351): CodeIgniter\CodeIgniter->handleRequest(null, Object(Config\Cache), false)
 9 FCPATH\index.php(67): CodeIgniter\CodeIgniter->run()
CRITICAL - 2022-11-07 00:11:17 --> Undefined array key "sub_cat_id"
in APPPATH\Views\admin\sub_category.php on line 376.
 1 APPPATH\Views\admin\sub_category.php(376): CodeIgniter\Debug\Exceptions->errorHandler(2, 'Undefined array key "sub_cat_id"', 'APPPATH\\Views\\admin\\sub_category.php', 376)
 2 SYSTEMPATH\View\View.php(213): include('APPPATH\\Views\\admin\\sub_category.php')
 3 SYSTEMPATH\View\View.php(216): CodeIgniter\View\View->CodeIgniter\View\{closure}()
 4 SYSTEMPATH\Common.php(1134): CodeIgniter\View\View->render('admin/sub_category', [], true)
 5 APPPATH\Controllers\Admin_Sub_Category_Controller.php(19): view('admin/sub_category', [...])
 6 SYSTEMPATH\CodeIgniter.php(927): App\Controllers\Admin_Sub_Category_Controller->index()
 7 SYSTEMPATH\CodeIgniter.php(482): CodeIgniter\CodeIgniter->runController(Object(App\Controllers\Admin_Sub_Category_Controller))
 8 SYSTEMPATH\CodeIgniter.php(351): CodeIgniter\CodeIgniter->handleRequest(null, Object(Config\Cache), false)
 9 FCPATH\index.php(67): CodeIgniter\CodeIgniter->run()
CRITICAL - 2022-11-07 00:11:18 --> Undefined array key "sub_cat_id"
in APPPATH\Views\admin\sub_category.php on line 376.
 1 APPPATH\Views\admin\sub_category.php(376): CodeIgniter\Debug\Exceptions->errorHandler(2, 'Undefined array key "sub_cat_id"', 'APPPATH\\Views\\admin\\sub_category.php', 376)
 2 SYSTEMPATH\View\View.php(213): include('APPPATH\\Views\\admin\\sub_category.php')
 3 SYSTEMPATH\View\View.php(216): CodeIgniter\View\View->CodeIgniter\View\{closure}()
 4 SYSTEMPATH\Common.php(1134): CodeIgniter\View\View->render('admin/sub_category', [], true)
 5 APPPATH\Controllers\Admin_Sub_Category_Controller.php(19): view('admin/sub_category', [...])
 6 SYSTEMPATH\CodeIgniter.php(927): App\Controllers\Admin_Sub_Category_Controller->index()
 7 SYSTEMPATH\CodeIgniter.php(482): CodeIgniter\CodeIgniter->runController(Object(App\Controllers\Admin_Sub_Category_Controller))
 8 SYSTEMPATH\CodeIgniter.php(351): CodeIgniter\CodeIgniter->handleRequest(null, Object(Config\Cache), false)
 9 FCPATH\index.php(67): CodeIgniter\CodeIgniter->run()
CRITICAL - 2022-11-07 00:11:26 --> Undefined array key "sub_cat_id"
in APPPATH\Views\admin\sub_category.php on line 376.
 1 APPPATH\Views\admin\sub_category.php(376): CodeIgniter\Debug\Exceptions->errorHandler(2, 'Undefined array key "sub_cat_id"', 'APPPATH\\Views\\admin\\sub_category.php', 376)
 2 SYSTEMPATH\View\View.php(213): include('APPPATH\\Views\\admin\\sub_category.php')
 3 SYSTEMPATH\View\View.php(216): CodeIgniter\View\View->CodeIgniter\View\{closure}()
 4 SYSTEMPATH\Common.php(1134): CodeIgniter\View\View->render('admin/sub_category', [], true)
 5 APPPATH\Controllers\Admin_Sub_Category_Controller.php(19): view('admin/sub_category', [...])
 6 SYSTEMPATH\CodeIgniter.php(927): App\Controllers\Admin_Sub_Category_Controller->index()
 7 SYSTEMPATH\CodeIgniter.php(482): CodeIgniter\CodeIgniter->runController(Object(App\Controllers\Admin_Sub_Category_Controller))
 8 SYSTEMPATH\CodeIgniter.php(351): CodeIgniter\CodeIgniter->handleRequest(null, Object(Config\Cache), false)
 9 FCPATH\index.php(67): CodeIgniter\CodeIgniter->run()
CRITICAL - 2022-11-07 00:11:26 --> Undefined array key "sub_cat_id"
in APPPATH\Views\admin\sub_category.php on line 376.
 1 APPPATH\Views\admin\sub_category.php(376): CodeIgniter\Debug\Exceptions->errorHandler(2, 'Undefined array key "sub_cat_id"', 'APPPATH\\Views\\admin\\sub_category.php', 376)
 2 SYSTEMPATH\View\View.php(213): include('APPPATH\\Views\\admin\\sub_category.php')
 3 SYSTEMPATH\View\View.php(216): CodeIgniter\View\View->CodeIgniter\View\{closure}()
 4 SYSTEMPATH\Common.php(1134): CodeIgniter\View\View->render('admin/sub_category', [], true)
 5 APPPATH\Controllers\Admin_Sub_Category_Controller.php(19): view('admin/sub_category', [...])
 6 SYSTEMPATH\CodeIgniter.php(927): App\Controllers\Admin_Sub_Category_Controller->index()
 7 SYSTEMPATH\CodeIgniter.php(482): CodeIgniter\CodeIgniter->runController(Object(App\Controllers\Admin_Sub_Category_Controller))
 8 SYSTEMPATH\CodeIgniter.php(351): CodeIgniter\CodeIgniter->handleRequest(null, Object(Config\Cache), false)
 9 FCPATH\index.php(67): CodeIgniter\CodeIgniter->run()
CRITICAL - 2022-11-07 00:12:38 --> Undefined array key "sub_cat_id"
in APPPATH\Views\admin\sub_category.php on line 376.
 1 APPPATH\Views\admin\sub_category.php(376): CodeIgniter\Debug\Exceptions->errorHandler(2, 'Undefined array key "sub_cat_id"', 'APPPATH\\Views\\admin\\sub_category.php', 376)
 2 SYSTEMPATH\View\View.php(213): include('APPPATH\\Views\\admin\\sub_category.php')
 3 SYSTEMPATH\View\View.php(216): CodeIgniter\View\View->CodeIgniter\View\{closure}()
 4 SYSTEMPATH\Common.php(1134): CodeIgniter\View\View->render('admin/sub_category', [], true)
 5 APPPATH\Controllers\Admin_Sub_Category_Controller.php(19): view('admin/sub_category', [...])
 6 SYSTEMPATH\CodeIgniter.php(927): App\Controllers\Admin_Sub_Category_Controller->index()
 7 SYSTEMPATH\CodeIgniter.php(482): CodeIgniter\CodeIgniter->runController(Object(App\Controllers\Admin_Sub_Category_Controller))
 8 SYSTEMPATH\CodeIgniter.php(351): CodeIgniter\CodeIgniter->handleRequest(null, Object(Config\Cache), false)
 9 FCPATH\index.php(67): CodeIgniter\CodeIgniter->run()
CRITICAL - 2022-11-07 00:12:38 --> Undefined array key "sub_cat_id"
in APPPATH\Views\admin\sub_category.php on line 376.
 1 APPPATH\Views\admin\sub_category.php(376): CodeIgniter\Debug\Exceptions->errorHandler(2, 'Undefined array key "sub_cat_id"', 'APPPATH\\Views\\admin\\sub_category.php', 376)
 2 SYSTEMPATH\View\View.php(213): include('APPPATH\\Views\\admin\\sub_category.php')
 3 SYSTEMPATH\View\View.php(216): CodeIgniter\View\View->CodeIgniter\View\{closure}()
 4 SYSTEMPATH\Common.php(1134): CodeIgniter\View\View->render('admin/sub_category', [], true)
 5 APPPATH\Controllers\Admin_Sub_Category_Controller.php(19): view('admin/sub_category', [...])
 6 SYSTEMPATH\CodeIgniter.php(927): App\Controllers\Admin_Sub_Category_Controller->index()
 7 SYSTEMPATH\CodeIgniter.php(482): CodeIgniter\CodeIgniter->runController(Object(App\Controllers\Admin_Sub_Category_Controller))
 8 SYSTEMPATH\CodeIgniter.php(351): CodeIgniter\CodeIgniter->handleRequest(null, Object(Config\Cache), false)
 9 FCPATH\index.php(67): CodeIgniter\CodeIgniter->run()
CRITICAL - 2022-11-07 00:14:43 --> Undefined array key "sub_cat_id"
in APPPATH\Views\admin\sub_category.php on line 376.
 1 APPPATH\Views\admin\sub_category.php(376): CodeIgniter\Debug\Exceptions->errorHandler(2, 'Undefined array key "sub_cat_id"', 'APPPATH\\Views\\admin\\sub_category.php', 376)
 2 SYSTEMPATH\View\View.php(213): include('APPPATH\\Views\\admin\\sub_category.php')
 3 SYSTEMPATH\View\View.php(216): CodeIgniter\View\View->CodeIgniter\View\{closure}()
 4 SYSTEMPATH\Common.php(1134): CodeIgniter\View\View->render('admin/sub_category', [], true)
 5 APPPATH\Controllers\Admin_Sub_Category_Controller.php(19): view('admin/sub_category', [...])
 6 SYSTEMPATH\CodeIgniter.php(927): App\Controllers\Admin_Sub_Category_Controller->index()
 7 SYSTEMPATH\CodeIgniter.php(482): CodeIgniter\CodeIgniter->runController(Object(App\Controllers\Admin_Sub_Category_Controller))
 8 SYSTEMPATH\CodeIgniter.php(351): CodeIgniter\CodeIgniter->handleRequest(null, Object(Config\Cache), false)
 9 FCPATH\index.php(67): CodeIgniter\CodeIgniter->run()
CRITICAL - 2022-11-07 00:14:43 --> Undefined array key "sub_cat_id"
in APPPATH\Views\admin\sub_category.php on line 376.
 1 APPPATH\Views\admin\sub_category.php(376): CodeIgniter\Debug\Exceptions->errorHandler(2, 'Undefined array key "sub_cat_id"', 'APPPATH\\Views\\admin\\sub_category.php', 376)
 2 SYSTEMPATH\View\View.php(213): include('APPPATH\\Views\\admin\\sub_category.php')
 3 SYSTEMPATH\View\View.php(216): CodeIgniter\View\View->CodeIgniter\View\{closure}()
 4 SYSTEMPATH\Common.php(1134): CodeIgniter\View\View->render('admin/sub_category', [], true)
 5 APPPATH\Controllers\Admin_Sub_Category_Controller.php(19): view('admin/sub_category', [...])
 6 SYSTEMPATH\CodeIgniter.php(927): App\Controllers\Admin_Sub_Category_Controller->index()
 7 SYSTEMPATH\CodeIgniter.php(482): CodeIgniter\CodeIgniter->runController(Object(App\Controllers\Admin_Sub_Category_Controller))
 8 SYSTEMPATH\CodeIgniter.php(351): CodeIgniter\CodeIgniter->handleRequest(null, Object(Config\Cache), false)
 9 FCPATH\index.php(67): CodeIgniter\CodeIgniter->run()
CRITICAL - 2022-11-07 00:16:51 --> Undefined array key "sub_cat_id"
in APPPATH\Views\admin\sub_category.php on line 376.
 1 APPPATH\Views\admin\sub_category.php(376): CodeIgniter\Debug\Exceptions->errorHandler(2, 'Undefined array key "sub_cat_id"', 'APPPATH\\Views\\admin\\sub_category.php', 376)
 2 SYSTEMPATH\View\View.php(213): include('APPPATH\\Views\\admin\\sub_category.php')
 3 SYSTEMPATH\View\View.php(216): CodeIgniter\View\View->CodeIgniter\View\{closure}()
 4 SYSTEMPATH\Common.php(1134): CodeIgniter\View\View->render('admin/sub_category', [], true)
 5 APPPATH\Controllers\Admin_Sub_Category_Controller.php(19): view('admin/sub_category', [...])
 6 SYSTEMPATH\CodeIgniter.php(927): App\Controllers\Admin_Sub_Category_Controller->index()
 7 SYSTEMPATH\CodeIgniter.php(482): CodeIgniter\CodeIgniter->runController(Object(App\Controllers\Admin_Sub_Category_Controller))
 8 SYSTEMPATH\CodeIgniter.php(351): CodeIgniter\CodeIgniter->handleRequest(null, Object(Config\Cache), false)
 9 FCPATH\index.php(67): CodeIgniter\CodeIgniter->run()
CRITICAL - 2022-11-07 00:16:51 --> Undefined array key "sub_cat_id"
in APPPATH\Views\admin\sub_category.php on line 376.
 1 APPPATH\Views\admin\sub_category.php(376): CodeIgniter\Debug\Exceptions->errorHandler(2, 'Undefined array key "sub_cat_id"', 'APPPATH\\Views\\admin\\sub_category.php', 376)
 2 SYSTEMPATH\View\View.php(213): include('APPPATH\\Views\\admin\\sub_category.php')
 3 SYSTEMPATH\View\View.php(216): CodeIgniter\View\View->CodeIgniter\View\{closure}()
 4 SYSTEMPATH\Common.php(1134): CodeIgniter\View\View->render('admin/sub_category', [], true)
 5 APPPATH\Controllers\Admin_Sub_Category_Controller.php(19): view('admin/sub_category', [...])
 6 SYSTEMPATH\CodeIgniter.php(927): App\Controllers\Admin_Sub_Category_Controller->index()
 7 SYSTEMPATH\CodeIgniter.php(482): CodeIgniter\CodeIgniter->runController(Object(App\Controllers\Admin_Sub_Category_Controller))
 8 SYSTEMPATH\CodeIgniter.php(351): CodeIgniter\CodeIgniter->handleRequest(null, Object(Config\Cache), false)
 9 FCPATH\index.php(67): CodeIgniter\CodeIgniter->run()
