CRITICAL - 2022-12-25 04:15:50 --> Undefined variable $logo
in APPPATH\Views\panel\user\includes\header.php on line 8.
 1 APPPATH\Views\panel\user\includes\header.php(8): CodeIgniter\Debug\Exceptions->errorHandler(2, 'Undefined variable $logo', 'APPPATH\\Views\\panel\\user\\includes\\header.php', 8)
 2 APPPATH\Views\panel\user\dashboard.php(3): include('APPPATH\\Views\\panel\\user\\includes\\header.php')
 3 SYSTEMPATH\View\View.php(213): include('APPPATH\\Views\\panel\\user\\dashboard.php')
 4 SYSTEMPATH\View\View.php(216): CodeIgniter\View\View->CodeIgniter\View\{closure}()
 5 SYSTEMPATH\Common.php(1134): CodeIgniter\View\View->render('panel/user/dashboard', [], true)
 6 APPPATH\Controllers\User_Dashboard.php(45): view('panel/user/dashboard', [...])
 7 SYSTEMPATH\CodeIgniter.php(927): App\Controllers\User_Dashboard->index()
 8 SYSTEMPATH\CodeIgniter.php(482): CodeIgniter\CodeIgniter->runController(Object(App\Controllers\User_Dashboard))
 9 SYSTEMPATH\CodeIgniter.php(351): CodeIgniter\CodeIgniter->handleRequest(null, Object(Config\Cache), false)
10 FCPATH\index.php(67): CodeIgniter\CodeIgniter->run()
CRITICAL - 2022-12-25 04:15:51 --> Undefined variable $logo
in APPPATH\Views\panel\user\includes\header.php on line 8.
 1 APPPATH\Views\panel\user\includes\header.php(8): CodeIgniter\Debug\Exceptions->errorHandler(2, 'Undefined variable $logo', 'APPPATH\\Views\\panel\\user\\includes\\header.php', 8)
 2 APPPATH\Views\panel\user\dashboard.php(3): include('APPPATH\\Views\\panel\\user\\includes\\header.php')
 3 SYSTEMPATH\View\View.php(213): include('APPPATH\\Views\\panel\\user\\dashboard.php')
 4 SYSTEMPATH\View\View.php(216): CodeIgniter\View\View->CodeIgniter\View\{closure}()
 5 SYSTEMPATH\Common.php(1134): CodeIgniter\View\View->render('panel/user/dashboard', [], true)
 6 APPPATH\Controllers\User_Dashboard.php(45): view('panel/user/dashboard', [...])
 7 SYSTEMPATH\CodeIgniter.php(927): App\Controllers\User_Dashboard->index()
 8 SYSTEMPATH\CodeIgniter.php(482): CodeIgniter\CodeIgniter->runController(Object(App\Controllers\User_Dashboard))
 9 SYSTEMPATH\CodeIgniter.php(351): CodeIgniter\CodeIgniter->handleRequest(null, Object(Config\Cache), false)
10 FCPATH\index.php(67): CodeIgniter\CodeIgniter->run()
CRITICAL - 2022-12-25 04:15:51 --> Undefined variable $logo
in APPPATH\Views\panel\user\includes\header.php on line 8.
 1 APPPATH\Views\panel\user\includes\header.php(8): CodeIgniter\Debug\Exceptions->errorHandler(2, 'Undefined variable $logo', 'APPPATH\\Views\\panel\\user\\includes\\header.php', 8)
 2 APPPATH\Views\panel\user\dashboard.php(3): include('APPPATH\\Views\\panel\\user\\includes\\header.php')
 3 SYSTEMPATH\View\View.php(213): include('APPPATH\\Views\\panel\\user\\dashboard.php')
 4 SYSTEMPATH\View\View.php(216): CodeIgniter\View\View->CodeIgniter\View\{closure}()
 5 SYSTEMPATH\Common.php(1134): CodeIgniter\View\View->render('panel/user/dashboard', [], true)
 6 APPPATH\Controllers\User_Dashboard.php(45): view('panel/user/dashboard', [...])
 7 SYSTEMPATH\CodeIgniter.php(927): App\Controllers\User_Dashboard->index()
 8 SYSTEMPATH\CodeIgniter.php(482): CodeIgniter\CodeIgniter->runController(Object(App\Controllers\User_Dashboard))
 9 SYSTEMPATH\CodeIgniter.php(351): CodeIgniter\CodeIgniter->handleRequest(null, Object(Config\Cache), false)
10 FCPATH\index.php(67): CodeIgniter\CodeIgniter->run()
CRITICAL - 2022-12-25 04:18:31 --> Undefined variable $logo
in APPPATH\Views\panel\user\includes\header.php on line 8.
 1 APPPATH\Views\panel\user\includes\header.php(8): CodeIgniter\Debug\Exceptions->errorHandler(2, 'Undefined variable $logo', 'APPPATH\\Views\\panel\\user\\includes\\header.php', 8)
 2 APPPATH\Views\panel\user\chats.php(3): include('APPPATH\\Views\\panel\\user\\includes\\header.php')
 3 SYSTEMPATH\View\View.php(213): include('APPPATH\\Views\\panel\\user\\chats.php')
 4 SYSTEMPATH\View\View.php(216): CodeIgniter\View\View->CodeIgniter\View\{closure}()
 5 SYSTEMPATH\Common.php(1134): CodeIgniter\View\View->render('panel/user/chats', [], true)
 6 APPPATH\Controllers\Chats_Controller.php(23): view('panel/user/chats', [...])
 7 SYSTEMPATH\CodeIgniter.php(927): App\Controllers\Chats_Controller->index()
 8 SYSTEMPATH\CodeIgniter.php(482): CodeIgniter\CodeIgniter->runController(Object(App\Controllers\Chats_Controller))
 9 SYSTEMPATH\CodeIgniter.php(351): CodeIgniter\CodeIgniter->handleRequest(null, Object(Config\Cache), false)
10 FCPATH\index.php(67): CodeIgniter\CodeIgniter->run()
CRITICAL - 2022-12-25 04:18:32 --> Undefined variable $logo
in APPPATH\Views\panel\user\includes\header.php on line 8.
 1 APPPATH\Views\panel\user\includes\header.php(8): CodeIgniter\Debug\Exceptions->errorHandler(2, 'Undefined variable $logo', 'APPPATH\\Views\\panel\\user\\includes\\header.php', 8)
 2 APPPATH\Views\panel\user\chats.php(3): include('APPPATH\\Views\\panel\\user\\includes\\header.php')
 3 SYSTEMPATH\View\View.php(213): include('APPPATH\\Views\\panel\\user\\chats.php')
 4 SYSTEMPATH\View\View.php(216): CodeIgniter\View\View->CodeIgniter\View\{closure}()
 5 SYSTEMPATH\Common.php(1134): CodeIgniter\View\View->render('panel/user/chats', [], true)
 6 APPPATH\Controllers\Chats_Controller.php(23): view('panel/user/chats', [...])
 7 SYSTEMPATH\CodeIgniter.php(927): App\Controllers\Chats_Controller->index()
 8 SYSTEMPATH\CodeIgniter.php(482): CodeIgniter\CodeIgniter->runController(Object(App\Controllers\Chats_Controller))
 9 SYSTEMPATH\CodeIgniter.php(351): CodeIgniter\CodeIgniter->handleRequest(null, Object(Config\Cache), false)
10 FCPATH\index.php(67): CodeIgniter\CodeIgniter->run()
CRITICAL - 2022-12-25 04:18:32 --> Undefined variable $logo
in APPPATH\Views\panel\user\includes\header.php on line 8.
 1 APPPATH\Views\panel\user\includes\header.php(8): CodeIgniter\Debug\Exceptions->errorHandler(2, 'Undefined variable $logo', 'APPPATH\\Views\\panel\\user\\includes\\header.php', 8)
 2 APPPATH\Views\panel\user\chats.php(3): include('APPPATH\\Views\\panel\\user\\includes\\header.php')
 3 SYSTEMPATH\View\View.php(213): include('APPPATH\\Views\\panel\\user\\chats.php')
 4 SYSTEMPATH\View\View.php(216): CodeIgniter\View\View->CodeIgniter\View\{closure}()
 5 SYSTEMPATH\Common.php(1134): CodeIgniter\View\View->render('panel/user/chats', [], true)
 6 APPPATH\Controllers\Chats_Controller.php(23): view('panel/user/chats', [...])
 7 SYSTEMPATH\CodeIgniter.php(927): App\Controllers\Chats_Controller->index()
 8 SYSTEMPATH\CodeIgniter.php(482): CodeIgniter\CodeIgniter->runController(Object(App\Controllers\Chats_Controller))
 9 SYSTEMPATH\CodeIgniter.php(351): CodeIgniter\CodeIgniter->handleRequest(null, Object(Config\Cache), false)
10 FCPATH\index.php(67): CodeIgniter\CodeIgniter->run()
CRITICAL - 2022-12-25 04:18:59 --> Undefined variable $logo
in APPPATH\Views\panel\user\includes\header.php on line 8.
 1 APPPATH\Views\panel\user\includes\header.php(8): CodeIgniter\Debug\Exceptions->errorHandler(2, 'Undefined variable $logo', 'APPPATH\\Views\\panel\\user\\includes\\header.php', 8)
 2 APPPATH\Views\panel\user\chats.php(3): include('APPPATH\\Views\\panel\\user\\includes\\header.php')
 3 SYSTEMPATH\View\View.php(213): include('APPPATH\\Views\\panel\\user\\chats.php')
 4 SYSTEMPATH\View\View.php(216): CodeIgniter\View\View->CodeIgniter\View\{closure}()
 5 SYSTEMPATH\Common.php(1134): CodeIgniter\View\View->render('panel/user/chats', [], true)
 6 APPPATH\Controllers\Chats_Controller.php(23): view('panel/user/chats', [...])
 7 SYSTEMPATH\CodeIgniter.php(927): App\Controllers\Chats_Controller->index()
 8 SYSTEMPATH\CodeIgniter.php(482): CodeIgniter\CodeIgniter->runController(Object(App\Controllers\Chats_Controller))
 9 SYSTEMPATH\CodeIgniter.php(351): CodeIgniter\CodeIgniter->handleRequest(null, Object(Config\Cache), false)
10 FCPATH\index.php(67): CodeIgniter\CodeIgniter->run()
CRITICAL - 2022-12-25 04:18:59 --> Undefined variable $logo
in APPPATH\Views\panel\user\includes\header.php on line 8.
 1 APPPATH\Views\panel\user\includes\header.php(8): CodeIgniter\Debug\Exceptions->errorHandler(2, 'Undefined variable $logo', 'APPPATH\\Views\\panel\\user\\includes\\header.php', 8)
 2 APPPATH\Views\panel\user\chats.php(3): include('APPPATH\\Views\\panel\\user\\includes\\header.php')
 3 SYSTEMPATH\View\View.php(213): include('APPPATH\\Views\\panel\\user\\chats.php')
 4 SYSTEMPATH\View\View.php(216): CodeIgniter\View\View->CodeIgniter\View\{closure}()
 5 SYSTEMPATH\Common.php(1134): CodeIgniter\View\View->render('panel/user/chats', [], true)
 6 APPPATH\Controllers\Chats_Controller.php(23): view('panel/user/chats', [...])
 7 SYSTEMPATH\CodeIgniter.php(927): App\Controllers\Chats_Controller->index()
 8 SYSTEMPATH\CodeIgniter.php(482): CodeIgniter\CodeIgniter->runController(Object(App\Controllers\Chats_Controller))
 9 SYSTEMPATH\CodeIgniter.php(351): CodeIgniter\CodeIgniter->handleRequest(null, Object(Config\Cache), false)
10 FCPATH\index.php(67): CodeIgniter\CodeIgniter->run()
CRITICAL - 2022-12-25 04:18:59 --> Undefined variable $logo
in APPPATH\Views\panel\user\includes\header.php on line 8.
 1 APPPATH\Views\panel\user\includes\header.php(8): CodeIgniter\Debug\Exceptions->errorHandler(2, 'Undefined variable $logo', 'APPPATH\\Views\\panel\\user\\includes\\header.php', 8)
 2 APPPATH\Views\panel\user\chats.php(3): include('APPPATH\\Views\\panel\\user\\includes\\header.php')
 3 SYSTEMPATH\View\View.php(213): include('APPPATH\\Views\\panel\\user\\chats.php')
 4 SYSTEMPATH\View\View.php(216): CodeIgniter\View\View->CodeIgniter\View\{closure}()
 5 SYSTEMPATH\Common.php(1134): CodeIgniter\View\View->render('panel/user/chats', [], true)
 6 APPPATH\Controllers\Chats_Controller.php(23): view('panel/user/chats', [...])
 7 SYSTEMPATH\CodeIgniter.php(927): App\Controllers\Chats_Controller->index()
 8 SYSTEMPATH\CodeIgniter.php(482): CodeIgniter\CodeIgniter->runController(Object(App\Controllers\Chats_Controller))
 9 SYSTEMPATH\CodeIgniter.php(351): CodeIgniter\CodeIgniter->handleRequest(null, Object(Config\Cache), false)
10 FCPATH\index.php(67): CodeIgniter\CodeIgniter->run()
CRITICAL - 2022-12-25 04:19:30 --> Undefined variable $logo
in APPPATH\Views\panel\user\includes\header.php on line 8.
 1 APPPATH\Views\panel\user\includes\header.php(8): CodeIgniter\Debug\Exceptions->errorHandler(2, 'Undefined variable $logo', 'APPPATH\\Views\\panel\\user\\includes\\header.php', 8)
 2 APPPATH\Views\panel\user\chats.php(3): include('APPPATH\\Views\\panel\\user\\includes\\header.php')
 3 SYSTEMPATH\View\View.php(213): include('APPPATH\\Views\\panel\\user\\chats.php')
 4 SYSTEMPATH\View\View.php(216): CodeIgniter\View\View->CodeIgniter\View\{closure}()
 5 SYSTEMPATH\Common.php(1134): CodeIgniter\View\View->render('panel/user/chats', [], true)
 6 APPPATH\Controllers\Chats_Controller.php(23): view('panel/user/chats', [...])
 7 SYSTEMPATH\CodeIgniter.php(927): App\Controllers\Chats_Controller->index()
 8 SYSTEMPATH\CodeIgniter.php(482): CodeIgniter\CodeIgniter->runController(Object(App\Controllers\Chats_Controller))
 9 SYSTEMPATH\CodeIgniter.php(351): CodeIgniter\CodeIgniter->handleRequest(null, Object(Config\Cache), false)
10 FCPATH\index.php(67): CodeIgniter\CodeIgniter->run()
CRITICAL - 2022-12-25 04:19:30 --> Undefined variable $logo
in APPPATH\Views\panel\user\includes\header.php on line 8.
 1 APPPATH\Views\panel\user\includes\header.php(8): CodeIgniter\Debug\Exceptions->errorHandler(2, 'Undefined variable $logo', 'APPPATH\\Views\\panel\\user\\includes\\header.php', 8)
 2 APPPATH\Views\panel\user\chats.php(3): include('APPPATH\\Views\\panel\\user\\includes\\header.php')
 3 SYSTEMPATH\View\View.php(213): include('APPPATH\\Views\\panel\\user\\chats.php')
 4 SYSTEMPATH\View\View.php(216): CodeIgniter\View\View->CodeIgniter\View\{closure}()
 5 SYSTEMPATH\Common.php(1134): CodeIgniter\View\View->render('panel/user/chats', [], true)
 6 APPPATH\Controllers\Chats_Controller.php(23): view('panel/user/chats', [...])
 7 SYSTEMPATH\CodeIgniter.php(927): App\Controllers\Chats_Controller->index()
 8 SYSTEMPATH\CodeIgniter.php(482): CodeIgniter\CodeIgniter->runController(Object(App\Controllers\Chats_Controller))
 9 SYSTEMPATH\CodeIgniter.php(351): CodeIgniter\CodeIgniter->handleRequest(null, Object(Config\Cache), false)
10 FCPATH\index.php(67): CodeIgniter\CodeIgniter->run()
CRITICAL - 2022-12-25 04:19:30 --> Undefined variable $logo
in APPPATH\Views\panel\user\includes\header.php on line 8.
 1 APPPATH\Views\panel\user\includes\header.php(8): CodeIgniter\Debug\Exceptions->errorHandler(2, 'Undefined variable $logo', 'APPPATH\\Views\\panel\\user\\includes\\header.php', 8)
 2 APPPATH\Views\panel\user\chats.php(3): include('APPPATH\\Views\\panel\\user\\includes\\header.php')
 3 SYSTEMPATH\View\View.php(213): include('APPPATH\\Views\\panel\\user\\chats.php')
 4 SYSTEMPATH\View\View.php(216): CodeIgniter\View\View->CodeIgniter\View\{closure}()
 5 SYSTEMPATH\Common.php(1134): CodeIgniter\View\View->render('panel/user/chats', [], true)
 6 APPPATH\Controllers\Chats_Controller.php(23): view('panel/user/chats', [...])
 7 SYSTEMPATH\CodeIgniter.php(927): App\Controllers\Chats_Controller->index()
 8 SYSTEMPATH\CodeIgniter.php(482): CodeIgniter\CodeIgniter->runController(Object(App\Controllers\Chats_Controller))
 9 SYSTEMPATH\CodeIgniter.php(351): CodeIgniter\CodeIgniter->handleRequest(null, Object(Config\Cache), false)
10 FCPATH\index.php(67): CodeIgniter\CodeIgniter->run()
CRITICAL - 2022-12-25 04:19:59 --> Undefined variable $logo
in APPPATH\Views\panel\user\includes\header.php on line 8.
 1 APPPATH\Views\panel\user\includes\header.php(8): CodeIgniter\Debug\Exceptions->errorHandler(2, 'Undefined variable $logo', 'APPPATH\\Views\\panel\\user\\includes\\header.php', 8)
 2 APPPATH\Views\panel\user\groups.php(3): include('APPPATH\\Views\\panel\\user\\includes\\header.php')
 3 SYSTEMPATH\View\View.php(213): include('APPPATH\\Views\\panel\\user\\groups.php')
 4 SYSTEMPATH\View\View.php(216): CodeIgniter\View\View->CodeIgniter\View\{closure}()
 5 SYSTEMPATH\Common.php(1134): CodeIgniter\View\View->render('panel/user/groups', [], true)
 6 APPPATH\Controllers\Groups_Controller.php(25): view('panel/user/groups', [...])
 7 SYSTEMPATH\CodeIgniter.php(927): App\Controllers\Groups_Controller->index()
 8 SYSTEMPATH\CodeIgniter.php(482): CodeIgniter\CodeIgniter->runController(Object(App\Controllers\Groups_Controller))
 9 SYSTEMPATH\CodeIgniter.php(351): CodeIgniter\CodeIgniter->handleRequest(null, Object(Config\Cache), false)
10 FCPATH\index.php(67): CodeIgniter\CodeIgniter->run()
CRITICAL - 2022-12-25 04:19:59 --> Undefined variable $logo
in APPPATH\Views\panel\user\includes\header.php on line 8.
 1 APPPATH\Views\panel\user\includes\header.php(8): CodeIgniter\Debug\Exceptions->errorHandler(2, 'Undefined variable $logo', 'APPPATH\\Views\\panel\\user\\includes\\header.php', 8)
 2 APPPATH\Views\panel\user\groups.php(3): include('APPPATH\\Views\\panel\\user\\includes\\header.php')
 3 SYSTEMPATH\View\View.php(213): include('APPPATH\\Views\\panel\\user\\groups.php')
 4 SYSTEMPATH\View\View.php(216): CodeIgniter\View\View->CodeIgniter\View\{closure}()
 5 SYSTEMPATH\Common.php(1134): CodeIgniter\View\View->render('panel/user/groups', [], true)
 6 APPPATH\Controllers\Groups_Controller.php(25): view('panel/user/groups', [...])
 7 SYSTEMPATH\CodeIgniter.php(927): App\Controllers\Groups_Controller->index()
 8 SYSTEMPATH\CodeIgniter.php(482): CodeIgniter\CodeIgniter->runController(Object(App\Controllers\Groups_Controller))
 9 SYSTEMPATH\CodeIgniter.php(351): CodeIgniter\CodeIgniter->handleRequest(null, Object(Config\Cache), false)
10 FCPATH\index.php(67): CodeIgniter\CodeIgniter->run()
CRITICAL - 2022-12-25 04:20:00 --> Undefined variable $logo
in APPPATH\Views\panel\user\includes\header.php on line 8.
 1 APPPATH\Views\panel\user\includes\header.php(8): CodeIgniter\Debug\Exceptions->errorHandler(2, 'Undefined variable $logo', 'APPPATH\\Views\\panel\\user\\includes\\header.php', 8)
 2 APPPATH\Views\panel\user\groups.php(3): include('APPPATH\\Views\\panel\\user\\includes\\header.php')
 3 SYSTEMPATH\View\View.php(213): include('APPPATH\\Views\\panel\\user\\groups.php')
 4 SYSTEMPATH\View\View.php(216): CodeIgniter\View\View->CodeIgniter\View\{closure}()
 5 SYSTEMPATH\Common.php(1134): CodeIgniter\View\View->render('panel/user/groups', [], true)
 6 APPPATH\Controllers\Groups_Controller.php(25): view('panel/user/groups', [...])
 7 SYSTEMPATH\CodeIgniter.php(927): App\Controllers\Groups_Controller->index()
 8 SYSTEMPATH\CodeIgniter.php(482): CodeIgniter\CodeIgniter->runController(Object(App\Controllers\Groups_Controller))
 9 SYSTEMPATH\CodeIgniter.php(351): CodeIgniter\CodeIgniter->handleRequest(null, Object(Config\Cache), false)
10 FCPATH\index.php(67): CodeIgniter\CodeIgniter->run()
CRITICAL - 2022-12-25 07:33:34 --> Undefined variable $logo
in APPPATH\Views\panel\user\includes\header.php on line 8.
 1 APPPATH\Views\panel\user\includes\header.php(8): CodeIgniter\Debug\Exceptions->errorHandler(2, 'Undefined variable $logo', 'APPPATH\\Views\\panel\\user\\includes\\header.php', 8)
 2 APPPATH\Views\panel\user\rooms.php(3): include('APPPATH\\Views\\panel\\user\\includes\\header.php')
 3 SYSTEMPATH\View\View.php(213): include('APPPATH\\Views\\panel\\user\\rooms.php')
 4 SYSTEMPATH\View\View.php(216): CodeIgniter\View\View->CodeIgniter\View\{closure}()
 5 SYSTEMPATH\Common.php(1134): CodeIgniter\View\View->render('panel/user/rooms', [], true)
 6 APPPATH\Controllers\Groups_Controller.php(240): view('panel/user/rooms', [...])
 7 SYSTEMPATH\CodeIgniter.php(927): App\Controllers\Groups_Controller->rooms()
 8 SYSTEMPATH\CodeIgniter.php(482): CodeIgniter\CodeIgniter->runController(Object(App\Controllers\Groups_Controller))
 9 SYSTEMPATH\CodeIgniter.php(351): CodeIgniter\CodeIgniter->handleRequest(null, Object(Config\Cache), false)
10 FCPATH\index.php(67): CodeIgniter\CodeIgniter->run()
CRITICAL - 2022-12-25 07:33:35 --> Undefined variable $logo
in APPPATH\Views\panel\user\includes\header.php on line 8.
 1 APPPATH\Views\panel\user\includes\header.php(8): CodeIgniter\Debug\Exceptions->errorHandler(2, 'Undefined variable $logo', 'APPPATH\\Views\\panel\\user\\includes\\header.php', 8)
 2 APPPATH\Views\panel\user\rooms.php(3): include('APPPATH\\Views\\panel\\user\\includes\\header.php')
 3 SYSTEMPATH\View\View.php(213): include('APPPATH\\Views\\panel\\user\\rooms.php')
 4 SYSTEMPATH\View\View.php(216): CodeIgniter\View\View->CodeIgniter\View\{closure}()
 5 SYSTEMPATH\Common.php(1134): CodeIgniter\View\View->render('panel/user/rooms', [], true)
 6 APPPATH\Controllers\Groups_Controller.php(240): view('panel/user/rooms', [...])
 7 SYSTEMPATH\CodeIgniter.php(927): App\Controllers\Groups_Controller->rooms()
 8 SYSTEMPATH\CodeIgniter.php(482): CodeIgniter\CodeIgniter->runController(Object(App\Controllers\Groups_Controller))
 9 SYSTEMPATH\CodeIgniter.php(351): CodeIgniter\CodeIgniter->handleRequest(null, Object(Config\Cache), false)
10 FCPATH\index.php(67): CodeIgniter\CodeIgniter->run()
CRITICAL - 2022-12-25 07:33:35 --> Undefined variable $logo
in APPPATH\Views\panel\user\includes\header.php on line 8.
 1 APPPATH\Views\panel\user\includes\header.php(8): CodeIgniter\Debug\Exceptions->errorHandler(2, 'Undefined variable $logo', 'APPPATH\\Views\\panel\\user\\includes\\header.php', 8)
 2 APPPATH\Views\panel\user\rooms.php(3): include('APPPATH\\Views\\panel\\user\\includes\\header.php')
 3 SYSTEMPATH\View\View.php(213): include('APPPATH\\Views\\panel\\user\\rooms.php')
 4 SYSTEMPATH\View\View.php(216): CodeIgniter\View\View->CodeIgniter\View\{closure}()
 5 SYSTEMPATH\Common.php(1134): CodeIgniter\View\View->render('panel/user/rooms', [], true)
 6 APPPATH\Controllers\Groups_Controller.php(240): view('panel/user/rooms', [...])
 7 SYSTEMPATH\CodeIgniter.php(927): App\Controllers\Groups_Controller->rooms()
 8 SYSTEMPATH\CodeIgniter.php(482): CodeIgniter\CodeIgniter->runController(Object(App\Controllers\Groups_Controller))
 9 SYSTEMPATH\CodeIgniter.php(351): CodeIgniter\CodeIgniter->handleRequest(null, Object(Config\Cache), false)
10 FCPATH\index.php(67): CodeIgniter\CodeIgniter->run()
CRITICAL - 2022-12-25 07:33:42 --> Undefined variable $logo
in APPPATH\Views\panel\user\includes\header.php on line 8.
 1 APPPATH\Views\panel\user\includes\header.php(8): CodeIgniter\Debug\Exceptions->errorHandler(2, 'Undefined variable $logo', 'APPPATH\\Views\\panel\\user\\includes\\header.php', 8)
 2 APPPATH\Views\panel\user\rooms.php(3): include('APPPATH\\Views\\panel\\user\\includes\\header.php')
 3 SYSTEMPATH\View\View.php(213): include('APPPATH\\Views\\panel\\user\\rooms.php')
 4 SYSTEMPATH\View\View.php(216): CodeIgniter\View\View->CodeIgniter\View\{closure}()
 5 SYSTEMPATH\Common.php(1134): CodeIgniter\View\View->render('panel/user/rooms', [], true)
 6 APPPATH\Controllers\Groups_Controller.php(240): view('panel/user/rooms', [...])
 7 SYSTEMPATH\CodeIgniter.php(927): App\Controllers\Groups_Controller->rooms()
 8 SYSTEMPATH\CodeIgniter.php(482): CodeIgniter\CodeIgniter->runController(Object(App\Controllers\Groups_Controller))
 9 SYSTEMPATH\CodeIgniter.php(351): CodeIgniter\CodeIgniter->handleRequest(null, Object(Config\Cache), false)
10 FCPATH\index.php(67): CodeIgniter\CodeIgniter->run()
CRITICAL - 2022-12-25 07:33:42 --> Undefined variable $logo
in APPPATH\Views\panel\user\includes\header.php on line 8.
 1 APPPATH\Views\panel\user\includes\header.php(8): CodeIgniter\Debug\Exceptions->errorHandler(2, 'Undefined variable $logo', 'APPPATH\\Views\\panel\\user\\includes\\header.php', 8)
 2 APPPATH\Views\panel\user\rooms.php(3): include('APPPATH\\Views\\panel\\user\\includes\\header.php')
 3 SYSTEMPATH\View\View.php(213): include('APPPATH\\Views\\panel\\user\\rooms.php')
 4 SYSTEMPATH\View\View.php(216): CodeIgniter\View\View->CodeIgniter\View\{closure}()
 5 SYSTEMPATH\Common.php(1134): CodeIgniter\View\View->render('panel/user/rooms', [], true)
 6 APPPATH\Controllers\Groups_Controller.php(240): view('panel/user/rooms', [...])
 7 SYSTEMPATH\CodeIgniter.php(927): App\Controllers\Groups_Controller->rooms()
 8 SYSTEMPATH\CodeIgniter.php(482): CodeIgniter\CodeIgniter->runController(Object(App\Controllers\Groups_Controller))
 9 SYSTEMPATH\CodeIgniter.php(351): CodeIgniter\CodeIgniter->handleRequest(null, Object(Config\Cache), false)
10 FCPATH\index.php(67): CodeIgniter\CodeIgniter->run()
CRITICAL - 2022-12-25 07:33:42 --> Undefined variable $logo
in APPPATH\Views\panel\user\includes\header.php on line 8.
 1 APPPATH\Views\panel\user\includes\header.php(8): CodeIgniter\Debug\Exceptions->errorHandler(2, 'Undefined variable $logo', 'APPPATH\\Views\\panel\\user\\includes\\header.php', 8)
 2 APPPATH\Views\panel\user\rooms.php(3): include('APPPATH\\Views\\panel\\user\\includes\\header.php')
 3 SYSTEMPATH\View\View.php(213): include('APPPATH\\Views\\panel\\user\\rooms.php')
 4 SYSTEMPATH\View\View.php(216): CodeIgniter\View\View->CodeIgniter\View\{closure}()
 5 SYSTEMPATH\Common.php(1134): CodeIgniter\View\View->render('panel/user/rooms', [], true)
 6 APPPATH\Controllers\Groups_Controller.php(240): view('panel/user/rooms', [...])
 7 SYSTEMPATH\CodeIgniter.php(927): App\Controllers\Groups_Controller->rooms()
 8 SYSTEMPATH\CodeIgniter.php(482): CodeIgniter\CodeIgniter->runController(Object(App\Controllers\Groups_Controller))
 9 SYSTEMPATH\CodeIgniter.php(351): CodeIgniter\CodeIgniter->handleRequest(null, Object(Config\Cache), false)
10 FCPATH\index.php(67): CodeIgniter\CodeIgniter->run()
CRITICAL - 2022-12-25 07:34:00 --> Undefined variable $logo
in APPPATH\Views\panel\user\includes\header.php on line 8.
 1 APPPATH\Views\panel\user\includes\header.php(8): CodeIgniter\Debug\Exceptions->errorHandler(2, 'Undefined variable $logo', 'APPPATH\\Views\\panel\\user\\includes\\header.php', 8)
 2 APPPATH\Views\panel\user\rooms.php(3): include('APPPATH\\Views\\panel\\user\\includes\\header.php')
 3 SYSTEMPATH\View\View.php(213): include('APPPATH\\Views\\panel\\user\\rooms.php')
 4 SYSTEMPATH\View\View.php(216): CodeIgniter\View\View->CodeIgniter\View\{closure}()
 5 SYSTEMPATH\Common.php(1134): CodeIgniter\View\View->render('panel/user/rooms', [], true)
 6 APPPATH\Controllers\Groups_Controller.php(240): view('panel/user/rooms', [...])
 7 SYSTEMPATH\CodeIgniter.php(927): App\Controllers\Groups_Controller->rooms()
 8 SYSTEMPATH\CodeIgniter.php(482): CodeIgniter\CodeIgniter->runController(Object(App\Controllers\Groups_Controller))
 9 SYSTEMPATH\CodeIgniter.php(351): CodeIgniter\CodeIgniter->handleRequest(null, Object(Config\Cache), false)
10 FCPATH\index.php(67): CodeIgniter\CodeIgniter->run()
CRITICAL - 2022-12-25 07:34:01 --> Undefined variable $logo
in APPPATH\Views\panel\user\includes\header.php on line 8.
 1 APPPATH\Views\panel\user\includes\header.php(8): CodeIgniter\Debug\Exceptions->errorHandler(2, 'Undefined variable $logo', 'APPPATH\\Views\\panel\\user\\includes\\header.php', 8)
 2 APPPATH\Views\panel\user\rooms.php(3): include('APPPATH\\Views\\panel\\user\\includes\\header.php')
 3 SYSTEMPATH\View\View.php(213): include('APPPATH\\Views\\panel\\user\\rooms.php')
 4 SYSTEMPATH\View\View.php(216): CodeIgniter\View\View->CodeIgniter\View\{closure}()
 5 SYSTEMPATH\Common.php(1134): CodeIgniter\View\View->render('panel/user/rooms', [], true)
 6 APPPATH\Controllers\Groups_Controller.php(240): view('panel/user/rooms', [...])
 7 SYSTEMPATH\CodeIgniter.php(927): App\Controllers\Groups_Controller->rooms()
 8 SYSTEMPATH\CodeIgniter.php(482): CodeIgniter\CodeIgniter->runController(Object(App\Controllers\Groups_Controller))
 9 SYSTEMPATH\CodeIgniter.php(351): CodeIgniter\CodeIgniter->handleRequest(null, Object(Config\Cache), false)
10 FCPATH\index.php(67): CodeIgniter\CodeIgniter->run()
CRITICAL - 2022-12-25 07:34:01 --> Undefined variable $logo
in APPPATH\Views\panel\user\includes\header.php on line 8.
 1 APPPATH\Views\panel\user\includes\header.php(8): CodeIgniter\Debug\Exceptions->errorHandler(2, 'Undefined variable $logo', 'APPPATH\\Views\\panel\\user\\includes\\header.php', 8)
 2 APPPATH\Views\panel\user\rooms.php(3): include('APPPATH\\Views\\panel\\user\\includes\\header.php')
 3 SYSTEMPATH\View\View.php(213): include('APPPATH\\Views\\panel\\user\\rooms.php')
 4 SYSTEMPATH\View\View.php(216): CodeIgniter\View\View->CodeIgniter\View\{closure}()
 5 SYSTEMPATH\Common.php(1134): CodeIgniter\View\View->render('panel/user/rooms', [], true)
 6 APPPATH\Controllers\Groups_Controller.php(240): view('panel/user/rooms', [...])
 7 SYSTEMPATH\CodeIgniter.php(927): App\Controllers\Groups_Controller->rooms()
 8 SYSTEMPATH\CodeIgniter.php(482): CodeIgniter\CodeIgniter->runController(Object(App\Controllers\Groups_Controller))
 9 SYSTEMPATH\CodeIgniter.php(351): CodeIgniter\CodeIgniter->handleRequest(null, Object(Config\Cache), false)
10 FCPATH\index.php(67): CodeIgniter\CodeIgniter->run()
CRITICAL - 2022-12-25 07:35:55 --> Undefined variable $logo
in APPPATH\Views\panel\user\includes\header.php on line 8.
 1 APPPATH\Views\panel\user\includes\header.php(8): CodeIgniter\Debug\Exceptions->errorHandler(2, 'Undefined variable $logo', 'APPPATH\\Views\\panel\\user\\includes\\header.php', 8)
 2 APPPATH\Views\panel\user\requests.php(3): include('APPPATH\\Views\\panel\\user\\includes\\header.php')
 3 SYSTEMPATH\View\View.php(213): include('APPPATH\\Views\\panel\\user\\requests.php')
 4 SYSTEMPATH\View\View.php(216): CodeIgniter\View\View->CodeIgniter\View\{closure}()
 5 SYSTEMPATH\Common.php(1134): CodeIgniter\View\View->render('panel/user/requests', [], true)
 6 APPPATH\Controllers\Groups_Controller.php(102): view('panel/user/requests', [...])
 7 SYSTEMPATH\CodeIgniter.php(927): App\Controllers\Groups_Controller->requests_index()
 8 SYSTEMPATH\CodeIgniter.php(482): CodeIgniter\CodeIgniter->runController(Object(App\Controllers\Groups_Controller))
 9 SYSTEMPATH\CodeIgniter.php(351): CodeIgniter\CodeIgniter->handleRequest(null, Object(Config\Cache), false)
10 FCPATH\index.php(67): CodeIgniter\CodeIgniter->run()
CRITICAL - 2022-12-25 07:35:56 --> Undefined variable $logo
in APPPATH\Views\panel\user\includes\header.php on line 8.
 1 APPPATH\Views\panel\user\includes\header.php(8): CodeIgniter\Debug\Exceptions->errorHandler(2, 'Undefined variable $logo', 'APPPATH\\Views\\panel\\user\\includes\\header.php', 8)
 2 APPPATH\Views\panel\user\requests.php(3): include('APPPATH\\Views\\panel\\user\\includes\\header.php')
 3 SYSTEMPATH\View\View.php(213): include('APPPATH\\Views\\panel\\user\\requests.php')
 4 SYSTEMPATH\View\View.php(216): CodeIgniter\View\View->CodeIgniter\View\{closure}()
 5 SYSTEMPATH\Common.php(1134): CodeIgniter\View\View->render('panel/user/requests', [], true)
 6 APPPATH\Controllers\Groups_Controller.php(102): view('panel/user/requests', [...])
 7 SYSTEMPATH\CodeIgniter.php(927): App\Controllers\Groups_Controller->requests_index()
 8 SYSTEMPATH\CodeIgniter.php(482): CodeIgniter\CodeIgniter->runController(Object(App\Controllers\Groups_Controller))
 9 SYSTEMPATH\CodeIgniter.php(351): CodeIgniter\CodeIgniter->handleRequest(null, Object(Config\Cache), false)
10 FCPATH\index.php(67): CodeIgniter\CodeIgniter->run()
CRITICAL - 2022-12-25 07:35:56 --> Undefined variable $logo
in APPPATH\Views\panel\user\includes\header.php on line 8.
 1 APPPATH\Views\panel\user\includes\header.php(8): CodeIgniter\Debug\Exceptions->errorHandler(2, 'Undefined variable $logo', 'APPPATH\\Views\\panel\\user\\includes\\header.php', 8)
 2 APPPATH\Views\panel\user\requests.php(3): include('APPPATH\\Views\\panel\\user\\includes\\header.php')
 3 SYSTEMPATH\View\View.php(213): include('APPPATH\\Views\\panel\\user\\requests.php')
 4 SYSTEMPATH\View\View.php(216): CodeIgniter\View\View->CodeIgniter\View\{closure}()
 5 SYSTEMPATH\Common.php(1134): CodeIgniter\View\View->render('panel/user/requests', [], true)
 6 APPPATH\Controllers\Groups_Controller.php(102): view('panel/user/requests', [...])
 7 SYSTEMPATH\CodeIgniter.php(927): App\Controllers\Groups_Controller->requests_index()
 8 SYSTEMPATH\CodeIgniter.php(482): CodeIgniter\CodeIgniter->runController(Object(App\Controllers\Groups_Controller))
 9 SYSTEMPATH\CodeIgniter.php(351): CodeIgniter\CodeIgniter->handleRequest(null, Object(Config\Cache), false)
10 FCPATH\index.php(67): CodeIgniter\CodeIgniter->run()
CRITICAL - 2022-12-25 07:36:35 --> Undefined variable $logo
in APPPATH\Views\panel\user\includes\header.php on line 8.
 1 APPPATH\Views\panel\user\includes\header.php(8): CodeIgniter\Debug\Exceptions->errorHandler(2, 'Undefined variable $logo', 'APPPATH\\Views\\panel\\user\\includes\\header.php', 8)
 2 APPPATH\Views\panel\user\rooms.php(3): include('APPPATH\\Views\\panel\\user\\includes\\header.php')
 3 SYSTEMPATH\View\View.php(213): include('APPPATH\\Views\\panel\\user\\rooms.php')
 4 SYSTEMPATH\View\View.php(216): CodeIgniter\View\View->CodeIgniter\View\{closure}()
 5 SYSTEMPATH\Common.php(1134): CodeIgniter\View\View->render('panel/user/rooms', [], true)
 6 APPPATH\Controllers\Groups_Controller.php(242): view('panel/user/rooms', [...])
 7 SYSTEMPATH\CodeIgniter.php(927): App\Controllers\Groups_Controller->rooms()
 8 SYSTEMPATH\CodeIgniter.php(482): CodeIgniter\CodeIgniter->runController(Object(App\Controllers\Groups_Controller))
 9 SYSTEMPATH\CodeIgniter.php(351): CodeIgniter\CodeIgniter->handleRequest(null, Object(Config\Cache), false)
10 FCPATH\index.php(67): CodeIgniter\CodeIgniter->run()
CRITICAL - 2022-12-25 07:36:35 --> Undefined variable $logo
in APPPATH\Views\panel\user\includes\header.php on line 8.
 1 APPPATH\Views\panel\user\includes\header.php(8): CodeIgniter\Debug\Exceptions->errorHandler(2, 'Undefined variable $logo', 'APPPATH\\Views\\panel\\user\\includes\\header.php', 8)
 2 APPPATH\Views\panel\user\rooms.php(3): include('APPPATH\\Views\\panel\\user\\includes\\header.php')
 3 SYSTEMPATH\View\View.php(213): include('APPPATH\\Views\\panel\\user\\rooms.php')
 4 SYSTEMPATH\View\View.php(216): CodeIgniter\View\View->CodeIgniter\View\{closure}()
 5 SYSTEMPATH\Common.php(1134): CodeIgniter\View\View->render('panel/user/rooms', [], true)
 6 APPPATH\Controllers\Groups_Controller.php(242): view('panel/user/rooms', [...])
 7 SYSTEMPATH\CodeIgniter.php(927): App\Controllers\Groups_Controller->rooms()
 8 SYSTEMPATH\CodeIgniter.php(482): CodeIgniter\CodeIgniter->runController(Object(App\Controllers\Groups_Controller))
 9 SYSTEMPATH\CodeIgniter.php(351): CodeIgniter\CodeIgniter->handleRequest(null, Object(Config\Cache), false)
10 FCPATH\index.php(67): CodeIgniter\CodeIgniter->run()
CRITICAL - 2022-12-25 07:36:35 --> Undefined variable $logo
in APPPATH\Views\panel\user\includes\header.php on line 8.
 1 APPPATH\Views\panel\user\includes\header.php(8): CodeIgniter\Debug\Exceptions->errorHandler(2, 'Undefined variable $logo', 'APPPATH\\Views\\panel\\user\\includes\\header.php', 8)
 2 APPPATH\Views\panel\user\rooms.php(3): include('APPPATH\\Views\\panel\\user\\includes\\header.php')
 3 SYSTEMPATH\View\View.php(213): include('APPPATH\\Views\\panel\\user\\rooms.php')
 4 SYSTEMPATH\View\View.php(216): CodeIgniter\View\View->CodeIgniter\View\{closure}()
 5 SYSTEMPATH\Common.php(1134): CodeIgniter\View\View->render('panel/user/rooms', [], true)
 6 APPPATH\Controllers\Groups_Controller.php(242): view('panel/user/rooms', [...])
 7 SYSTEMPATH\CodeIgniter.php(927): App\Controllers\Groups_Controller->rooms()
 8 SYSTEMPATH\CodeIgniter.php(482): CodeIgniter\CodeIgniter->runController(Object(App\Controllers\Groups_Controller))
 9 SYSTEMPATH\CodeIgniter.php(351): CodeIgniter\CodeIgniter->handleRequest(null, Object(Config\Cache), false)
10 FCPATH\index.php(67): CodeIgniter\CodeIgniter->run()
CRITICAL - 2022-12-25 07:37:01 --> Undefined variable $logo
in APPPATH\Views\panel\user\includes\header.php on line 8.
 1 APPPATH\Views\panel\user\includes\header.php(8): CodeIgniter\Debug\Exceptions->errorHandler(2, 'Undefined variable $logo', 'APPPATH\\Views\\panel\\user\\includes\\header.php', 8)
 2 APPPATH\Views\panel\user\single_voting.php(3): include('APPPATH\\Views\\panel\\user\\includes\\header.php')
 3 SYSTEMPATH\View\View.php(213): include('APPPATH\\Views\\panel\\user\\single_voting.php')
 4 SYSTEMPATH\View\View.php(216): CodeIgniter\View\View->CodeIgniter\View\{closure}()
 5 SYSTEMPATH\Common.php(1134): CodeIgniter\View\View->render('panel/user/single_voting', [], true)
 6 APPPATH\Controllers\Groups_Controller.php(265): view('panel/user/single_voting', [...])
 7 SYSTEMPATH\CodeIgniter.php(927): App\Controllers\Groups_Controller->single_room('13')
 8 SYSTEMPATH\CodeIgniter.php(482): CodeIgniter\CodeIgniter->runController(Object(App\Controllers\Groups_Controller))
 9 SYSTEMPATH\CodeIgniter.php(351): CodeIgniter\CodeIgniter->handleRequest(null, Object(Config\Cache), false)
10 FCPATH\index.php(67): CodeIgniter\CodeIgniter->run()
CRITICAL - 2022-12-25 07:37:01 --> Undefined variable $logo
in APPPATH\Views\panel\user\includes\header.php on line 8.
 1 APPPATH\Views\panel\user\includes\header.php(8): CodeIgniter\Debug\Exceptions->errorHandler(2, 'Undefined variable $logo', 'APPPATH\\Views\\panel\\user\\includes\\header.php', 8)
 2 APPPATH\Views\panel\user\single_voting.php(3): include('APPPATH\\Views\\panel\\user\\includes\\header.php')
 3 SYSTEMPATH\View\View.php(213): include('APPPATH\\Views\\panel\\user\\single_voting.php')
 4 SYSTEMPATH\View\View.php(216): CodeIgniter\View\View->CodeIgniter\View\{closure}()
 5 SYSTEMPATH\Common.php(1134): CodeIgniter\View\View->render('panel/user/single_voting', [], true)
 6 APPPATH\Controllers\Groups_Controller.php(265): view('panel/user/single_voting', [...])
 7 SYSTEMPATH\CodeIgniter.php(927): App\Controllers\Groups_Controller->single_room('13')
 8 SYSTEMPATH\CodeIgniter.php(482): CodeIgniter\CodeIgniter->runController(Object(App\Controllers\Groups_Controller))
 9 SYSTEMPATH\CodeIgniter.php(351): CodeIgniter\CodeIgniter->handleRequest(null, Object(Config\Cache), false)
10 FCPATH\index.php(67): CodeIgniter\CodeIgniter->run()
CRITICAL - 2022-12-25 07:37:02 --> Undefined variable $logo
in APPPATH\Views\panel\user\includes\header.php on line 8.
 1 APPPATH\Views\panel\user\includes\header.php(8): CodeIgniter\Debug\Exceptions->errorHandler(2, 'Undefined variable $logo', 'APPPATH\\Views\\panel\\user\\includes\\header.php', 8)
 2 APPPATH\Views\panel\user\single_voting.php(3): include('APPPATH\\Views\\panel\\user\\includes\\header.php')
 3 SYSTEMPATH\View\View.php(213): include('APPPATH\\Views\\panel\\user\\single_voting.php')
 4 SYSTEMPATH\View\View.php(216): CodeIgniter\View\View->CodeIgniter\View\{closure}()
 5 SYSTEMPATH\Common.php(1134): CodeIgniter\View\View->render('panel/user/single_voting', [], true)
 6 APPPATH\Controllers\Groups_Controller.php(265): view('panel/user/single_voting', [...])
 7 SYSTEMPATH\CodeIgniter.php(927): App\Controllers\Groups_Controller->single_room('13')
 8 SYSTEMPATH\CodeIgniter.php(482): CodeIgniter\CodeIgniter->runController(Object(App\Controllers\Groups_Controller))
 9 SYSTEMPATH\CodeIgniter.php(351): CodeIgniter\CodeIgniter->handleRequest(null, Object(Config\Cache), false)
10 FCPATH\index.php(67): CodeIgniter\CodeIgniter->run()
ERROR - 2022-12-25 07:56:54 --> mysqli_sql_exception: Column 'user_id' in where clause is ambiguous in C:\xampp\htdocs\Voting-System\vendor\codeigniter4\framework\system\Database\MySQLi\Connection.php:292
Stack trace:
#0 C:\xampp\htdocs\Voting-System\vendor\codeigniter4\framework\system\Database\MySQLi\Connection.php(292): mysqli->query('SELECT *\nFROM `...', 0)
#1 C:\xampp\htdocs\Voting-System\vendor\codeigniter4\framework\system\Database\BaseConnection.php(666): CodeIgniter\Database\MySQLi\Connection->execute('SELECT *\nFROM `...')
#2 C:\xampp\htdocs\Voting-System\vendor\codeigniter4\framework\system\Database\BaseConnection.php(593): CodeIgniter\Database\BaseConnection->simpleQuery('SELECT *\nFROM `...')
#3 C:\xampp\htdocs\Voting-System\vendor\codeigniter4\framework\system\Database\BaseBuilder.php(1585): CodeIgniter\Database\BaseConnection->query('SELECT *\nFROM `...', Array, false)
#4 C:\xampp\htdocs\Voting-System\vendor\codeigniter4\framework\system\Model.php(250): CodeIgniter\Database\BaseBuilder->get()
#5 C:\xampp\htdocs\Voting-System\vendor\codeigniter4\framework\system\BaseModel.php(623): CodeIgniter\Model->doFirst()
#6 C:\xampp\htdocs\Voting-System\app\Controllers\Home.php(37): CodeIgniter\BaseModel->first()
#7 C:\xampp\htdocs\Voting-System\vendor\codeigniter4\framework\system\CodeIgniter.php(927): App\Controllers\Home->index()
#8 C:\xampp\htdocs\Voting-System\vendor\codeigniter4\framework\system\CodeIgniter.php(482): CodeIgniter\CodeIgniter->runController(Object(App\Controllers\Home))
#9 C:\xampp\htdocs\Voting-System\vendor\codeigniter4\framework\system\CodeIgniter.php(351): CodeIgniter\CodeIgniter->handleRequest(NULL, Object(Config\Cache), false)
#10 C:\xampp\htdocs\Voting-System\index.php(67): CodeIgniter\CodeIgniter->run()
#11 {main}
CRITICAL - 2022-12-25 07:56:54 --> Column 'user_id' in where clause is ambiguous
in SYSTEMPATH\Database\MySQLi\Connection.php on line 292.
 1 SYSTEMPATH\Database\MySQLi\Connection.php(292): mysqli->query('SELECT *
FROM `requests`
JOIN `groups` ON `groups`.`group_id`=`requests`.`group_id`
WHERE `user_id` = \'12\'
 LIMIT 1', 0)
 2 SYSTEMPATH\Database\BaseConnection.php(666): CodeIgniter\Database\MySQLi\Connection->execute('SELECT *
FROM `requests`
JOIN `groups` ON `groups`.`group_id`=`requests`.`group_id`
WHERE `user_id` = \'12\'
 LIMIT 1')
 3 SYSTEMPATH\Database\BaseConnection.php(593): CodeIgniter\Database\BaseConnection->simpleQuery('SELECT *
FROM `requests`
JOIN `groups` ON `groups`.`group_id`=`requests`.`group_id`
WHERE `user_id` = \'12\'
 LIMIT 1')
 4 SYSTEMPATH\Database\BaseBuilder.php(1585): CodeIgniter\Database\BaseConnection->query('SELECT *
FROM `requests`
JOIN `groups` ON `groups`.`group_id`=`requests`.`group_id`
WHERE `user_id` = :user_id:
 LIMIT 1', [...], false)
 5 SYSTEMPATH\Model.php(250): CodeIgniter\Database\BaseBuilder->get()
 6 SYSTEMPATH\BaseModel.php(623): CodeIgniter\Model->doFirst()
 7 APPPATH\Controllers\Home.php(37): CodeIgniter\BaseModel->first()
 8 SYSTEMPATH\CodeIgniter.php(927): App\Controllers\Home->index()
 9 SYSTEMPATH\CodeIgniter.php(482): CodeIgniter\CodeIgniter->runController(Object(App\Controllers\Home))
10 SYSTEMPATH\CodeIgniter.php(351): CodeIgniter\CodeIgniter->handleRequest(null, Object(Config\Cache), false)
11 FCPATH\index.php(67): CodeIgniter\CodeIgniter->run()
ERROR - 2022-12-25 07:57:57 --> mysqli_sql_exception: Column 'user_id' in where clause is ambiguous in C:\xampp\htdocs\Voting-System\vendor\codeigniter4\framework\system\Database\MySQLi\Connection.php:292
Stack trace:
#0 C:\xampp\htdocs\Voting-System\vendor\codeigniter4\framework\system\Database\MySQLi\Connection.php(292): mysqli->query('SELECT *\nFROM `...', 0)
#1 C:\xampp\htdocs\Voting-System\vendor\codeigniter4\framework\system\Database\BaseConnection.php(666): CodeIgniter\Database\MySQLi\Connection->execute('SELECT *\nFROM `...')
#2 C:\xampp\htdocs\Voting-System\vendor\codeigniter4\framework\system\Database\BaseConnection.php(593): CodeIgniter\Database\BaseConnection->simpleQuery('SELECT *\nFROM `...')
#3 C:\xampp\htdocs\Voting-System\vendor\codeigniter4\framework\system\Database\BaseBuilder.php(1585): CodeIgniter\Database\BaseConnection->query('SELECT *\nFROM `...', Array, false)
#4 C:\xampp\htdocs\Voting-System\vendor\codeigniter4\framework\system\Model.php(250): CodeIgniter\Database\BaseBuilder->get()
#5 C:\xampp\htdocs\Voting-System\vendor\codeigniter4\framework\system\BaseModel.php(623): CodeIgniter\Model->doFirst()
#6 C:\xampp\htdocs\Voting-System\app\Controllers\Home.php(37): CodeIgniter\BaseModel->first()
#7 C:\xampp\htdocs\Voting-System\vendor\codeigniter4\framework\system\CodeIgniter.php(927): App\Controllers\Home->index()
#8 C:\xampp\htdocs\Voting-System\vendor\codeigniter4\framework\system\CodeIgniter.php(482): CodeIgniter\CodeIgniter->runController(Object(App\Controllers\Home))
#9 C:\xampp\htdocs\Voting-System\vendor\codeigniter4\framework\system\CodeIgniter.php(351): CodeIgniter\CodeIgniter->handleRequest(NULL, Object(Config\Cache), false)
#10 C:\xampp\htdocs\Voting-System\index.php(67): CodeIgniter\CodeIgniter->run()
#11 {main}
CRITICAL - 2022-12-25 07:57:57 --> Column 'user_id' in where clause is ambiguous
in SYSTEMPATH\Database\MySQLi\Connection.php on line 292.
 1 SYSTEMPATH\Database\MySQLi\Connection.php(292): mysqli->query('SELECT *
FROM `requests`
JOIN `groups` ON `groups`.`group_id`=`requests`.`group_id`
WHERE `user_id` = \'12\'
 LIMIT 1', 0)
 2 SYSTEMPATH\Database\BaseConnection.php(666): CodeIgniter\Database\MySQLi\Connection->execute('SELECT *
FROM `requests`
JOIN `groups` ON `groups`.`group_id`=`requests`.`group_id`
WHERE `user_id` = \'12\'
 LIMIT 1')
 3 SYSTEMPATH\Database\BaseConnection.php(593): CodeIgniter\Database\BaseConnection->simpleQuery('SELECT *
FROM `requests`
JOIN `groups` ON `groups`.`group_id`=`requests`.`group_id`
WHERE `user_id` = \'12\'
 LIMIT 1')
 4 SYSTEMPATH\Database\BaseBuilder.php(1585): CodeIgniter\Database\BaseConnection->query('SELECT *
FROM `requests`
JOIN `groups` ON `groups`.`group_id`=`requests`.`group_id`
WHERE `user_id` = :user_id:
 LIMIT 1', [...], false)
 5 SYSTEMPATH\Model.php(250): CodeIgniter\Database\BaseBuilder->get()
 6 SYSTEMPATH\BaseModel.php(623): CodeIgniter\Model->doFirst()
 7 APPPATH\Controllers\Home.php(37): CodeIgniter\BaseModel->first()
 8 SYSTEMPATH\CodeIgniter.php(927): App\Controllers\Home->index()
 9 SYSTEMPATH\CodeIgniter.php(482): CodeIgniter\CodeIgniter->runController(Object(App\Controllers\Home))
10 SYSTEMPATH\CodeIgniter.php(351): CodeIgniter\CodeIgniter->handleRequest(null, Object(Config\Cache), false)
11 FCPATH\index.php(67): CodeIgniter\CodeIgniter->run()
ERROR - 2022-12-25 07:57:57 --> mysqli_sql_exception: Column 'user_id' in where clause is ambiguous in C:\xampp\htdocs\Voting-System\vendor\codeigniter4\framework\system\Database\MySQLi\Connection.php:292
Stack trace:
#0 C:\xampp\htdocs\Voting-System\vendor\codeigniter4\framework\system\Database\MySQLi\Connection.php(292): mysqli->query('SELECT *\nFROM `...', 0)
#1 C:\xampp\htdocs\Voting-System\vendor\codeigniter4\framework\system\Database\BaseConnection.php(666): CodeIgniter\Database\MySQLi\Connection->execute('SELECT *\nFROM `...')
#2 C:\xampp\htdocs\Voting-System\vendor\codeigniter4\framework\system\Database\BaseConnection.php(593): CodeIgniter\Database\BaseConnection->simpleQuery('SELECT *\nFROM `...')
#3 C:\xampp\htdocs\Voting-System\vendor\codeigniter4\framework\system\Database\BaseBuilder.php(1585): CodeIgniter\Database\BaseConnection->query('SELECT *\nFROM `...', Array, false)
#4 C:\xampp\htdocs\Voting-System\vendor\codeigniter4\framework\system\Model.php(250): CodeIgniter\Database\BaseBuilder->get()
#5 C:\xampp\htdocs\Voting-System\vendor\codeigniter4\framework\system\BaseModel.php(623): CodeIgniter\Model->doFirst()
#6 C:\xampp\htdocs\Voting-System\app\Controllers\Home.php(37): CodeIgniter\BaseModel->first()
#7 C:\xampp\htdocs\Voting-System\vendor\codeigniter4\framework\system\CodeIgniter.php(927): App\Controllers\Home->index()
#8 C:\xampp\htdocs\Voting-System\vendor\codeigniter4\framework\system\CodeIgniter.php(482): CodeIgniter\CodeIgniter->runController(Object(App\Controllers\Home))
#9 C:\xampp\htdocs\Voting-System\vendor\codeigniter4\framework\system\CodeIgniter.php(351): CodeIgniter\CodeIgniter->handleRequest(NULL, Object(Config\Cache), false)
#10 C:\xampp\htdocs\Voting-System\index.php(67): CodeIgniter\CodeIgniter->run()
#11 {main}
CRITICAL - 2022-12-25 07:57:57 --> Column 'user_id' in where clause is ambiguous
in SYSTEMPATH\Database\MySQLi\Connection.php on line 292.
 1 SYSTEMPATH\Database\MySQLi\Connection.php(292): mysqli->query('SELECT *
FROM `requests`
JOIN `groups` ON `groups`.`group_id`=`requests`.`group_id`
WHERE `user_id` = \'12\'
 LIMIT 1', 0)
 2 SYSTEMPATH\Database\BaseConnection.php(666): CodeIgniter\Database\MySQLi\Connection->execute('SELECT *
FROM `requests`
JOIN `groups` ON `groups`.`group_id`=`requests`.`group_id`
WHERE `user_id` = \'12\'
 LIMIT 1')
 3 SYSTEMPATH\Database\BaseConnection.php(593): CodeIgniter\Database\BaseConnection->simpleQuery('SELECT *
FROM `requests`
JOIN `groups` ON `groups`.`group_id`=`requests`.`group_id`
WHERE `user_id` = \'12\'
 LIMIT 1')
 4 SYSTEMPATH\Database\BaseBuilder.php(1585): CodeIgniter\Database\BaseConnection->query('SELECT *
FROM `requests`
JOIN `groups` ON `groups`.`group_id`=`requests`.`group_id`
WHERE `user_id` = :user_id:
 LIMIT 1', [...], false)
 5 SYSTEMPATH\Model.php(250): CodeIgniter\Database\BaseBuilder->get()
 6 SYSTEMPATH\BaseModel.php(623): CodeIgniter\Model->doFirst()
 7 APPPATH\Controllers\Home.php(37): CodeIgniter\BaseModel->first()
 8 SYSTEMPATH\CodeIgniter.php(927): App\Controllers\Home->index()
 9 SYSTEMPATH\CodeIgniter.php(482): CodeIgniter\CodeIgniter->runController(Object(App\Controllers\Home))
10 SYSTEMPATH\CodeIgniter.php(351): CodeIgniter\CodeIgniter->handleRequest(null, Object(Config\Cache), false)
11 FCPATH\index.php(67): CodeIgniter\CodeIgniter->run()
ERROR - 2022-12-25 08:09:33 --> Email: sendWithMail throwed ErrorException: mail(): Failed to connect to mailserver at &quot;localhost&quot; port 25, verify your &quot;SMTP&quot; and &quot;smtp_port&quot; setting in php.ini or use ini_set() in C:\xampp\htdocs\Voting-System\vendor\codeigniter4\framework\system\Email\Email.php:1730
Stack trace:
#0 [internal function]: CodeIgniter\Debug\Exceptions->errorHandler(2, 'mail(): Failed ...', 'C:\\xampp\\htdocs...', 1730)
#1 C:\xampp\htdocs\Voting-System\vendor\codeigniter4\framework\system\Email\Email.php(1730): mail('adnan@gmail.com', '=?UTF-8?Q?A=20U...', 'This is a multi...', 'Date: Sun, 25 D...', '-f system@daily...')
#2 C:\xampp\htdocs\Voting-System\vendor\codeigniter4\framework\system\Email\Email.php(1662): CodeIgniter\Email\Email->sendWithMail()
#3 C:\xampp\htdocs\Voting-System\vendor\codeigniter4\framework\system\Email\Email.php(1560): CodeIgniter\Email\Email->spoolEmail()
#4 C:\xampp\htdocs\Voting-System\app\Controllers\Groups_Controller.php(143): CodeIgniter\Email\Email->send()
#5 C:\xampp\htdocs\Voting-System\vendor\codeigniter4\framework\system\CodeIgniter.php(927): App\Controllers\Groups_Controller->requests('26')
#6 C:\xampp\htdocs\Voting-System\vendor\codeigniter4\framework\system\CodeIgniter.php(482): CodeIgniter\CodeIgniter->runController(Object(App\Controllers\Groups_Controller))
#7 C:\xampp\htdocs\Voting-System\vendor\codeigniter4\framework\system\CodeIgniter.php(351): CodeIgniter\CodeIgniter->handleRequest(NULL, Object(Config\Cache), false)
#8 C:\xampp\htdocs\Voting-System\index.php(67): CodeIgniter\CodeIgniter->run()
#9 {main}
ERROR - 2022-12-25 08:09:33 --> Email: Unable to send email using PHP mail(). Your server might not be configured to send mail using this method.
ERROR - 2022-12-25 08:09:33 --> 
ERROR - 2022-12-25 09:10:05 --> mysqli_sql_exception: Unknown column 'group.request_id' in 'on clause' in C:\xampp\htdocs\Voting-System\vendor\codeigniter4\framework\system\Database\MySQLi\Connection.php:292
Stack trace:
#0 C:\xampp\htdocs\Voting-System\vendor\codeigniter4\framework\system\Database\MySQLi\Connection.php(292): mysqli->query('SELECT *\nFROM `...', 0)
#1 C:\xampp\htdocs\Voting-System\vendor\codeigniter4\framework\system\Database\BaseConnection.php(666): CodeIgniter\Database\MySQLi\Connection->execute('SELECT *\nFROM `...')
#2 C:\xampp\htdocs\Voting-System\vendor\codeigniter4\framework\system\Database\BaseConnection.php(593): CodeIgniter\Database\BaseConnection->simpleQuery('SELECT *\nFROM `...')
#3 C:\xampp\htdocs\Voting-System\vendor\codeigniter4\framework\system\Database\BaseBuilder.php(1585): CodeIgniter\Database\BaseConnection->query('SELECT *\nFROM `...', Array, false)
#4 C:\xampp\htdocs\Voting-System\vendor\codeigniter4\framework\system\Model.php(223): CodeIgniter\Database\BaseBuilder->get()
#5 C:\xampp\htdocs\Voting-System\vendor\codeigniter4\framework\system\BaseModel.php(585): CodeIgniter\Model->doFindAll(0, 0)
#6 C:\xampp\htdocs\Voting-System\app\Controllers\Home.php(37): CodeIgniter\BaseModel->findAll()
#7 C:\xampp\htdocs\Voting-System\vendor\codeigniter4\framework\system\CodeIgniter.php(927): App\Controllers\Home->index()
#8 C:\xampp\htdocs\Voting-System\vendor\codeigniter4\framework\system\CodeIgniter.php(482): CodeIgniter\CodeIgniter->runController(Object(App\Controllers\Home))
#9 C:\xampp\htdocs\Voting-System\vendor\codeigniter4\framework\system\CodeIgniter.php(351): CodeIgniter\CodeIgniter->handleRequest(NULL, Object(Config\Cache), false)
#10 C:\xampp\htdocs\Voting-System\index.php(67): CodeIgniter\CodeIgniter->run()
#11 {main}
CRITICAL - 2022-12-25 09:10:05 --> Unknown column 'group.request_id' in 'on clause'
in SYSTEMPATH\Database\MySQLi\Connection.php on line 292.
 1 SYSTEMPATH\Database\MySQLi\Connection.php(292): mysqli->query('SELECT *
FROM `groups`
LEFT JOIN `requests` ON `requests`.`group_id`=`group`.`request_id`', 0)
 2 SYSTEMPATH\Database\BaseConnection.php(666): CodeIgniter\Database\MySQLi\Connection->execute('SELECT *
FROM `groups`
LEFT JOIN `requests` ON `requests`.`group_id`=`group`.`request_id`')
 3 SYSTEMPATH\Database\BaseConnection.php(593): CodeIgniter\Database\BaseConnection->simpleQuery('SELECT *
FROM `groups`
LEFT JOIN `requests` ON `requests`.`group_id`=`group`.`request_id`')
 4 SYSTEMPATH\Database\BaseBuilder.php(1585): CodeIgniter\Database\BaseConnection->query('SELECT *
FROM `groups`
LEFT JOIN `requests` ON `requests`.`group_id`=`group`.`request_id`', [], false)
 5 SYSTEMPATH\Model.php(223): CodeIgniter\Database\BaseBuilder->get()
 6 SYSTEMPATH\BaseModel.php(585): CodeIgniter\Model->doFindAll(0, 0)
 7 APPPATH\Controllers\Home.php(37): CodeIgniter\BaseModel->findAll()
 8 SYSTEMPATH\CodeIgniter.php(927): App\Controllers\Home->index()
 9 SYSTEMPATH\CodeIgniter.php(482): CodeIgniter\CodeIgniter->runController(Object(App\Controllers\Home))
10 SYSTEMPATH\CodeIgniter.php(351): CodeIgniter\CodeIgniter->handleRequest(null, Object(Config\Cache), false)
11 FCPATH\index.php(67): CodeIgniter\CodeIgniter->run()
ERROR - 2022-12-25 09:10:26 --> mysqli_sql_exception: Unknown column 'groups.request_id' in 'on clause' in C:\xampp\htdocs\Voting-System\vendor\codeigniter4\framework\system\Database\MySQLi\Connection.php:292
Stack trace:
#0 C:\xampp\htdocs\Voting-System\vendor\codeigniter4\framework\system\Database\MySQLi\Connection.php(292): mysqli->query('SELECT *\nFROM `...', 0)
#1 C:\xampp\htdocs\Voting-System\vendor\codeigniter4\framework\system\Database\BaseConnection.php(666): CodeIgniter\Database\MySQLi\Connection->execute('SELECT *\nFROM `...')
#2 C:\xampp\htdocs\Voting-System\vendor\codeigniter4\framework\system\Database\BaseConnection.php(593): CodeIgniter\Database\BaseConnection->simpleQuery('SELECT *\nFROM `...')
#3 C:\xampp\htdocs\Voting-System\vendor\codeigniter4\framework\system\Database\BaseBuilder.php(1585): CodeIgniter\Database\BaseConnection->query('SELECT *\nFROM `...', Array, false)
#4 C:\xampp\htdocs\Voting-System\vendor\codeigniter4\framework\system\Model.php(223): CodeIgniter\Database\BaseBuilder->get()
#5 C:\xampp\htdocs\Voting-System\vendor\codeigniter4\framework\system\BaseModel.php(585): CodeIgniter\Model->doFindAll(0, 0)
#6 C:\xampp\htdocs\Voting-System\app\Controllers\Home.php(37): CodeIgniter\BaseModel->findAll()
#7 C:\xampp\htdocs\Voting-System\vendor\codeigniter4\framework\system\CodeIgniter.php(927): App\Controllers\Home->index()
#8 C:\xampp\htdocs\Voting-System\vendor\codeigniter4\framework\system\CodeIgniter.php(482): CodeIgniter\CodeIgniter->runController(Object(App\Controllers\Home))
#9 C:\xampp\htdocs\Voting-System\vendor\codeigniter4\framework\system\CodeIgniter.php(351): CodeIgniter\CodeIgniter->handleRequest(NULL, Object(Config\Cache), false)
#10 C:\xampp\htdocs\Voting-System\index.php(67): CodeIgniter\CodeIgniter->run()
#11 {main}
CRITICAL - 2022-12-25 09:10:26 --> Unknown column 'groups.request_id' in 'on clause'
in SYSTEMPATH\Database\MySQLi\Connection.php on line 292.
 1 SYSTEMPATH\Database\MySQLi\Connection.php(292): mysqli->query('SELECT *
FROM `groups`
LEFT JOIN `requests` ON `requests`.`group_id`=`groups`.`request_id`', 0)
 2 SYSTEMPATH\Database\BaseConnection.php(666): CodeIgniter\Database\MySQLi\Connection->execute('SELECT *
FROM `groups`
LEFT JOIN `requests` ON `requests`.`group_id`=`groups`.`request_id`')
 3 SYSTEMPATH\Database\BaseConnection.php(593): CodeIgniter\Database\BaseConnection->simpleQuery('SELECT *
FROM `groups`
LEFT JOIN `requests` ON `requests`.`group_id`=`groups`.`request_id`')
 4 SYSTEMPATH\Database\BaseBuilder.php(1585): CodeIgniter\Database\BaseConnection->query('SELECT *
FROM `groups`
LEFT JOIN `requests` ON `requests`.`group_id`=`groups`.`request_id`', [], false)
 5 SYSTEMPATH\Model.php(223): CodeIgniter\Database\BaseBuilder->get()
 6 SYSTEMPATH\BaseModel.php(585): CodeIgniter\Model->doFindAll(0, 0)
 7 APPPATH\Controllers\Home.php(37): CodeIgniter\BaseModel->findAll()
 8 SYSTEMPATH\CodeIgniter.php(927): App\Controllers\Home->index()
 9 SYSTEMPATH\CodeIgniter.php(482): CodeIgniter\CodeIgniter->runController(Object(App\Controllers\Home))
10 SYSTEMPATH\CodeIgniter.php(351): CodeIgniter\CodeIgniter->handleRequest(null, Object(Config\Cache), false)
11 FCPATH\index.php(67): CodeIgniter\CodeIgniter->run()
