ERROR - 2022-12-14 01:45:19 --> Email: sendWithMail throwed ErrorException: mail(): Failed to connect to mailserver at &quot;localhost&quot; port 25, verify your &quot;SMTP&quot; and &quot;smtp_port&quot; setting in php.ini or use ini_set() in C:\xampp\htdocs\Voting-System\vendor\codeigniter4\framework\system\Email\Email.php:1730
Stack trace:
#0 [internal function]: CodeIgniter\Debug\Exceptions->errorHandler(2, 'mail(): Failed ...', 'C:\\xampp\\htdocs...', 1730)
#1 C:\xampp\htdocs\Voting-System\vendor\codeigniter4\framework\system\Email\Email.php(1730): mail('adnan@gmail.com', '=?UTF-8?Q?A=20U...', 'This is a multi...', 'Date: Wed, 14 D...', '-f system@daily...')
#2 C:\xampp\htdocs\Voting-System\vendor\codeigniter4\framework\system\Email\Email.php(1662): CodeIgniter\Email\Email->sendWithMail()
#3 C:\xampp\htdocs\Voting-System\vendor\codeigniter4\framework\system\Email\Email.php(1560): CodeIgniter\Email\Email->spoolEmail()
#4 C:\xampp\htdocs\Voting-System\app\Controllers\Groups_Controller.php(128): CodeIgniter\Email\Email->send()
#5 C:\xampp\htdocs\Voting-System\vendor\codeigniter4\framework\system\CodeIgniter.php(927): App\Controllers\Groups_Controller->requests('25')
#6 C:\xampp\htdocs\Voting-System\vendor\codeigniter4\framework\system\CodeIgniter.php(482): CodeIgniter\CodeIgniter->runController(Object(App\Controllers\Groups_Controller))
#7 C:\xampp\htdocs\Voting-System\vendor\codeigniter4\framework\system\CodeIgniter.php(351): CodeIgniter\CodeIgniter->handleRequest(NULL, Object(Config\Cache), false)
#8 C:\xampp\htdocs\Voting-System\index.php(67): CodeIgniter\CodeIgniter->run()
#9 {main}
ERROR - 2022-12-14 01:45:19 --> Email: Unable to send email using PHP mail(). Your server might not be configured to send mail using this method.
ERROR - 2022-12-14 01:45:19 --> 
ERROR - 2022-12-14 01:45:29 --> Email: sendWithMail throwed ErrorException: mail(): Failed to connect to mailserver at &quot;localhost&quot; port 25, verify your &quot;SMTP&quot; and &quot;smtp_port&quot; setting in php.ini or use ini_set() in C:\xampp\htdocs\Voting-System\vendor\codeigniter4\framework\system\Email\Email.php:1730
Stack trace:
#0 [internal function]: CodeIgniter\Debug\Exceptions->errorHandler(2, 'mail(): Failed ...', 'C:\\xampp\\htdocs...', 1730)
#1 C:\xampp\htdocs\Voting-System\vendor\codeigniter4\framework\system\Email\Email.php(1730): mail('adnan@gmail.com', '=?UTF-8?Q?A=20U...', 'This is a multi...', 'Date: Wed, 14 D...', '-f system@daily...')
#2 C:\xampp\htdocs\Voting-System\vendor\codeigniter4\framework\system\Email\Email.php(1662): CodeIgniter\Email\Email->sendWithMail()
#3 C:\xampp\htdocs\Voting-System\vendor\codeigniter4\framework\system\Email\Email.php(1560): CodeIgniter\Email\Email->spoolEmail()
#4 C:\xampp\htdocs\Voting-System\app\Controllers\Groups_Controller.php(128): CodeIgniter\Email\Email->send()
#5 C:\xampp\htdocs\Voting-System\vendor\codeigniter4\framework\system\CodeIgniter.php(927): App\Controllers\Groups_Controller->requests('24')
#6 C:\xampp\htdocs\Voting-System\vendor\codeigniter4\framework\system\CodeIgniter.php(482): CodeIgniter\CodeIgniter->runController(Object(App\Controllers\Groups_Controller))
#7 C:\xampp\htdocs\Voting-System\vendor\codeigniter4\framework\system\CodeIgniter.php(351): CodeIgniter\CodeIgniter->handleRequest(NULL, Object(Config\Cache), false)
#8 C:\xampp\htdocs\Voting-System\index.php(67): CodeIgniter\CodeIgniter->run()
#9 {main}
ERROR - 2022-12-14 01:45:29 --> Email: Unable to send email using PHP mail(). Your server might not be configured to send mail using this method.
ERROR - 2022-12-14 01:45:29 --> 
CRITICAL - 2022-12-14 02:08:18 --> Undefined variable $sub_categories
in APPPATH\Views\includes\sidebar.php on line 29.
 1 APPPATH\Views\includes\sidebar.php(29): CodeIgniter\Debug\Exceptions->errorHandler(2, 'Undefined variable $sub_categories', 'APPPATH\\Views\\includes\\sidebar.php', 29)
 2 APPPATH\Views\index.php(8): include('APPPATH\\Views\\includes\\sidebar.php')
 3 SYSTEMPATH\View\View.php(213): include('APPPATH\\Views\\index.php')
 4 SYSTEMPATH\View\View.php(216): CodeIgniter\View\View->CodeIgniter\View\{closure}()
 5 SYSTEMPATH\Common.php(1134): CodeIgniter\View\View->render('index', [], true)
 6 APPPATH\Controllers\Home.php(69): view('index', [...])
 7 SYSTEMPATH\CodeIgniter.php(927): App\Controllers\Home->getCategory('1')
 8 SYSTEMPATH\CodeIgniter.php(482): CodeIgniter\CodeIgniter->runController(Object(App\Controllers\Home))
 9 SYSTEMPATH\CodeIgniter.php(351): CodeIgniter\CodeIgniter->handleRequest(null, Object(Config\Cache), false)
10 FCPATH\index.php(67): CodeIgniter\CodeIgniter->run()
CRITICAL - 2022-12-14 02:08:29 --> Undefined variable $sub_categories
in APPPATH\Views\includes\sidebar.php on line 29.
 1 APPPATH\Views\includes\sidebar.php(29): CodeIgniter\Debug\Exceptions->errorHandler(2, 'Undefined variable $sub_categories', 'APPPATH\\Views\\includes\\sidebar.php', 29)
 2 APPPATH\Views\index.php(8): include('APPPATH\\Views\\includes\\sidebar.php')
 3 SYSTEMPATH\View\View.php(213): include('APPPATH\\Views\\index.php')
 4 SYSTEMPATH\View\View.php(216): CodeIgniter\View\View->CodeIgniter\View\{closure}()
 5 SYSTEMPATH\Common.php(1134): CodeIgniter\View\View->render('index', [], true)
 6 APPPATH\Controllers\Home.php(69): view('index', [...])
 7 SYSTEMPATH\CodeIgniter.php(927): App\Controllers\Home->getCategory('1')
 8 SYSTEMPATH\CodeIgniter.php(482): CodeIgniter\CodeIgniter->runController(Object(App\Controllers\Home))
 9 SYSTEMPATH\CodeIgniter.php(351): CodeIgniter\CodeIgniter->handleRequest(null, Object(Config\Cache), false)
10 FCPATH\index.php(67): CodeIgniter\CodeIgniter->run()
ERROR - 2022-12-14 05:16:35 --> Email: sendWithMail throwed ErrorException: mail(): Failed to connect to mailserver at &quot;localhost&quot; port 25, verify your &quot;SMTP&quot; and &quot;smtp_port&quot; setting in php.ini or use ini_set() in C:\xampp\htdocs\Voting-System\vendor\codeigniter4\framework\system\Email\Email.php:1730
Stack trace:
#0 [internal function]: CodeIgniter\Debug\Exceptions->errorHandler(2, 'mail(): Failed ...', 'C:\\xampp\\htdocs...', 1730)
#1 C:\xampp\htdocs\Voting-System\vendor\codeigniter4\framework\system\Email\Email.php(1730): mail('adnan@gmail.com', '=?UTF-8?Q?A=20U...', 'This is a multi...', 'Date: Wed, 14 D...', '-f system@daily...')
#2 C:\xampp\htdocs\Voting-System\vendor\codeigniter4\framework\system\Email\Email.php(1662): CodeIgniter\Email\Email->sendWithMail()
#3 C:\xampp\htdocs\Voting-System\vendor\codeigniter4\framework\system\Email\Email.php(1560): CodeIgniter\Email\Email->spoolEmail()
#4 C:\xampp\htdocs\Voting-System\app\Controllers\Groups_Controller.php(128): CodeIgniter\Email\Email->send()
#5 C:\xampp\htdocs\Voting-System\vendor\codeigniter4\framework\system\CodeIgniter.php(927): App\Controllers\Groups_Controller->requests('12')
#6 C:\xampp\htdocs\Voting-System\vendor\codeigniter4\framework\system\CodeIgniter.php(482): CodeIgniter\CodeIgniter->runController(Object(App\Controllers\Groups_Controller))
#7 C:\xampp\htdocs\Voting-System\vendor\codeigniter4\framework\system\CodeIgniter.php(351): CodeIgniter\CodeIgniter->handleRequest(NULL, Object(Config\Cache), false)
#8 C:\xampp\htdocs\Voting-System\index.php(67): CodeIgniter\CodeIgniter->run()
#9 {main}
ERROR - 2022-12-14 05:16:35 --> Email: Unable to send email using PHP mail(). Your server might not be configured to send mail using this method.
ERROR - 2022-12-14 05:16:35 --> 
