ERROR - 2022-11-03 10:46:32 --> Error connecting to the database: mysqli_sql_exception: No connection could be made because the target machine actively refused it in C:\xampp\htdocs\Voting-System\vendor\codeigniter4\framework\system\Database\MySQLi\Connection.php:171
Stack trace:
#0 C:\xampp\htdocs\Voting-System\vendor\codeigniter4\framework\system\Database\MySQLi\Connection.php(171): mysqli->real_connect('localhost', 'root', '', 'voting', 3306, '', 0)
#1 C:\xampp\htdocs\Voting-System\vendor\codeigniter4\framework\system\Database\BaseConnection.php(382): CodeIgniter\Database\MySQLi\Connection->connect(false)
#2 C:\xampp\htdocs\Voting-System\vendor\codeigniter4\framework\system\Database\BaseConnection.php(561): CodeIgniter\Database\BaseConnection->initialize()
#3 C:\xampp\htdocs\Voting-System\vendor\codeigniter4\framework\system\Database\BaseBuilder.php(1585): CodeIgniter\Database\BaseConnection->query('SELECT 1\nFROM `...', Array, false)
#4 C:\xampp\htdocs\Voting-System\vendor\codeigniter4\framework\system\Validation\Rules.php(104): CodeIgniter\Database\BaseBuilder->get()
#5 C:\xampp\htdocs\Voting-System\vendor\codeigniter4\framework\system\Validation\Validation.php(315): CodeIgniter\Validation\Rules->is_not_unique('adnan@gmail.com', 'admin_email', Array, NULL, 'email')
#6 C:\xampp\htdocs\Voting-System\vendor\codeigniter4\framework\system\Validation\Validation.php(175): CodeIgniter\Validation\Validation->processRules('email', 'email', 'adnan@gmail.com', Array, Array)
#7 C:\xampp\htdocs\Voting-System\vendor\codeigniter4\framework\system\Controller.php(140): CodeIgniter\Validation\Validation->run()
#8 C:\xampp\htdocs\Voting-System\app\Controllers\Admin_Login.php(20): CodeIgniter\Controller->validate(Array)
#9 C:\xampp\htdocs\Voting-System\vendor\codeigniter4\framework\system\CodeIgniter.php(927): App\Controllers\Admin_Login->login()
#10 C:\xampp\htdocs\Voting-System\vendor\codeigniter4\framework\system\CodeIgniter.php(482): CodeIgniter\CodeIgniter->runController(Object(App\Controllers\Admin_Login))
#11 C:\xampp\htdocs\Voting-System\vendor\codeigniter4\framework\system\CodeIgniter.php(351): CodeIgniter\CodeIgniter->handleRequest(NULL, Object(Config\Cache), false)
#12 C:\xampp\htdocs\Voting-System\index.php(67): CodeIgniter\CodeIgniter->run()
#13 {main}

Next CodeIgniter\Database\Exceptions\DatabaseException: No connection could be made because the target machine actively refused it in C:\xampp\htdocs\Voting-System\vendor\codeigniter4\framework\system\Database\MySQLi\Connection.php:215
Stack trace:
#0 C:\xampp\htdocs\Voting-System\vendor\codeigniter4\framework\system\Database\BaseConnection.php(382): CodeIgniter\Database\MySQLi\Connection->connect(false)
#1 C:\xampp\htdocs\Voting-System\vendor\codeigniter4\framework\system\Database\BaseConnection.php(561): CodeIgniter\Database\BaseConnection->initialize()
#2 C:\xampp\htdocs\Voting-System\vendor\codeigniter4\framework\system\Database\BaseBuilder.php(1585): CodeIgniter\Database\BaseConnection->query('SELECT 1\nFROM `...', Array, false)
#3 C:\xampp\htdocs\Voting-System\vendor\codeigniter4\framework\system\Validation\Rules.php(104): CodeIgniter\Database\BaseBuilder->get()
#4 C:\xampp\htdocs\Voting-System\vendor\codeigniter4\framework\system\Validation\Validation.php(315): CodeIgniter\Validation\Rules->is_not_unique('adnan@gmail.com', 'admin_email', Array, NULL, 'email')
#5 C:\xampp\htdocs\Voting-System\vendor\codeigniter4\framework\system\Validation\Validation.php(175): CodeIgniter\Validation\Validation->processRules('email', 'email', 'adnan@gmail.com', Array, Array)
#6 C:\xampp\htdocs\Voting-System\vendor\codeigniter4\framework\system\Controller.php(140): CodeIgniter\Validation\Validation->run()
#7 C:\xampp\htdocs\Voting-System\app\Controllers\Admin_Login.php(20): CodeIgniter\Controller->validate(Array)
#8 C:\xampp\htdocs\Voting-System\vendor\codeigniter4\framework\system\CodeIgniter.php(927): App\Controllers\Admin_Login->login()
#9 C:\xampp\htdocs\Voting-System\vendor\codeigniter4\framework\system\CodeIgniter.php(482): CodeIgniter\CodeIgniter->runController(Object(App\Controllers\Admin_Login))
#10 C:\xampp\htdocs\Voting-System\vendor\codeigniter4\framework\system\CodeIgniter.php(351): CodeIgniter\CodeIgniter->handleRequest(NULL, Object(Config\Cache), false)
#11 C:\xampp\htdocs\Voting-System\index.php(67): CodeIgniter\CodeIgniter->run()
#12 {main}
CRITICAL - 2022-11-03 10:46:32 --> Unable to connect to the database.
Main connection [MySQLi]: No connection could be made because the target machine actively refused it
in SYSTEMPATH\Database\BaseConnection.php on line 418.
 1 SYSTEMPATH\Database\BaseConnection.php(561): CodeIgniter\Database\BaseConnection->initialize()
 2 SYSTEMPATH\Database\BaseBuilder.php(1585): CodeIgniter\Database\BaseConnection->query('SELECT 1
FROM `admin`
WHERE `admin_email` = :admin_email:
 LIMIT 1', [...], false)
 3 SYSTEMPATH\Validation\Rules.php(104): CodeIgniter\Database\BaseBuilder->get()
 4 SYSTEMPATH\Validation\Validation.php(315): CodeIgniter\Validation\Rules->is_not_unique('adnan@gmail.com', 'admin_email', [...], null, 'email')
 5 SYSTEMPATH\Validation\Validation.php(175): CodeIgniter\Validation\Validation->processRules('email', 'email', 'adnan@gmail.com', [...], [...])
 6 SYSTEMPATH\Controller.php(140): CodeIgniter\Validation\Validation->run()
 7 APPPATH\Controllers\Admin_Login.php(20): CodeIgniter\Controller->validate([...])
 8 SYSTEMPATH\CodeIgniter.php(927): App\Controllers\Admin_Login->login()
 9 SYSTEMPATH\CodeIgniter.php(482): CodeIgniter\CodeIgniter->runController(Object(App\Controllers\Admin_Login))
10 SYSTEMPATH\CodeIgniter.php(351): CodeIgniter\CodeIgniter->handleRequest(null, Object(Config\Cache), false)
11 FCPATH\index.php(67): CodeIgniter\CodeIgniter->run()
ERROR - 2022-11-03 10:47:37 --> Error connecting to the database: mysqli_sql_exception: No connection could be made because the target machine actively refused it in C:\xampp\htdocs\Voting-System\vendor\codeigniter4\framework\system\Database\MySQLi\Connection.php:171
Stack trace:
#0 C:\xampp\htdocs\Voting-System\vendor\codeigniter4\framework\system\Database\MySQLi\Connection.php(171): mysqli->real_connect('localhost', 'root', '', 'voting', 3306, '', 0)
#1 C:\xampp\htdocs\Voting-System\vendor\codeigniter4\framework\system\Database\BaseConnection.php(382): CodeIgniter\Database\MySQLi\Connection->connect(false)
#2 C:\xampp\htdocs\Voting-System\vendor\codeigniter4\framework\system\Database\BaseConnection.php(561): CodeIgniter\Database\BaseConnection->initialize()
#3 C:\xampp\htdocs\Voting-System\vendor\codeigniter4\framework\system\Database\BaseBuilder.php(1585): CodeIgniter\Database\BaseConnection->query('SELECT 1\nFROM `...', Array, false)
#4 C:\xampp\htdocs\Voting-System\vendor\codeigniter4\framework\system\Validation\Rules.php(104): CodeIgniter\Database\BaseBuilder->get()
#5 C:\xampp\htdocs\Voting-System\vendor\codeigniter4\framework\system\Validation\Validation.php(315): CodeIgniter\Validation\Rules->is_not_unique('adnan@gmail.com', 'admin_email', Array, NULL, 'email')
#6 C:\xampp\htdocs\Voting-System\vendor\codeigniter4\framework\system\Validation\Validation.php(175): CodeIgniter\Validation\Validation->processRules('email', 'email', 'adnan@gmail.com', Array, Array)
#7 C:\xampp\htdocs\Voting-System\vendor\codeigniter4\framework\system\Controller.php(140): CodeIgniter\Validation\Validation->run()
#8 C:\xampp\htdocs\Voting-System\app\Controllers\Admin_Login.php(20): CodeIgniter\Controller->validate(Array)
#9 C:\xampp\htdocs\Voting-System\vendor\codeigniter4\framework\system\CodeIgniter.php(927): App\Controllers\Admin_Login->login()
#10 C:\xampp\htdocs\Voting-System\vendor\codeigniter4\framework\system\CodeIgniter.php(482): CodeIgniter\CodeIgniter->runController(Object(App\Controllers\Admin_Login))
#11 C:\xampp\htdocs\Voting-System\vendor\codeigniter4\framework\system\CodeIgniter.php(351): CodeIgniter\CodeIgniter->handleRequest(NULL, Object(Config\Cache), false)
#12 C:\xampp\htdocs\Voting-System\index.php(67): CodeIgniter\CodeIgniter->run()
#13 {main}

Next CodeIgniter\Database\Exceptions\DatabaseException: No connection could be made because the target machine actively refused it in C:\xampp\htdocs\Voting-System\vendor\codeigniter4\framework\system\Database\MySQLi\Connection.php:215
Stack trace:
#0 C:\xampp\htdocs\Voting-System\vendor\codeigniter4\framework\system\Database\BaseConnection.php(382): CodeIgniter\Database\MySQLi\Connection->connect(false)
#1 C:\xampp\htdocs\Voting-System\vendor\codeigniter4\framework\system\Database\BaseConnection.php(561): CodeIgniter\Database\BaseConnection->initialize()
#2 C:\xampp\htdocs\Voting-System\vendor\codeigniter4\framework\system\Database\BaseBuilder.php(1585): CodeIgniter\Database\BaseConnection->query('SELECT 1\nFROM `...', Array, false)
#3 C:\xampp\htdocs\Voting-System\vendor\codeigniter4\framework\system\Validation\Rules.php(104): CodeIgniter\Database\BaseBuilder->get()
#4 C:\xampp\htdocs\Voting-System\vendor\codeigniter4\framework\system\Validation\Validation.php(315): CodeIgniter\Validation\Rules->is_not_unique('adnan@gmail.com', 'admin_email', Array, NULL, 'email')
#5 C:\xampp\htdocs\Voting-System\vendor\codeigniter4\framework\system\Validation\Validation.php(175): CodeIgniter\Validation\Validation->processRules('email', 'email', 'adnan@gmail.com', Array, Array)
#6 C:\xampp\htdocs\Voting-System\vendor\codeigniter4\framework\system\Controller.php(140): CodeIgniter\Validation\Validation->run()
#7 C:\xampp\htdocs\Voting-System\app\Controllers\Admin_Login.php(20): CodeIgniter\Controller->validate(Array)
#8 C:\xampp\htdocs\Voting-System\vendor\codeigniter4\framework\system\CodeIgniter.php(927): App\Controllers\Admin_Login->login()
#9 C:\xampp\htdocs\Voting-System\vendor\codeigniter4\framework\system\CodeIgniter.php(482): CodeIgniter\CodeIgniter->runController(Object(App\Controllers\Admin_Login))
#10 C:\xampp\htdocs\Voting-System\vendor\codeigniter4\framework\system\CodeIgniter.php(351): CodeIgniter\CodeIgniter->handleRequest(NULL, Object(Config\Cache), false)
#11 C:\xampp\htdocs\Voting-System\index.php(67): CodeIgniter\CodeIgniter->run()
#12 {main}
CRITICAL - 2022-11-03 10:47:37 --> Unable to connect to the database.
Main connection [MySQLi]: No connection could be made because the target machine actively refused it
in SYSTEMPATH\Database\BaseConnection.php on line 418.
 1 SYSTEMPATH\Database\BaseConnection.php(561): CodeIgniter\Database\BaseConnection->initialize()
 2 SYSTEMPATH\Database\BaseBuilder.php(1585): CodeIgniter\Database\BaseConnection->query('SELECT 1
FROM `admin`
WHERE `admin_email` = :admin_email:
 LIMIT 1', [...], false)
 3 SYSTEMPATH\Validation\Rules.php(104): CodeIgniter\Database\BaseBuilder->get()
 4 SYSTEMPATH\Validation\Validation.php(315): CodeIgniter\Validation\Rules->is_not_unique('adnan@gmail.com', 'admin_email', [...], null, 'email')
 5 SYSTEMPATH\Validation\Validation.php(175): CodeIgniter\Validation\Validation->processRules('email', 'email', 'adnan@gmail.com', [...], [...])
 6 SYSTEMPATH\Controller.php(140): CodeIgniter\Validation\Validation->run()
 7 APPPATH\Controllers\Admin_Login.php(20): CodeIgniter\Controller->validate([...])
 8 SYSTEMPATH\CodeIgniter.php(927): App\Controllers\Admin_Login->login()
 9 SYSTEMPATH\CodeIgniter.php(482): CodeIgniter\CodeIgniter->runController(Object(App\Controllers\Admin_Login))
10 SYSTEMPATH\CodeIgniter.php(351): CodeIgniter\CodeIgniter->handleRequest(null, Object(Config\Cache), false)
11 FCPATH\index.php(67): CodeIgniter\CodeIgniter->run()
ERROR - 2022-11-03 10:47:57 --> Error connecting to the database: mysqli_sql_exception: No connection could be made because the target machine actively refused it in C:\xampp\htdocs\Voting-System\vendor\codeigniter4\framework\system\Database\MySQLi\Connection.php:171
Stack trace:
#0 C:\xampp\htdocs\Voting-System\vendor\codeigniter4\framework\system\Database\MySQLi\Connection.php(171): mysqli->real_connect('localhost', 'root', '', 'voting', 3306, '', 0)
#1 C:\xampp\htdocs\Voting-System\vendor\codeigniter4\framework\system\Database\BaseConnection.php(382): CodeIgniter\Database\MySQLi\Connection->connect(false)
#2 C:\xampp\htdocs\Voting-System\vendor\codeigniter4\framework\system\Database\BaseConnection.php(561): CodeIgniter\Database\BaseConnection->initialize()
#3 C:\xampp\htdocs\Voting-System\vendor\codeigniter4\framework\system\Database\BaseBuilder.php(1585): CodeIgniter\Database\BaseConnection->query('SELECT 1\nFROM `...', Array, false)
#4 C:\xampp\htdocs\Voting-System\vendor\codeigniter4\framework\system\Validation\Rules.php(104): CodeIgniter\Database\BaseBuilder->get()
#5 C:\xampp\htdocs\Voting-System\vendor\codeigniter4\framework\system\Validation\Validation.php(315): CodeIgniter\Validation\Rules->is_not_unique('adnan@gmail.com', 'admin_email', Array, NULL, 'email')
#6 C:\xampp\htdocs\Voting-System\vendor\codeigniter4\framework\system\Validation\Validation.php(175): CodeIgniter\Validation\Validation->processRules('email', 'email', 'adnan@gmail.com', Array, Array)
#7 C:\xampp\htdocs\Voting-System\vendor\codeigniter4\framework\system\Controller.php(140): CodeIgniter\Validation\Validation->run()
#8 C:\xampp\htdocs\Voting-System\app\Controllers\Admin_Login.php(20): CodeIgniter\Controller->validate(Array)
#9 C:\xampp\htdocs\Voting-System\vendor\codeigniter4\framework\system\CodeIgniter.php(927): App\Controllers\Admin_Login->login()
#10 C:\xampp\htdocs\Voting-System\vendor\codeigniter4\framework\system\CodeIgniter.php(482): CodeIgniter\CodeIgniter->runController(Object(App\Controllers\Admin_Login))
#11 C:\xampp\htdocs\Voting-System\vendor\codeigniter4\framework\system\CodeIgniter.php(351): CodeIgniter\CodeIgniter->handleRequest(NULL, Object(Config\Cache), false)
#12 C:\xampp\htdocs\Voting-System\index.php(67): CodeIgniter\CodeIgniter->run()
#13 {main}

Next CodeIgniter\Database\Exceptions\DatabaseException: No connection could be made because the target machine actively refused it in C:\xampp\htdocs\Voting-System\vendor\codeigniter4\framework\system\Database\MySQLi\Connection.php:215
Stack trace:
#0 C:\xampp\htdocs\Voting-System\vendor\codeigniter4\framework\system\Database\BaseConnection.php(382): CodeIgniter\Database\MySQLi\Connection->connect(false)
#1 C:\xampp\htdocs\Voting-System\vendor\codeigniter4\framework\system\Database\BaseConnection.php(561): CodeIgniter\Database\BaseConnection->initialize()
#2 C:\xampp\htdocs\Voting-System\vendor\codeigniter4\framework\system\Database\BaseBuilder.php(1585): CodeIgniter\Database\BaseConnection->query('SELECT 1\nFROM `...', Array, false)
#3 C:\xampp\htdocs\Voting-System\vendor\codeigniter4\framework\system\Validation\Rules.php(104): CodeIgniter\Database\BaseBuilder->get()
#4 C:\xampp\htdocs\Voting-System\vendor\codeigniter4\framework\system\Validation\Validation.php(315): CodeIgniter\Validation\Rules->is_not_unique('adnan@gmail.com', 'admin_email', Array, NULL, 'email')
#5 C:\xampp\htdocs\Voting-System\vendor\codeigniter4\framework\system\Validation\Validation.php(175): CodeIgniter\Validation\Validation->processRules('email', 'email', 'adnan@gmail.com', Array, Array)
#6 C:\xampp\htdocs\Voting-System\vendor\codeigniter4\framework\system\Controller.php(140): CodeIgniter\Validation\Validation->run()
#7 C:\xampp\htdocs\Voting-System\app\Controllers\Admin_Login.php(20): CodeIgniter\Controller->validate(Array)
#8 C:\xampp\htdocs\Voting-System\vendor\codeigniter4\framework\system\CodeIgniter.php(927): App\Controllers\Admin_Login->login()
#9 C:\xampp\htdocs\Voting-System\vendor\codeigniter4\framework\system\CodeIgniter.php(482): CodeIgniter\CodeIgniter->runController(Object(App\Controllers\Admin_Login))
#10 C:\xampp\htdocs\Voting-System\vendor\codeigniter4\framework\system\CodeIgniter.php(351): CodeIgniter\CodeIgniter->handleRequest(NULL, Object(Config\Cache), false)
#11 C:\xampp\htdocs\Voting-System\index.php(67): CodeIgniter\CodeIgniter->run()
#12 {main}
CRITICAL - 2022-11-03 10:47:57 --> Unable to connect to the database.
Main connection [MySQLi]: No connection could be made because the target machine actively refused it
in SYSTEMPATH\Database\BaseConnection.php on line 418.
 1 SYSTEMPATH\Database\BaseConnection.php(561): CodeIgniter\Database\BaseConnection->initialize()
 2 SYSTEMPATH\Database\BaseBuilder.php(1585): CodeIgniter\Database\BaseConnection->query('SELECT 1
FROM `admin`
WHERE `admin_email` = :admin_email:
 LIMIT 1', [...], false)
 3 SYSTEMPATH\Validation\Rules.php(104): CodeIgniter\Database\BaseBuilder->get()
 4 SYSTEMPATH\Validation\Validation.php(315): CodeIgniter\Validation\Rules->is_not_unique('adnan@gmail.com', 'admin_email', [...], null, 'email')
 5 SYSTEMPATH\Validation\Validation.php(175): CodeIgniter\Validation\Validation->processRules('email', 'email', 'adnan@gmail.com', [...], [...])
 6 SYSTEMPATH\Controller.php(140): CodeIgniter\Validation\Validation->run()
 7 APPPATH\Controllers\Admin_Login.php(20): CodeIgniter\Controller->validate([...])
 8 SYSTEMPATH\CodeIgniter.php(927): App\Controllers\Admin_Login->login()
 9 SYSTEMPATH\CodeIgniter.php(482): CodeIgniter\CodeIgniter->runController(Object(App\Controllers\Admin_Login))
10 SYSTEMPATH\CodeIgniter.php(351): CodeIgniter\CodeIgniter->handleRequest(null, Object(Config\Cache), false)
11 FCPATH\index.php(67): CodeIgniter\CodeIgniter->run()
ERROR - 2022-11-03 10:49:00 --> Error connecting to the database: mysqli_sql_exception: No connection could be made because the target machine actively refused it in C:\xampp\htdocs\Voting-System\vendor\codeigniter4\framework\system\Database\MySQLi\Connection.php:171
Stack trace:
#0 C:\xampp\htdocs\Voting-System\vendor\codeigniter4\framework\system\Database\MySQLi\Connection.php(171): mysqli->real_connect('localhost', 'root', '', 'voting', 3306, '', 0)
#1 C:\xampp\htdocs\Voting-System\vendor\codeigniter4\framework\system\Database\BaseConnection.php(382): CodeIgniter\Database\MySQLi\Connection->connect(false)
#2 C:\xampp\htdocs\Voting-System\vendor\codeigniter4\framework\system\Database\BaseConnection.php(561): CodeIgniter\Database\BaseConnection->initialize()
#3 C:\xampp\htdocs\Voting-System\vendor\codeigniter4\framework\system\Database\BaseBuilder.php(1585): CodeIgniter\Database\BaseConnection->query('SELECT 1\nFROM `...', Array, false)
#4 C:\xampp\htdocs\Voting-System\vendor\codeigniter4\framework\system\Validation\Rules.php(104): CodeIgniter\Database\BaseBuilder->get()
#5 C:\xampp\htdocs\Voting-System\vendor\codeigniter4\framework\system\Validation\Validation.php(315): CodeIgniter\Validation\Rules->is_not_unique('adnan@gmail.com', 'admin_email', Array, NULL, 'email')
#6 C:\xampp\htdocs\Voting-System\vendor\codeigniter4\framework\system\Validation\Validation.php(175): CodeIgniter\Validation\Validation->processRules('email', 'email', 'adnan@gmail.com', Array, Array)
#7 C:\xampp\htdocs\Voting-System\vendor\codeigniter4\framework\system\Controller.php(140): CodeIgniter\Validation\Validation->run()
#8 C:\xampp\htdocs\Voting-System\app\Controllers\Admin_Login.php(20): CodeIgniter\Controller->validate(Array)
#9 C:\xampp\htdocs\Voting-System\vendor\codeigniter4\framework\system\CodeIgniter.php(927): App\Controllers\Admin_Login->login()
#10 C:\xampp\htdocs\Voting-System\vendor\codeigniter4\framework\system\CodeIgniter.php(482): CodeIgniter\CodeIgniter->runController(Object(App\Controllers\Admin_Login))
#11 C:\xampp\htdocs\Voting-System\vendor\codeigniter4\framework\system\CodeIgniter.php(351): CodeIgniter\CodeIgniter->handleRequest(NULL, Object(Config\Cache), false)
#12 C:\xampp\htdocs\Voting-System\index.php(67): CodeIgniter\CodeIgniter->run()
#13 {main}

Next CodeIgniter\Database\Exceptions\DatabaseException: No connection could be made because the target machine actively refused it in C:\xampp\htdocs\Voting-System\vendor\codeigniter4\framework\system\Database\MySQLi\Connection.php:215
Stack trace:
#0 C:\xampp\htdocs\Voting-System\vendor\codeigniter4\framework\system\Database\BaseConnection.php(382): CodeIgniter\Database\MySQLi\Connection->connect(false)
#1 C:\xampp\htdocs\Voting-System\vendor\codeigniter4\framework\system\Database\BaseConnection.php(561): CodeIgniter\Database\BaseConnection->initialize()
#2 C:\xampp\htdocs\Voting-System\vendor\codeigniter4\framework\system\Database\BaseBuilder.php(1585): CodeIgniter\Database\BaseConnection->query('SELECT 1\nFROM `...', Array, false)
#3 C:\xampp\htdocs\Voting-System\vendor\codeigniter4\framework\system\Validation\Rules.php(104): CodeIgniter\Database\BaseBuilder->get()
#4 C:\xampp\htdocs\Voting-System\vendor\codeigniter4\framework\system\Validation\Validation.php(315): CodeIgniter\Validation\Rules->is_not_unique('adnan@gmail.com', 'admin_email', Array, NULL, 'email')
#5 C:\xampp\htdocs\Voting-System\vendor\codeigniter4\framework\system\Validation\Validation.php(175): CodeIgniter\Validation\Validation->processRules('email', 'email', 'adnan@gmail.com', Array, Array)
#6 C:\xampp\htdocs\Voting-System\vendor\codeigniter4\framework\system\Controller.php(140): CodeIgniter\Validation\Validation->run()
#7 C:\xampp\htdocs\Voting-System\app\Controllers\Admin_Login.php(20): CodeIgniter\Controller->validate(Array)
#8 C:\xampp\htdocs\Voting-System\vendor\codeigniter4\framework\system\CodeIgniter.php(927): App\Controllers\Admin_Login->login()
#9 C:\xampp\htdocs\Voting-System\vendor\codeigniter4\framework\system\CodeIgniter.php(482): CodeIgniter\CodeIgniter->runController(Object(App\Controllers\Admin_Login))
#10 C:\xampp\htdocs\Voting-System\vendor\codeigniter4\framework\system\CodeIgniter.php(351): CodeIgniter\CodeIgniter->handleRequest(NULL, Object(Config\Cache), false)
#11 C:\xampp\htdocs\Voting-System\index.php(67): CodeIgniter\CodeIgniter->run()
#12 {main}
CRITICAL - 2022-11-03 10:49:00 --> Unable to connect to the database.
Main connection [MySQLi]: No connection could be made because the target machine actively refused it
in SYSTEMPATH\Database\BaseConnection.php on line 418.
 1 SYSTEMPATH\Database\BaseConnection.php(561): CodeIgniter\Database\BaseConnection->initialize()
 2 SYSTEMPATH\Database\BaseBuilder.php(1585): CodeIgniter\Database\BaseConnection->query('SELECT 1
FROM `admin`
WHERE `admin_email` = :admin_email:
 LIMIT 1', [...], false)
 3 SYSTEMPATH\Validation\Rules.php(104): CodeIgniter\Database\BaseBuilder->get()
 4 SYSTEMPATH\Validation\Validation.php(315): CodeIgniter\Validation\Rules->is_not_unique('adnan@gmail.com', 'admin_email', [...], null, 'email')
 5 SYSTEMPATH\Validation\Validation.php(175): CodeIgniter\Validation\Validation->processRules('email', 'email', 'adnan@gmail.com', [...], [...])
 6 SYSTEMPATH\Controller.php(140): CodeIgniter\Validation\Validation->run()
 7 APPPATH\Controllers\Admin_Login.php(20): CodeIgniter\Controller->validate([...])
 8 SYSTEMPATH\CodeIgniter.php(927): App\Controllers\Admin_Login->login()
 9 SYSTEMPATH\CodeIgniter.php(482): CodeIgniter\CodeIgniter->runController(Object(App\Controllers\Admin_Login))
10 SYSTEMPATH\CodeIgniter.php(351): CodeIgniter\CodeIgniter->handleRequest(null, Object(Config\Cache), false)
11 FCPATH\index.php(67): CodeIgniter\CodeIgniter->run()
ERROR - 2022-11-03 10:50:28 --> Error connecting to the database: mysqli_sql_exception: No connection could be made because the target machine actively refused it in C:\xampp\htdocs\Voting-System\vendor\codeigniter4\framework\system\Database\MySQLi\Connection.php:171
Stack trace:
#0 C:\xampp\htdocs\Voting-System\vendor\codeigniter4\framework\system\Database\MySQLi\Connection.php(171): mysqli->real_connect('localhost', 'root', '', 'voting', 3306, '', 0)
#1 C:\xampp\htdocs\Voting-System\vendor\codeigniter4\framework\system\Database\BaseConnection.php(382): CodeIgniter\Database\MySQLi\Connection->connect(false)
#2 C:\xampp\htdocs\Voting-System\vendor\codeigniter4\framework\system\Database\BaseConnection.php(561): CodeIgniter\Database\BaseConnection->initialize()
#3 C:\xampp\htdocs\Voting-System\vendor\codeigniter4\framework\system\Database\BaseBuilder.php(1585): CodeIgniter\Database\BaseConnection->query('SELECT 1\nFROM `...', Array, false)
#4 C:\xampp\htdocs\Voting-System\vendor\codeigniter4\framework\system\Validation\Rules.php(104): CodeIgniter\Database\BaseBuilder->get()
#5 C:\xampp\htdocs\Voting-System\vendor\codeigniter4\framework\system\Validation\Validation.php(315): CodeIgniter\Validation\Rules->is_not_unique('adnan@gmail.com', 'admin_email', Array, NULL, 'email')
#6 C:\xampp\htdocs\Voting-System\vendor\codeigniter4\framework\system\Validation\Validation.php(175): CodeIgniter\Validation\Validation->processRules('email', 'email', 'adnan@gmail.com', Array, Array)
#7 C:\xampp\htdocs\Voting-System\vendor\codeigniter4\framework\system\Controller.php(140): CodeIgniter\Validation\Validation->run()
#8 C:\xampp\htdocs\Voting-System\app\Controllers\Admin_Login.php(20): CodeIgniter\Controller->validate(Array)
#9 C:\xampp\htdocs\Voting-System\vendor\codeigniter4\framework\system\CodeIgniter.php(927): App\Controllers\Admin_Login->login()
#10 C:\xampp\htdocs\Voting-System\vendor\codeigniter4\framework\system\CodeIgniter.php(482): CodeIgniter\CodeIgniter->runController(Object(App\Controllers\Admin_Login))
#11 C:\xampp\htdocs\Voting-System\vendor\codeigniter4\framework\system\CodeIgniter.php(351): CodeIgniter\CodeIgniter->handleRequest(NULL, Object(Config\Cache), false)
#12 C:\xampp\htdocs\Voting-System\index.php(67): CodeIgniter\CodeIgniter->run()
#13 {main}

Next CodeIgniter\Database\Exceptions\DatabaseException: No connection could be made because the target machine actively refused it in C:\xampp\htdocs\Voting-System\vendor\codeigniter4\framework\system\Database\MySQLi\Connection.php:215
Stack trace:
#0 C:\xampp\htdocs\Voting-System\vendor\codeigniter4\framework\system\Database\BaseConnection.php(382): CodeIgniter\Database\MySQLi\Connection->connect(false)
#1 C:\xampp\htdocs\Voting-System\vendor\codeigniter4\framework\system\Database\BaseConnection.php(561): CodeIgniter\Database\BaseConnection->initialize()
#2 C:\xampp\htdocs\Voting-System\vendor\codeigniter4\framework\system\Database\BaseBuilder.php(1585): CodeIgniter\Database\BaseConnection->query('SELECT 1\nFROM `...', Array, false)
#3 C:\xampp\htdocs\Voting-System\vendor\codeigniter4\framework\system\Validation\Rules.php(104): CodeIgniter\Database\BaseBuilder->get()
#4 C:\xampp\htdocs\Voting-System\vendor\codeigniter4\framework\system\Validation\Validation.php(315): CodeIgniter\Validation\Rules->is_not_unique('adnan@gmail.com', 'admin_email', Array, NULL, 'email')
#5 C:\xampp\htdocs\Voting-System\vendor\codeigniter4\framework\system\Validation\Validation.php(175): CodeIgniter\Validation\Validation->processRules('email', 'email', 'adnan@gmail.com', Array, Array)
#6 C:\xampp\htdocs\Voting-System\vendor\codeigniter4\framework\system\Controller.php(140): CodeIgniter\Validation\Validation->run()
#7 C:\xampp\htdocs\Voting-System\app\Controllers\Admin_Login.php(20): CodeIgniter\Controller->validate(Array)
#8 C:\xampp\htdocs\Voting-System\vendor\codeigniter4\framework\system\CodeIgniter.php(927): App\Controllers\Admin_Login->login()
#9 C:\xampp\htdocs\Voting-System\vendor\codeigniter4\framework\system\CodeIgniter.php(482): CodeIgniter\CodeIgniter->runController(Object(App\Controllers\Admin_Login))
#10 C:\xampp\htdocs\Voting-System\vendor\codeigniter4\framework\system\CodeIgniter.php(351): CodeIgniter\CodeIgniter->handleRequest(NULL, Object(Config\Cache), false)
#11 C:\xampp\htdocs\Voting-System\index.php(67): CodeIgniter\CodeIgniter->run()
#12 {main}
CRITICAL - 2022-11-03 10:50:29 --> Unable to connect to the database.
Main connection [MySQLi]: No connection could be made because the target machine actively refused it
in SYSTEMPATH\Database\BaseConnection.php on line 418.
 1 SYSTEMPATH\Database\BaseConnection.php(561): CodeIgniter\Database\BaseConnection->initialize()
 2 SYSTEMPATH\Database\BaseBuilder.php(1585): CodeIgniter\Database\BaseConnection->query('SELECT 1
FROM `admin`
WHERE `admin_email` = :admin_email:
 LIMIT 1', [...], false)
 3 SYSTEMPATH\Validation\Rules.php(104): CodeIgniter\Database\BaseBuilder->get()
 4 SYSTEMPATH\Validation\Validation.php(315): CodeIgniter\Validation\Rules->is_not_unique('adnan@gmail.com', 'admin_email', [...], null, 'email')
 5 SYSTEMPATH\Validation\Validation.php(175): CodeIgniter\Validation\Validation->processRules('email', 'email', 'adnan@gmail.com', [...], [...])
 6 SYSTEMPATH\Controller.php(140): CodeIgniter\Validation\Validation->run()
 7 APPPATH\Controllers\Admin_Login.php(20): CodeIgniter\Controller->validate([...])
 8 SYSTEMPATH\CodeIgniter.php(927): App\Controllers\Admin_Login->login()
 9 SYSTEMPATH\CodeIgniter.php(482): CodeIgniter\CodeIgniter->runController(Object(App\Controllers\Admin_Login))
10 SYSTEMPATH\CodeIgniter.php(351): CodeIgniter\CodeIgniter->handleRequest(null, Object(Config\Cache), false)
11 FCPATH\index.php(67): CodeIgniter\CodeIgniter->run()
ERROR - 2022-11-03 10:54:13 --> Error connecting to the database: mysqli_sql_exception: No connection could be made because the target machine actively refused it in C:\xampp\htdocs\Voting-System\vendor\codeigniter4\framework\system\Database\MySQLi\Connection.php:171
Stack trace:
#0 C:\xampp\htdocs\Voting-System\vendor\codeigniter4\framework\system\Database\MySQLi\Connection.php(171): mysqli->real_connect('localhost', 'root', '', 'voting', 3306, '', 0)
#1 C:\xampp\htdocs\Voting-System\vendor\codeigniter4\framework\system\Database\BaseConnection.php(382): CodeIgniter\Database\MySQLi\Connection->connect(false)
#2 C:\xampp\htdocs\Voting-System\vendor\codeigniter4\framework\system\Database\BaseConnection.php(561): CodeIgniter\Database\BaseConnection->initialize()
#3 C:\xampp\htdocs\Voting-System\vendor\codeigniter4\framework\system\Database\BaseBuilder.php(1585): CodeIgniter\Database\BaseConnection->query('SELECT 1\nFROM `...', Array, false)
#4 C:\xampp\htdocs\Voting-System\vendor\codeigniter4\framework\system\Validation\Rules.php(104): CodeIgniter\Database\BaseBuilder->get()
#5 C:\xampp\htdocs\Voting-System\vendor\codeigniter4\framework\system\Validation\Validation.php(315): CodeIgniter\Validation\Rules->is_not_unique('adnan@gmail.com', 'admin_email', Array, NULL, 'email')
#6 C:\xampp\htdocs\Voting-System\vendor\codeigniter4\framework\system\Validation\Validation.php(175): CodeIgniter\Validation\Validation->processRules('email', 'email', 'adnan@gmail.com', Array, Array)
#7 C:\xampp\htdocs\Voting-System\vendor\codeigniter4\framework\system\Controller.php(140): CodeIgniter\Validation\Validation->run()
#8 C:\xampp\htdocs\Voting-System\app\Controllers\Admin_Login.php(21): CodeIgniter\Controller->validate(Array)
#9 C:\xampp\htdocs\Voting-System\vendor\codeigniter4\framework\system\CodeIgniter.php(927): App\Controllers\Admin_Login->login()
#10 C:\xampp\htdocs\Voting-System\vendor\codeigniter4\framework\system\CodeIgniter.php(482): CodeIgniter\CodeIgniter->runController(Object(App\Controllers\Admin_Login))
#11 C:\xampp\htdocs\Voting-System\vendor\codeigniter4\framework\system\CodeIgniter.php(351): CodeIgniter\CodeIgniter->handleRequest(NULL, Object(Config\Cache), false)
#12 C:\xampp\htdocs\Voting-System\index.php(67): CodeIgniter\CodeIgniter->run()
#13 {main}

Next CodeIgniter\Database\Exceptions\DatabaseException: No connection could be made because the target machine actively refused it in C:\xampp\htdocs\Voting-System\vendor\codeigniter4\framework\system\Database\MySQLi\Connection.php:215
Stack trace:
#0 C:\xampp\htdocs\Voting-System\vendor\codeigniter4\framework\system\Database\BaseConnection.php(382): CodeIgniter\Database\MySQLi\Connection->connect(false)
#1 C:\xampp\htdocs\Voting-System\vendor\codeigniter4\framework\system\Database\BaseConnection.php(561): CodeIgniter\Database\BaseConnection->initialize()
#2 C:\xampp\htdocs\Voting-System\vendor\codeigniter4\framework\system\Database\BaseBuilder.php(1585): CodeIgniter\Database\BaseConnection->query('SELECT 1\nFROM `...', Array, false)
#3 C:\xampp\htdocs\Voting-System\vendor\codeigniter4\framework\system\Validation\Rules.php(104): CodeIgniter\Database\BaseBuilder->get()
#4 C:\xampp\htdocs\Voting-System\vendor\codeigniter4\framework\system\Validation\Validation.php(315): CodeIgniter\Validation\Rules->is_not_unique('adnan@gmail.com', 'admin_email', Array, NULL, 'email')
#5 C:\xampp\htdocs\Voting-System\vendor\codeigniter4\framework\system\Validation\Validation.php(175): CodeIgniter\Validation\Validation->processRules('email', 'email', 'adnan@gmail.com', Array, Array)
#6 C:\xampp\htdocs\Voting-System\vendor\codeigniter4\framework\system\Controller.php(140): CodeIgniter\Validation\Validation->run()
#7 C:\xampp\htdocs\Voting-System\app\Controllers\Admin_Login.php(21): CodeIgniter\Controller->validate(Array)
#8 C:\xampp\htdocs\Voting-System\vendor\codeigniter4\framework\system\CodeIgniter.php(927): App\Controllers\Admin_Login->login()
#9 C:\xampp\htdocs\Voting-System\vendor\codeigniter4\framework\system\CodeIgniter.php(482): CodeIgniter\CodeIgniter->runController(Object(App\Controllers\Admin_Login))
#10 C:\xampp\htdocs\Voting-System\vendor\codeigniter4\framework\system\CodeIgniter.php(351): CodeIgniter\CodeIgniter->handleRequest(NULL, Object(Config\Cache), false)
#11 C:\xampp\htdocs\Voting-System\index.php(67): CodeIgniter\CodeIgniter->run()
#12 {main}
CRITICAL - 2022-11-03 10:54:13 --> Unable to connect to the database.
Main connection [MySQLi]: No connection could be made because the target machine actively refused it
in SYSTEMPATH\Database\BaseConnection.php on line 418.
 1 SYSTEMPATH\Database\BaseConnection.php(561): CodeIgniter\Database\BaseConnection->initialize()
 2 SYSTEMPATH\Database\BaseBuilder.php(1585): CodeIgniter\Database\BaseConnection->query('SELECT 1
FROM `admin`
WHERE `admin_email` = :admin_email:
 LIMIT 1', [...], false)
 3 SYSTEMPATH\Validation\Rules.php(104): CodeIgniter\Database\BaseBuilder->get()
 4 SYSTEMPATH\Validation\Validation.php(315): CodeIgniter\Validation\Rules->is_not_unique('adnan@gmail.com', 'admin_email', [...], null, 'email')
 5 SYSTEMPATH\Validation\Validation.php(175): CodeIgniter\Validation\Validation->processRules('email', 'email', 'adnan@gmail.com', [...], [...])
 6 SYSTEMPATH\Controller.php(140): CodeIgniter\Validation\Validation->run()
 7 APPPATH\Controllers\Admin_Login.php(21): CodeIgniter\Controller->validate([...])
 8 SYSTEMPATH\CodeIgniter.php(927): App\Controllers\Admin_Login->login()
 9 SYSTEMPATH\CodeIgniter.php(482): CodeIgniter\CodeIgniter->runController(Object(App\Controllers\Admin_Login))
10 SYSTEMPATH\CodeIgniter.php(351): CodeIgniter\CodeIgniter->handleRequest(null, Object(Config\Cache), false)
11 FCPATH\index.php(67): CodeIgniter\CodeIgniter->run()
ERROR - 2022-11-03 10:55:17 --> Error connecting to the database: mysqli_sql_exception: No connection could be made because the target machine actively refused it in C:\xampp\htdocs\Voting-System\vendor\codeigniter4\framework\system\Database\MySQLi\Connection.php:171
Stack trace:
#0 C:\xampp\htdocs\Voting-System\vendor\codeigniter4\framework\system\Database\MySQLi\Connection.php(171): mysqli->real_connect('localhost', 'root', '', 'voting', 3306, '', 0)
#1 C:\xampp\htdocs\Voting-System\vendor\codeigniter4\framework\system\Database\BaseConnection.php(382): CodeIgniter\Database\MySQLi\Connection->connect(false)
#2 C:\xampp\htdocs\Voting-System\vendor\codeigniter4\framework\system\Database\BaseConnection.php(561): CodeIgniter\Database\BaseConnection->initialize()
#3 C:\xampp\htdocs\Voting-System\vendor\codeigniter4\framework\system\Database\BaseBuilder.php(1585): CodeIgniter\Database\BaseConnection->query('SELECT 1\nFROM `...', Array, false)
#4 C:\xampp\htdocs\Voting-System\vendor\codeigniter4\framework\system\Validation\Rules.php(104): CodeIgniter\Database\BaseBuilder->get()
#5 C:\xampp\htdocs\Voting-System\vendor\codeigniter4\framework\system\Validation\Validation.php(315): CodeIgniter\Validation\Rules->is_not_unique('adnan@gmail.com', 'admin_email', Array, NULL, 'email')
#6 C:\xampp\htdocs\Voting-System\vendor\codeigniter4\framework\system\Validation\Validation.php(175): CodeIgniter\Validation\Validation->processRules('email', 'email', 'adnan@gmail.com', Array, Array)
#7 C:\xampp\htdocs\Voting-System\vendor\codeigniter4\framework\system\Controller.php(140): CodeIgniter\Validation\Validation->run()
#8 C:\xampp\htdocs\Voting-System\app\Controllers\Admin_Login.php(21): CodeIgniter\Controller->validate(Array)
#9 C:\xampp\htdocs\Voting-System\vendor\codeigniter4\framework\system\CodeIgniter.php(927): App\Controllers\Admin_Login->login()
#10 C:\xampp\htdocs\Voting-System\vendor\codeigniter4\framework\system\CodeIgniter.php(482): CodeIgniter\CodeIgniter->runController(Object(App\Controllers\Admin_Login))
#11 C:\xampp\htdocs\Voting-System\vendor\codeigniter4\framework\system\CodeIgniter.php(351): CodeIgniter\CodeIgniter->handleRequest(NULL, Object(Config\Cache), false)
#12 C:\xampp\htdocs\Voting-System\index.php(67): CodeIgniter\CodeIgniter->run()
#13 {main}

Next CodeIgniter\Database\Exceptions\DatabaseException: No connection could be made because the target machine actively refused it in C:\xampp\htdocs\Voting-System\vendor\codeigniter4\framework\system\Database\MySQLi\Connection.php:215
Stack trace:
#0 C:\xampp\htdocs\Voting-System\vendor\codeigniter4\framework\system\Database\BaseConnection.php(382): CodeIgniter\Database\MySQLi\Connection->connect(false)
#1 C:\xampp\htdocs\Voting-System\vendor\codeigniter4\framework\system\Database\BaseConnection.php(561): CodeIgniter\Database\BaseConnection->initialize()
#2 C:\xampp\htdocs\Voting-System\vendor\codeigniter4\framework\system\Database\BaseBuilder.php(1585): CodeIgniter\Database\BaseConnection->query('SELECT 1\nFROM `...', Array, false)
#3 C:\xampp\htdocs\Voting-System\vendor\codeigniter4\framework\system\Validation\Rules.php(104): CodeIgniter\Database\BaseBuilder->get()
#4 C:\xampp\htdocs\Voting-System\vendor\codeigniter4\framework\system\Validation\Validation.php(315): CodeIgniter\Validation\Rules->is_not_unique('adnan@gmail.com', 'admin_email', Array, NULL, 'email')
#5 C:\xampp\htdocs\Voting-System\vendor\codeigniter4\framework\system\Validation\Validation.php(175): CodeIgniter\Validation\Validation->processRules('email', 'email', 'adnan@gmail.com', Array, Array)
#6 C:\xampp\htdocs\Voting-System\vendor\codeigniter4\framework\system\Controller.php(140): CodeIgniter\Validation\Validation->run()
#7 C:\xampp\htdocs\Voting-System\app\Controllers\Admin_Login.php(21): CodeIgniter\Controller->validate(Array)
#8 C:\xampp\htdocs\Voting-System\vendor\codeigniter4\framework\system\CodeIgniter.php(927): App\Controllers\Admin_Login->login()
#9 C:\xampp\htdocs\Voting-System\vendor\codeigniter4\framework\system\CodeIgniter.php(482): CodeIgniter\CodeIgniter->runController(Object(App\Controllers\Admin_Login))
#10 C:\xampp\htdocs\Voting-System\vendor\codeigniter4\framework\system\CodeIgniter.php(351): CodeIgniter\CodeIgniter->handleRequest(NULL, Object(Config\Cache), false)
#11 C:\xampp\htdocs\Voting-System\index.php(67): CodeIgniter\CodeIgniter->run()
#12 {main}
CRITICAL - 2022-11-03 10:55:17 --> Unable to connect to the database.
Main connection [MySQLi]: No connection could be made because the target machine actively refused it
in SYSTEMPATH\Database\BaseConnection.php on line 418.
 1 SYSTEMPATH\Database\BaseConnection.php(561): CodeIgniter\Database\BaseConnection->initialize()
 2 SYSTEMPATH\Database\BaseBuilder.php(1585): CodeIgniter\Database\BaseConnection->query('SELECT 1
FROM `admin`
WHERE `admin_email` = :admin_email:
 LIMIT 1', [...], false)
 3 SYSTEMPATH\Validation\Rules.php(104): CodeIgniter\Database\BaseBuilder->get()
 4 SYSTEMPATH\Validation\Validation.php(315): CodeIgniter\Validation\Rules->is_not_unique('adnan@gmail.com', 'admin_email', [...], null, 'email')
 5 SYSTEMPATH\Validation\Validation.php(175): CodeIgniter\Validation\Validation->processRules('email', 'email', 'adnan@gmail.com', [...], [...])
 6 SYSTEMPATH\Controller.php(140): CodeIgniter\Validation\Validation->run()
 7 APPPATH\Controllers\Admin_Login.php(21): CodeIgniter\Controller->validate([...])
 8 SYSTEMPATH\CodeIgniter.php(927): App\Controllers\Admin_Login->login()
 9 SYSTEMPATH\CodeIgniter.php(482): CodeIgniter\CodeIgniter->runController(Object(App\Controllers\Admin_Login))
10 SYSTEMPATH\CodeIgniter.php(351): CodeIgniter\CodeIgniter->handleRequest(null, Object(Config\Cache), false)
11 FCPATH\index.php(67): CodeIgniter\CodeIgniter->run()
ERROR - 2022-11-03 10:55:34 --> Error connecting to the database: mysqli_sql_exception: No connection could be made because the target machine actively refused it in C:\xampp\htdocs\Voting-System\vendor\codeigniter4\framework\system\Database\MySQLi\Connection.php:171
Stack trace:
#0 C:\xampp\htdocs\Voting-System\vendor\codeigniter4\framework\system\Database\MySQLi\Connection.php(171): mysqli->real_connect('localhost', 'root', '', 'voting', 3306, '', 0)
#1 C:\xampp\htdocs\Voting-System\vendor\codeigniter4\framework\system\Database\BaseConnection.php(382): CodeIgniter\Database\MySQLi\Connection->connect(false)
#2 C:\xampp\htdocs\Voting-System\vendor\codeigniter4\framework\system\Database\BaseConnection.php(561): CodeIgniter\Database\BaseConnection->initialize()
#3 C:\xampp\htdocs\Voting-System\vendor\codeigniter4\framework\system\Database\BaseBuilder.php(1585): CodeIgniter\Database\BaseConnection->query('SELECT 1\nFROM `...', Array, false)
#4 C:\xampp\htdocs\Voting-System\vendor\codeigniter4\framework\system\Validation\Rules.php(104): CodeIgniter\Database\BaseBuilder->get()
#5 C:\xampp\htdocs\Voting-System\vendor\codeigniter4\framework\system\Validation\Validation.php(315): CodeIgniter\Validation\Rules->is_not_unique('adnan@gmail.com', 'admin_email', Array, NULL, 'email')
#6 C:\xampp\htdocs\Voting-System\vendor\codeigniter4\framework\system\Validation\Validation.php(175): CodeIgniter\Validation\Validation->processRules('email', 'email', 'adnan@gmail.com', Array, Array)
#7 C:\xampp\htdocs\Voting-System\vendor\codeigniter4\framework\system\Controller.php(140): CodeIgniter\Validation\Validation->run()
#8 C:\xampp\htdocs\Voting-System\app\Controllers\Admin_Login.php(21): CodeIgniter\Controller->validate(Array)
#9 C:\xampp\htdocs\Voting-System\vendor\codeigniter4\framework\system\CodeIgniter.php(927): App\Controllers\Admin_Login->login()
#10 C:\xampp\htdocs\Voting-System\vendor\codeigniter4\framework\system\CodeIgniter.php(482): CodeIgniter\CodeIgniter->runController(Object(App\Controllers\Admin_Login))
#11 C:\xampp\htdocs\Voting-System\vendor\codeigniter4\framework\system\CodeIgniter.php(351): CodeIgniter\CodeIgniter->handleRequest(NULL, Object(Config\Cache), false)
#12 C:\xampp\htdocs\Voting-System\index.php(67): CodeIgniter\CodeIgniter->run()
#13 {main}

Next CodeIgniter\Database\Exceptions\DatabaseException: No connection could be made because the target machine actively refused it in C:\xampp\htdocs\Voting-System\vendor\codeigniter4\framework\system\Database\MySQLi\Connection.php:215
Stack trace:
#0 C:\xampp\htdocs\Voting-System\vendor\codeigniter4\framework\system\Database\BaseConnection.php(382): CodeIgniter\Database\MySQLi\Connection->connect(false)
#1 C:\xampp\htdocs\Voting-System\vendor\codeigniter4\framework\system\Database\BaseConnection.php(561): CodeIgniter\Database\BaseConnection->initialize()
#2 C:\xampp\htdocs\Voting-System\vendor\codeigniter4\framework\system\Database\BaseBuilder.php(1585): CodeIgniter\Database\BaseConnection->query('SELECT 1\nFROM `...', Array, false)
#3 C:\xampp\htdocs\Voting-System\vendor\codeigniter4\framework\system\Validation\Rules.php(104): CodeIgniter\Database\BaseBuilder->get()
#4 C:\xampp\htdocs\Voting-System\vendor\codeigniter4\framework\system\Validation\Validation.php(315): CodeIgniter\Validation\Rules->is_not_unique('adnan@gmail.com', 'admin_email', Array, NULL, 'email')
#5 C:\xampp\htdocs\Voting-System\vendor\codeigniter4\framework\system\Validation\Validation.php(175): CodeIgniter\Validation\Validation->processRules('email', 'email', 'adnan@gmail.com', Array, Array)
#6 C:\xampp\htdocs\Voting-System\vendor\codeigniter4\framework\system\Controller.php(140): CodeIgniter\Validation\Validation->run()
#7 C:\xampp\htdocs\Voting-System\app\Controllers\Admin_Login.php(21): CodeIgniter\Controller->validate(Array)
#8 C:\xampp\htdocs\Voting-System\vendor\codeigniter4\framework\system\CodeIgniter.php(927): App\Controllers\Admin_Login->login()
#9 C:\xampp\htdocs\Voting-System\vendor\codeigniter4\framework\system\CodeIgniter.php(482): CodeIgniter\CodeIgniter->runController(Object(App\Controllers\Admin_Login))
#10 C:\xampp\htdocs\Voting-System\vendor\codeigniter4\framework\system\CodeIgniter.php(351): CodeIgniter\CodeIgniter->handleRequest(NULL, Object(Config\Cache), false)
#11 C:\xampp\htdocs\Voting-System\index.php(67): CodeIgniter\CodeIgniter->run()
#12 {main}
CRITICAL - 2022-11-03 10:55:34 --> Unable to connect to the database.
Main connection [MySQLi]: No connection could be made because the target machine actively refused it
in SYSTEMPATH\Database\BaseConnection.php on line 418.
 1 SYSTEMPATH\Database\BaseConnection.php(561): CodeIgniter\Database\BaseConnection->initialize()
 2 SYSTEMPATH\Database\BaseBuilder.php(1585): CodeIgniter\Database\BaseConnection->query('SELECT 1
FROM `admin`
WHERE `admin_email` = :admin_email:
 LIMIT 1', [...], false)
 3 SYSTEMPATH\Validation\Rules.php(104): CodeIgniter\Database\BaseBuilder->get()
 4 SYSTEMPATH\Validation\Validation.php(315): CodeIgniter\Validation\Rules->is_not_unique('adnan@gmail.com', 'admin_email', [...], null, 'email')
 5 SYSTEMPATH\Validation\Validation.php(175): CodeIgniter\Validation\Validation->processRules('email', 'email', 'adnan@gmail.com', [...], [...])
 6 SYSTEMPATH\Controller.php(140): CodeIgniter\Validation\Validation->run()
 7 APPPATH\Controllers\Admin_Login.php(21): CodeIgniter\Controller->validate([...])
 8 SYSTEMPATH\CodeIgniter.php(927): App\Controllers\Admin_Login->login()
 9 SYSTEMPATH\CodeIgniter.php(482): CodeIgniter\CodeIgniter->runController(Object(App\Controllers\Admin_Login))
10 SYSTEMPATH\CodeIgniter.php(351): CodeIgniter\CodeIgniter->handleRequest(null, Object(Config\Cache), false)
11 FCPATH\index.php(67): CodeIgniter\CodeIgniter->run()
ERROR - 2022-11-03 10:56:09 --> Error connecting to the database: mysqli_sql_exception: No connection could be made because the target machine actively refused it in C:\xampp\htdocs\Voting-System\vendor\codeigniter4\framework\system\Database\MySQLi\Connection.php:171
Stack trace:
#0 C:\xampp\htdocs\Voting-System\vendor\codeigniter4\framework\system\Database\MySQLi\Connection.php(171): mysqli->real_connect('localhost', 'root', '', 'voting', 3306, '', 0)
#1 C:\xampp\htdocs\Voting-System\vendor\codeigniter4\framework\system\Database\BaseConnection.php(382): CodeIgniter\Database\MySQLi\Connection->connect(false)
#2 C:\xampp\htdocs\Voting-System\vendor\codeigniter4\framework\system\Database\BaseConnection.php(561): CodeIgniter\Database\BaseConnection->initialize()
#3 C:\xampp\htdocs\Voting-System\vendor\codeigniter4\framework\system\Database\BaseBuilder.php(1585): CodeIgniter\Database\BaseConnection->query('SELECT *\nFROM `...', Array, false)
#4 C:\xampp\htdocs\Voting-System\vendor\codeigniter4\framework\system\Model.php(250): CodeIgniter\Database\BaseBuilder->get()
#5 C:\xampp\htdocs\Voting-System\vendor\codeigniter4\framework\system\BaseModel.php(623): CodeIgniter\Model->doFirst()
#6 C:\xampp\htdocs\Voting-System\app\Controllers\Admin_Login.php(46): CodeIgniter\BaseModel->first()
#7 C:\xampp\htdocs\Voting-System\vendor\codeigniter4\framework\system\CodeIgniter.php(927): App\Controllers\Admin_Login->login()
#8 C:\xampp\htdocs\Voting-System\vendor\codeigniter4\framework\system\CodeIgniter.php(482): CodeIgniter\CodeIgniter->runController(Object(App\Controllers\Admin_Login))
#9 C:\xampp\htdocs\Voting-System\vendor\codeigniter4\framework\system\CodeIgniter.php(351): CodeIgniter\CodeIgniter->handleRequest(NULL, Object(Config\Cache), false)
#10 C:\xampp\htdocs\Voting-System\index.php(67): CodeIgniter\CodeIgniter->run()
#11 {main}

Next CodeIgniter\Database\Exceptions\DatabaseException: No connection could be made because the target machine actively refused it in C:\xampp\htdocs\Voting-System\vendor\codeigniter4\framework\system\Database\MySQLi\Connection.php:215
Stack trace:
#0 C:\xampp\htdocs\Voting-System\vendor\codeigniter4\framework\system\Database\BaseConnection.php(382): CodeIgniter\Database\MySQLi\Connection->connect(false)
#1 C:\xampp\htdocs\Voting-System\vendor\codeigniter4\framework\system\Database\BaseConnection.php(561): CodeIgniter\Database\BaseConnection->initialize()
#2 C:\xampp\htdocs\Voting-System\vendor\codeigniter4\framework\system\Database\BaseBuilder.php(1585): CodeIgniter\Database\BaseConnection->query('SELECT *\nFROM `...', Array, false)
#3 C:\xampp\htdocs\Voting-System\vendor\codeigniter4\framework\system\Model.php(250): CodeIgniter\Database\BaseBuilder->get()
#4 C:\xampp\htdocs\Voting-System\vendor\codeigniter4\framework\system\BaseModel.php(623): CodeIgniter\Model->doFirst()
#5 C:\xampp\htdocs\Voting-System\app\Controllers\Admin_Login.php(46): CodeIgniter\BaseModel->first()
#6 C:\xampp\htdocs\Voting-System\vendor\codeigniter4\framework\system\CodeIgniter.php(927): App\Controllers\Admin_Login->login()
#7 C:\xampp\htdocs\Voting-System\vendor\codeigniter4\framework\system\CodeIgniter.php(482): CodeIgniter\CodeIgniter->runController(Object(App\Controllers\Admin_Login))
#8 C:\xampp\htdocs\Voting-System\vendor\codeigniter4\framework\system\CodeIgniter.php(351): CodeIgniter\CodeIgniter->handleRequest(NULL, Object(Config\Cache), false)
#9 C:\xampp\htdocs\Voting-System\index.php(67): CodeIgniter\CodeIgniter->run()
#10 {main}
CRITICAL - 2022-11-03 10:56:09 --> Unable to connect to the database.
Main connection [MySQLi]: No connection could be made because the target machine actively refused it
in SYSTEMPATH\Database\BaseConnection.php on line 418.
 1 SYSTEMPATH\Database\BaseConnection.php(561): CodeIgniter\Database\BaseConnection->initialize()
 2 SYSTEMPATH\Database\BaseBuilder.php(1585): CodeIgniter\Database\BaseConnection->query('SELECT *
FROM `admin`
WHERE `admin_email` = :admin_email:
 LIMIT 1', [...], false)
 3 SYSTEMPATH\Model.php(250): CodeIgniter\Database\BaseBuilder->get()
 4 SYSTEMPATH\BaseModel.php(623): CodeIgniter\Model->doFirst()
 5 APPPATH\Controllers\Admin_Login.php(46): CodeIgniter\BaseModel->first()
 6 SYSTEMPATH\CodeIgniter.php(927): App\Controllers\Admin_Login->login()
 7 SYSTEMPATH\CodeIgniter.php(482): CodeIgniter\CodeIgniter->runController(Object(App\Controllers\Admin_Login))
 8 SYSTEMPATH\CodeIgniter.php(351): CodeIgniter\CodeIgniter->handleRequest(null, Object(Config\Cache), false)
 9 FCPATH\index.php(67): CodeIgniter\CodeIgniter->run()
ERROR - 2022-11-03 10:56:31 --> Error connecting to the database: mysqli_sql_exception: No connection could be made because the target machine actively refused it in C:\xampp\htdocs\Voting-System\vendor\codeigniter4\framework\system\Database\MySQLi\Connection.php:171
Stack trace:
#0 C:\xampp\htdocs\Voting-System\vendor\codeigniter4\framework\system\Database\MySQLi\Connection.php(171): mysqli->real_connect('localhost', 'root', '', 'voting', 3306, '', 0)
#1 C:\xampp\htdocs\Voting-System\vendor\codeigniter4\framework\system\Database\BaseConnection.php(382): CodeIgniter\Database\MySQLi\Connection->connect(false)
#2 C:\xampp\htdocs\Voting-System\vendor\codeigniter4\framework\system\Database\BaseConnection.php(561): CodeIgniter\Database\BaseConnection->initialize()
#3 C:\xampp\htdocs\Voting-System\vendor\codeigniter4\framework\system\Database\BaseBuilder.php(1585): CodeIgniter\Database\BaseConnection->query('SELECT *\nFROM `...', Array, false)
#4 C:\xampp\htdocs\Voting-System\vendor\codeigniter4\framework\system\Model.php(250): CodeIgniter\Database\BaseBuilder->get()
#5 C:\xampp\htdocs\Voting-System\vendor\codeigniter4\framework\system\BaseModel.php(623): CodeIgniter\Model->doFirst()
#6 C:\xampp\htdocs\Voting-System\app\Controllers\Admin_Login.php(47): CodeIgniter\BaseModel->first()
#7 C:\xampp\htdocs\Voting-System\vendor\codeigniter4\framework\system\CodeIgniter.php(927): App\Controllers\Admin_Login->login()
#8 C:\xampp\htdocs\Voting-System\vendor\codeigniter4\framework\system\CodeIgniter.php(482): CodeIgniter\CodeIgniter->runController(Object(App\Controllers\Admin_Login))
#9 C:\xampp\htdocs\Voting-System\vendor\codeigniter4\framework\system\CodeIgniter.php(351): CodeIgniter\CodeIgniter->handleRequest(NULL, Object(Config\Cache), false)
#10 C:\xampp\htdocs\Voting-System\index.php(67): CodeIgniter\CodeIgniter->run()
#11 {main}

Next CodeIgniter\Database\Exceptions\DatabaseException: No connection could be made because the target machine actively refused it in C:\xampp\htdocs\Voting-System\vendor\codeigniter4\framework\system\Database\MySQLi\Connection.php:215
Stack trace:
#0 C:\xampp\htdocs\Voting-System\vendor\codeigniter4\framework\system\Database\BaseConnection.php(382): CodeIgniter\Database\MySQLi\Connection->connect(false)
#1 C:\xampp\htdocs\Voting-System\vendor\codeigniter4\framework\system\Database\BaseConnection.php(561): CodeIgniter\Database\BaseConnection->initialize()
#2 C:\xampp\htdocs\Voting-System\vendor\codeigniter4\framework\system\Database\BaseBuilder.php(1585): CodeIgniter\Database\BaseConnection->query('SELECT *\nFROM `...', Array, false)
#3 C:\xampp\htdocs\Voting-System\vendor\codeigniter4\framework\system\Model.php(250): CodeIgniter\Database\BaseBuilder->get()
#4 C:\xampp\htdocs\Voting-System\vendor\codeigniter4\framework\system\BaseModel.php(623): CodeIgniter\Model->doFirst()
#5 C:\xampp\htdocs\Voting-System\app\Controllers\Admin_Login.php(47): CodeIgniter\BaseModel->first()
#6 C:\xampp\htdocs\Voting-System\vendor\codeigniter4\framework\system\CodeIgniter.php(927): App\Controllers\Admin_Login->login()
#7 C:\xampp\htdocs\Voting-System\vendor\codeigniter4\framework\system\CodeIgniter.php(482): CodeIgniter\CodeIgniter->runController(Object(App\Controllers\Admin_Login))
#8 C:\xampp\htdocs\Voting-System\vendor\codeigniter4\framework\system\CodeIgniter.php(351): CodeIgniter\CodeIgniter->handleRequest(NULL, Object(Config\Cache), false)
#9 C:\xampp\htdocs\Voting-System\index.php(67): CodeIgniter\CodeIgniter->run()
#10 {main}
CRITICAL - 2022-11-03 10:56:31 --> Unable to connect to the database.
Main connection [MySQLi]: No connection could be made because the target machine actively refused it
in SYSTEMPATH\Database\BaseConnection.php on line 418.
 1 SYSTEMPATH\Database\BaseConnection.php(561): CodeIgniter\Database\BaseConnection->initialize()
 2 SYSTEMPATH\Database\BaseBuilder.php(1585): CodeIgniter\Database\BaseConnection->query('SELECT *
FROM `admin`
WHERE `admin_email` = :admin_email:
 LIMIT 1', [...], false)
 3 SYSTEMPATH\Model.php(250): CodeIgniter\Database\BaseBuilder->get()
 4 SYSTEMPATH\BaseModel.php(623): CodeIgniter\Model->doFirst()
 5 APPPATH\Controllers\Admin_Login.php(47): CodeIgniter\BaseModel->first()
 6 SYSTEMPATH\CodeIgniter.php(927): App\Controllers\Admin_Login->login()
 7 SYSTEMPATH\CodeIgniter.php(482): CodeIgniter\CodeIgniter->runController(Object(App\Controllers\Admin_Login))
 8 SYSTEMPATH\CodeIgniter.php(351): CodeIgniter\CodeIgniter->handleRequest(null, Object(Config\Cache), false)
 9 FCPATH\index.php(67): CodeIgniter\CodeIgniter->run()
ERROR - 2022-11-03 10:57:07 --> Error connecting to the database: mysqli_sql_exception: No connection could be made because the target machine actively refused it in C:\xampp\htdocs\Voting-System\vendor\codeigniter4\framework\system\Database\MySQLi\Connection.php:171
Stack trace:
#0 C:\xampp\htdocs\Voting-System\vendor\codeigniter4\framework\system\Database\MySQLi\Connection.php(171): mysqli->real_connect('localhost', 'root', '', 'voting', 3306, '', 0)
#1 C:\xampp\htdocs\Voting-System\vendor\codeigniter4\framework\system\Database\BaseConnection.php(382): CodeIgniter\Database\MySQLi\Connection->connect(false)
#2 C:\xampp\htdocs\Voting-System\vendor\codeigniter4\framework\system\Database\BaseConnection.php(561): CodeIgniter\Database\BaseConnection->initialize()
#3 C:\xampp\htdocs\Voting-System\vendor\codeigniter4\framework\system\Database\BaseBuilder.php(1585): CodeIgniter\Database\BaseConnection->query('SELECT *\nFROM `...', Array, false)
#4 C:\xampp\htdocs\Voting-System\vendor\codeigniter4\framework\system\Model.php(250): CodeIgniter\Database\BaseBuilder->get()
#5 C:\xampp\htdocs\Voting-System\vendor\codeigniter4\framework\system\BaseModel.php(623): CodeIgniter\Model->doFirst()
#6 C:\xampp\htdocs\Voting-System\app\Controllers\Admin_Login.php(46): CodeIgniter\BaseModel->first()
#7 C:\xampp\htdocs\Voting-System\vendor\codeigniter4\framework\system\CodeIgniter.php(927): App\Controllers\Admin_Login->login()
#8 C:\xampp\htdocs\Voting-System\vendor\codeigniter4\framework\system\CodeIgniter.php(482): CodeIgniter\CodeIgniter->runController(Object(App\Controllers\Admin_Login))
#9 C:\xampp\htdocs\Voting-System\vendor\codeigniter4\framework\system\CodeIgniter.php(351): CodeIgniter\CodeIgniter->handleRequest(NULL, Object(Config\Cache), false)
#10 C:\xampp\htdocs\Voting-System\index.php(67): CodeIgniter\CodeIgniter->run()
#11 {main}

Next CodeIgniter\Database\Exceptions\DatabaseException: No connection could be made because the target machine actively refused it in C:\xampp\htdocs\Voting-System\vendor\codeigniter4\framework\system\Database\MySQLi\Connection.php:215
Stack trace:
#0 C:\xampp\htdocs\Voting-System\vendor\codeigniter4\framework\system\Database\BaseConnection.php(382): CodeIgniter\Database\MySQLi\Connection->connect(false)
#1 C:\xampp\htdocs\Voting-System\vendor\codeigniter4\framework\system\Database\BaseConnection.php(561): CodeIgniter\Database\BaseConnection->initialize()
#2 C:\xampp\htdocs\Voting-System\vendor\codeigniter4\framework\system\Database\BaseBuilder.php(1585): CodeIgniter\Database\BaseConnection->query('SELECT *\nFROM `...', Array, false)
#3 C:\xampp\htdocs\Voting-System\vendor\codeigniter4\framework\system\Model.php(250): CodeIgniter\Database\BaseBuilder->get()
#4 C:\xampp\htdocs\Voting-System\vendor\codeigniter4\framework\system\BaseModel.php(623): CodeIgniter\Model->doFirst()
#5 C:\xampp\htdocs\Voting-System\app\Controllers\Admin_Login.php(46): CodeIgniter\BaseModel->first()
#6 C:\xampp\htdocs\Voting-System\vendor\codeigniter4\framework\system\CodeIgniter.php(927): App\Controllers\Admin_Login->login()
#7 C:\xampp\htdocs\Voting-System\vendor\codeigniter4\framework\system\CodeIgniter.php(482): CodeIgniter\CodeIgniter->runController(Object(App\Controllers\Admin_Login))
#8 C:\xampp\htdocs\Voting-System\vendor\codeigniter4\framework\system\CodeIgniter.php(351): CodeIgniter\CodeIgniter->handleRequest(NULL, Object(Config\Cache), false)
#9 C:\xampp\htdocs\Voting-System\index.php(67): CodeIgniter\CodeIgniter->run()
#10 {main}
CRITICAL - 2022-11-03 10:57:07 --> Unable to connect to the database.
Main connection [MySQLi]: No connection could be made because the target machine actively refused it
in SYSTEMPATH\Database\BaseConnection.php on line 418.
 1 SYSTEMPATH\Database\BaseConnection.php(561): CodeIgniter\Database\BaseConnection->initialize()
 2 SYSTEMPATH\Database\BaseBuilder.php(1585): CodeIgniter\Database\BaseConnection->query('SELECT *
FROM `admin`
WHERE `admin_email` = :admin_email:
 LIMIT 1', [...], false)
 3 SYSTEMPATH\Model.php(250): CodeIgniter\Database\BaseBuilder->get()
 4 SYSTEMPATH\BaseModel.php(623): CodeIgniter\Model->doFirst()
 5 APPPATH\Controllers\Admin_Login.php(46): CodeIgniter\BaseModel->first()
 6 SYSTEMPATH\CodeIgniter.php(927): App\Controllers\Admin_Login->login()
 7 SYSTEMPATH\CodeIgniter.php(482): CodeIgniter\CodeIgniter->runController(Object(App\Controllers\Admin_Login))
 8 SYSTEMPATH\CodeIgniter.php(351): CodeIgniter\CodeIgniter->handleRequest(null, Object(Config\Cache), false)
 9 FCPATH\index.php(67): CodeIgniter\CodeIgniter->run()
ERROR - 2022-11-03 10:57:18 --> Error connecting to the database: mysqli_sql_exception: No connection could be made because the target machine actively refused it in C:\xampp\htdocs\Voting-System\vendor\codeigniter4\framework\system\Database\MySQLi\Connection.php:171
Stack trace:
#0 C:\xampp\htdocs\Voting-System\vendor\codeigniter4\framework\system\Database\MySQLi\Connection.php(171): mysqli->real_connect('localhost', 'root', '', 'voting', 3306, '', 0)
#1 C:\xampp\htdocs\Voting-System\vendor\codeigniter4\framework\system\Database\BaseConnection.php(382): CodeIgniter\Database\MySQLi\Connection->connect(false)
#2 C:\xampp\htdocs\Voting-System\vendor\codeigniter4\framework\system\Database\BaseConnection.php(561): CodeIgniter\Database\BaseConnection->initialize()
#3 C:\xampp\htdocs\Voting-System\vendor\codeigniter4\framework\system\Database\BaseBuilder.php(1585): CodeIgniter\Database\BaseConnection->query('SELECT *\nFROM `...', Array, false)
#4 C:\xampp\htdocs\Voting-System\vendor\codeigniter4\framework\system\Model.php(250): CodeIgniter\Database\BaseBuilder->get()
#5 C:\xampp\htdocs\Voting-System\vendor\codeigniter4\framework\system\BaseModel.php(623): CodeIgniter\Model->doFirst()
#6 C:\xampp\htdocs\Voting-System\app\Controllers\Admin_Login.php(46): CodeIgniter\BaseModel->first()
#7 C:\xampp\htdocs\Voting-System\vendor\codeigniter4\framework\system\CodeIgniter.php(927): App\Controllers\Admin_Login->login()
#8 C:\xampp\htdocs\Voting-System\vendor\codeigniter4\framework\system\CodeIgniter.php(482): CodeIgniter\CodeIgniter->runController(Object(App\Controllers\Admin_Login))
#9 C:\xampp\htdocs\Voting-System\vendor\codeigniter4\framework\system\CodeIgniter.php(351): CodeIgniter\CodeIgniter->handleRequest(NULL, Object(Config\Cache), false)
#10 C:\xampp\htdocs\Voting-System\index.php(67): CodeIgniter\CodeIgniter->run()
#11 {main}

Next CodeIgniter\Database\Exceptions\DatabaseException: No connection could be made because the target machine actively refused it in C:\xampp\htdocs\Voting-System\vendor\codeigniter4\framework\system\Database\MySQLi\Connection.php:215
Stack trace:
#0 C:\xampp\htdocs\Voting-System\vendor\codeigniter4\framework\system\Database\BaseConnection.php(382): CodeIgniter\Database\MySQLi\Connection->connect(false)
#1 C:\xampp\htdocs\Voting-System\vendor\codeigniter4\framework\system\Database\BaseConnection.php(561): CodeIgniter\Database\BaseConnection->initialize()
#2 C:\xampp\htdocs\Voting-System\vendor\codeigniter4\framework\system\Database\BaseBuilder.php(1585): CodeIgniter\Database\BaseConnection->query('SELECT *\nFROM `...', Array, false)
#3 C:\xampp\htdocs\Voting-System\vendor\codeigniter4\framework\system\Model.php(250): CodeIgniter\Database\BaseBuilder->get()
#4 C:\xampp\htdocs\Voting-System\vendor\codeigniter4\framework\system\BaseModel.php(623): CodeIgniter\Model->doFirst()
#5 C:\xampp\htdocs\Voting-System\app\Controllers\Admin_Login.php(46): CodeIgniter\BaseModel->first()
#6 C:\xampp\htdocs\Voting-System\vendor\codeigniter4\framework\system\CodeIgniter.php(927): App\Controllers\Admin_Login->login()
#7 C:\xampp\htdocs\Voting-System\vendor\codeigniter4\framework\system\CodeIgniter.php(482): CodeIgniter\CodeIgniter->runController(Object(App\Controllers\Admin_Login))
#8 C:\xampp\htdocs\Voting-System\vendor\codeigniter4\framework\system\CodeIgniter.php(351): CodeIgniter\CodeIgniter->handleRequest(NULL, Object(Config\Cache), false)
#9 C:\xampp\htdocs\Voting-System\index.php(67): CodeIgniter\CodeIgniter->run()
#10 {main}
CRITICAL - 2022-11-03 10:57:18 --> Unable to connect to the database.
Main connection [MySQLi]: No connection could be made because the target machine actively refused it
in SYSTEMPATH\Database\BaseConnection.php on line 418.
 1 SYSTEMPATH\Database\BaseConnection.php(561): CodeIgniter\Database\BaseConnection->initialize()
 2 SYSTEMPATH\Database\BaseBuilder.php(1585): CodeIgniter\Database\BaseConnection->query('SELECT *
FROM `admin`
WHERE `admin_email` = :admin_email:
 LIMIT 1', [...], false)
 3 SYSTEMPATH\Model.php(250): CodeIgniter\Database\BaseBuilder->get()
 4 SYSTEMPATH\BaseModel.php(623): CodeIgniter\Model->doFirst()
 5 APPPATH\Controllers\Admin_Login.php(46): CodeIgniter\BaseModel->first()
 6 SYSTEMPATH\CodeIgniter.php(927): App\Controllers\Admin_Login->login()
 7 SYSTEMPATH\CodeIgniter.php(482): CodeIgniter\CodeIgniter->runController(Object(App\Controllers\Admin_Login))
 8 SYSTEMPATH\CodeIgniter.php(351): CodeIgniter\CodeIgniter->handleRequest(null, Object(Config\Cache), false)
 9 FCPATH\index.php(67): CodeIgniter\CodeIgniter->run()
ERROR - 2022-11-03 10:57:55 --> Error connecting to the database: mysqli_sql_exception: No connection could be made because the target machine actively refused it in C:\xampp\htdocs\Voting-System\vendor\codeigniter4\framework\system\Database\MySQLi\Connection.php:171
Stack trace:
#0 C:\xampp\htdocs\Voting-System\vendor\codeigniter4\framework\system\Database\MySQLi\Connection.php(171): mysqli->real_connect('localhost', 'root', '', 'voting', 3306, '', 0)
#1 C:\xampp\htdocs\Voting-System\vendor\codeigniter4\framework\system\Database\BaseConnection.php(382): CodeIgniter\Database\MySQLi\Connection->connect(false)
#2 C:\xampp\htdocs\Voting-System\vendor\codeigniter4\framework\system\Database\BaseConnection.php(561): CodeIgniter\Database\BaseConnection->initialize()
#3 C:\xampp\htdocs\Voting-System\vendor\codeigniter4\framework\system\Database\BaseBuilder.php(1585): CodeIgniter\Database\BaseConnection->query('SELECT *\nFROM `...', Array, false)
#4 C:\xampp\htdocs\Voting-System\vendor\codeigniter4\framework\system\Model.php(250): CodeIgniter\Database\BaseBuilder->get()
#5 C:\xampp\htdocs\Voting-System\vendor\codeigniter4\framework\system\BaseModel.php(623): CodeIgniter\Model->doFirst()
#6 C:\xampp\htdocs\Voting-System\app\Controllers\Admin_Login.php(46): CodeIgniter\BaseModel->first()
#7 C:\xampp\htdocs\Voting-System\vendor\codeigniter4\framework\system\CodeIgniter.php(927): App\Controllers\Admin_Login->login()
#8 C:\xampp\htdocs\Voting-System\vendor\codeigniter4\framework\system\CodeIgniter.php(482): CodeIgniter\CodeIgniter->runController(Object(App\Controllers\Admin_Login))
#9 C:\xampp\htdocs\Voting-System\vendor\codeigniter4\framework\system\CodeIgniter.php(351): CodeIgniter\CodeIgniter->handleRequest(NULL, Object(Config\Cache), false)
#10 C:\xampp\htdocs\Voting-System\index.php(67): CodeIgniter\CodeIgniter->run()
#11 {main}

Next CodeIgniter\Database\Exceptions\DatabaseException: No connection could be made because the target machine actively refused it in C:\xampp\htdocs\Voting-System\vendor\codeigniter4\framework\system\Database\MySQLi\Connection.php:215
Stack trace:
#0 C:\xampp\htdocs\Voting-System\vendor\codeigniter4\framework\system\Database\BaseConnection.php(382): CodeIgniter\Database\MySQLi\Connection->connect(false)
#1 C:\xampp\htdocs\Voting-System\vendor\codeigniter4\framework\system\Database\BaseConnection.php(561): CodeIgniter\Database\BaseConnection->initialize()
#2 C:\xampp\htdocs\Voting-System\vendor\codeigniter4\framework\system\Database\BaseBuilder.php(1585): CodeIgniter\Database\BaseConnection->query('SELECT *\nFROM `...', Array, false)
#3 C:\xampp\htdocs\Voting-System\vendor\codeigniter4\framework\system\Model.php(250): CodeIgniter\Database\BaseBuilder->get()
#4 C:\xampp\htdocs\Voting-System\vendor\codeigniter4\framework\system\BaseModel.php(623): CodeIgniter\Model->doFirst()
#5 C:\xampp\htdocs\Voting-System\app\Controllers\Admin_Login.php(46): CodeIgniter\BaseModel->first()
#6 C:\xampp\htdocs\Voting-System\vendor\codeigniter4\framework\system\CodeIgniter.php(927): App\Controllers\Admin_Login->login()
#7 C:\xampp\htdocs\Voting-System\vendor\codeigniter4\framework\system\CodeIgniter.php(482): CodeIgniter\CodeIgniter->runController(Object(App\Controllers\Admin_Login))
#8 C:\xampp\htdocs\Voting-System\vendor\codeigniter4\framework\system\CodeIgniter.php(351): CodeIgniter\CodeIgniter->handleRequest(NULL, Object(Config\Cache), false)
#9 C:\xampp\htdocs\Voting-System\index.php(67): CodeIgniter\CodeIgniter->run()
#10 {main}
CRITICAL - 2022-11-03 10:57:55 --> Unable to connect to the database.
Main connection [MySQLi]: No connection could be made because the target machine actively refused it
in SYSTEMPATH\Database\BaseConnection.php on line 418.
 1 SYSTEMPATH\Database\BaseConnection.php(561): CodeIgniter\Database\BaseConnection->initialize()
 2 SYSTEMPATH\Database\BaseBuilder.php(1585): CodeIgniter\Database\BaseConnection->query('SELECT *
FROM `admin`
WHERE `admin_email` = :admin_email:
 LIMIT 1', [...], false)
 3 SYSTEMPATH\Model.php(250): CodeIgniter\Database\BaseBuilder->get()
 4 SYSTEMPATH\BaseModel.php(623): CodeIgniter\Model->doFirst()
 5 APPPATH\Controllers\Admin_Login.php(46): CodeIgniter\BaseModel->first()
 6 SYSTEMPATH\CodeIgniter.php(927): App\Controllers\Admin_Login->login()
 7 SYSTEMPATH\CodeIgniter.php(482): CodeIgniter\CodeIgniter->runController(Object(App\Controllers\Admin_Login))
 8 SYSTEMPATH\CodeIgniter.php(351): CodeIgniter\CodeIgniter->handleRequest(null, Object(Config\Cache), false)
 9 FCPATH\index.php(67): CodeIgniter\CodeIgniter->run()
ERROR - 2022-11-03 10:58:50 --> Error connecting to the database: mysqli_sql_exception: No connection could be made because the target machine actively refused it in C:\xampp\htdocs\Voting-System\vendor\codeigniter4\framework\system\Database\MySQLi\Connection.php:171
Stack trace:
#0 C:\xampp\htdocs\Voting-System\vendor\codeigniter4\framework\system\Database\MySQLi\Connection.php(171): mysqli->real_connect('localhost', 'root', '', 'voting', 3306, '', 0)
#1 C:\xampp\htdocs\Voting-System\vendor\codeigniter4\framework\system\Database\BaseConnection.php(382): CodeIgniter\Database\MySQLi\Connection->connect(false)
#2 C:\xampp\htdocs\Voting-System\vendor\codeigniter4\framework\system\Database\BaseConnection.php(561): CodeIgniter\Database\BaseConnection->initialize()
#3 C:\xampp\htdocs\Voting-System\vendor\codeigniter4\framework\system\Database\BaseBuilder.php(1585): CodeIgniter\Database\BaseConnection->query('SELECT *\nFROM `...', Array, false)
#4 C:\xampp\htdocs\Voting-System\vendor\codeigniter4\framework\system\Model.php(250): CodeIgniter\Database\BaseBuilder->get()
#5 C:\xampp\htdocs\Voting-System\vendor\codeigniter4\framework\system\BaseModel.php(623): CodeIgniter\Model->doFirst()
#6 C:\xampp\htdocs\Voting-System\app\Controllers\Admin_Login.php(46): CodeIgniter\BaseModel->first()
#7 C:\xampp\htdocs\Voting-System\vendor\codeigniter4\framework\system\CodeIgniter.php(927): App\Controllers\Admin_Login->login()
#8 C:\xampp\htdocs\Voting-System\vendor\codeigniter4\framework\system\CodeIgniter.php(482): CodeIgniter\CodeIgniter->runController(Object(App\Controllers\Admin_Login))
#9 C:\xampp\htdocs\Voting-System\vendor\codeigniter4\framework\system\CodeIgniter.php(351): CodeIgniter\CodeIgniter->handleRequest(NULL, Object(Config\Cache), false)
#10 C:\xampp\htdocs\Voting-System\index.php(67): CodeIgniter\CodeIgniter->run()
#11 {main}

Next CodeIgniter\Database\Exceptions\DatabaseException: No connection could be made because the target machine actively refused it in C:\xampp\htdocs\Voting-System\vendor\codeigniter4\framework\system\Database\MySQLi\Connection.php:215
Stack trace:
#0 C:\xampp\htdocs\Voting-System\vendor\codeigniter4\framework\system\Database\BaseConnection.php(382): CodeIgniter\Database\MySQLi\Connection->connect(false)
#1 C:\xampp\htdocs\Voting-System\vendor\codeigniter4\framework\system\Database\BaseConnection.php(561): CodeIgniter\Database\BaseConnection->initialize()
#2 C:\xampp\htdocs\Voting-System\vendor\codeigniter4\framework\system\Database\BaseBuilder.php(1585): CodeIgniter\Database\BaseConnection->query('SELECT *\nFROM `...', Array, false)
#3 C:\xampp\htdocs\Voting-System\vendor\codeigniter4\framework\system\Model.php(250): CodeIgniter\Database\BaseBuilder->get()
#4 C:\xampp\htdocs\Voting-System\vendor\codeigniter4\framework\system\BaseModel.php(623): CodeIgniter\Model->doFirst()
#5 C:\xampp\htdocs\Voting-System\app\Controllers\Admin_Login.php(46): CodeIgniter\BaseModel->first()
#6 C:\xampp\htdocs\Voting-System\vendor\codeigniter4\framework\system\CodeIgniter.php(927): App\Controllers\Admin_Login->login()
#7 C:\xampp\htdocs\Voting-System\vendor\codeigniter4\framework\system\CodeIgniter.php(482): CodeIgniter\CodeIgniter->runController(Object(App\Controllers\Admin_Login))
#8 C:\xampp\htdocs\Voting-System\vendor\codeigniter4\framework\system\CodeIgniter.php(351): CodeIgniter\CodeIgniter->handleRequest(NULL, Object(Config\Cache), false)
#9 C:\xampp\htdocs\Voting-System\index.php(67): CodeIgniter\CodeIgniter->run()
#10 {main}
CRITICAL - 2022-11-03 10:58:50 --> Unable to connect to the database.
Main connection [MySQLi]: No connection could be made because the target machine actively refused it
in SYSTEMPATH\Database\BaseConnection.php on line 418.
 1 SYSTEMPATH\Database\BaseConnection.php(561): CodeIgniter\Database\BaseConnection->initialize()
 2 SYSTEMPATH\Database\BaseBuilder.php(1585): CodeIgniter\Database\BaseConnection->query('SELECT *
FROM `admin`
WHERE `admin_email` = :admin_email:
 LIMIT 1', [...], false)
 3 SYSTEMPATH\Model.php(250): CodeIgniter\Database\BaseBuilder->get()
 4 SYSTEMPATH\BaseModel.php(623): CodeIgniter\Model->doFirst()
 5 APPPATH\Controllers\Admin_Login.php(46): CodeIgniter\BaseModel->first()
 6 SYSTEMPATH\CodeIgniter.php(927): App\Controllers\Admin_Login->login()
 7 SYSTEMPATH\CodeIgniter.php(482): CodeIgniter\CodeIgniter->runController(Object(App\Controllers\Admin_Login))
 8 SYSTEMPATH\CodeIgniter.php(351): CodeIgniter\CodeIgniter->handleRequest(null, Object(Config\Cache), false)
 9 FCPATH\index.php(67): CodeIgniter\CodeIgniter->run()
CRITICAL - 2022-11-03 10:58:56 --> Undefined variable $adminModel
in APPPATH\Controllers\Admin_Login.php on line 45.
 1 APPPATH\Controllers\Admin_Login.php(45): CodeIgniter\Debug\Exceptions->errorHandler(2, 'Undefined variable $adminModel', 'APPPATH\\Controllers\\Admin_Login.php', 45)
 2 SYSTEMPATH\CodeIgniter.php(927): App\Controllers\Admin_Login->login()
 3 SYSTEMPATH\CodeIgniter.php(482): CodeIgniter\CodeIgniter->runController(Object(App\Controllers\Admin_Login))
 4 SYSTEMPATH\CodeIgniter.php(351): CodeIgniter\CodeIgniter->handleRequest(null, Object(Config\Cache), false)
 5 FCPATH\index.php(67): CodeIgniter\CodeIgniter->run()
ERROR - 2022-11-03 11:34:21 --> Error connecting to the database: mysqli_sql_exception: No connection could be made because the target machine actively refused it in C:\xampp\htdocs\Voting-System\vendor\codeigniter4\framework\system\Database\MySQLi\Connection.php:171
Stack trace:
#0 C:\xampp\htdocs\Voting-System\vendor\codeigniter4\framework\system\Database\MySQLi\Connection.php(171): mysqli->real_connect('localhost', 'root', '', 'voting', 3306, '', 0)
#1 C:\xampp\htdocs\Voting-System\vendor\codeigniter4\framework\system\Database\BaseConnection.php(382): CodeIgniter\Database\MySQLi\Connection->connect(false)
#2 C:\xampp\htdocs\Voting-System\vendor\codeigniter4\framework\system\Database\BaseConnection.php(561): CodeIgniter\Database\BaseConnection->initialize()
#3 C:\xampp\htdocs\Voting-System\vendor\codeigniter4\framework\system\Database\BaseBuilder.php(1585): CodeIgniter\Database\BaseConnection->query('SELECT *\nFROM `...', Array, false)
#4 C:\xampp\htdocs\Voting-System\vendor\codeigniter4\framework\system\Model.php(250): CodeIgniter\Database\BaseBuilder->get()
#5 C:\xampp\htdocs\Voting-System\vendor\codeigniter4\framework\system\BaseModel.php(623): CodeIgniter\Model->doFirst()
#6 C:\xampp\htdocs\Voting-System\app\Controllers\Admin_Login.php(46): CodeIgniter\BaseModel->first()
#7 C:\xampp\htdocs\Voting-System\vendor\codeigniter4\framework\system\CodeIgniter.php(927): App\Controllers\Admin_Login->login()
#8 C:\xampp\htdocs\Voting-System\vendor\codeigniter4\framework\system\CodeIgniter.php(482): CodeIgniter\CodeIgniter->runController(Object(App\Controllers\Admin_Login))
#9 C:\xampp\htdocs\Voting-System\vendor\codeigniter4\framework\system\CodeIgniter.php(351): CodeIgniter\CodeIgniter->handleRequest(NULL, Object(Config\Cache), false)
#10 C:\xampp\htdocs\Voting-System\index.php(67): CodeIgniter\CodeIgniter->run()
#11 {main}

Next CodeIgniter\Database\Exceptions\DatabaseException: No connection could be made because the target machine actively refused it in C:\xampp\htdocs\Voting-System\vendor\codeigniter4\framework\system\Database\MySQLi\Connection.php:215
Stack trace:
#0 C:\xampp\htdocs\Voting-System\vendor\codeigniter4\framework\system\Database\BaseConnection.php(382): CodeIgniter\Database\MySQLi\Connection->connect(false)
#1 C:\xampp\htdocs\Voting-System\vendor\codeigniter4\framework\system\Database\BaseConnection.php(561): CodeIgniter\Database\BaseConnection->initialize()
#2 C:\xampp\htdocs\Voting-System\vendor\codeigniter4\framework\system\Database\BaseBuilder.php(1585): CodeIgniter\Database\BaseConnection->query('SELECT *\nFROM `...', Array, false)
#3 C:\xampp\htdocs\Voting-System\vendor\codeigniter4\framework\system\Model.php(250): CodeIgniter\Database\BaseBuilder->get()
#4 C:\xampp\htdocs\Voting-System\vendor\codeigniter4\framework\system\BaseModel.php(623): CodeIgniter\Model->doFirst()
#5 C:\xampp\htdocs\Voting-System\app\Controllers\Admin_Login.php(46): CodeIgniter\BaseModel->first()
#6 C:\xampp\htdocs\Voting-System\vendor\codeigniter4\framework\system\CodeIgniter.php(927): App\Controllers\Admin_Login->login()
#7 C:\xampp\htdocs\Voting-System\vendor\codeigniter4\framework\system\CodeIgniter.php(482): CodeIgniter\CodeIgniter->runController(Object(App\Controllers\Admin_Login))
#8 C:\xampp\htdocs\Voting-System\vendor\codeigniter4\framework\system\CodeIgniter.php(351): CodeIgniter\CodeIgniter->handleRequest(NULL, Object(Config\Cache), false)
#9 C:\xampp\htdocs\Voting-System\index.php(67): CodeIgniter\CodeIgniter->run()
#10 {main}
CRITICAL - 2022-11-03 11:34:21 --> Unable to connect to the database.
Main connection [MySQLi]: No connection could be made because the target machine actively refused it
in SYSTEMPATH\Database\BaseConnection.php on line 418.
 1 SYSTEMPATH\Database\BaseConnection.php(561): CodeIgniter\Database\BaseConnection->initialize()
 2 SYSTEMPATH\Database\BaseBuilder.php(1585): CodeIgniter\Database\BaseConnection->query('SELECT *
FROM `admin`
WHERE `admin_email` = :admin_email:
 LIMIT 1', [...], false)
 3 SYSTEMPATH\Model.php(250): CodeIgniter\Database\BaseBuilder->get()
 4 SYSTEMPATH\BaseModel.php(623): CodeIgniter\Model->doFirst()
 5 APPPATH\Controllers\Admin_Login.php(46): CodeIgniter\BaseModel->first()
 6 SYSTEMPATH\CodeIgniter.php(927): App\Controllers\Admin_Login->login()
 7 SYSTEMPATH\CodeIgniter.php(482): CodeIgniter\CodeIgniter->runController(Object(App\Controllers\Admin_Login))
 8 SYSTEMPATH\CodeIgniter.php(351): CodeIgniter\CodeIgniter->handleRequest(null, Object(Config\Cache), false)
 9 FCPATH\index.php(67): CodeIgniter\CodeIgniter->run()
ERROR - 2022-11-03 11:34:42 --> Error connecting to the database: mysqli_sql_exception: No connection could be made because the target machine actively refused it in C:\xampp\htdocs\Voting-System\vendor\codeigniter4\framework\system\Database\MySQLi\Connection.php:171
Stack trace:
#0 C:\xampp\htdocs\Voting-System\vendor\codeigniter4\framework\system\Database\MySQLi\Connection.php(171): mysqli->real_connect('localhost', 'root', '', 'voting', 3306, '', 0)
#1 C:\xampp\htdocs\Voting-System\vendor\codeigniter4\framework\system\Database\BaseConnection.php(382): CodeIgniter\Database\MySQLi\Connection->connect(false)
#2 C:\xampp\htdocs\Voting-System\vendor\codeigniter4\framework\system\Database\BaseConnection.php(561): CodeIgniter\Database\BaseConnection->initialize()
#3 C:\xampp\htdocs\Voting-System\vendor\codeigniter4\framework\system\Database\BaseBuilder.php(1585): CodeIgniter\Database\BaseConnection->query('SELECT *\nFROM `...', Array, false)
#4 C:\xampp\htdocs\Voting-System\vendor\codeigniter4\framework\system\Model.php(250): CodeIgniter\Database\BaseBuilder->get()
#5 C:\xampp\htdocs\Voting-System\vendor\codeigniter4\framework\system\BaseModel.php(623): CodeIgniter\Model->doFirst()
#6 C:\xampp\htdocs\Voting-System\app\Controllers\Admin_Login.php(46): CodeIgniter\BaseModel->first()
#7 C:\xampp\htdocs\Voting-System\vendor\codeigniter4\framework\system\CodeIgniter.php(927): App\Controllers\Admin_Login->login()
#8 C:\xampp\htdocs\Voting-System\vendor\codeigniter4\framework\system\CodeIgniter.php(482): CodeIgniter\CodeIgniter->runController(Object(App\Controllers\Admin_Login))
#9 C:\xampp\htdocs\Voting-System\vendor\codeigniter4\framework\system\CodeIgniter.php(351): CodeIgniter\CodeIgniter->handleRequest(NULL, Object(Config\Cache), false)
#10 C:\xampp\htdocs\Voting-System\index.php(67): CodeIgniter\CodeIgniter->run()
#11 {main}

Next CodeIgniter\Database\Exceptions\DatabaseException: No connection could be made because the target machine actively refused it in C:\xampp\htdocs\Voting-System\vendor\codeigniter4\framework\system\Database\MySQLi\Connection.php:215
Stack trace:
#0 C:\xampp\htdocs\Voting-System\vendor\codeigniter4\framework\system\Database\BaseConnection.php(382): CodeIgniter\Database\MySQLi\Connection->connect(false)
#1 C:\xampp\htdocs\Voting-System\vendor\codeigniter4\framework\system\Database\BaseConnection.php(561): CodeIgniter\Database\BaseConnection->initialize()
#2 C:\xampp\htdocs\Voting-System\vendor\codeigniter4\framework\system\Database\BaseBuilder.php(1585): CodeIgniter\Database\BaseConnection->query('SELECT *\nFROM `...', Array, false)
#3 C:\xampp\htdocs\Voting-System\vendor\codeigniter4\framework\system\Model.php(250): CodeIgniter\Database\BaseBuilder->get()
#4 C:\xampp\htdocs\Voting-System\vendor\codeigniter4\framework\system\BaseModel.php(623): CodeIgniter\Model->doFirst()
#5 C:\xampp\htdocs\Voting-System\app\Controllers\Admin_Login.php(46): CodeIgniter\BaseModel->first()
#6 C:\xampp\htdocs\Voting-System\vendor\codeigniter4\framework\system\CodeIgniter.php(927): App\Controllers\Admin_Login->login()
#7 C:\xampp\htdocs\Voting-System\vendor\codeigniter4\framework\system\CodeIgniter.php(482): CodeIgniter\CodeIgniter->runController(Object(App\Controllers\Admin_Login))
#8 C:\xampp\htdocs\Voting-System\vendor\codeigniter4\framework\system\CodeIgniter.php(351): CodeIgniter\CodeIgniter->handleRequest(NULL, Object(Config\Cache), false)
#9 C:\xampp\htdocs\Voting-System\index.php(67): CodeIgniter\CodeIgniter->run()
#10 {main}
CRITICAL - 2022-11-03 11:34:42 --> Unable to connect to the database.
Main connection [MySQLi]: No connection could be made because the target machine actively refused it
in SYSTEMPATH\Database\BaseConnection.php on line 418.
 1 SYSTEMPATH\Database\BaseConnection.php(561): CodeIgniter\Database\BaseConnection->initialize()
 2 SYSTEMPATH\Database\BaseBuilder.php(1585): CodeIgniter\Database\BaseConnection->query('SELECT *
FROM `admin`
WHERE `admin_email` = :admin_email:
 LIMIT 1', [...], false)
 3 SYSTEMPATH\Model.php(250): CodeIgniter\Database\BaseBuilder->get()
 4 SYSTEMPATH\BaseModel.php(623): CodeIgniter\Model->doFirst()
 5 APPPATH\Controllers\Admin_Login.php(46): CodeIgniter\BaseModel->first()
 6 SYSTEMPATH\CodeIgniter.php(927): App\Controllers\Admin_Login->login()
 7 SYSTEMPATH\CodeIgniter.php(482): CodeIgniter\CodeIgniter->runController(Object(App\Controllers\Admin_Login))
 8 SYSTEMPATH\CodeIgniter.php(351): CodeIgniter\CodeIgniter->handleRequest(null, Object(Config\Cache), false)
 9 FCPATH\index.php(67): CodeIgniter\CodeIgniter->run()
