CRITICAL - 2022-12-11 09:43:40 --> Call to undefined function form_open()
in APPPATH\Views\reset_password.php on line 34.
 1 SYSTEMPATH\View\View.php(213): include()
 2 SYSTEMPATH\View\View.php(216): CodeIgniter\View\View->CodeIgniter\View\{closure}()
 3 SYSTEMPATH\Common.php(1134): CodeIgniter\View\View->render('reset_password', [], true)
 4 APPPATH\Controllers\Login_Controller.php(189): view('reset_password', [...])
 5 SYSTEMPATH\CodeIgniter.php(927): App\Controllers\Login_Controller->reset_passwordView('a7a9176ffc18700977c1bee2326ee88c')
 6 SYSTEMPATH\CodeIgniter.php(482): CodeIgniter\CodeIgniter->runController(Object(App\Controllers\Login_Controller))
 7 SYSTEMPATH\CodeIgniter.php(351): CodeIgniter\CodeIgniter->handleRequest(null, Object(Config\Cache), false)
 8 FCPATH\index.php(67): CodeIgniter\CodeIgniter->run()
CRITICAL - 2022-12-11 09:45:52 --> Call to undefined function form_open()
in APPPATH\Views\reset_password.php on line 18.
 1 SYSTEMPATH\View\View.php(213): include()
 2 SYSTEMPATH\View\View.php(216): CodeIgniter\View\View->CodeIgniter\View\{closure}()
 3 SYSTEMPATH\Common.php(1134): CodeIgniter\View\View->render('reset_password', [], true)
 4 APPPATH\Controllers\Login_Controller.php(189): view('reset_password', [...])
 5 SYSTEMPATH\CodeIgniter.php(927): App\Controllers\Login_Controller->reset_passwordView('a7a9176ffc18700977c1bee2326ee88c')
 6 SYSTEMPATH\CodeIgniter.php(482): CodeIgniter\CodeIgniter->runController(Object(App\Controllers\Login_Controller))
 7 SYSTEMPATH\CodeIgniter.php(351): CodeIgniter\CodeIgniter->handleRequest(null, Object(Config\Cache), false)
 8 FCPATH\index.php(67): CodeIgniter\CodeIgniter->run()
CRITICAL - 2022-12-11 10:10:30 --> Call to undefined function form_open()
in APPPATH\Views\reset_password.php on line 20.
 1 SYSTEMPATH\View\View.php(213): include()
 2 SYSTEMPATH\View\View.php(216): CodeIgniter\View\View->CodeIgniter\View\{closure}()
 3 SYSTEMPATH\Common.php(1134): CodeIgniter\View\View->render('reset_password', [], true)
 4 APPPATH\Controllers\Login_Controller.php(228): view('reset_password', [...])
 5 SYSTEMPATH\CodeIgniter.php(927): App\Controllers\Login_Controller->reset_passwordView('a7a9176ffc18700977c1bee2326ee88c')
 6 SYSTEMPATH\CodeIgniter.php(482): CodeIgniter\CodeIgniter->runController(Object(App\Controllers\Login_Controller))
 7 SYSTEMPATH\CodeIgniter.php(351): CodeIgniter\CodeIgniter->handleRequest(null, Object(Config\Cache), false)
 8 FCPATH\index.php(67): CodeIgniter\CodeIgniter->run()
CRITICAL - 2022-12-11 10:10:32 --> Call to undefined function form_open()
in APPPATH\Views\reset_password.php on line 20.
 1 SYSTEMPATH\View\View.php(213): include()
 2 SYSTEMPATH\View\View.php(216): CodeIgniter\View\View->CodeIgniter\View\{closure}()
 3 SYSTEMPATH\Common.php(1134): CodeIgniter\View\View->render('reset_password', [], true)
 4 APPPATH\Controllers\Login_Controller.php(228): view('reset_password', [...])
 5 SYSTEMPATH\CodeIgniter.php(927): App\Controllers\Login_Controller->reset_passwordView('a7a9176ffc18700977c1bee2326ee88c')
 6 SYSTEMPATH\CodeIgniter.php(482): CodeIgniter\CodeIgniter->runController(Object(App\Controllers\Login_Controller))
 7 SYSTEMPATH\CodeIgniter.php(351): CodeIgniter\CodeIgniter->handleRequest(null, Object(Config\Cache), false)
 8 FCPATH\index.php(67): CodeIgniter\CodeIgniter->run()
