CRITICAL - 2022-12-08 06:37:15 --> Invalid file: reset_password.php
in SYSTEMPATH\Exceptions\FrameworkException.php on line 33.
 1 SYSTEMPATH\View\View.php(201): CodeIgniter\Exceptions\FrameworkException::forInvalidFile('reset_password.php')
 2 SYSTEMPATH\Common.php(1134): CodeIgniter\View\View->render('reset_password', [], true)
 3 APPPATH\Controllers\Login_Controller.php(149): view('reset_password', [...])
 4 SYSTEMPATH\CodeIgniter.php(927): App\Controllers\Login_Controller->forgot_password()
 5 SYSTEMPATH\CodeIgniter.php(482): CodeIgniter\CodeIgniter->runController(Object(App\Controllers\Login_Controller))
 6 SYSTEMPATH\CodeIgniter.php(351): CodeIgniter\CodeIgniter->handleRequest(null, Object(Config\Cache), false)
 7 FCPATH\index.php(67): CodeIgniter\CodeIgniter->run()
CRITICAL - 2022-12-08 06:38:55 --> Invalid file: reset_password.php
in SYSTEMPATH\Exceptions\FrameworkException.php on line 33.
 1 SYSTEMPATH\View\View.php(201): CodeIgniter\Exceptions\FrameworkException::forInvalidFile('reset_password.php')
 2 SYSTEMPATH\Common.php(1134): CodeIgniter\View\View->render('reset_password', [], true)
 3 APPPATH\Controllers\Login_Controller.php(149): view('reset_password', [...])
 4 SYSTEMPATH\CodeIgniter.php(927): App\Controllers\Login_Controller->forgot_password()
 5 SYSTEMPATH\CodeIgniter.php(482): CodeIgniter\CodeIgniter->runController(Object(App\Controllers\Login_Controller))
 6 SYSTEMPATH\CodeIgniter.php(351): CodeIgniter\CodeIgniter->handleRequest(null, Object(Config\Cache), false)
 7 FCPATH\index.php(67): CodeIgniter\CodeIgniter->run()
CRITICAL - 2022-12-08 06:39:02 --> Invalid file: reset_password.php
in SYSTEMPATH\Exceptions\FrameworkException.php on line 33.
 1 SYSTEMPATH\View\View.php(201): CodeIgniter\Exceptions\FrameworkException::forInvalidFile('reset_password.php')
 2 SYSTEMPATH\Common.php(1134): CodeIgniter\View\View->render('reset_password', [], true)
 3 APPPATH\Controllers\Login_Controller.php(149): view('reset_password', [...])
 4 SYSTEMPATH\CodeIgniter.php(927): App\Controllers\Login_Controller->forgot_password()
 5 SYSTEMPATH\CodeIgniter.php(482): CodeIgniter\CodeIgniter->runController(Object(App\Controllers\Login_Controller))
 6 SYSTEMPATH\CodeIgniter.php(351): CodeIgniter\CodeIgniter->handleRequest(null, Object(Config\Cache), false)
 7 FCPATH\index.php(67): CodeIgniter\CodeIgniter->run()
CRITICAL - 2022-12-08 06:39:10 --> Invalid file: reset_password.php
in SYSTEMPATH\Exceptions\FrameworkException.php on line 33.
 1 SYSTEMPATH\View\View.php(201): CodeIgniter\Exceptions\FrameworkException::forInvalidFile('reset_password.php')
 2 SYSTEMPATH\Common.php(1134): CodeIgniter\View\View->render('reset_password', [], true)
 3 APPPATH\Controllers\Login_Controller.php(149): view('reset_password', [...])
 4 SYSTEMPATH\CodeIgniter.php(927): App\Controllers\Login_Controller->forgot_password()
 5 SYSTEMPATH\CodeIgniter.php(482): CodeIgniter\CodeIgniter->runController(Object(App\Controllers\Login_Controller))
 6 SYSTEMPATH\CodeIgniter.php(351): CodeIgniter\CodeIgniter->handleRequest(null, Object(Config\Cache), false)
 7 FCPATH\index.php(67): CodeIgniter\CodeIgniter->run()
