CRITICAL - 2022-11-12 01:13:39 --> The action you requested is not allowed.
in SYSTEMPATH\Security\Security.php on line 306.
 1 SYSTEMPATH\Security\Security.php(306): CodeIgniter\Security\Exceptions\SecurityException::forDisallowedAction()
 2 SYSTEMPATH\Filters\CSRF.php(55): CodeIgniter\Security\Security->verify(Object(CodeIgniter\HTTP\IncomingRequest))
 3 SYSTEMPATH\Filters\Filters.php(173): CodeIgniter\Filters\CSRF->before(Object(CodeIgniter\HTTP\IncomingRequest), null)
 4 SYSTEMPATH\CodeIgniter.php(455): CodeIgniter\Filters\Filters->run('user/photo/update', 'before')
 5 SYSTEMPATH\CodeIgniter.php(351): CodeIgniter\CodeIgniter->handleRequest(null, Object(Config\Cache), false)
 6 FCPATH\index.php(67): CodeIgniter\CodeIgniter->run()
CRITICAL - 2022-11-12 01:42:25 --> The action you requested is not allowed.
in SYSTEMPATH\Security\Security.php on line 306.
 1 SYSTEMPATH\Security\Security.php(306): CodeIgniter\Security\Exceptions\SecurityException::forDisallowedAction()
 2 SYSTEMPATH\Filters\CSRF.php(55): CodeIgniter\Security\Security->verify(Object(CodeIgniter\HTTP\IncomingRequest))
 3 SYSTEMPATH\Filters\Filters.php(173): CodeIgniter\Filters\CSRF->before(Object(CodeIgniter\HTTP\IncomingRequest), null)
 4 SYSTEMPATH\CodeIgniter.php(455): CodeIgniter\Filters\Filters->run('user/photo/update', 'before')
 5 SYSTEMPATH\CodeIgniter.php(351): CodeIgniter\CodeIgniter->handleRequest(null, Object(Config\Cache), false)
 6 FCPATH\index.php(67): CodeIgniter\CodeIgniter->run()
CRITICAL - 2022-11-12 01:43:43 --> The action you requested is not allowed.
in SYSTEMPATH\Security\Security.php on line 306.
 1 SYSTEMPATH\Security\Security.php(306): CodeIgniter\Security\Exceptions\SecurityException::forDisallowedAction()
 2 SYSTEMPATH\Filters\CSRF.php(55): CodeIgniter\Security\Security->verify(Object(CodeIgniter\HTTP\IncomingRequest))
 3 SYSTEMPATH\Filters\Filters.php(173): CodeIgniter\Filters\CSRF->before(Object(CodeIgniter\HTTP\IncomingRequest), null)
 4 SYSTEMPATH\CodeIgniter.php(455): CodeIgniter\Filters\Filters->run('user/photo/update', 'before')
 5 SYSTEMPATH\CodeIgniter.php(351): CodeIgniter\CodeIgniter->handleRequest(null, Object(Config\Cache), false)
 6 FCPATH\index.php(67): CodeIgniter\CodeIgniter->run()
CRITICAL - 2022-11-12 01:44:39 --> The action you requested is not allowed.
in SYSTEMPATH\Security\Security.php on line 306.
 1 SYSTEMPATH\Security\Security.php(306): CodeIgniter\Security\Exceptions\SecurityException::forDisallowedAction()
 2 SYSTEMPATH\Filters\CSRF.php(55): CodeIgniter\Security\Security->verify(Object(CodeIgniter\HTTP\IncomingRequest))
 3 SYSTEMPATH\Filters\Filters.php(173): CodeIgniter\Filters\CSRF->before(Object(CodeIgniter\HTTP\IncomingRequest), null)
 4 SYSTEMPATH\CodeIgniter.php(455): CodeIgniter\Filters\Filters->run('user/photo/update', 'before')
 5 SYSTEMPATH\CodeIgniter.php(351): CodeIgniter\CodeIgniter->handleRequest(null, Object(Config\Cache), false)
 6 FCPATH\index.php(67): CodeIgniter\CodeIgniter->run()
CRITICAL - 2022-11-12 02:06:21 --> The action you requested is not allowed.
in SYSTEMPATH\Security\Security.php on line 306.
 1 SYSTEMPATH\Security\Security.php(306): CodeIgniter\Security\Exceptions\SecurityException::forDisallowedAction()
 2 SYSTEMPATH\Filters\CSRF.php(55): CodeIgniter\Security\Security->verify(Object(CodeIgniter\HTTP\IncomingRequest))
 3 SYSTEMPATH\Filters\Filters.php(173): CodeIgniter\Filters\CSRF->before(Object(CodeIgniter\HTTP\IncomingRequest), null)
 4 SYSTEMPATH\CodeIgniter.php(455): CodeIgniter\Filters\Filters->run('user/photo/update', 'before')
 5 SYSTEMPATH\CodeIgniter.php(351): CodeIgniter\CodeIgniter->handleRequest(null, Object(Config\Cache), false)
 6 FCPATH\index.php(67): CodeIgniter\CodeIgniter->run()
CRITICAL - 2022-11-12 02:11:26 --> The action you requested is not allowed.
in SYSTEMPATH\Security\Security.php on line 306.
 1 SYSTEMPATH\Security\Security.php(306): CodeIgniter\Security\Exceptions\SecurityException::forDisallowedAction()
 2 SYSTEMPATH\Filters\CSRF.php(55): CodeIgniter\Security\Security->verify(Object(CodeIgniter\HTTP\IncomingRequest))
 3 SYSTEMPATH\Filters\Filters.php(173): CodeIgniter\Filters\CSRF->before(Object(CodeIgniter\HTTP\IncomingRequest), null)
 4 SYSTEMPATH\CodeIgniter.php(455): CodeIgniter\Filters\Filters->run('user/photo/update', 'before')
 5 SYSTEMPATH\CodeIgniter.php(351): CodeIgniter\CodeIgniter->handleRequest(null, Object(Config\Cache), false)
 6 FCPATH\index.php(67): CodeIgniter\CodeIgniter->run()
CRITICAL - 2022-11-12 02:42:12 --> unlink(./public/uploads/profile/): Is a directory
in APPPATH\Controllers\User_Profile_Controller.php on line 148.
 1 [internal function]: CodeIgniter\Debug\Exceptions->errorHandler(2, 'unlink(./public/uploads/profile/): Is a directory', 'APPPATH\\Controllers\\User_Profile_Controller.php', 148)
 2 APPPATH\Controllers\User_Profile_Controller.php(148): unlink('FCPATH\\public\\uploads\\profile')
 3 SYSTEMPATH\CodeIgniter.php(927): App\Controllers\User_Profile_Controller->profileimageUpdate()
 4 SYSTEMPATH\CodeIgniter.php(482): CodeIgniter\CodeIgniter->runController(Object(App\Controllers\User_Profile_Controller))
 5 SYSTEMPATH\CodeIgniter.php(351): CodeIgniter\CodeIgniter->handleRequest(null, Object(Config\Cache), false)
 6 FCPATH\index.php(67): CodeIgniter\CodeIgniter->run()
CRITICAL - 2022-11-12 02:49:21 --> unlink(./public/uploads/profile/): Is a directory
in APPPATH\Controllers\User_Profile_Controller.php on line 148.
 1 [internal function]: CodeIgniter\Debug\Exceptions->errorHandler(2, 'unlink(./public/uploads/profile/): Is a directory', 'APPPATH\\Controllers\\User_Profile_Controller.php', 148)
 2 APPPATH\Controllers\User_Profile_Controller.php(148): unlink('FCPATH\\public\\uploads\\profile')
 3 SYSTEMPATH\CodeIgniter.php(927): App\Controllers\User_Profile_Controller->profileimageUpdate()
 4 SYSTEMPATH\CodeIgniter.php(482): CodeIgniter\CodeIgniter->runController(Object(App\Controllers\User_Profile_Controller))
 5 SYSTEMPATH\CodeIgniter.php(351): CodeIgniter\CodeIgniter->handleRequest(null, Object(Config\Cache), false)
 6 FCPATH\index.php(67): CodeIgniter\CodeIgniter->run()
CRITICAL - 2022-11-12 02:50:34 --> unlink(./public/uploads/profile/): Is a directory
in APPPATH\Controllers\User_Profile_Controller.php on line 148.
 1 [internal function]: CodeIgniter\Debug\Exceptions->errorHandler(2, 'unlink(./public/uploads/profile/): Is a directory', 'APPPATH\\Controllers\\User_Profile_Controller.php', 148)
 2 APPPATH\Controllers\User_Profile_Controller.php(148): unlink('FCPATH\\public\\uploads\\profile')
 3 SYSTEMPATH\CodeIgniter.php(927): App\Controllers\User_Profile_Controller->profileimageUpdate()
 4 SYSTEMPATH\CodeIgniter.php(482): CodeIgniter\CodeIgniter->runController(Object(App\Controllers\User_Profile_Controller))
 5 SYSTEMPATH\CodeIgniter.php(351): CodeIgniter\CodeIgniter->handleRequest(null, Object(Config\Cache), false)
 6 FCPATH\index.php(67): CodeIgniter\CodeIgniter->run()
CRITICAL - 2022-11-12 03:20:13 --> Undefined variable $data
in APPPATH\Views\panel\user\profile.php on line 29.
 1 APPPATH\Views\panel\user\profile.php(29): CodeIgniter\Debug\Exceptions->errorHandler(2, 'Undefined variable $data', 'APPPATH\\Views\\panel\\user\\profile.php', 29)
 2 SYSTEMPATH\View\View.php(213): include('APPPATH\\Views\\panel\\user\\profile.php')
 3 SYSTEMPATH\View\View.php(216): CodeIgniter\View\View->CodeIgniter\View\{closure}()
 4 SYSTEMPATH\Common.php(1134): CodeIgniter\View\View->render('panel/user/profile', [], true)
 5 APPPATH\Controllers\User_Profile_Controller.php(12): view('panel/user/profile', [...])
 6 SYSTEMPATH\CodeIgniter.php(927): App\Controllers\User_Profile_Controller->index()
 7 SYSTEMPATH\CodeIgniter.php(482): CodeIgniter\CodeIgniter->runController(Object(App\Controllers\User_Profile_Controller))
 8 SYSTEMPATH\CodeIgniter.php(351): CodeIgniter\CodeIgniter->handleRequest(null, Object(Config\Cache), false)
 9 FCPATH\index.php(67): CodeIgniter\CodeIgniter->run()
CRITICAL - 2022-11-12 05:53:41 --> Undefined variable $sub_cat
in APPPATH\Views\panel\user\Votes.php on line 59.
 1 APPPATH\Views\panel\user\Votes.php(59): CodeIgniter\Debug\Exceptions->errorHandler(2, 'Undefined variable $sub_cat', 'APPPATH\\Views\\panel\\user\\Votes.php', 59)
 2 SYSTEMPATH\View\View.php(213): include('APPPATH\\Views\\panel\\user\\Votes.php')
 3 SYSTEMPATH\View\View.php(216): CodeIgniter\View\View->CodeIgniter\View\{closure}()
 4 SYSTEMPATH\Common.php(1134): CodeIgniter\View\View->render('panel/user/votes', [], true)
 5 APPPATH\Controllers\Votes_Controller.php(18): view('panel/user/votes', [...])
 6 SYSTEMPATH\CodeIgniter.php(927): App\Controllers\Votes_Controller->index()
 7 SYSTEMPATH\CodeIgniter.php(482): CodeIgniter\CodeIgniter->runController(Object(App\Controllers\Votes_Controller))
 8 SYSTEMPATH\CodeIgniter.php(351): CodeIgniter\CodeIgniter->handleRequest(null, Object(Config\Cache), false)
 9 FCPATH\index.php(67): CodeIgniter\CodeIgniter->run()
CRITICAL - 2022-11-12 05:54:42 --> Undefined variable $sub_categories
in APPPATH\Views\panel\user\Votes.php on line 59.
 1 APPPATH\Views\panel\user\Votes.php(59): CodeIgniter\Debug\Exceptions->errorHandler(2, 'Undefined variable $sub_categories', 'APPPATH\\Views\\panel\\user\\Votes.php', 59)
 2 SYSTEMPATH\View\View.php(213): include('APPPATH\\Views\\panel\\user\\Votes.php')
 3 SYSTEMPATH\View\View.php(216): CodeIgniter\View\View->CodeIgniter\View\{closure}()
 4 SYSTEMPATH\Common.php(1134): CodeIgniter\View\View->render('panel/user/votes', [], true)
 5 APPPATH\Controllers\Votes_Controller.php(18): view('panel/user/votes', [...])
 6 SYSTEMPATH\CodeIgniter.php(927): App\Controllers\Votes_Controller->index()
 7 SYSTEMPATH\CodeIgniter.php(482): CodeIgniter\CodeIgniter->runController(Object(App\Controllers\Votes_Controller))
 8 SYSTEMPATH\CodeIgniter.php(351): CodeIgniter\CodeIgniter->handleRequest(null, Object(Config\Cache), false)
 9 FCPATH\index.php(67): CodeIgniter\CodeIgniter->run()
